[17:51:27.804] Domain Adaptation enabled.
[17:51:28.046] [Client 0] Train=750, Val=250, Test=250
[17:51:28.047] [Client 1] Train=750, Val=250, Test=250
[17:51:28.048] [Client 2] Train=750, Val=250, Test=250
[17:51:28.048] [Client 3] Train=750, Val=250, Test=250
[17:51:28.049] [Client 4] Train=750, Val=250, Test=250
[17:51:28.050] [Client 5] Train=750, Val=250, Test=250
[17:51:28.050] [Client 6] Train=750, Val=250, Test=250
[17:51:28.051] [Client 7] Train=750, Val=250, Test=250
[17:51:28.051] [Client 8] Train=750, Val=250, Test=250
[17:51:28.052] [Client 9] Train=750, Val=250, Test=250
[17:51:28.052] [Client 10] Train=750, Val=250, Test=250
[17:51:28.053] [Client 11] Train=750, Val=250, Test=250
[17:51:28.054] [Client 12] Train=750, Val=250, Test=250
[17:51:28.054] [Client 13] Train=750, Val=250, Test=250
[17:51:28.055] [Client 14] Train=750, Val=250, Test=250
[17:51:28.056] [Client 15] Train=750, Val=250, Test=250
[17:51:28.057] [Client 16] Train=750, Val=250, Test=250
[17:51:28.058] [Client 17] Train=750, Val=250, Test=250
[17:51:28.058] [Client 18] Train=750, Val=250, Test=250
[17:51:28.059] [Client 19] Train=750, Val=250, Test=250
[17:51:28.059] [Virtual Client 0-0] Train=750
[17:51:28.060] [Virtual Client 1-0] Train=750
[17:51:28.060] [Virtual Client 2-0] Train=750
[17:51:28.061] [Virtual Client 3-0] Train=750
[17:51:28.062] [Virtual Client 4-0] Train=750
[17:51:28.062] [Virtual Client 5-0] Train=750
[17:51:28.063] [Virtual Client 6-0] Train=750
[17:51:28.064] [Virtual Client 7-0] Train=750
[17:51:28.064] [Virtual Client 8-0] Train=750
[17:51:28.065] [Virtual Client 9-0] Train=750
[17:51:28.066] [Virtual Client 10-0] Train=750
[17:51:28.066] [Virtual Client 11-0] Train=750
[17:51:28.067] [Virtual Client 12-0] Train=750
[17:51:28.068] [Virtual Client 13-0] Train=750
[17:51:28.069] [Virtual Client 14-0] Train=750
[17:51:28.069] [Virtual Client 15-0] Train=750
[17:51:28.070] [Virtual Client 16-0] Train=750
[17:51:28.071] [Virtual Client 17-0] Train=750
[17:51:28.072] [Virtual Client 18-0] Train=750
[17:51:28.073] [Virtual Client 19-0] Train=750
[17:51:28.077] Client Weights: [0.05, 0.05, 0.05, 0.05, 0.05, 0.05, 0.05, 0.05, 0.05, 0.05, 0.05, 0.05, 0.05, 0.05, 0.05, 0.05, 0.05, 0.05, 0.05, 0.05]
[17:51:28.078] Training Clients:[0, 1, 2, 3, 4, 5, 6, 7, 8, 9, 10, 11, 12, 13, 14, 15, 16, 17, 18, 19]
[17:51:28.078] Val Clients:[0, 1, 2, 3, 4, 5, 6, 7, 8, 9, 10, 11, 12, 13, 14, 15, 16, 17, 18, 19]
[17:51:28.079] =============== args ================
[17:51:28.079] Namespace(clients=20, virtual_clients=1, lr=0.0003, lr_decay=-1, early=False, batch=16, rounds=100, local_epochs=1, mode='fednova', pretrain=False, exp=None, save_path='../../experiments/v1.0/checkpoint/RSNA-ICH/seed0/fednova_rounds100_localE1_lr0.0003_batch16_N20_sr1_VN1__PureAvg_DA', resume=False, gpu='0', seed=0, debug=False, data='RSNA-ICH', sample_rate=1, leave='no', merge=False, balance=False, weighted_avg=False, split='UNI', local_bn=False, generalize=False, gn=False, selu=False, comb='times', free=-1, noisy=-1, alpha=1.0, adaclip=False, noclip=False, ema=0.0, mu=0.001, S=10, epsilon=None, noise_multiplier=None, delta=0.001, accountant='prv', dp_mode='overhead', balance_split=False, test=False, ckpt='None', adam_lr=0.1, dp2_interval=3, rmsprop_lr=1, ada_vn=False, init_vn=False, ada_stable=False, ada_prog=False, domain_adaptation=True, log_path='../../experiments/v1.0/log/RSNA-ICH/seed0/fednova_rounds100_localE1_lr0.0003_batch16_N20_sr1_VN1__PureAvg_DA')
[17:51:31.832] ============ Round 0, Local train epoch 0 ============
[17:54:13.464]  Site-0         | Train Loss: 0.6177 | Train AUC: 0.7180  | Train Acc: 0.6562  | Train Sen: 0.5722  | Train Spe: 0.7398  | Train F1: 0.6241 
[17:56:49.376]  Site-1         | Train Loss: 0.6337 | Train AUC: 0.7065  | Train Acc: 0.6522  | Train Sen: 0.6378  | Train Spe: 0.6676  | Train F1: 0.6550 
[17:59:29.121]  Site-2         | Train Loss: 0.6291 | Train AUC: 0.6941  | Train Acc: 0.6264  | Train Sen: 0.5784  | Train Spe: 0.6749  | Train F1: 0.6088 
[18:02:09.780]  Site-3         | Train Loss: 0.6531 | Train AUC: 0.6778  | Train Acc: 0.6359  | Train Sen: 0.6105  | Train Spe: 0.6629  | Train F1: 0.6339 
[18:04:52.586]  Site-4         | Train Loss: 0.6337 | Train AUC: 0.6972  | Train Acc: 0.6440  | Train Sen: 0.6190  | Train Spe: 0.6704  | Train F1: 0.6411 
[18:07:33.244]  Site-5         | Train Loss: 0.6248 | Train AUC: 0.7055  | Train Acc: 0.6821  | Train Sen: 0.5676  | Train Spe: 0.7803  | Train F1: 0.6226 
[18:09:32.177]  Site-6         | Train Loss: 0.6257 | Train AUC: 0.7170  | Train Acc: 0.6467  | Train Sen: 0.6127  | Train Spe: 0.6825  | Train F1: 0.6399 
[18:11:32.755]  Site-7         | Train Loss: 0.6443 | Train AUC: 0.6810  | Train Acc: 0.6345  | Train Sen: 0.5924  | Train Spe: 0.6766  | Train F1: 0.6184 
[18:13:17.213]  Site-8         | Train Loss: 0.6312 | Train AUC: 0.6988  | Train Acc: 0.6780  | Train Sen: 0.5829  | Train Spe: 0.7642  | Train F1: 0.6326 
[18:15:02.814]  Site-9         | Train Loss: 0.6463 | Train AUC: 0.6690  | Train Acc: 0.6141  | Train Sen: 0.5486  | Train Spe: 0.6803  | Train F1: 0.5884 
[18:16:49.542]  Site-10        | Train Loss: 0.6380 | Train AUC: 0.6904  | Train Acc: 0.6345  | Train Sen: 0.5620  | Train Spe: 0.7051  | Train F1: 0.6027 
[18:18:36.598]  Site-11        | Train Loss: 0.6096 | Train AUC: 0.7337  | Train Acc: 0.6821  | Train Sen: 0.6301  | Train Spe: 0.7332  | Train F1: 0.6628 
[18:20:26.727]  Site-12        | Train Loss: 0.6511 | Train AUC: 0.6908  | Train Acc: 0.6562  | Train Sen: 0.6289  | Train Spe: 0.6854  | Train F1: 0.6539 
[18:22:12.352]  Site-13        | Train Loss: 0.6381 | Train AUC: 0.7089  | Train Acc: 0.6630  | Train Sen: 0.5471  | Train Spe: 0.7626  | Train F1: 0.6000 
[18:23:55.294]  Site-14        | Train Loss: 0.6447 | Train AUC: 0.6737  | Train Acc: 0.6372  | Train Sen: 0.5444  | Train Spe: 0.7209  | Train F1: 0.5873 
[18:25:43.727]  Site-15        | Train Loss: 0.6219 | Train AUC: 0.7220  | Train Acc: 0.6739  | Train Sen: 0.6559  | Train Spe: 0.6923  | Train F1: 0.6703 
[18:27:29.611]  Site-16        | Train Loss: 0.6149 | Train AUC: 0.7236  | Train Acc: 0.6739  | Train Sen: 0.6480  | Train Spe: 0.7008  | Train F1: 0.6694 
[18:29:14.325]  Site-17        | Train Loss: 0.6286 | Train AUC: 0.6995  | Train Acc: 0.6495  | Train Sen: 0.6332  | Train Spe: 0.6667  | Train F1: 0.6504 
[18:30:59.754]  Site-18        | Train Loss: 0.6422 | Train AUC: 0.6969  | Train Acc: 0.6576  | Train Sen: 0.5829  | Train Spe: 0.7348  | Train F1: 0.6337 
[18:32:45.742]  Site-19        | Train Loss: 0.6293 | Train AUC: 0.7024  | Train Acc: 0.6440  | Train Sen: 0.6787  | Train Spe: 0.6052  | Train F1: 0.6684 
[18:33:10.059]  Site-0         | Val Loss: 0.5989 | Val AUC: 0.7341 | Val Acc: 0.6760 | Val Sen: 0.6198 | Val Spe: 0.7287 | Val F1: 0.6494
[18:33:23.958]  Site-1         | Val Loss: 0.6104 | Val AUC: 0.7233 | Val Acc: 0.6760 | Val Sen: 0.6154 | Val Spe: 0.7293 | Val F1: 0.6400
[18:33:38.318]  Site-2         | Val Loss: 0.5357 | Val AUC: 0.8103 | Val Acc: 0.7680 | Val Sen: 0.7244 | Val Spe: 0.8130 | Val F1: 0.7603
[18:33:52.551]  Site-3         | Val Loss: 0.6078 | Val AUC: 0.7271 | Val Acc: 0.6560 | Val Sen: 0.6119 | Val Spe: 0.7069 | Val F1: 0.6560
[18:34:06.706]  Site-4         | Val Loss: 0.6004 | Val AUC: 0.7337 | Val Acc: 0.6840 | Val Sen: 0.6475 | Val Spe: 0.7188 | Val F1: 0.6667
[18:34:20.649]  Site-5         | Val Loss: 0.6029 | Val AUC: 0.7530 | Val Acc: 0.6880 | Val Sen: 0.6194 | Val Spe: 0.7672 | Val F1: 0.6803
[18:34:34.484]  Site-6         | Val Loss: 0.6492 | Val AUC: 0.7048 | Val Acc: 0.6680 | Val Sen: 0.6087 | Val Spe: 0.7185 | Val F1: 0.6278
[18:34:48.395]  Site-7         | Val Loss: 0.5672 | Val AUC: 0.7848 | Val Acc: 0.7360 | Val Sen: 0.6786 | Val Spe: 0.7826 | Val F1: 0.6972
[18:35:02.614]  Site-8         | Val Loss: 0.6111 | Val AUC: 0.7237 | Val Acc: 0.6600 | Val Sen: 0.5896 | Val Spe: 0.7414 | Val F1: 0.6502
[18:35:16.756]  Site-9         | Val Loss: 0.5792 | Val AUC: 0.7623 | Val Acc: 0.6960 | Val Sen: 0.6015 | Val Spe: 0.8034 | Val F1: 0.6780
[18:35:30.933]  Site-10        | Val Loss: 0.5884 | Val AUC: 0.7535 | Val Acc: 0.7000 | Val Sen: 0.6641 | Val Spe: 0.7377 | Val F1: 0.6939
[18:35:44.920]  Site-11        | Val Loss: 0.5979 | Val AUC: 0.7458 | Val Acc: 0.6800 | Val Sen: 0.5814 | Val Spe: 0.7851 | Val F1: 0.6522
[18:35:58.917]  Site-12        | Val Loss: 0.6185 | Val AUC: 0.7153 | Val Acc: 0.6680 | Val Sen: 0.5920 | Val Spe: 0.7440 | Val F1: 0.6407
[18:36:12.835]  Site-13        | Val Loss: 0.5664 | Val AUC: 0.7745 | Val Acc: 0.7160 | Val Sen: 0.6641 | Val Spe: 0.7705 | Val F1: 0.7054
[18:36:26.649]  Site-14        | Val Loss: 0.5520 | Val AUC: 0.7834 | Val Acc: 0.6440 | Val Sen: 0.5862 | Val Spe: 0.6940 | Val F1: 0.6044
[18:36:40.498]  Site-15        | Val Loss: 0.5973 | Val AUC: 0.7416 | Val Acc: 0.6960 | Val Sen: 0.6637 | Val Spe: 0.7226 | Val F1: 0.6637
[18:36:54.538]  Site-16        | Val Loss: 0.6040 | Val AUC: 0.7326 | Val Acc: 0.6680 | Val Sen: 0.6028 | Val Spe: 0.7523 | Val F1: 0.6719
[18:37:08.376]  Site-17        | Val Loss: 0.6635 | Val AUC: 0.6538 | Val Acc: 0.6080 | Val Sen: 0.5547 | Val Spe: 0.6639 | Val F1: 0.5917
[18:37:22.387]  Site-18        | Val Loss: 0.6369 | Val AUC: 0.6965 | Val Acc: 0.6240 | Val Sen: 0.5500 | Val Spe: 0.6923 | Val F1: 0.5841
[18:37:36.650]  Site-19        | Val Loss: 0.5685 | Val AUC: 0.7821 | Val Acc: 0.7080 | Val Sen: 0.6803 | Val Spe: 0.7344 | Val F1: 0.6946
[18:37:36.652]  Site-Average | Val Loss: 0.5978 | AUC: 0.7418 | Acc: 0.6810 | Sen: 0.6228 | Spe: 0.7403 | F1: 0.6604
[18:37:36.653]  Best Epoch:0 | Avg Val Acc: 0.6810
[18:37:36.656]  Saving the local and server checkpoint to ../../experiments/v1.0/checkpoint/RSNA-ICH/seed0/fednova_rounds100_localE1_lr0.0003_batch16_N20_sr1_VN1__PureAvg_DA/model_best_0...
