[04:11:00.612] [Client 0] Train=750, Val=250, Test=250
[04:11:00.613] [Client 1] Train=750, Val=250, Test=250
[04:11:00.614] [Client 2] Train=750, Val=250, Test=250
[04:11:00.615] [Client 3] Train=750, Val=250, Test=250
[04:11:00.616] [Client 4] Train=750, Val=250, Test=250
[04:11:00.618] [Client 5] Train=750, Val=250, Test=250
[04:11:00.619] [Client 6] Train=750, Val=250, Test=250
[04:11:00.619] [Client 7] Train=750, Val=250, Test=250
[04:11:00.621] [Client 8] Train=750, Val=250, Test=250
[04:11:00.621] [Client 9] Train=750, Val=250, Test=250
[04:11:00.622] [Client 10] Train=750, Val=250, Test=250
[04:11:00.624] [Client 11] Train=750, Val=250, Test=250
[04:11:00.626] [Client 12] Train=750, Val=250, Test=250
[04:11:00.627] [Client 13] Train=750, Val=250, Test=250
[04:11:00.628] [Client 14] Train=750, Val=250, Test=250
[04:11:00.629] [Client 15] Train=750, Val=250, Test=250
[04:11:00.630] [Client 16] Train=750, Val=250, Test=250
[04:11:00.631] [Client 17] Train=750, Val=250, Test=250
[04:11:00.632] [Client 18] Train=750, Val=250, Test=250
[04:11:00.633] [Client 19] Train=750, Val=250, Test=250
[04:11:00.635] [Virtual Client 0-0] Train=750
[04:11:00.636] [Virtual Client 1-0] Train=750
[04:11:00.637] [Virtual Client 2-0] Train=750
[04:11:00.638] [Virtual Client 3-0] Train=750
[04:11:00.639] [Virtual Client 4-0] Train=750
[04:11:00.640] [Virtual Client 5-0] Train=750
[04:11:00.641] [Virtual Client 6-0] Train=750
[04:11:00.642] [Virtual Client 7-0] Train=750
[04:11:00.643] [Virtual Client 8-0] Train=750
[04:11:00.644] [Virtual Client 9-0] Train=750
[04:11:00.645] [Virtual Client 10-0] Train=750
[04:11:00.646] [Virtual Client 11-0] Train=750
[04:11:00.646] [Virtual Client 12-0] Train=750
[04:11:00.647] [Virtual Client 13-0] Train=750
[04:11:00.648] [Virtual Client 14-0] Train=750
[04:11:00.649] [Virtual Client 15-0] Train=750
[04:11:00.650] [Virtual Client 16-0] Train=750
[04:11:00.651] [Virtual Client 17-0] Train=750
[04:11:00.652] [Virtual Client 18-0] Train=750
[04:11:00.653] [Virtual Client 19-0] Train=750
[04:11:00.656] Client Weights: [0.05, 0.05, 0.05, 0.05, 0.05, 0.05, 0.05, 0.05, 0.05, 0.05, 0.05, 0.05, 0.05, 0.05, 0.05, 0.05, 0.05, 0.05, 0.05, 0.05]
[04:11:00.657] Training Clients:[0, 1, 2, 3, 4, 5, 6, 7, 8, 9, 10, 11, 12, 13, 14, 15, 16, 17, 18, 19]
[04:11:00.657] Val Clients:[0, 1, 2, 3, 4, 5, 6, 7, 8, 9, 10, 11, 12, 13, 14, 15, 16, 17, 18, 19]
[04:11:00.658] =============== args ================
[04:11:00.658] Namespace(clients=20, virtual_clients=1, lr=0.0003, lr_decay=-1, early=False, batch=16, rounds=100, local_epochs=1, mode='dpsgd', pretrain=False, exp=None, save_path='../../experiments/v1.0/checkpoint/RSNA-ICH/seed4/dpsgd_rounds100_localE1_lr0.0003_batch16_N20_sr1_VN1_overhead_z0.5_delta0.01_adaclip_PureAvg', resume=False, gpu='0', seed=4, debug=False, data='RSNA-ICH', sample_rate=1, leave='no', merge=False, balance=False, weighted_avg=False, split='UNI', local_bn=False, generalize=False, gn=False, selu=False, comb='times', free=-1, noisy=-1, alpha=1.0, adaclip=True, noclip=False, ema=0.0, mu=0.001, S=10, epsilon=None, noise_multiplier=0.5, delta=0.01, accountant='prv', dp_mode='overhead', balance_split=False, test=False, ckpt='None', adam_lr=0.1, dp2_interval=3, rmsprop_lr=1, ada_vn=False, init_vn=False, ada_stable=False, ada_prog=False, log_path='../../experiments/v1.0/log/RSNA-ICH/seed4/dpsgd_rounds100_localE1_lr0.0003_batch16_N20_sr1_VN1_overhead_z0.5_delta0.01_adaclip_PureAvg')
[04:11:07.720] Using noise multiplier=0.5 and sigma on aggregation=0.25 to satisfy (245.5990192385698,0.01)-DP.
[04:11:07.721] Using adaptive clipping.
[04:11:07.721] Using prv accountant.
[04:11:07.809] ============ Round 0, Local train epoch 0 ============
[04:14:49.592]  Site-0         | Train Loss: 0.6350 | Train AUC: 0.6939  | Train Acc: 0.6332  | Train Sen: 0.5870  | Train Spe: 0.6793  | Train F1: 0.6154 
[04:18:31.427]  Site-1         | Train Loss: 0.6141 | Train AUC: 0.7310  | Train Acc: 0.6753  | Train Sen: 0.6694  | Train Spe: 0.6811  | Train F1: 0.6722 
[04:22:16.447]  Site-2         | Train Loss: 0.6368 | Train AUC: 0.7052  | Train Acc: 0.6467  | Train Sen: 0.6594  | Train Spe: 0.6341  | Train F1: 0.6505 
[04:25:56.481]  Site-3         | Train Loss: 0.6500 | Train AUC: 0.6755  | Train Acc: 0.6236  | Train Sen: 0.5590  | Train Spe: 0.6842  | Train F1: 0.5896 
[04:29:37.125]  Site-4         | Train Loss: 0.6113 | Train AUC: 0.7335  | Train Acc: 0.6807  | Train Sen: 0.5794  | Train Spe: 0.7677  | Train F1: 0.6264 
[04:33:19.937]  Site-5         | Train Loss: 0.6256 | Train AUC: 0.7136  | Train Acc: 0.6753  | Train Sen: 0.6048  | Train Spe: 0.7473  | Train F1: 0.6531 
[04:37:01.371]  Site-6         | Train Loss: 0.6400 | Train AUC: 0.6890  | Train Acc: 0.6291  | Train Sen: 0.5350  | Train Spe: 0.7177  | Train F1: 0.5832 
[04:40:42.622]  Site-7         | Train Loss: 0.6094 | Train AUC: 0.7399  | Train Acc: 0.6780  | Train Sen: 0.6543  | Train Spe: 0.7028  | Train F1: 0.6749 
[04:44:24.916]  Site-8         | Train Loss: 0.6413 | Train AUC: 0.6753  | Train Acc: 0.6359  | Train Sen: 0.5505  | Train Spe: 0.7250  | Train F1: 0.6070 
[04:48:08.526]  Site-9         | Train Loss: 0.6163 | Train AUC: 0.7190  | Train Acc: 0.6644  | Train Sen: 0.5641  | Train Spe: 0.7558  | Train F1: 0.6159 
[04:51:53.139]  Site-10        | Train Loss: 0.6405 | Train AUC: 0.6874  | Train Acc: 0.6318  | Train Sen: 0.6508  | Train Spe: 0.6117  | Train F1: 0.6448 
[04:55:38.580]  Site-11        | Train Loss: 0.6479 | Train AUC: 0.6796  | Train Acc: 0.6345  | Train Sen: 0.5674  | Train Spe: 0.6974  | Train F1: 0.6003 
[04:59:20.577]  Site-12        | Train Loss: 0.6180 | Train AUC: 0.7212  | Train Acc: 0.6562  | Train Sen: 0.6434  | Train Spe: 0.6705  | Train F1: 0.6631 
[05:03:03.275]  Site-13        | Train Loss: 0.6444 | Train AUC: 0.6911  | Train Acc: 0.6440  | Train Sen: 0.6299  | Train Spe: 0.6571  | Train F1: 0.6299 
[05:06:46.731]  Site-14        | Train Loss: 0.6242 | Train AUC: 0.7276  | Train Acc: 0.6630  | Train Sen: 0.6166  | Train Spe: 0.7107  | Train F1: 0.6497 
[05:10:32.888]  Site-15        | Train Loss: 0.6387 | Train AUC: 0.7062  | Train Acc: 0.6549  | Train Sen: 0.6083  | Train Spe: 0.6995  | Train F1: 0.6329 
[05:14:18.991]  Site-16        | Train Loss: 0.6493 | Train AUC: 0.6779  | Train Acc: 0.6304  | Train Sen: 0.5836  | Train Spe: 0.6765  | Train F1: 0.6103 
[05:18:05.281]  Site-17        | Train Loss: 0.6203 | Train AUC: 0.7175  | Train Acc: 0.6481  | Train Sen: 0.6371  | Train Spe: 0.6601  | Train F1: 0.6533 
[05:21:49.477]  Site-18        | Train Loss: 0.6204 | Train AUC: 0.7263  | Train Acc: 0.6630  | Train Sen: 0.6614  | Train Spe: 0.6648  | Train F1: 0.6684 
[05:25:30.749]  Site-19        | Train Loss: 0.6416 | Train AUC: 0.6889  | Train Acc: 0.6304  | Train Sen: 0.6632  | Train Spe: 0.5937  | Train F1: 0.6548 
[05:25:32.701] Update sigma on aggregation=0.1392867684364319; clip bound update=5.571470737457275
[05:26:04.334]  Site-0         | Val Loss: 0.9381 | Val AUC: 0.6399 | Val Acc: 0.5080 | Val Sen: 0.1594 | Val Spe: 0.9375 | Val F1: 0.2635
[05:26:33.158]  Site-1         | Val Loss: 0.8005 | Val AUC: 0.6231 | Val Acc: 0.6200 | Val Sen: 0.2212 | Val Spe: 0.9489 | Val F1: 0.3448
[05:27:02.251]  Site-2         | Val Loss: 0.8892 | Val AUC: 0.5881 | Val Acc: 0.5920 | Val Sen: 0.2149 | Val Spe: 0.9457 | Val F1: 0.3377
[05:27:31.502]  Site-3         | Val Loss: 0.8887 | Val AUC: 0.6494 | Val Acc: 0.5600 | Val Sen: 0.2016 | Val Spe: 0.9421 | Val F1: 0.3210
[05:28:00.269]  Site-4         | Val Loss: 0.8994 | Val AUC: 0.5572 | Val Acc: 0.5360 | Val Sen: 0.1371 | Val Spe: 0.9286 | Val F1: 0.2267
[05:28:29.491]  Site-5         | Val Loss: 1.0049 | Val AUC: 0.5395 | Val Acc: 0.4800 | Val Sen: 0.1232 | Val Spe: 0.9196 | Val F1: 0.2073
[05:28:58.417]  Site-6         | Val Loss: 0.9907 | Val AUC: 0.5701 | Val Acc: 0.4960 | Val Sen: 0.1377 | Val Spe: 0.9375 | Val F1: 0.2317
[05:29:27.185]  Site-7         | Val Loss: 0.8999 | Val AUC: 0.5796 | Val Acc: 0.5640 | Val Sen: 0.1639 | Val Spe: 0.9453 | Val F1: 0.2685
[05:29:56.220]  Site-8         | Val Loss: 0.7870 | Val AUC: 0.6323 | Val Acc: 0.6080 | Val Sen: 0.1622 | Val Spe: 0.9640 | Val F1: 0.2687
[05:30:25.812]  Site-9         | Val Loss: 0.8848 | Val AUC: 0.6308 | Val Acc: 0.5560 | Val Sen: 0.1667 | Val Spe: 0.9516 | Val F1: 0.2745
[05:30:54.497]  Site-10        | Val Loss: 0.8083 | Val AUC: 0.6265 | Val Acc: 0.6040 | Val Sen: 0.1651 | Val Spe: 0.9433 | Val F1: 0.2667
[05:31:24.137]  Site-11        | Val Loss: 0.8211 | Val AUC: 0.6640 | Val Acc: 0.5720 | Val Sen: 0.1721 | Val Spe: 0.9531 | Val F1: 0.2819
[05:31:52.956]  Site-12        | Val Loss: 0.9517 | Val AUC: 0.5947 | Val Acc: 0.5160 | Val Sen: 0.1231 | Val Spe: 0.9417 | Val F1: 0.2092
[05:32:22.512]  Site-13        | Val Loss: 0.7802 | Val AUC: 0.6702 | Val Acc: 0.6000 | Val Sen: 0.1826 | Val Spe: 0.9556 | Val F1: 0.2958
[05:32:51.830]  Site-14        | Val Loss: 0.8706 | Val AUC: 0.6343 | Val Acc: 0.5400 | Val Sen: 0.1371 | Val Spe: 0.9365 | Val F1: 0.2282
[05:33:21.196]  Site-15        | Val Loss: 0.9854 | Val AUC: 0.5887 | Val Acc: 0.4760 | Val Sen: 0.1286 | Val Spe: 0.9182 | Val F1: 0.2156
[05:33:50.454]  Site-16        | Val Loss: 0.9166 | Val AUC: 0.5547 | Val Acc: 0.5280 | Val Sen: 0.1230 | Val Spe: 0.9141 | Val F1: 0.2027
[05:34:20.189]  Site-17        | Val Loss: 0.9217 | Val AUC: 0.5820 | Val Acc: 0.5640 | Val Sen: 0.1789 | Val Spe: 0.9370 | Val F1: 0.2876
[05:34:49.732]  Site-18        | Val Loss: 0.8754 | Val AUC: 0.6032 | Val Acc: 0.5480 | Val Sen: 0.1463 | Val Spe: 0.9370 | Val F1: 0.2416
[05:35:19.193]  Site-19        | Val Loss: 0.8979 | Val AUC: 0.6371 | Val Acc: 0.5080 | Val Sen: 0.1221 | Val Spe: 0.9328 | Val F1: 0.2065
[05:35:19.195]  Site-Average | Val Loss: 0.8906 | AUC: 0.6083 | Acc: 0.5488 | Sen: 0.1583 | Spe: 0.9395 | F1: 0.2590
[05:35:19.196]  Best Epoch:0 | Avg Val Acc: 0.5488
[05:35:19.207]  Saving the local and server checkpoint to ../../experiments/v1.0/checkpoint/RSNA-ICH/seed4/dpsgd_rounds100_localE1_lr0.0003_batch16_N20_sr1_VN1_overhead_z0.5_delta0.01_adaclip_PureAvg/model_best_0...
