[16:56:08.384] [Client 0] Train=750, Val=250, Test=250
[16:56:08.385] [Client 1] Train=750, Val=250, Test=250
[16:56:08.385] [Client 2] Train=750, Val=250, Test=250
[16:56:08.385] [Client 3] Train=750, Val=250, Test=250
[16:56:08.386] [Client 4] Train=750, Val=250, Test=250
[16:56:08.386] [Client 5] Train=750, Val=250, Test=250
[16:56:08.387] [Client 6] Train=750, Val=250, Test=250
[16:56:08.387] [Client 7] Train=750, Val=250, Test=250
[16:56:08.388] [Client 8] Train=750, Val=250, Test=250
[16:56:08.388] [Client 9] Train=750, Val=250, Test=250
[16:56:08.388] [Client 10] Train=750, Val=250, Test=250
[16:56:08.389] [Client 11] Train=750, Val=250, Test=250
[16:56:08.389] [Client 12] Train=750, Val=250, Test=250
[16:56:08.390] [Client 13] Train=750, Val=250, Test=250
[16:56:08.390] [Client 14] Train=750, Val=250, Test=250
[16:56:08.391] [Client 15] Train=750, Val=250, Test=250
[16:56:08.391] [Client 16] Train=750, Val=250, Test=250
[16:56:08.391] [Client 17] Train=750, Val=250, Test=250
[16:56:08.392] [Client 18] Train=750, Val=250, Test=250
[16:56:08.392] [Client 19] Train=750, Val=250, Test=250
[16:56:08.393] [Virtual Client 0-0] Train=750
[16:56:08.393] [Virtual Client 1-0] Train=750
[16:56:08.394] [Virtual Client 2-0] Train=750
[16:56:08.395] [Virtual Client 3-0] Train=750
[16:56:08.395] [Virtual Client 4-0] Train=750
[16:56:08.395] [Virtual Client 5-0] Train=750
[16:56:08.396] [Virtual Client 6-0] Train=750
[16:56:08.396] [Virtual Client 7-0] Train=750
[16:56:08.397] [Virtual Client 8-0] Train=750
[16:56:08.397] [Virtual Client 9-0] Train=750
[16:56:08.398] [Virtual Client 10-0] Train=750
[16:56:08.398] [Virtual Client 11-0] Train=750
[16:56:08.399] [Virtual Client 12-0] Train=750
[16:56:08.399] [Virtual Client 13-0] Train=750
[16:56:08.400] [Virtual Client 14-0] Train=750
[16:56:08.400] [Virtual Client 15-0] Train=750
[16:56:08.401] [Virtual Client 16-0] Train=750
[16:56:08.401] [Virtual Client 17-0] Train=750
[16:56:08.402] [Virtual Client 18-0] Train=750
[16:56:08.402] [Virtual Client 19-0] Train=750
[16:56:08.407] Client Weights: [0.05, 0.05, 0.05, 0.05, 0.05, 0.05, 0.05, 0.05, 0.05, 0.05, 0.05, 0.05, 0.05, 0.05, 0.05, 0.05, 0.05, 0.05, 0.05, 0.05]
[16:56:08.407] Training Clients:[0, 1, 2, 3, 4, 5, 6, 7, 8, 9, 10, 11, 12, 13, 14, 15, 16, 17, 18, 19]
[16:56:08.407] Val Clients:[0, 1, 2, 3, 4, 5, 6, 7, 8, 9, 10, 11, 12, 13, 14, 15, 16, 17, 18, 19]
[16:56:08.407] =============== args ================
[16:56:08.407] Namespace(clients=20, virtual_clients=1, lr=0.0003, lr_decay=-1, early=False, batch=16, rounds=100, local_epochs=1, mode='dp2rmsprop', pretrain=False, exp=None, save_path='../../experiments/v1.0/checkpoint/RSNA-ICH/seed9/dp2rmsprop_rounds100_localE1_lr0.0003_batch16_N20_sr1_VN1_overhead_z1.5_delta0.01_adaclip_rmsproplr=3e-05_PureAvg_adaVN_gamma_da=0.8_DA', resume=False, gpu='0', seed=9, debug=False, data='RSNA-ICH', sample_rate=1, leave='no', merge=False, balance=False, weighted_avg=False, split='UNI', local_bn=False, generalize=False, gn=False, selu=False, comb='times', free=-1, noisy=-1, alpha=1.0, adaclip=True, noclip=False, ema=0.0, mu=0.001, S=10, epsilon=None, noise_multiplier=1.5, delta=0.01, accountant='prv', dp_mode='overhead', balance_split=False, test=False, ckpt='None', adam_lr=0.1, dp2_interval=3, rmsprop_lr=3e-05, ada_vn=True, init_vn=False, ada_stable=False, ada_prog=False, gamma_da=0.8, domain_adaptation=True, log_path='../../experiments/v1.0/log/RSNA-ICH/seed9/dp2rmsprop_rounds100_localE1_lr0.0003_batch16_N20_sr1_VN1_overhead_z1.5_delta0.01_adaclip_rmsproplr=3e-05_PureAvg_adaVN_gamma_da=0.8_DA')
[16:56:12.061] Using noise multiplier=1.5 and sigma on aggregation=0.75 to satisfy (36.88917782788349,0.01)-DP.
[16:56:12.061] Using adaptive clipping.
[16:56:12.061] Using prv accountant.
[16:56:12.133] ============ Round 0, Local train epoch 0 ============
[17:00:02.408]  Site-0         | Train Loss: 0.6917 | Train AUC: 0.7081  | Train Acc: 0.6590  | Train Sen: 0.5892  | Train Spe: 0.7232  | Train F1: 0.6237 
[17:03:48.283]  Site-1         | Train Loss: 0.6615 | Train AUC: 0.7242  | Train Acc: 0.6644  | Train Sen: 0.6080  | Train Spe: 0.7161  | Train F1: 0.6341 
[17:07:38.220]  Site-2         | Train Loss: 0.6867 | Train AUC: 0.6915  | Train Acc: 0.6481  | Train Sen: 0.5618  | Train Spe: 0.7363  | Train F1: 0.6174 
[17:11:28.740]  Site-3         | Train Loss: 0.6925 | Train AUC: 0.6806  | Train Acc: 0.6372  | Train Sen: 0.6150  | Train Spe: 0.6602  | Train F1: 0.6327 
[17:15:20.208]  Site-4         | Train Loss: 0.6851 | Train AUC: 0.6907  | Train Acc: 0.6440  | Train Sen: 0.6086  | Train Spe: 0.6804  | Train F1: 0.6341 
[17:19:11.047]  Site-5         | Train Loss: 0.6824 | Train AUC: 0.6947  | Train Acc: 0.6399  | Train Sen: 0.6719  | Train Spe: 0.6056  | Train F1: 0.6589 
[17:23:04.784]  Site-6         | Train Loss: 0.6787 | Train AUC: 0.7045  | Train Acc: 0.6590  | Train Sen: 0.6389  | Train Spe: 0.6782  | Train F1: 0.6470 
[17:26:49.488]  Site-7         | Train Loss: 0.6921 | Train AUC: 0.6860  | Train Acc: 0.6386  | Train Sen: 0.6230  | Train Spe: 0.6541  | Train F1: 0.6316 
[17:30:37.107]  Site-8         | Train Loss: 0.6755 | Train AUC: 0.7042  | Train Acc: 0.6739  | Train Sen: 0.6440  | Train Spe: 0.7038  | Train F1: 0.6639 
[17:34:27.223]  Site-9         | Train Loss: 0.7102 | Train AUC: 0.6563  | Train Acc: 0.6236  | Train Sen: 0.5170  | Train Spe: 0.7214  | Train F1: 0.5679 
[17:38:13.686]  Site-10        | Train Loss: 0.6687 | Train AUC: 0.7237  | Train Acc: 0.6630  | Train Sen: 0.5706  | Train Spe: 0.7487  | Train F1: 0.6196 
[17:41:59.690]  Site-11        | Train Loss: 0.6940 | Train AUC: 0.6879  | Train Acc: 0.6372  | Train Sen: 0.6187  | Train Spe: 0.6588  | Train F1: 0.6473 
[17:45:46.006]  Site-12        | Train Loss: 0.6829 | Train AUC: 0.7045  | Train Acc: 0.6440  | Train Sen: 0.5887  | Train Spe: 0.7005  | Train F1: 0.6257 
[17:49:32.095]  Site-13        | Train Loss: 0.6907 | Train AUC: 0.6904  | Train Acc: 0.6427  | Train Sen: 0.6291  | Train Spe: 0.6559  | Train F1: 0.6352 
[17:53:20.464]  Site-14        | Train Loss: 0.6567 | Train AUC: 0.7373  | Train Acc: 0.6821  | Train Sen: 0.6566  | Train Spe: 0.7070  | Train F1: 0.6713 
[17:57:21.151]  Site-15        | Train Loss: 0.7037 | Train AUC: 0.6694  | Train Acc: 0.6304  | Train Sen: 0.6193  | Train Spe: 0.6419  | Train F1: 0.6294 
[18:01:18.115]  Site-16        | Train Loss: 0.6858 | Train AUC: 0.6929  | Train Acc: 0.6508  | Train Sen: 0.6464  | Train Spe: 0.6551  | Train F1: 0.6455 
[18:05:05.139]  Site-17        | Train Loss: 0.6504 | Train AUC: 0.7428  | Train Acc: 0.6780  | Train Sen: 0.6328  | Train Spe: 0.7273  | Train F1: 0.6722 
[18:08:54.361]  Site-18        | Train Loss: 0.6558 | Train AUC: 0.7274  | Train Acc: 0.6753  | Train Sen: 0.6304  | Train Spe: 0.7201  | Train F1: 0.6600 
[18:12:42.743]  Site-19        | Train Loss: 0.6867 | Train AUC: 0.6908  | Train Acc: 0.6359  | Train Sen: 0.6193  | Train Spe: 0.6529  | Train F1: 0.6329 
[18:12:47.744] Update sigma on aggregation=0.432846200466156; clip bound update=5.77128267288208
[18:13:19.790]  Site-0         | Val Loss: 0.6900 | Val AUC: 0.5694 | Val Acc: 0.5160 | Val Sen: 0.9766 | Val Spe: 0.0328 | Val F1: 0.6739
[18:13:48.830]  Site-1         | Val Loss: 0.6899 | Val AUC: 0.5714 | Val Acc: 0.5120 | Val Sen: 1.0000 | Val Spe: 0.0161 | Val F1: 0.6738
[18:14:17.988]  Site-2         | Val Loss: 0.6874 | Val AUC: 0.6307 | Val Acc: 0.5080 | Val Sen: 1.0000 | Val Spe: 0.0160 | Val F1: 0.6702
[18:14:46.867]  Site-3         | Val Loss: 0.6863 | Val AUC: 0.6106 | Val Acc: 0.5200 | Val Sen: 0.9847 | Val Spe: 0.0084 | Val F1: 0.6825
[18:15:15.900]  Site-4         | Val Loss: 0.6834 | Val AUC: 0.7010 | Val Acc: 0.4840 | Val Sen: 0.9917 | Val Spe: 0.0154 | Val F1: 0.6485
[18:15:45.244]  Site-5         | Val Loss: 0.6862 | Val AUC: 0.5984 | Val Acc: 0.5040 | Val Sen: 0.9760 | Val Spe: 0.0320 | Val F1: 0.6630
[18:16:14.242]  Site-6         | Val Loss: 0.6691 | Val AUC: 0.7134 | Val Acc: 0.5600 | Val Sen: 1.0000 | Val Spe: 0.0517 | Val F1: 0.7090
[18:16:42.800]  Site-7         | Val Loss: 0.6838 | Val AUC: 0.6372 | Val Acc: 0.5120 | Val Sen: 0.9843 | Val Spe: 0.0244 | Val F1: 0.6720
[18:17:11.876]  Site-8         | Val Loss: 0.6772 | Val AUC: 0.6285 | Val Acc: 0.5560 | Val Sen: 1.0000 | Val Spe: 0.0089 | Val F1: 0.7132
[18:17:40.832]  Site-9         | Val Loss: 0.6851 | Val AUC: 0.6630 | Val Acc: 0.4960 | Val Sen: 0.9917 | Val Spe: 0.0310 | Val F1: 0.6557
[18:18:10.726]  Site-10        | Val Loss: 0.6925 | Val AUC: 0.6417 | Val Acc: 0.4840 | Val Sen: 1.0000 | Val Spe: 0.0301 | Val F1: 0.6446
[18:18:39.721]  Site-11        | Val Loss: 0.6890 | Val AUC: 0.6224 | Val Acc: 0.5040 | Val Sen: 0.9839 | Val Spe: 0.0317 | Val F1: 0.6630
[18:19:08.859]  Site-12        | Val Loss: 0.7004 | Val AUC: 0.6062 | Val Acc: 0.4360 | Val Sen: 0.9908 | Val Spe: 0.0071 | Val F1: 0.6050
[18:19:37.710]  Site-13        | Val Loss: 0.7003 | Val AUC: 0.6097 | Val Acc: 0.4520 | Val Sen: 0.9825 | Val Spe: 0.0074 | Val F1: 0.6205
[18:20:07.128]  Site-14        | Val Loss: 0.6807 | Val AUC: 0.6555 | Val Acc: 0.5240 | Val Sen: 0.9922 | Val Spe: 0.0328 | Val F1: 0.6810
[18:20:36.661]  Site-15        | Val Loss: 0.6912 | Val AUC: 0.5998 | Val Acc: 0.4960 | Val Sen: 1.0000 | Val Spe: 0.0156 | Val F1: 0.6595
[18:21:05.810]  Site-16        | Val Loss: 0.6776 | Val AUC: 0.6952 | Val Acc: 0.5240 | Val Sen: 0.9922 | Val Spe: 0.0328 | Val F1: 0.6810
[18:21:34.405]  Site-17        | Val Loss: 0.6853 | Val AUC: 0.5681 | Val Acc: 0.5520 | Val Sen: 1.0000 | Val Spe: 0.0345 | Val F1: 0.7053
[18:22:03.880]  Site-18        | Val Loss: 0.6823 | Val AUC: 0.6498 | Val Acc: 0.5160 | Val Sen: 1.0000 | Val Spe: 0.0163 | Val F1: 0.6773
[18:22:33.299]  Site-19        | Val Loss: 0.6901 | Val AUC: 0.6455 | Val Acc: 0.4840 | Val Sen: 0.9835 | Val Spe: 0.0155 | Val F1: 0.6485
[18:22:33.301]  Site-Average | Val Loss: 0.6864 | AUC: 0.6309 | Acc: 0.5070 | Sen: 0.9915 | Spe: 0.0230 | F1: 0.6674
[18:22:33.305]  Best Epoch:0 | Avg Val Acc: 0.5070
[18:22:33.309]  Saving the local and server checkpoint to ../../experiments/v1.0/checkpoint/RSNA-ICH/seed9/dp2rmsprop_rounds100_localE1_lr0.0003_batch16_N20_sr1_VN1_overhead_z1.5_delta0.01_adaclip_rmsproplr=3e-05_PureAvg_adaVN_gamma_da=0.8_DA/model_best_0...
