[15:35:26.717] [Client 0] Train=750, Val=250, Test=250
[15:35:26.717] [Client 1] Train=750, Val=250, Test=250
[15:35:26.718] [Client 2] Train=750, Val=250, Test=250
[15:35:26.718] [Client 3] Train=750, Val=250, Test=250
[15:35:26.719] [Client 4] Train=750, Val=250, Test=250
[15:35:26.719] [Client 5] Train=750, Val=250, Test=250
[15:35:26.720] [Client 6] Train=750, Val=250, Test=250
[15:35:26.720] [Client 7] Train=750, Val=250, Test=250
[15:35:26.720] [Client 8] Train=750, Val=250, Test=250
[15:35:26.721] [Client 9] Train=750, Val=250, Test=250
[15:35:26.721] [Client 10] Train=750, Val=250, Test=250
[15:35:26.722] [Client 11] Train=750, Val=250, Test=250
[15:35:26.722] [Client 12] Train=750, Val=250, Test=250
[15:35:26.722] [Client 13] Train=750, Val=250, Test=250
[15:35:26.723] [Client 14] Train=750, Val=250, Test=250
[15:35:26.723] [Client 15] Train=750, Val=250, Test=250
[15:35:26.725] [Client 16] Train=750, Val=250, Test=250
[15:35:26.725] [Client 17] Train=750, Val=250, Test=250
[15:35:26.726] [Client 18] Train=750, Val=250, Test=250
[15:35:26.726] [Client 19] Train=750, Val=250, Test=250
[15:35:26.726] [Virtual Client 0-0] Train=750
[15:35:26.727] [Virtual Client 1-0] Train=750
[15:35:26.727] [Virtual Client 2-0] Train=750
[15:35:26.728] [Virtual Client 3-0] Train=750
[15:35:26.728] [Virtual Client 4-0] Train=750
[15:35:26.729] [Virtual Client 5-0] Train=750
[15:35:26.729] [Virtual Client 6-0] Train=750
[15:35:26.729] [Virtual Client 7-0] Train=750
[15:35:26.730] [Virtual Client 8-0] Train=750
[15:35:26.730] [Virtual Client 9-0] Train=750
[15:35:26.731] [Virtual Client 10-0] Train=750
[15:35:26.731] [Virtual Client 11-0] Train=750
[15:35:26.731] [Virtual Client 12-0] Train=750
[15:35:26.732] [Virtual Client 13-0] Train=750
[15:35:26.732] [Virtual Client 14-0] Train=750
[15:35:26.733] [Virtual Client 15-0] Train=750
[15:35:26.733] [Virtual Client 16-0] Train=750
[15:35:26.733] [Virtual Client 17-0] Train=750
[15:35:26.734] [Virtual Client 18-0] Train=750
[15:35:26.734] [Virtual Client 19-0] Train=750
[15:35:26.736] Client Weights: [0.05, 0.05, 0.05, 0.05, 0.05, 0.05, 0.05, 0.05, 0.05, 0.05, 0.05, 0.05, 0.05, 0.05, 0.05, 0.05, 0.05, 0.05, 0.05, 0.05]
[15:35:26.737] Training Clients:[0, 1, 2, 3, 4, 5, 6, 7, 8, 9, 10, 11, 12, 13, 14, 15, 16, 17, 18, 19]
[15:35:26.737] Val Clients:[0, 1, 2, 3, 4, 5, 6, 7, 8, 9, 10, 11, 12, 13, 14, 15, 16, 17, 18, 19]
[15:35:26.737] =============== args ================
[15:35:26.737] Namespace(clients=20, virtual_clients=1, lr=0.0003, lr_decay=-1, early=False, batch=16, rounds=100, local_epochs=1, mode='fedavg', pretrain=False, exp=None, save_path='../../experiments/v1.0/checkpoint/RSNA-ICH/seed1/fedavg_rounds100_localE1_lr0.0003_batch16_N20_sr1_VN1__PureAvg', resume=False, gpu='0', seed=1, debug=False, data='RSNA-ICH', sample_rate=1, leave='no', merge=False, balance=False, weighted_avg=False, split='UNI', local_bn=False, generalize=False, gn=False, selu=False, comb='times', free=-1, noisy=-1, alpha=1.0, adaclip=False, noclip=False, ema=0.0, mu=0.001, S=10, epsilon=None, noise_multiplier=None, delta=0.001, accountant='prv', dp_mode='overhead', balance_split=False, test=False, ckpt='None', adam_lr=0.1, dp2_interval=3, rmsprop_lr=1, ada_vn=False, init_vn=False, ada_stable=False, ada_prog=False, log_path='../../experiments/v1.0/log/RSNA-ICH/seed1/fedavg_rounds100_localE1_lr0.0003_batch16_N20_sr1_VN1__PureAvg')
[15:35:29.068] ============ Round 0, Local train epoch 0 ============
[15:37:32.687]  Site-0         | Train Loss: 0.6360 | Train AUC: 0.6929  | Train Acc: 0.6372  | Train Sen: 0.6126  | Train Spe: 0.6638  | Train F1: 0.6367 
[15:39:23.509]  Site-1         | Train Loss: 0.6266 | Train AUC: 0.7031  | Train Acc: 0.6549  | Train Sen: 0.5497  | Train Spe: 0.7567  | Train F1: 0.6104 
[15:41:14.578]  Site-2         | Train Loss: 0.6372 | Train AUC: 0.7041  | Train Acc: 0.6399  | Train Sen: 0.6199  | Train Spe: 0.6603  | Train F1: 0.6345 
[15:43:06.110]  Site-3         | Train Loss: 0.6393 | Train AUC: 0.6847  | Train Acc: 0.6481  | Train Sen: 0.6332  | Train Spe: 0.6639  | Train F1: 0.6495 
[15:44:58.475]  Site-4         | Train Loss: 0.6479 | Train AUC: 0.6737  | Train Acc: 0.6250  | Train Sen: 0.6533  | Train Spe: 0.5917  | Train F1: 0.6533 
[15:46:52.089]  Site-5         | Train Loss: 0.6482 | Train AUC: 0.6770  | Train Acc: 0.6155  | Train Sen: 0.5794  | Train Spe: 0.6499  | Train F1: 0.5951 
[15:48:45.499]  Site-6         | Train Loss: 0.6284 | Train AUC: 0.7094  | Train Acc: 0.6630  | Train Sen: 0.5758  | Train Spe: 0.7447  | Train F1: 0.6231 
[15:50:36.332]  Site-7         | Train Loss: 0.6316 | Train AUC: 0.7064  | Train Acc: 0.6535  | Train Sen: 0.6152  | Train Spe: 0.6895  | Train F1: 0.6320 
[15:52:38.338]  Site-8         | Train Loss: 0.6459 | Train AUC: 0.6920  | Train Acc: 0.6440  | Train Sen: 0.6382  | Train Spe: 0.6504  | Train F1: 0.6534 
[15:54:33.979]  Site-9         | Train Loss: 0.6364 | Train AUC: 0.6995  | Train Acc: 0.6685  | Train Sen: 0.6071  | Train Spe: 0.7285  | Train F1: 0.6443 
[15:56:26.375]  Site-10        | Train Loss: 0.6168 | Train AUC: 0.7183  | Train Acc: 0.6576  | Train Sen: 0.5718  | Train Spe: 0.7345  | Train F1: 0.6123 
[15:58:17.896]  Site-11        | Train Loss: 0.6321 | Train AUC: 0.7055  | Train Acc: 0.6508  | Train Sen: 0.5653  | Train Spe: 0.7292  | Train F1: 0.6076 
[16:00:11.869]  Site-12        | Train Loss: 0.6223 | Train AUC: 0.7177  | Train Acc: 0.6603  | Train Sen: 0.6368  | Train Spe: 0.6854  | Train F1: 0.6594 
[16:02:04.590]  Site-13        | Train Loss: 0.6141 | Train AUC: 0.7305  | Train Acc: 0.6739  | Train Sen: 0.6593  | Train Spe: 0.6882  | Train F1: 0.6667 
[16:04:01.597]  Site-14        | Train Loss: 0.6301 | Train AUC: 0.7053  | Train Acc: 0.6386  | Train Sen: 0.6121  | Train Spe: 0.6667  | Train F1: 0.6356 
[16:05:57.352]  Site-15        | Train Loss: 0.6544 | Train AUC: 0.6603  | Train Acc: 0.6128  | Train Sen: 0.6474  | Train Spe: 0.5758  | Train F1: 0.6332 
[16:07:55.999]  Site-16        | Train Loss: 0.6353 | Train AUC: 0.7106  | Train Acc: 0.6562  | Train Sen: 0.6446  | Train Spe: 0.6676  | Train F1: 0.6491 
[16:09:52.733]  Site-17        | Train Loss: 0.6417 | Train AUC: 0.6936  | Train Acc: 0.6481  | Train Sen: 0.5447  | Train Spe: 0.7404  | Train F1: 0.5934 
[16:11:49.953]  Site-18        | Train Loss: 0.6430 | Train AUC: 0.7013  | Train Acc: 0.6576  | Train Sen: 0.6267  | Train Spe: 0.6883  | Train F1: 0.6461 
[16:13:43.172]  Site-19        | Train Loss: 0.6301 | Train AUC: 0.7060  | Train Acc: 0.6630  | Train Sen: 0.6267  | Train Spe: 0.7008  | Train F1: 0.6546 
[16:14:08.016]  Site-0         | Val Loss: 0.6580 | Val AUC: 0.6629 | Val Acc: 0.6200 | Val Sen: 0.5833 | Val Spe: 0.6538 | Val F1: 0.5957
[16:14:25.545]  Site-1         | Val Loss: 0.5935 | Val AUC: 0.7626 | Val Acc: 0.7040 | Val Sen: 0.7353 | Val Spe: 0.6824 | Val F1: 0.6696
[16:14:43.035]  Site-2         | Val Loss: 0.6156 | Val AUC: 0.7275 | Val Acc: 0.6800 | Val Sen: 0.6774 | Val Spe: 0.6825 | Val F1: 0.6774
[16:14:58.840]  Site-3         | Val Loss: 0.5765 | Val AUC: 0.7565 | Val Acc: 0.7080 | Val Sen: 0.6748 | Val Spe: 0.7402 | Val F1: 0.6946
[16:15:13.968]  Site-4         | Val Loss: 0.5727 | Val AUC: 0.7750 | Val Acc: 0.7040 | Val Sen: 0.6620 | Val Spe: 0.7593 | Val F1: 0.7176
[16:15:29.585]  Site-5         | Val Loss: 0.5524 | Val AUC: 0.7925 | Val Acc: 0.7360 | Val Sen: 0.7099 | Val Spe: 0.7647 | Val F1: 0.7381
[16:15:45.248]  Site-6         | Val Loss: 0.6084 | Val AUC: 0.7350 | Val Acc: 0.6440 | Val Sen: 0.6050 | Val Spe: 0.6794 | Val F1: 0.6180
[16:16:01.060]  Site-7         | Val Loss: 0.6068 | Val AUC: 0.7335 | Val Acc: 0.6760 | Val Sen: 0.6567 | Val Spe: 0.6983 | Val F1: 0.6848
[16:16:16.564]  Site-8         | Val Loss: 0.5835 | Val AUC: 0.7609 | Val Acc: 0.6920 | Val Sen: 0.6949 | Val Spe: 0.6894 | Val F1: 0.6805
[16:16:31.317]  Site-9         | Val Loss: 0.6071 | Val AUC: 0.7284 | Val Acc: 0.6600 | Val Sen: 0.6512 | Val Spe: 0.6694 | Val F1: 0.6640
[16:16:46.216]  Site-10        | Val Loss: 0.5787 | Val AUC: 0.7668 | Val Acc: 0.7120 | Val Sen: 0.6694 | Val Spe: 0.7540 | Val F1: 0.6975
[16:17:01.241]  Site-11        | Val Loss: 0.5707 | Val AUC: 0.7902 | Val Acc: 0.6880 | Val Sen: 0.7091 | Val Spe: 0.6714 | Val F1: 0.6667
[16:17:18.145]  Site-12        | Val Loss: 0.6165 | Val AUC: 0.7115 | Val Acc: 0.6520 | Val Sen: 0.6324 | Val Spe: 0.6754 | Val F1: 0.6641
[16:17:33.715]  Site-13        | Val Loss: 0.6195 | Val AUC: 0.7055 | Val Acc: 0.6560 | Val Sen: 0.6535 | Val Spe: 0.6585 | Val F1: 0.6587
[16:17:49.125]  Site-14        | Val Loss: 0.6344 | Val AUC: 0.6943 | Val Acc: 0.6320 | Val Sen: 0.6397 | Val Spe: 0.6228 | Val F1: 0.6541
[16:18:04.893]  Site-15        | Val Loss: 0.5368 | Val AUC: 0.8070 | Val Acc: 0.7280 | Val Sen: 0.6818 | Val Spe: 0.7797 | Val F1: 0.7258
[16:18:21.030]  Site-16        | Val Loss: 0.6014 | Val AUC: 0.7424 | Val Acc: 0.6600 | Val Sen: 0.6383 | Val Spe: 0.6881 | Val F1: 0.6792
[16:18:36.924]  Site-17        | Val Loss: 0.6480 | Val AUC: 0.6845 | Val Acc: 0.6480 | Val Sen: 0.6446 | Val Spe: 0.6512 | Val F1: 0.6393
[16:18:53.153]  Site-18        | Val Loss: 0.6373 | Val AUC: 0.6863 | Val Acc: 0.6200 | Val Sen: 0.6325 | Val Spe: 0.6090 | Val F1: 0.6091
[16:19:08.117]  Site-19        | Val Loss: 0.5966 | Val AUC: 0.7576 | Val Acc: 0.6800 | Val Sen: 0.6991 | Val Spe: 0.6642 | Val F1: 0.6639
[16:19:08.119]  Site-Average | Val Loss: 0.6007 | AUC: 0.7390 | Acc: 0.6750 | Sen: 0.6625 | Spe: 0.6897 | F1: 0.6699
[16:19:08.119]  Best Epoch:0 | Avg Val Acc: 0.6750
[16:19:08.122]  Saving the local and server checkpoint to ../../experiments/v1.0/checkpoint/RSNA-ICH/seed1/fedavg_rounds100_localE1_lr0.0003_batch16_N20_sr1_VN1__PureAvg/model_best_0...
