[09:03:38.420] Domain Adaptation enabled.
[09:03:38.658] [Client 0] Train=750, Val=250, Test=250
[09:03:38.660] [Client 1] Train=750, Val=250, Test=250
[09:03:38.660] [Client 2] Train=750, Val=250, Test=250
[09:03:38.661] [Client 3] Train=750, Val=250, Test=250
[09:03:38.662] [Client 4] Train=750, Val=250, Test=250
[09:03:38.663] [Client 5] Train=750, Val=250, Test=250
[09:03:38.663] [Client 6] Train=750, Val=250, Test=250
[09:03:38.664] [Client 7] Train=750, Val=250, Test=250
[09:03:38.665] [Client 8] Train=750, Val=250, Test=250
[09:03:38.665] [Client 9] Train=750, Val=250, Test=250
[09:03:38.666] [Client 10] Train=750, Val=250, Test=250
[09:03:38.667] [Client 11] Train=750, Val=250, Test=250
[09:03:38.668] [Client 12] Train=750, Val=250, Test=250
[09:03:38.668] [Client 13] Train=750, Val=250, Test=250
[09:03:38.669] [Client 14] Train=750, Val=250, Test=250
[09:03:38.670] [Client 15] Train=750, Val=250, Test=250
[09:03:38.671] [Client 16] Train=750, Val=250, Test=250
[09:03:38.671] [Client 17] Train=750, Val=250, Test=250
[09:03:38.672] [Client 18] Train=750, Val=250, Test=250
[09:03:38.673] [Client 19] Train=750, Val=250, Test=250
[09:03:38.674] [Virtual Client 0-0] Train=750
[09:03:38.674] [Virtual Client 1-0] Train=750
[09:03:38.675] [Virtual Client 2-0] Train=750
[09:03:38.676] [Virtual Client 3-0] Train=750
[09:03:38.677] [Virtual Client 4-0] Train=750
[09:03:38.677] [Virtual Client 5-0] Train=750
[09:03:38.678] [Virtual Client 6-0] Train=750
[09:03:38.679] [Virtual Client 7-0] Train=750
[09:03:38.679] [Virtual Client 8-0] Train=750
[09:03:38.680] [Virtual Client 9-0] Train=750
[09:03:38.681] [Virtual Client 10-0] Train=750
[09:03:38.682] [Virtual Client 11-0] Train=750
[09:03:38.682] [Virtual Client 12-0] Train=750
[09:03:38.683] [Virtual Client 13-0] Train=750
[09:03:38.684] [Virtual Client 14-0] Train=750
[09:03:38.685] [Virtual Client 15-0] Train=750
[09:03:38.685] [Virtual Client 16-0] Train=750
[09:03:38.686] [Virtual Client 17-0] Train=750
[09:03:38.687] [Virtual Client 18-0] Train=750
[09:03:38.688] [Virtual Client 19-0] Train=750
[09:03:38.692] Client Weights: [0.05, 0.05, 0.05, 0.05, 0.05, 0.05, 0.05, 0.05, 0.05, 0.05, 0.05, 0.05, 0.05, 0.05, 0.05, 0.05, 0.05, 0.05, 0.05, 0.05]
[09:03:38.693] Training Clients:[0, 1, 2, 3, 4, 5, 6, 7, 8, 9, 10, 11, 12, 13, 14, 15, 16, 17, 18, 19]
[09:03:38.693] Val Clients:[0, 1, 2, 3, 4, 5, 6, 7, 8, 9, 10, 11, 12, 13, 14, 15, 16, 17, 18, 19]
[09:03:38.693] =============== args ================
[09:03:38.694] Namespace(clients=20, virtual_clients=1, lr=0.0003, lr_decay=-1, early=False, batch=16, rounds=100, local_epochs=1, mode='dp2rmsprop', pretrain=False, exp=None, save_path='../../experiments/v1.0/checkpoint/RSNA-ICH/seed3/dp2rmsprop_rounds100_localE1_lr0.0003_batch16_N20_sr1_VN1_overhead_z0.5_delta0.01_adaclip_rmsproplr=3e-05_PureAvg_DA', resume=False, gpu='0', seed=3, debug=False, data='RSNA-ICH', sample_rate=1, leave='no', merge=False, balance=False, weighted_avg=False, split='UNI', local_bn=False, generalize=False, gn=False, selu=False, comb='times', free=-1, noisy=-1, alpha=1.0, adaclip=True, noclip=False, ema=0.0, mu=0.001, S=10, epsilon=None, noise_multiplier=0.5, delta=0.01, accountant='prv', dp_mode='overhead', balance_split=False, test=False, ckpt='None', adam_lr=0.1, dp2_interval=3, rmsprop_lr=3e-05, ada_vn=False, init_vn=False, ada_stable=False, ada_prog=False, domain_adaptation=True, log_path='../../experiments/v1.0/log/RSNA-ICH/seed3/dp2rmsprop_rounds100_localE1_lr0.0003_batch16_N20_sr1_VN1_overhead_z0.5_delta0.01_adaclip_rmsproplr=3e-05_PureAvg_DA')
[09:03:45.019] Using noise multiplier=0.5 and sigma on aggregation=0.25 to satisfy (245.5990192385698,0.01)-DP.
[09:03:45.019] Using adaptive clipping.
[09:03:45.020] Using prv accountant.
[09:03:45.095] ============ Round 0, Local train epoch 0 ============
[09:07:12.998]  Site-0         | Train Loss: 0.6377 | Train AUC: 0.6877  | Train Acc: 0.6359  | Train Sen: 0.5602  | Train Spe: 0.7071  | Train F1: 0.5988 
[09:10:52.351]  Site-1         | Train Loss: 0.6076 | Train AUC: 0.7400  | Train Acc: 0.6902  | Train Sen: 0.6754  | Train Spe: 0.7062  | Train F1: 0.6935 
[09:14:26.280]  Site-2         | Train Loss: 0.6439 | Train AUC: 0.6748  | Train Acc: 0.6019  | Train Sen: 0.5109  | Train Spe: 0.6929  | Train F1: 0.5620 
[09:18:11.292]  Site-3         | Train Loss: 0.6057 | Train AUC: 0.7384  | Train Acc: 0.7120  | Train Sen: 0.5906  | Train Spe: 0.8173  | Train F1: 0.6558 
[09:21:41.360]  Site-4         | Train Loss: 0.6620 | Train AUC: 0.6597  | Train Acc: 0.6196  | Train Sen: 0.5424  | Train Spe: 0.6911  | Train F1: 0.5783 
[09:25:13.530]  Site-5         | Train Loss: 0.6304 | Train AUC: 0.7017  | Train Acc: 0.6399  | Train Sen: 0.5686  | Train Spe: 0.7071  | Train F1: 0.6051 
[09:28:14.824]  Site-6         | Train Loss: 0.6439 | Train AUC: 0.6881  | Train Acc: 0.6372  | Train Sen: 0.5956  | Train Spe: 0.6784  | Train F1: 0.6202 
[09:30:55.402]  Site-7         | Train Loss: 0.6231 | Train AUC: 0.7180  | Train Acc: 0.6535  | Train Sen: 0.5873  | Train Spe: 0.7173  | Train F1: 0.6244 
[09:33:01.460]  Site-8         | Train Loss: 0.6528 | Train AUC: 0.6852  | Train Acc: 0.6508  | Train Sen: 0.6070  | Train Spe: 0.6948  | Train F1: 0.6355 
[09:35:07.879]  Site-9         | Train Loss: 0.6142 | Train AUC: 0.7243  | Train Acc: 0.6576  | Train Sen: 0.6310  | Train Spe: 0.6851  | Train F1: 0.6519 
[09:37:12.115]  Site-10        | Train Loss: 0.6481 | Train AUC: 0.6919  | Train Acc: 0.6399  | Train Sen: 0.6510  | Train Spe: 0.6278  | Train F1: 0.6536 
[09:39:15.617]  Site-11        | Train Loss: 0.6331 | Train AUC: 0.6903  | Train Acc: 0.6155  | Train Sen: 0.6777  | Train Spe: 0.5449  | Train F1: 0.6519 
[09:41:20.224]  Site-12        | Train Loss: 0.6582 | Train AUC: 0.6844  | Train Acc: 0.6304  | Train Sen: 0.6476  | Train Spe: 0.6096  | Train F1: 0.6574 
[09:43:24.089]  Site-13        | Train Loss: 0.6394 | Train AUC: 0.7195  | Train Acc: 0.6834  | Train Sen: 0.6393  | Train Spe: 0.7270  | Train F1: 0.6676 
[09:45:23.003]  Site-14        | Train Loss: 0.6334 | Train AUC: 0.7067  | Train Acc: 0.6535  | Train Sen: 0.5714  | Train Spe: 0.7309  | Train F1: 0.6154 
[09:47:24.868]  Site-15        | Train Loss: 0.6042 | Train AUC: 0.7413  | Train Acc: 0.6889  | Train Sen: 0.6503  | Train Spe: 0.7314  | Train F1: 0.6867 
[09:49:26.337]  Site-16        | Train Loss: 0.6353 | Train AUC: 0.7088  | Train Acc: 0.6630  | Train Sen: 0.6243  | Train Spe: 0.7005  | Train F1: 0.6457 
[09:51:26.767]  Site-17        | Train Loss: 0.6327 | Train AUC: 0.7076  | Train Acc: 0.6522  | Train Sen: 0.6515  | Train Spe: 0.6529  | Train F1: 0.6550 
[09:53:33.752]  Site-18        | Train Loss: 0.6085 | Train AUC: 0.7403  | Train Acc: 0.6902  | Train Sen: 0.6118  | Train Spe: 0.7576  | Train F1: 0.6460 
[09:55:43.286]  Site-19        | Train Loss: 0.6137 | Train AUC: 0.7246  | Train Acc: 0.6753  | Train Sen: 0.5922  | Train Spe: 0.7540  | Train F1: 0.6395 
[09:55:44.373] Update sigma on aggregation=0.13910707235336303; clip bound update=5.5642828941345215
[09:56:01.595]  Site-0         | Val Loss: 2.1413 | Val AUC: 0.3587 | Val Acc: 0.4560 | Val Sen: 0.0000 | Val Spe: 1.0000 | Val F1: 0.0000
[09:56:17.551]  Site-1         | Val Loss: 1.9310 | Val AUC: 0.3440 | Val Acc: 0.5200 | Val Sen: 0.0000 | Val Spe: 1.0000 | Val F1: 0.0000
[09:56:33.349]  Site-2         | Val Loss: 1.9455 | Val AUC: 0.3130 | Val Acc: 0.5200 | Val Sen: 0.0000 | Val Spe: 1.0000 | Val F1: 0.0000
[09:56:48.823]  Site-3         | Val Loss: 1.9595 | Val AUC: 0.3519 | Val Acc: 0.5080 | Val Sen: 0.0000 | Val Spe: 1.0000 | Val F1: 0.0000
[09:57:04.618]  Site-4         | Val Loss: 2.1047 | Val AUC: 0.4019 | Val Acc: 0.4600 | Val Sen: 0.0000 | Val Spe: 1.0000 | Val F1: 0.0000
[09:57:20.612]  Site-5         | Val Loss: 2.0096 | Val AUC: 0.3547 | Val Acc: 0.4880 | Val Sen: 0.0000 | Val Spe: 1.0000 | Val F1: 0.0000
[09:57:36.157]  Site-6         | Val Loss: 1.8771 | Val AUC: 0.3460 | Val Acc: 0.5360 | Val Sen: 0.0000 | Val Spe: 1.0000 | Val F1: 0.0000
[09:57:51.806]  Site-7         | Val Loss: 1.9307 | Val AUC: 0.3906 | Val Acc: 0.5080 | Val Sen: 0.0000 | Val Spe: 1.0000 | Val F1: 0.0000
[09:58:07.528]  Site-8         | Val Loss: 1.9160 | Val AUC: 0.3583 | Val Acc: 0.5280 | Val Sen: 0.0000 | Val Spe: 1.0000 | Val F1: 0.0000
[09:58:23.066]  Site-9         | Val Loss: 2.0261 | Val AUC: 0.2791 | Val Acc: 0.5080 | Val Sen: 0.0000 | Val Spe: 1.0000 | Val F1: 0.0000
[09:58:38.762]  Site-10        | Val Loss: 1.9873 | Val AUC: 0.3737 | Val Acc: 0.5040 | Val Sen: 0.0000 | Val Spe: 1.0000 | Val F1: 0.0000
[09:58:54.399]  Site-11        | Val Loss: 1.9347 | Val AUC: 0.3708 | Val Acc: 0.5160 | Val Sen: 0.0000 | Val Spe: 1.0000 | Val F1: 0.0000
[09:59:10.354]  Site-12        | Val Loss: 1.8859 | Val AUC: 0.3518 | Val Acc: 0.5280 | Val Sen: 0.0000 | Val Spe: 1.0000 | Val F1: 0.0000
[09:59:25.783]  Site-13        | Val Loss: 1.9947 | Val AUC: 0.3632 | Val Acc: 0.4920 | Val Sen: 0.0000 | Val Spe: 1.0000 | Val F1: 0.0000
[09:59:41.962]  Site-14        | Val Loss: 1.9364 | Val AUC: 0.3419 | Val Acc: 0.5200 | Val Sen: 0.0000 | Val Spe: 1.0000 | Val F1: 0.0000
[09:59:57.534]  Site-15        | Val Loss: 2.1053 | Val AUC: 0.3210 | Val Acc: 0.4760 | Val Sen: 0.0000 | Val Spe: 1.0000 | Val F1: 0.0000
[10:00:13.330]  Site-16        | Val Loss: 2.0704 | Val AUC: 0.3536 | Val Acc: 0.4680 | Val Sen: 0.0000 | Val Spe: 1.0000 | Val F1: 0.0000
[10:00:29.016]  Site-17        | Val Loss: 1.9229 | Val AUC: 0.4274 | Val Acc: 0.4960 | Val Sen: 0.0000 | Val Spe: 1.0000 | Val F1: 0.0000
[10:00:45.200]  Site-18        | Val Loss: 1.9555 | Val AUC: 0.3448 | Val Acc: 0.5080 | Val Sen: 0.0000 | Val Spe: 1.0000 | Val F1: 0.0000
[10:01:00.951]  Site-19        | Val Loss: 2.1079 | Val AUC: 0.3700 | Val Acc: 0.4640 | Val Sen: 0.0000 | Val Spe: 1.0000 | Val F1: 0.0000
[10:01:00.953]  Site-Average | Val Loss: 1.9871 | AUC: 0.3558 | Acc: 0.5002 | Sen: 0.0000 | Spe: 1.0000 | F1: 0.0000
[10:01:00.953]  Best Epoch:0 | Avg Val Acc: 0.5002
[10:01:00.957]  Saving the local and server checkpoint to ../../experiments/v1.0/checkpoint/RSNA-ICH/seed3/dp2rmsprop_rounds100_localE1_lr0.0003_batch16_N20_sr1_VN1_overhead_z0.5_delta0.01_adaclip_rmsproplr=3e-05_PureAvg_DA/model_best_0...
