[14:43:04.396] Domain Adaptation enabled.
[14:43:04.695] [Client 0] Train=750, Val=250, Test=250
[14:43:04.696] [Client 1] Train=750, Val=250, Test=250
[14:43:04.696] [Client 2] Train=750, Val=250, Test=250
[14:43:04.697] [Client 3] Train=750, Val=250, Test=250
[14:43:04.698] [Client 4] Train=750, Val=250, Test=250
[14:43:04.699] [Client 5] Train=750, Val=250, Test=250
[14:43:04.699] [Client 6] Train=750, Val=250, Test=250
[14:43:04.700] [Client 7] Train=750, Val=250, Test=250
[14:43:04.701] [Client 8] Train=750, Val=250, Test=250
[14:43:04.701] [Client 9] Train=750, Val=250, Test=250
[14:43:04.702] [Client 10] Train=750, Val=250, Test=250
[14:43:04.702] [Client 11] Train=750, Val=250, Test=250
[14:43:04.703] [Client 12] Train=750, Val=250, Test=250
[14:43:04.704] [Client 13] Train=750, Val=250, Test=250
[14:43:04.704] [Client 14] Train=750, Val=250, Test=250
[14:43:04.705] [Client 15] Train=750, Val=250, Test=250
[14:43:04.706] [Client 16] Train=750, Val=250, Test=250
[14:43:04.707] [Client 17] Train=750, Val=250, Test=250
[14:43:04.707] [Client 18] Train=750, Val=250, Test=250
[14:43:04.708] [Client 19] Train=750, Val=250, Test=250
[14:43:04.708] [Virtual Client 0-0] Train=750
[14:43:04.709] [Virtual Client 1-0] Train=750
[14:43:04.710] [Virtual Client 2-0] Train=750
[14:43:04.711] [Virtual Client 3-0] Train=750
[14:43:04.711] [Virtual Client 4-0] Train=750
[14:43:04.712] [Virtual Client 5-0] Train=750
[14:43:04.713] [Virtual Client 6-0] Train=750
[14:43:04.714] [Virtual Client 7-0] Train=750
[14:43:04.714] [Virtual Client 8-0] Train=750
[14:43:04.715] [Virtual Client 9-0] Train=750
[14:43:04.716] [Virtual Client 10-0] Train=750
[14:43:04.716] [Virtual Client 11-0] Train=750
[14:43:04.717] [Virtual Client 12-0] Train=750
[14:43:04.717] [Virtual Client 13-0] Train=750
[14:43:04.718] [Virtual Client 14-0] Train=750
[14:43:04.718] [Virtual Client 15-0] Train=750
[14:43:04.719] [Virtual Client 16-0] Train=750
[14:43:04.720] [Virtual Client 17-0] Train=750
[14:43:04.721] [Virtual Client 18-0] Train=750
[14:43:04.722] [Virtual Client 19-0] Train=750
[14:43:04.726] Client Weights: [0.05, 0.05, 0.05, 0.05, 0.05, 0.05, 0.05, 0.05, 0.05, 0.05, 0.05, 0.05, 0.05, 0.05, 0.05, 0.05, 0.05, 0.05, 0.05, 0.05]
[14:43:04.727] Training Clients:[0, 1, 2, 3, 4, 5, 6, 7, 8, 9, 10, 11, 12, 13, 14, 15, 16, 17, 18, 19]
[14:43:04.727] Val Clients:[0, 1, 2, 3, 4, 5, 6, 7, 8, 9, 10, 11, 12, 13, 14, 15, 16, 17, 18, 19]
[14:43:04.728] =============== args ================
[14:43:04.728] Namespace(clients=20, virtual_clients=1, lr=0.0003, lr_decay=-1, early=False, batch=16, rounds=100, local_epochs=1, mode='dpnova', pretrain=False, exp=None, save_path='../../experiments/v1.0/checkpoint/RSNA-ICH/seed3/dpnova_rounds100_localE1_lr0.0003_batch16_N20_sr1_VN1_overhead_z1.5_delta0.01_adaclip_PureAvg_DA', resume=False, gpu='0', seed=3, debug=False, data='RSNA-ICH', sample_rate=1, leave='no', merge=False, balance=False, weighted_avg=False, split='UNI', local_bn=False, generalize=False, gn=False, selu=False, comb='times', free=-1, noisy=-1, alpha=1.0, adaclip=True, noclip=False, ema=0.0, mu=0.001, S=10, epsilon=None, noise_multiplier=1.5, delta=0.01, accountant='prv', dp_mode='overhead', balance_split=False, test=False, ckpt='None', adam_lr=0.1, dp2_interval=3, rmsprop_lr=1, ada_vn=False, init_vn=False, ada_stable=False, ada_prog=False, domain_adaptation=True, log_path='../../experiments/v1.0/log/RSNA-ICH/seed3/dpnova_rounds100_localE1_lr0.0003_batch16_N20_sr1_VN1_overhead_z1.5_delta0.01_adaclip_PureAvg_DA')
[14:43:07.228] Using noise multiplier=1.5 and sigma on aggregation=0.75 to satisfy (36.88917782788349,0.01)-DP.
[14:43:07.228] Using adaptive clipping.
[14:43:07.228] Using prv accountant.
[14:43:07.358] ============ Round 0, Local train epoch 0 ============
[14:45:12.593]  Site-0         | Train Loss: 0.6377 | Train AUC: 0.6877  | Train Acc: 0.6359  | Train Sen: 0.5602  | Train Spe: 0.7071  | Train F1: 0.5988 
[14:47:19.109]  Site-1         | Train Loss: 0.6076 | Train AUC: 0.7400  | Train Acc: 0.6902  | Train Sen: 0.6754  | Train Spe: 0.7062  | Train F1: 0.6935 
[14:49:24.600]  Site-2         | Train Loss: 0.6439 | Train AUC: 0.6748  | Train Acc: 0.6019  | Train Sen: 0.5109  | Train Spe: 0.6929  | Train F1: 0.5620 
[14:51:25.289]  Site-3         | Train Loss: 0.6057 | Train AUC: 0.7384  | Train Acc: 0.7120  | Train Sen: 0.5906  | Train Spe: 0.8173  | Train F1: 0.6558 
[14:53:28.956]  Site-4         | Train Loss: 0.6620 | Train AUC: 0.6597  | Train Acc: 0.6196  | Train Sen: 0.5424  | Train Spe: 0.6911  | Train F1: 0.5783 
[14:55:29.223]  Site-5         | Train Loss: 0.6304 | Train AUC: 0.7017  | Train Acc: 0.6399  | Train Sen: 0.5686  | Train Spe: 0.7071  | Train F1: 0.6051 
[14:57:32.156]  Site-6         | Train Loss: 0.6439 | Train AUC: 0.6881  | Train Acc: 0.6372  | Train Sen: 0.5956  | Train Spe: 0.6784  | Train F1: 0.6202 
[14:59:34.154]  Site-7         | Train Loss: 0.6231 | Train AUC: 0.7180  | Train Acc: 0.6535  | Train Sen: 0.5873  | Train Spe: 0.7173  | Train F1: 0.6244 
[15:01:36.806]  Site-8         | Train Loss: 0.6528 | Train AUC: 0.6852  | Train Acc: 0.6508  | Train Sen: 0.6070  | Train Spe: 0.6948  | Train F1: 0.6355 
[15:03:40.428]  Site-9         | Train Loss: 0.6142 | Train AUC: 0.7243  | Train Acc: 0.6576  | Train Sen: 0.6310  | Train Spe: 0.6851  | Train F1: 0.6519 
[15:05:42.073]  Site-10        | Train Loss: 0.6481 | Train AUC: 0.6919  | Train Acc: 0.6399  | Train Sen: 0.6510  | Train Spe: 0.6278  | Train F1: 0.6536 
[15:07:44.174]  Site-11        | Train Loss: 0.6331 | Train AUC: 0.6903  | Train Acc: 0.6155  | Train Sen: 0.6777  | Train Spe: 0.5449  | Train F1: 0.6519 
[15:09:45.384]  Site-12        | Train Loss: 0.6582 | Train AUC: 0.6844  | Train Acc: 0.6304  | Train Sen: 0.6476  | Train Spe: 0.6096  | Train F1: 0.6574 
[15:11:46.681]  Site-13        | Train Loss: 0.6394 | Train AUC: 0.7195  | Train Acc: 0.6834  | Train Sen: 0.6393  | Train Spe: 0.7270  | Train F1: 0.6676 
[15:13:47.641]  Site-14        | Train Loss: 0.6334 | Train AUC: 0.7067  | Train Acc: 0.6535  | Train Sen: 0.5714  | Train Spe: 0.7309  | Train F1: 0.6154 
[15:15:49.953]  Site-15        | Train Loss: 0.6042 | Train AUC: 0.7413  | Train Acc: 0.6889  | Train Sen: 0.6503  | Train Spe: 0.7314  | Train F1: 0.6867 
[15:17:54.379]  Site-16        | Train Loss: 0.6353 | Train AUC: 0.7088  | Train Acc: 0.6630  | Train Sen: 0.6243  | Train Spe: 0.7005  | Train F1: 0.6457 
[15:19:58.010]  Site-17        | Train Loss: 0.6327 | Train AUC: 0.7076  | Train Acc: 0.6522  | Train Sen: 0.6515  | Train Spe: 0.6529  | Train F1: 0.6550 
[15:22:00.619]  Site-18        | Train Loss: 0.6085 | Train AUC: 0.7403  | Train Acc: 0.6902  | Train Sen: 0.6118  | Train Spe: 0.7576  | Train F1: 0.6460 
[15:23:59.869]  Site-19        | Train Loss: 0.6137 | Train AUC: 0.7246  | Train Acc: 0.6753  | Train Sen: 0.5922  | Train Spe: 0.7540  | Train F1: 0.6395 
[15:24:00.816] Update sigma on aggregation=0.41732107184878375; clip bound update=5.564280957983783
[15:24:16.896]  Site-0         | Val Loss: 6.3138 | Val AUC: 0.4053 | Val Acc: 0.4560 | Val Sen: 0.0000 | Val Spe: 1.0000 | Val F1: 0.0000
[15:24:31.488]  Site-1         | Val Loss: 5.6889 | Val AUC: 0.3367 | Val Acc: 0.5200 | Val Sen: 0.0000 | Val Spe: 1.0000 | Val F1: 0.0000
[15:24:46.251]  Site-2         | Val Loss: 5.7203 | Val AUC: 0.3101 | Val Acc: 0.5200 | Val Sen: 0.0000 | Val Spe: 1.0000 | Val F1: 0.0000
[15:25:01.167]  Site-3         | Val Loss: 5.7353 | Val AUC: 0.3507 | Val Acc: 0.5080 | Val Sen: 0.0000 | Val Spe: 1.0000 | Val F1: 0.0000
[15:25:16.141]  Site-4         | Val Loss: 6.2562 | Val AUC: 0.3983 | Val Acc: 0.4600 | Val Sen: 0.0000 | Val Spe: 1.0000 | Val F1: 0.0000
[15:25:31.310]  Site-5         | Val Loss: 5.9898 | Val AUC: 0.3452 | Val Acc: 0.4880 | Val Sen: 0.0000 | Val Spe: 1.0000 | Val F1: 0.0000
[15:25:46.349]  Site-6         | Val Loss: 5.4731 | Val AUC: 0.3819 | Val Acc: 0.5360 | Val Sen: 0.0000 | Val Spe: 1.0000 | Val F1: 0.0000
[15:26:01.284]  Site-7         | Val Loss: 5.7716 | Val AUC: 0.3771 | Val Acc: 0.5080 | Val Sen: 0.0000 | Val Spe: 1.0000 | Val F1: 0.0000
[15:26:16.392]  Site-8         | Val Loss: 5.7135 | Val AUC: 0.3267 | Val Acc: 0.5280 | Val Sen: 0.0000 | Val Spe: 1.0000 | Val F1: 0.0000
[15:26:31.911]  Site-9         | Val Loss: 5.8421 | Val AUC: 0.3362 | Val Acc: 0.5080 | Val Sen: 0.0000 | Val Spe: 1.0000 | Val F1: 0.0000
[15:26:47.573]  Site-10        | Val Loss: 5.9212 | Val AUC: 0.3319 | Val Acc: 0.5040 | Val Sen: 0.0000 | Val Spe: 1.0000 | Val F1: 0.0000
[15:27:02.984]  Site-11        | Val Loss: 5.6828 | Val AUC: 0.3725 | Val Acc: 0.5160 | Val Sen: 0.0000 | Val Spe: 1.0000 | Val F1: 0.0000
[15:27:18.174]  Site-12        | Val Loss: 5.5153 | Val AUC: 0.3662 | Val Acc: 0.5280 | Val Sen: 0.0000 | Val Spe: 1.0000 | Val F1: 0.0000
[15:27:33.579]  Site-13        | Val Loss: 5.8158 | Val AUC: 0.4001 | Val Acc: 0.4920 | Val Sen: 0.0000 | Val Spe: 1.0000 | Val F1: 0.0000
[15:27:49.872]  Site-14        | Val Loss: 5.7545 | Val AUC: 0.3135 | Val Acc: 0.5200 | Val Sen: 0.0000 | Val Spe: 1.0000 | Val F1: 0.0000
[15:28:05.653]  Site-15        | Val Loss: 6.0958 | Val AUC: 0.3545 | Val Acc: 0.4760 | Val Sen: 0.0000 | Val Spe: 1.0000 | Val F1: 0.0000
[15:28:21.294]  Site-16        | Val Loss: 6.1764 | Val AUC: 0.3329 | Val Acc: 0.4680 | Val Sen: 0.0000 | Val Spe: 1.0000 | Val F1: 0.0000
[15:28:37.034]  Site-17        | Val Loss: 5.7677 | Val AUC: 0.3938 | Val Acc: 0.4960 | Val Sen: 0.0000 | Val Spe: 1.0000 | Val F1: 0.0000
[15:28:53.649]  Site-18        | Val Loss: 5.8756 | Val AUC: 0.2937 | Val Acc: 0.5080 | Val Sen: 0.0000 | Val Spe: 1.0000 | Val F1: 0.0000
[15:29:10.282]  Site-19        | Val Loss: 6.3199 | Val AUC: 0.3538 | Val Acc: 0.4640 | Val Sen: 0.0000 | Val Spe: 1.0000 | Val F1: 0.0000
[15:29:10.284]  Site-Average | Val Loss: 5.8715 | AUC: 0.3540 | Acc: 0.5002 | Sen: 0.0000 | Spe: 1.0000 | F1: 0.0000
[15:29:10.286]  Best Epoch:0 | Avg Val Acc: 0.5002
[15:29:10.290]  Saving the local and server checkpoint to ../../experiments/v1.0/checkpoint/RSNA-ICH/seed3/dpnova_rounds100_localE1_lr0.0003_batch16_N20_sr1_VN1_overhead_z1.5_delta0.01_adaclip_PureAvg_DA/model_best_0...
