[23:31:07.353] [Client 0] Train=750, Val=250, Test=250
[23:31:07.354] [Client 1] Train=750, Val=250, Test=250
[23:31:07.354] [Client 2] Train=750, Val=250, Test=250
[23:31:07.355] [Client 3] Train=750, Val=250, Test=250
[23:31:07.355] [Client 4] Train=750, Val=250, Test=250
[23:31:07.356] [Client 5] Train=750, Val=250, Test=250
[23:31:07.356] [Client 6] Train=750, Val=250, Test=250
[23:31:07.357] [Client 7] Train=750, Val=250, Test=250
[23:31:07.357] [Client 8] Train=750, Val=250, Test=250
[23:31:07.358] [Client 9] Train=750, Val=250, Test=250
[23:31:07.358] [Client 10] Train=750, Val=250, Test=250
[23:31:07.359] [Client 11] Train=750, Val=250, Test=250
[23:31:07.359] [Client 12] Train=750, Val=250, Test=250
[23:31:07.360] [Client 13] Train=750, Val=250, Test=250
[23:31:07.360] [Client 14] Train=750, Val=250, Test=250
[23:31:07.361] [Client 15] Train=750, Val=250, Test=250
[23:31:07.361] [Client 16] Train=750, Val=250, Test=250
[23:31:07.362] [Client 17] Train=750, Val=250, Test=250
[23:31:07.363] [Client 18] Train=750, Val=250, Test=250
[23:31:07.363] [Client 19] Train=750, Val=250, Test=250
[23:31:07.364] [Virtual Client 0-0] Train=750
[23:31:07.365] [Virtual Client 1-0] Train=750
[23:31:07.365] [Virtual Client 2-0] Train=750
[23:31:07.366] [Virtual Client 3-0] Train=750
[23:31:07.366] [Virtual Client 4-0] Train=750
[23:31:07.367] [Virtual Client 5-0] Train=750
[23:31:07.368] [Virtual Client 6-0] Train=750
[23:31:07.368] [Virtual Client 7-0] Train=750
[23:31:07.369] [Virtual Client 8-0] Train=750
[23:31:07.369] [Virtual Client 9-0] Train=750
[23:31:07.370] [Virtual Client 10-0] Train=750
[23:31:07.370] [Virtual Client 11-0] Train=750
[23:31:07.370] [Virtual Client 12-0] Train=750
[23:31:07.371] [Virtual Client 13-0] Train=750
[23:31:07.372] [Virtual Client 14-0] Train=750
[23:31:07.372] [Virtual Client 15-0] Train=750
[23:31:07.373] [Virtual Client 16-0] Train=750
[23:31:07.373] [Virtual Client 17-0] Train=750
[23:31:07.374] [Virtual Client 18-0] Train=750
[23:31:07.374] [Virtual Client 19-0] Train=750
[23:31:07.377] Client Weights: [0.05, 0.05, 0.05, 0.05, 0.05, 0.05, 0.05, 0.05, 0.05, 0.05, 0.05, 0.05, 0.05, 0.05, 0.05, 0.05, 0.05, 0.05, 0.05, 0.05]
[23:31:07.378] Training Clients:[0, 1, 2, 3, 4, 5, 6, 7, 8, 9, 10, 11, 12, 13, 14, 15, 16, 17, 18, 19]
[23:31:07.378] Val Clients:[0, 1, 2, 3, 4, 5, 6, 7, 8, 9, 10, 11, 12, 13, 14, 15, 16, 17, 18, 19]
[23:31:07.378] =============== args ================
[23:31:07.378] Namespace(clients=20, virtual_clients=1, lr=0.0003, lr_decay=-1, early=False, batch=16, rounds=100, local_epochs=1, mode='fedavg', pretrain=False, exp=None, save_path='../../experiments/v1.0/checkpoint/RSNA-ICH/seed0/fedavg_rounds100_localE1_lr0.0003_batch16_N20_sr1_VN1__PureAvg', resume=False, gpu='0', seed=0, debug=False, data='RSNA-ICH', sample_rate=1, leave='no', merge=False, balance=False, weighted_avg=False, split='UNI', local_bn=False, generalize=False, gn=False, selu=False, comb='times', free=-1, noisy=-1, alpha=1.0, adaclip=False, noclip=False, ema=0.0, mu=0.001, S=10, epsilon=None, noise_multiplier=None, delta=0.001, accountant='prv', dp_mode='overhead', balance_split=False, test=False, ckpt='None', adam_lr=0.1, dp2_interval=3, rmsprop_lr=1, ada_vn=False, init_vn=False, ada_stable=False, ada_prog=False, domain_adaptation=False, log_path='../../experiments/v1.0/log/RSNA-ICH/seed0/fedavg_rounds100_localE1_lr0.0003_batch16_N20_sr1_VN1__PureAvg')
