[18:19:46.543] [Client 0] Train=750, Val=250, Test=250
[18:19:46.544] [Client 1] Train=750, Val=250, Test=250
[18:19:46.545] [Client 2] Train=750, Val=250, Test=250
[18:19:46.545] [Client 3] Train=750, Val=250, Test=250
[18:19:46.545] [Client 4] Train=750, Val=250, Test=250
[18:19:46.546] [Client 5] Train=750, Val=250, Test=250
[18:19:46.546] [Client 6] Train=750, Val=250, Test=250
[18:19:46.547] [Client 7] Train=750, Val=250, Test=250
[18:19:46.547] [Client 8] Train=750, Val=250, Test=250
[18:19:46.548] [Client 9] Train=750, Val=250, Test=250
[18:19:46.548] [Client 10] Train=750, Val=250, Test=250
[18:19:46.549] [Client 11] Train=750, Val=250, Test=250
[18:19:46.549] [Client 12] Train=750, Val=250, Test=250
[18:19:46.549] [Client 13] Train=750, Val=250, Test=250
[18:19:46.550] [Client 14] Train=750, Val=250, Test=250
[18:19:46.550] [Client 15] Train=750, Val=250, Test=250
[18:19:46.551] [Client 16] Train=750, Val=250, Test=250
[18:19:46.551] [Client 17] Train=750, Val=250, Test=250
[18:19:46.551] [Client 18] Train=750, Val=250, Test=250
[18:19:46.552] [Client 19] Train=750, Val=250, Test=250
[18:19:46.552] [Virtual Client 0-0] Train=750
[18:19:46.553] [Virtual Client 1-0] Train=750
[18:19:46.553] [Virtual Client 2-0] Train=750
[18:19:46.554] [Virtual Client 3-0] Train=750
[18:19:46.554] [Virtual Client 4-0] Train=750
[18:19:46.555] [Virtual Client 5-0] Train=750
[18:19:46.555] [Virtual Client 6-0] Train=750
[18:19:46.556] [Virtual Client 7-0] Train=750
[18:19:46.556] [Virtual Client 8-0] Train=750
[18:19:46.556] [Virtual Client 9-0] Train=750
[18:19:46.557] [Virtual Client 10-0] Train=750
[18:19:46.557] [Virtual Client 11-0] Train=750
[18:19:46.558] [Virtual Client 12-0] Train=750
[18:19:46.558] [Virtual Client 13-0] Train=750
[18:19:46.559] [Virtual Client 14-0] Train=750
[18:19:46.559] [Virtual Client 15-0] Train=750
[18:19:46.560] [Virtual Client 16-0] Train=750
[18:19:46.560] [Virtual Client 17-0] Train=750
[18:19:46.561] [Virtual Client 18-0] Train=750
[18:19:46.561] [Virtual Client 19-0] Train=750
[18:19:46.571] Client Weights: [0.05, 0.05, 0.05, 0.05, 0.05, 0.05, 0.05, 0.05, 0.05, 0.05, 0.05, 0.05, 0.05, 0.05, 0.05, 0.05, 0.05, 0.05, 0.05, 0.05]
[18:19:46.572] Training Clients:[0, 1, 2, 3, 4, 5, 6, 7, 8, 9, 10, 11, 12, 13, 14, 15, 16, 17, 18, 19]
[18:19:46.572] Val Clients:[0, 1, 2, 3, 4, 5, 6, 7, 8, 9, 10, 11, 12, 13, 14, 15, 16, 17, 18, 19]
[18:19:46.572] =============== args ================
[18:19:46.572] Namespace(clients=20, virtual_clients=1, lr=0.0003, lr_decay=-1, early=False, batch=16, rounds=100, local_epochs=1, mode='dp2rmsprop', pretrain=False, exp=None, save_path='../../experiments/v1.0/checkpoint/RSNA-ICH/seed11/dp2rmsprop_rounds100_localE1_lr0.0003_batch16_N20_sr1_VN1_overhead_z0.5_delta0.01_adaclip_rmsproplr=3e-05_PureAvg_gamma_da=0.1_DA', resume=False, gpu='0', seed=11, debug=False, data='RSNA-ICH', sample_rate=1, leave='no', merge=False, balance=False, weighted_avg=False, split='UNI', local_bn=False, generalize=False, gn=False, selu=False, comb='times', free=-1, noisy=-1, alpha=1.0, adaclip=True, noclip=False, ema=0.0, mu=0.001, S=10, epsilon=None, noise_multiplier=0.5, delta=0.01, accountant='prv', dp_mode='overhead', balance_split=False, test=False, ckpt='None', adam_lr=0.1, dp2_interval=3, rmsprop_lr=3e-05, ada_vn=False, init_vn=False, ada_stable=False, ada_prog=False, gamma_da=0.1, class_weights=None, domain_adaptation=True, log_path='../../experiments/v1.0/log/RSNA-ICH/seed11/dp2rmsprop_rounds100_localE1_lr0.0003_batch16_N20_sr1_VN1_overhead_z0.5_delta0.01_adaclip_rmsproplr=3e-05_PureAvg_gamma_da=0.1_DA')
[18:19:53.091] Using noise multiplier=0.5 and sigma on aggregation=0.25 to satisfy (245.5990192385698,0.01)-DP.
[18:19:53.092] Using adaptive clipping.
[18:19:53.092] Using prv accountant.
[18:19:53.096] Using domain loss weight (gamma): 0.1
[18:19:53.166] ============ Round 0, Local train epoch 0 ============
[18:23:49.156] Avg Domain Loss: 1.0273
[18:23:49.227]  Site-0         | Train Loss: 0.6300 | Train AUC: 0.7078  | Train Acc: 0.6617  | Train Sen: 0.6039  | Train Spe: 0.7173  | Train F1: 0.6365 
[18:27:40.479] Avg Domain Loss: 1.0233
[18:27:40.568]  Site-1         | Train Loss: 0.6167 | Train AUC: 0.7134  | Train Acc: 0.6576  | Train Sen: 0.6585  | Train Spe: 0.6568  | Train F1: 0.6567 
[18:31:40.594] Avg Domain Loss: 1.0272
[18:31:40.656]  Site-2         | Train Loss: 0.6047 | Train AUC: 0.7390  | Train Acc: 0.6712  | Train Sen: 0.6480  | Train Spe: 0.6931  | Train F1: 0.6572 
[18:35:39.504] Avg Domain Loss: 1.0296
[18:35:39.557]  Site-3         | Train Loss: 0.6304 | Train AUC: 0.7116  | Train Acc: 0.6671  | Train Sen: 0.6967  | Train Spe: 0.6340  | Train F1: 0.6887 
[18:39:40.559] Avg Domain Loss: 1.0164
[18:39:40.630]  Site-4         | Train Loss: 0.6218 | Train AUC: 0.7203  | Train Acc: 0.6739  | Train Sen: 0.6282  | Train Spe: 0.7165  | Train F1: 0.6501 
[18:43:39.158] Avg Domain Loss: 1.0304
[18:43:39.262]  Site-5         | Train Loss: 0.6368 | Train AUC: 0.6924  | Train Acc: 0.6264  | Train Sen: 0.6260  | Train Spe: 0.6267  | Train F1: 0.6319 
[18:47:36.935] Avg Domain Loss: 1.0203
[18:47:36.985]  Site-6         | Train Loss: 0.6105 | Train AUC: 0.7320  | Train Acc: 0.6861  | Train Sen: 0.6641  | Train Spe: 0.7102  | Train F1: 0.6883 
[18:51:29.440] Avg Domain Loss: 1.0254
[18:51:29.502]  Site-7         | Train Loss: 0.6111 | Train AUC: 0.7234  | Train Acc: 0.6712  | Train Sen: 0.6474  | Train Spe: 0.6966  | Train F1: 0.6703 
[18:55:23.313] Avg Domain Loss: 1.0362
[18:55:23.385]  Site-8         | Train Loss: 0.6298 | Train AUC: 0.7154  | Train Acc: 0.6617  | Train Sen: 0.6533  | Train Spe: 0.6704  | Train F1: 0.6631 
[18:59:26.170] Avg Domain Loss: 1.0290
[18:59:26.225]  Site-9         | Train Loss: 0.6267 | Train AUC: 0.7111  | Train Acc: 0.6658  | Train Sen: 0.6032  | Train Spe: 0.7318  | Train F1: 0.6496 
[19:03:35.676] Avg Domain Loss: 1.0114
[19:03:35.765]  Site-10        | Train Loss: 0.5970 | Train AUC: 0.7377  | Train Acc: 0.6793  | Train Sen: 0.6349  | Train Spe: 0.7236  | Train F1: 0.6638 
[19:07:36.123] Avg Domain Loss: 1.0132
[19:07:36.184]  Site-11        | Train Loss: 0.6284 | Train AUC: 0.7160  | Train Acc: 0.6576  | Train Sen: 0.6399  | Train Spe: 0.6747  | Train F1: 0.6471 
[19:11:34.753] Avg Domain Loss: 1.0165
[19:11:34.818]  Site-12        | Train Loss: 0.6578 | Train AUC: 0.6613  | Train Acc: 0.6223  | Train Sen: 0.5353  | Train Spe: 0.7092  | Train F1: 0.5863 
[19:15:31.733] Avg Domain Loss: 1.0279
[19:15:31.806]  Site-13        | Train Loss: 0.6389 | Train AUC: 0.6989  | Train Acc: 0.6508  | Train Sen: 0.5833  | Train Spe: 0.7113  | Train F1: 0.6124 
[19:19:25.109] Avg Domain Loss: 1.0322
[19:19:25.176]  Site-14        | Train Loss: 0.6164 | Train AUC: 0.7309  | Train Acc: 0.6780  | Train Sen: 0.6317  | Train Spe: 0.7253  | Train F1: 0.6648 
[19:23:17.605] Avg Domain Loss: 1.0384
[19:23:17.669]  Site-15        | Train Loss: 0.6355 | Train AUC: 0.6916  | Train Acc: 0.6277  | Train Sen: 0.5930  | Train Spe: 0.6630  | Train F1: 0.6162 
[19:27:06.886] Avg Domain Loss: 1.0217
[19:27:06.951]  Site-16        | Train Loss: 0.6097 | Train AUC: 0.7302  | Train Acc: 0.6726  | Train Sen: 0.6369  | Train Spe: 0.7084  | Train F1: 0.6610 
[19:31:00.371] Avg Domain Loss: 1.0457
[19:31:00.438]  Site-17        | Train Loss: 0.6377 | Train AUC: 0.6838  | Train Acc: 0.6399  | Train Sen: 0.5960  | Train Spe: 0.6806  | Train F1: 0.6143 
[19:34:49.227] Avg Domain Loss: 1.0262
[19:34:49.295]  Site-18        | Train Loss: 0.6142 | Train AUC: 0.7164  | Train Acc: 0.6630  | Train Sen: 0.6011  | Train Spe: 0.7227  | Train F1: 0.6364 
[19:38:42.107] Avg Domain Loss: 1.0208
[19:38:42.173]  Site-19        | Train Loss: 0.6448 | Train AUC: 0.6771  | Train Acc: 0.6332  | Train Sen: 0.6280  | Train Spe: 0.6384  | Train F1: 0.6332 
[19:38:43.952] Update sigma on aggregation=0.1390329957008362; clip bound update=5.561319828033447
[19:38:45.615] RuntimeError("result type Float can't be cast to the desired output type Long")
[19:38:45.616] Stop training at round 0.
[19:38:45.618]  Training completed...
