[22:24:54.239] [Client 0] Train=750, Val=250, Test=250
[22:24:54.240] [Client 1] Train=750, Val=250, Test=250
[22:24:54.241] [Client 2] Train=750, Val=250, Test=250
[22:24:54.241] [Client 3] Train=750, Val=250, Test=250
[22:24:54.241] [Client 4] Train=750, Val=250, Test=250
[22:24:54.242] [Client 5] Train=750, Val=250, Test=250
[22:24:54.243] [Client 6] Train=750, Val=250, Test=250
[22:24:54.243] [Client 7] Train=750, Val=250, Test=250
[22:24:54.243] [Client 8] Train=750, Val=250, Test=250
[22:24:54.244] [Client 9] Train=750, Val=250, Test=250
[22:24:54.244] [Client 10] Train=750, Val=250, Test=250
[22:24:54.245] [Client 11] Train=750, Val=250, Test=250
[22:24:54.245] [Client 12] Train=750, Val=250, Test=250
[22:24:54.245] [Client 13] Train=750, Val=250, Test=250
[22:24:54.246] [Client 14] Train=750, Val=250, Test=250
[22:24:54.246] [Client 15] Train=750, Val=250, Test=250
[22:24:54.247] [Client 16] Train=750, Val=250, Test=250
[22:24:54.247] [Client 17] Train=750, Val=250, Test=250
[22:24:54.247] [Client 18] Train=750, Val=250, Test=250
[22:24:54.248] [Client 19] Train=750, Val=250, Test=250
[22:24:54.248] [Virtual Client 0-0] Train=750
[22:24:54.249] [Virtual Client 1-0] Train=750
[22:24:54.249] [Virtual Client 2-0] Train=750
[22:24:54.250] [Virtual Client 3-0] Train=750
[22:24:54.250] [Virtual Client 4-0] Train=750
[22:24:54.251] [Virtual Client 5-0] Train=750
[22:24:54.251] [Virtual Client 6-0] Train=750
[22:24:54.251] [Virtual Client 7-0] Train=750
[22:24:54.252] [Virtual Client 8-0] Train=750
[22:24:54.252] [Virtual Client 9-0] Train=750
[22:24:54.253] [Virtual Client 10-0] Train=750
[22:24:54.253] [Virtual Client 11-0] Train=750
[22:24:54.254] [Virtual Client 12-0] Train=750
[22:24:54.254] [Virtual Client 13-0] Train=750
[22:24:54.254] [Virtual Client 14-0] Train=750
[22:24:54.255] [Virtual Client 15-0] Train=750
[22:24:54.255] [Virtual Client 16-0] Train=750
[22:24:54.256] [Virtual Client 17-0] Train=750
[22:24:54.257] [Virtual Client 18-0] Train=750
[22:24:54.257] [Virtual Client 19-0] Train=750
[22:24:54.261] Client Weights: [0.05, 0.05, 0.05, 0.05, 0.05, 0.05, 0.05, 0.05, 0.05, 0.05, 0.05, 0.05, 0.05, 0.05, 0.05, 0.05, 0.05, 0.05, 0.05, 0.05]
[22:24:54.262] Training Clients:[0, 1, 2, 3, 4, 5, 6, 7, 8, 9, 10, 11, 12, 13, 14, 15, 16, 17, 18, 19]
[22:24:54.262] Val Clients:[0, 1, 2, 3, 4, 5, 6, 7, 8, 9, 10, 11, 12, 13, 14, 15, 16, 17, 18, 19]
[22:24:54.262] =============== args ================
[22:24:54.262] Namespace(clients=20, virtual_clients=1, lr=0.0003, lr_decay=-1, early=False, batch=16, rounds=100, local_epochs=1, mode='dp2rmsprop', pretrain=False, exp=None, save_path='../../experiments/v1.0/checkpoint/RSNA-ICH/seed8/dp2rmsprop_rounds100_localE1_lr0.0003_batch16_N20_sr1_VN1_overhead_z1.5_delta0.01_adaclip_rmsproplr=3e-05_PureAvg_adaVN_DA', resume=False, gpu='0', seed=8, debug=False, data='RSNA-ICH', sample_rate=1, leave='no', merge=False, balance=False, weighted_avg=False, split='UNI', local_bn=False, generalize=False, gn=False, selu=False, comb='times', free=-1, noisy=-1, alpha=1.0, adaclip=True, noclip=False, ema=0.0, mu=0.001, S=10, epsilon=None, noise_multiplier=1.5, delta=0.01, accountant='prv', dp_mode='overhead', balance_split=False, test=False, ckpt='None', adam_lr=0.1, dp2_interval=3, rmsprop_lr=3e-05, ada_vn=True, init_vn=False, ada_stable=False, ada_prog=False, domain_adaptation=True, log_path='../../experiments/v1.0/log/RSNA-ICH/seed8/dp2rmsprop_rounds100_localE1_lr0.0003_batch16_N20_sr1_VN1_overhead_z1.5_delta0.01_adaclip_rmsproplr=3e-05_PureAvg_adaVN_DA')
[22:24:58.406] Using noise multiplier=1.5 and sigma on aggregation=0.75 to satisfy (36.88917782788349,0.01)-DP.
[22:24:58.406] Using adaptive clipping.
[22:24:58.406] Using prv accountant.
[22:24:58.482] ============ Round 0, Local train epoch 0 ============
[22:28:49.520]  Site-0         | Train Loss: 0.7011 | Train AUC: 0.6813  | Train Acc: 0.6304  | Train Sen: 0.5865  | Train Spe: 0.6749  | Train F1: 0.6147 
[22:32:37.124]  Site-1         | Train Loss: 0.6523 | Train AUC: 0.7409  | Train Acc: 0.6861  | Train Sen: 0.6190  | Train Spe: 0.7493  | Train F1: 0.6568 
[22:36:24.996]  Site-2         | Train Loss: 0.6513 | Train AUC: 0.7461  | Train Acc: 0.6943  | Train Sen: 0.6222  | Train Spe: 0.7604  | Train F1: 0.6606 
[22:40:19.218]  Site-3         | Train Loss: 0.6742 | Train AUC: 0.7277  | Train Acc: 0.6726  | Train Sen: 0.6393  | Train Spe: 0.7054  | Train F1: 0.6601 
[22:44:11.918]  Site-4         | Train Loss: 0.6698 | Train AUC: 0.7270  | Train Acc: 0.6712  | Train Sen: 0.6346  | Train Spe: 0.7070  | Train F1: 0.6562 
[22:48:02.000]  Site-5         | Train Loss: 0.6894 | Train AUC: 0.7150  | Train Acc: 0.6739  | Train Sen: 0.6567  | Train Spe: 0.6911  | Train F1: 0.6676 
[22:51:53.755]  Site-6         | Train Loss: 0.7055 | Train AUC: 0.6649  | Train Acc: 0.6223  | Train Sen: 0.4797  | Train Spe: 0.7474  | Train F1: 0.5428 
[22:55:39.043]  Site-7         | Train Loss: 0.6933 | Train AUC: 0.6939  | Train Acc: 0.6427  | Train Sen: 0.6096  | Train Spe: 0.6737  | Train F1: 0.6227 
[22:59:31.614]  Site-8         | Train Loss: 0.6712 | Train AUC: 0.7144  | Train Acc: 0.6644  | Train Sen: 0.6754  | Train Spe: 0.6525  | Train F1: 0.6763 
[23:04:20.555]  Site-9         | Train Loss: 0.7009 | Train AUC: 0.6799  | Train Acc: 0.6332  | Train Sen: 0.6412  | Train Spe: 0.6246  | Train F1: 0.6429 
[23:08:13.260]  Site-10        | Train Loss: 0.6876 | Train AUC: 0.7074  | Train Acc: 0.6522  | Train Sen: 0.6711  | Train Spe: 0.6326  | Train F1: 0.6623 
[23:12:06.932]  Site-11        | Train Loss: 0.6926 | Train AUC: 0.7011  | Train Acc: 0.6454  | Train Sen: 0.5941  | Train Spe: 0.6978  | Train F1: 0.6287 
[23:15:56.178]  Site-12        | Train Loss: 0.6545 | Train AUC: 0.7517  | Train Acc: 0.6834  | Train Sen: 0.6556  | Train Spe: 0.7101  | Train F1: 0.6695 
[23:19:49.477]  Site-13        | Train Loss: 0.6936 | Train AUC: 0.6868  | Train Acc: 0.6345  | Train Sen: 0.6983  | Train Spe: 0.5582  | Train F1: 0.6755 
[23:23:39.020]  Site-14        | Train Loss: 0.7008 | Train AUC: 0.6762  | Train Acc: 0.6250  | Train Sen: 0.6667  | Train Spe: 0.5795  | Train F1: 0.6497 
[23:27:27.723]  Site-15        | Train Loss: 0.6704 | Train AUC: 0.7154  | Train Acc: 0.6535  | Train Sen: 0.5934  | Train Spe: 0.7124  | Train F1: 0.6288 
[23:31:20.984]  Site-16        | Train Loss: 0.7077 | Train AUC: 0.6599  | Train Acc: 0.6223  | Train Sen: 0.6623  | Train Spe: 0.5783  | Train F1: 0.6472 
[23:35:10.379]  Site-17        | Train Loss: 0.7158 | Train AUC: 0.6518  | Train Acc: 0.6114  | Train Sen: 0.5957  | Train Spe: 0.6278  | Train F1: 0.6104 
[23:39:02.367]  Site-18        | Train Loss: 0.7017 | Train AUC: 0.6821  | Train Acc: 0.6291  | Train Sen: 0.5462  | Train Spe: 0.7071  | Train F1: 0.5882 
[23:42:52.084]  Site-19        | Train Loss: 0.6967 | Train AUC: 0.6988  | Train Acc: 0.6522  | Train Sen: 0.6029  | Train Spe: 0.6969  | Train F1: 0.6224 
[23:42:57.254] Update sigma on aggregation=0.4333493113517761; clip bound update=5.777990818023682
[23:43:30.177]  Site-0         | Val Loss: 0.7157 | Val AUC: 0.6057 | Val Acc: 0.5040 | Val Sen: 1.0000 | Val Spe: 0.0000 | Val F1: 0.6702
[23:43:58.799]  Site-1         | Val Loss: 0.7103 | Val AUC: 0.7245 | Val Acc: 0.4960 | Val Sen: 1.0000 | Val Spe: 0.0000 | Val F1: 0.6631
[23:44:27.867]  Site-2         | Val Loss: 0.7069 | Val AUC: 0.6998 | Val Acc: 0.4960 | Val Sen: 1.0000 | Val Spe: 0.0000 | Val F1: 0.6631
[23:44:57.190]  Site-3         | Val Loss: 0.7258 | Val AUC: 0.6547 | Val Acc: 0.4800 | Val Sen: 1.0000 | Val Spe: 0.0000 | Val F1: 0.6486
[23:45:27.446]  Site-4         | Val Loss: 0.7016 | Val AUC: 0.6556 | Val Acc: 0.5320 | Val Sen: 1.0000 | Val Spe: 0.0000 | Val F1: 0.6945
[23:45:56.689]  Site-5         | Val Loss: 0.7268 | Val AUC: 0.6655 | Val Acc: 0.4760 | Val Sen: 1.0000 | Val Spe: 0.0000 | Val F1: 0.6450
[23:46:25.354]  Site-6         | Val Loss: 0.7220 | Val AUC: 0.6288 | Val Acc: 0.4920 | Val Sen: 1.0000 | Val Spe: 0.0000 | Val F1: 0.6595
[23:46:54.141]  Site-7         | Val Loss: 0.7117 | Val AUC: 0.6655 | Val Acc: 0.5080 | Val Sen: 1.0000 | Val Spe: 0.0000 | Val F1: 0.6737
[23:47:23.452]  Site-8         | Val Loss: 0.7423 | Val AUC: 0.6431 | Val Acc: 0.4560 | Val Sen: 1.0000 | Val Spe: 0.0000 | Val F1: 0.6264
[23:47:52.316]  Site-9         | Val Loss: 0.7180 | Val AUC: 0.6309 | Val Acc: 0.5000 | Val Sen: 1.0000 | Val Spe: 0.0000 | Val F1: 0.6667
[23:48:20.870]  Site-10        | Val Loss: 0.6904 | Val AUC: 0.6356 | Val Acc: 0.5480 | Val Sen: 1.0000 | Val Spe: 0.0000 | Val F1: 0.7080
[23:48:49.999]  Site-11        | Val Loss: 0.7179 | Val AUC: 0.6978 | Val Acc: 0.4960 | Val Sen: 1.0000 | Val Spe: 0.0000 | Val F1: 0.6631
[23:49:18.730]  Site-12        | Val Loss: 0.7087 | Val AUC: 0.6662 | Val Acc: 0.5120 | Val Sen: 1.0000 | Val Spe: 0.0000 | Val F1: 0.6772
[23:49:47.571]  Site-13        | Val Loss: 0.7251 | Val AUC: 0.5952 | Val Acc: 0.4880 | Val Sen: 1.0000 | Val Spe: 0.0000 | Val F1: 0.6559
[23:50:17.057]  Site-14        | Val Loss: 0.7029 | Val AUC: 0.6328 | Val Acc: 0.5280 | Val Sen: 1.0000 | Val Spe: 0.0000 | Val F1: 0.6911
[23:50:46.863]  Site-15        | Val Loss: 0.7217 | Val AUC: 0.6630 | Val Acc: 0.4800 | Val Sen: 1.0000 | Val Spe: 0.0000 | Val F1: 0.6486
[23:51:15.889]  Site-16        | Val Loss: 0.7438 | Val AUC: 0.5754 | Val Acc: 0.4600 | Val Sen: 1.0000 | Val Spe: 0.0000 | Val F1: 0.6301
[23:51:44.786]  Site-17        | Val Loss: 0.6878 | Val AUC: 0.6797 | Val Acc: 0.5480 | Val Sen: 1.0000 | Val Spe: 0.0000 | Val F1: 0.7080
[23:52:13.998]  Site-18        | Val Loss: 0.7237 | Val AUC: 0.6615 | Val Acc: 0.4800 | Val Sen: 1.0000 | Val Spe: 0.0000 | Val F1: 0.6486
[23:52:43.684]  Site-19        | Val Loss: 0.7029 | Val AUC: 0.6373 | Val Acc: 0.5160 | Val Sen: 1.0000 | Val Spe: 0.0000 | Val F1: 0.6807
[23:52:43.685]  Site-Average | Val Loss: 0.7153 | AUC: 0.6509 | Acc: 0.4998 | Sen: 1.0000 | Spe: 0.0000 | F1: 0.6661
[23:52:43.686]  Best Epoch:0 | Avg Val Acc: 0.4998
[23:52:43.692]  Saving the local and server checkpoint to ../../experiments/v1.0/checkpoint/RSNA-ICH/seed8/dp2rmsprop_rounds100_localE1_lr0.0003_batch16_N20_sr1_VN1_overhead_z1.5_delta0.01_adaclip_rmsproplr=3e-05_PureAvg_adaVN_DA/model_best_0...
