[18:37:50.420] Domain Adaptation enabled.
[18:37:50.665] [Client 0] Train=750, Val=250, Test=250
[18:37:50.665] [Client 1] Train=750, Val=250, Test=250
[18:37:50.666] [Client 2] Train=750, Val=250, Test=250
[18:37:50.666] [Client 3] Train=750, Val=250, Test=250
[18:37:50.666] [Client 4] Train=750, Val=250, Test=250
[18:37:50.667] [Client 5] Train=750, Val=250, Test=250
[18:37:50.667] [Client 6] Train=750, Val=250, Test=250
[18:37:50.668] [Client 7] Train=750, Val=250, Test=250
[18:37:50.668] [Client 8] Train=750, Val=250, Test=250
[18:37:50.669] [Client 9] Train=750, Val=250, Test=250
[18:37:50.669] [Client 10] Train=750, Val=250, Test=250
[18:37:50.669] [Client 11] Train=750, Val=250, Test=250
[18:37:50.670] [Client 12] Train=750, Val=250, Test=250
[18:37:50.670] [Client 13] Train=750, Val=250, Test=250
[18:37:50.671] [Client 14] Train=750, Val=250, Test=250
[18:37:50.671] [Client 15] Train=750, Val=250, Test=250
[18:37:50.672] [Client 16] Train=750, Val=250, Test=250
[18:37:50.673] [Client 17] Train=750, Val=250, Test=250
[18:37:50.673] [Client 18] Train=750, Val=250, Test=250
[18:37:50.674] [Client 19] Train=750, Val=250, Test=250
[18:37:50.674] [Virtual Client 0-0] Train=750
[18:37:50.675] [Virtual Client 1-0] Train=750
[18:37:50.675] [Virtual Client 2-0] Train=750
[18:37:50.675] [Virtual Client 3-0] Train=750
[18:37:50.676] [Virtual Client 4-0] Train=750
[18:37:50.676] [Virtual Client 5-0] Train=750
[18:37:50.677] [Virtual Client 6-0] Train=750
[18:37:50.677] [Virtual Client 7-0] Train=750
[18:37:50.678] [Virtual Client 8-0] Train=750
[18:37:50.678] [Virtual Client 9-0] Train=750
[18:37:50.678] [Virtual Client 10-0] Train=750
[18:37:50.679] [Virtual Client 11-0] Train=750
[18:37:50.679] [Virtual Client 12-0] Train=750
[18:37:50.680] [Virtual Client 13-0] Train=750
[18:37:50.680] [Virtual Client 14-0] Train=750
[18:37:50.681] [Virtual Client 15-0] Train=750
[18:37:50.681] [Virtual Client 16-0] Train=750
[18:37:50.681] [Virtual Client 17-0] Train=750
[18:37:50.682] [Virtual Client 18-0] Train=750
[18:37:50.682] [Virtual Client 19-0] Train=750
[18:37:50.686] Client Weights: [0.05, 0.05, 0.05, 0.05, 0.05, 0.05, 0.05, 0.05, 0.05, 0.05, 0.05, 0.05, 0.05, 0.05, 0.05, 0.05, 0.05, 0.05, 0.05, 0.05]
[18:37:50.687] Training Clients:[0, 1, 2, 3, 4, 5, 6, 7, 8, 9, 10, 11, 12, 13, 14, 15, 16, 17, 18, 19]
[18:37:50.687] Val Clients:[0, 1, 2, 3, 4, 5, 6, 7, 8, 9, 10, 11, 12, 13, 14, 15, 16, 17, 18, 19]
[18:37:50.687] =============== args ================
[18:37:50.687] Namespace(clients=20, virtual_clients=1, lr=0.0003, lr_decay=-1, early=False, batch=16, rounds=100, local_epochs=1, mode='fed2rmsprop', pretrain=False, exp=None, save_path='../../experiments/v1.0/checkpoint/RSNA-ICH/seed0/fed2rmsprop_rounds100_localE1_lr0.0003_batch16_N20_sr1_VN1__rmsproplr=3e-05_PureAvg_DA', resume=False, gpu='0', seed=0, debug=False, data='RSNA-ICH', sample_rate=1, leave='no', merge=False, balance=False, weighted_avg=False, split='UNI', local_bn=False, generalize=False, gn=False, selu=False, comb='times', free=-1, noisy=-1, alpha=1.0, adaclip=False, noclip=False, ema=0.0, mu=0.001, S=10, epsilon=None, noise_multiplier=None, delta=0.001, accountant='prv', dp_mode='overhead', balance_split=False, test=False, ckpt='None', adam_lr=0.1, dp2_interval=3, rmsprop_lr=3e-05, ada_vn=False, init_vn=False, ada_stable=False, ada_prog=False, domain_adaptation=True, log_path='../../experiments/v1.0/log/RSNA-ICH/seed0/fed2rmsprop_rounds100_localE1_lr0.0003_batch16_N20_sr1_VN1__rmsproplr=3e-05_PureAvg_DA')
[18:37:52.967] ============ Round 0, Local train epoch 0 ============
[18:39:43.055]  Site-0         | Train Loss: 0.6177 | Train AUC: 0.7180  | Train Acc: 0.6562  | Train Sen: 0.5722  | Train Spe: 0.7398  | Train F1: 0.6241 
[18:41:32.930]  Site-1         | Train Loss: 0.6337 | Train AUC: 0.7065  | Train Acc: 0.6522  | Train Sen: 0.6378  | Train Spe: 0.6676  | Train F1: 0.6550 
[18:43:22.603]  Site-2         | Train Loss: 0.6291 | Train AUC: 0.6941  | Train Acc: 0.6264  | Train Sen: 0.5784  | Train Spe: 0.6749  | Train F1: 0.6088 
[18:45:16.020]  Site-3         | Train Loss: 0.6531 | Train AUC: 0.6778  | Train Acc: 0.6359  | Train Sen: 0.6105  | Train Spe: 0.6629  | Train F1: 0.6339 
[18:47:10.091]  Site-4         | Train Loss: 0.6337 | Train AUC: 0.6972  | Train Acc: 0.6440  | Train Sen: 0.6190  | Train Spe: 0.6704  | Train F1: 0.6411 
[18:49:01.411]  Site-5         | Train Loss: 0.6248 | Train AUC: 0.7055  | Train Acc: 0.6821  | Train Sen: 0.5676  | Train Spe: 0.7803  | Train F1: 0.6226 
[18:50:50.271]  Site-6         | Train Loss: 0.6257 | Train AUC: 0.7170  | Train Acc: 0.6467  | Train Sen: 0.6127  | Train Spe: 0.6825  | Train F1: 0.6399 
[18:52:35.477]  Site-7         | Train Loss: 0.6443 | Train AUC: 0.6810  | Train Acc: 0.6345  | Train Sen: 0.5924  | Train Spe: 0.6766  | Train F1: 0.6184 
[18:54:22.864]  Site-8         | Train Loss: 0.6312 | Train AUC: 0.6988  | Train Acc: 0.6780  | Train Sen: 0.5829  | Train Spe: 0.7642  | Train F1: 0.6326 
[18:56:10.092]  Site-9         | Train Loss: 0.6463 | Train AUC: 0.6690  | Train Acc: 0.6141  | Train Sen: 0.5486  | Train Spe: 0.6803  | Train F1: 0.5884 
[18:57:51.909]  Site-10        | Train Loss: 0.6380 | Train AUC: 0.6904  | Train Acc: 0.6345  | Train Sen: 0.5620  | Train Spe: 0.7051  | Train F1: 0.6027 
[18:59:34.245]  Site-11        | Train Loss: 0.6096 | Train AUC: 0.7337  | Train Acc: 0.6821  | Train Sen: 0.6301  | Train Spe: 0.7332  | Train F1: 0.6628 
[19:01:16.623]  Site-12        | Train Loss: 0.6511 | Train AUC: 0.6908  | Train Acc: 0.6562  | Train Sen: 0.6289  | Train Spe: 0.6854  | Train F1: 0.6539 
[19:02:59.708]  Site-13        | Train Loss: 0.6381 | Train AUC: 0.7089  | Train Acc: 0.6630  | Train Sen: 0.5471  | Train Spe: 0.7626  | Train F1: 0.6000 
[19:04:43.483]  Site-14        | Train Loss: 0.6447 | Train AUC: 0.6737  | Train Acc: 0.6372  | Train Sen: 0.5444  | Train Spe: 0.7209  | Train F1: 0.5873 
[19:06:29.187]  Site-15        | Train Loss: 0.6219 | Train AUC: 0.7220  | Train Acc: 0.6739  | Train Sen: 0.6559  | Train Spe: 0.6923  | Train F1: 0.6703 
[19:08:20.835]  Site-16        | Train Loss: 0.6149 | Train AUC: 0.7236  | Train Acc: 0.6739  | Train Sen: 0.6480  | Train Spe: 0.7008  | Train F1: 0.6694 
[19:10:10.701]  Site-17        | Train Loss: 0.6286 | Train AUC: 0.6995  | Train Acc: 0.6495  | Train Sen: 0.6332  | Train Spe: 0.6667  | Train F1: 0.6504 
[19:12:02.861]  Site-18        | Train Loss: 0.6422 | Train AUC: 0.6969  | Train Acc: 0.6576  | Train Sen: 0.5829  | Train Spe: 0.7348  | Train F1: 0.6337 
[19:13:54.549]  Site-19        | Train Loss: 0.6293 | Train AUC: 0.7024  | Train Acc: 0.6440  | Train Sen: 0.6787  | Train Spe: 0.6052  | Train F1: 0.6684 
[19:14:20.449]  Site-0         | Val Loss: 0.5989 | Val AUC: 0.7341 | Val Acc: 0.6760 | Val Sen: 0.6198 | Val Spe: 0.7287 | Val F1: 0.6494
[19:14:34.198]  Site-1         | Val Loss: 0.6104 | Val AUC: 0.7233 | Val Acc: 0.6760 | Val Sen: 0.6154 | Val Spe: 0.7293 | Val F1: 0.6400
[19:14:48.319]  Site-2         | Val Loss: 0.5357 | Val AUC: 0.8103 | Val Acc: 0.7680 | Val Sen: 0.7244 | Val Spe: 0.8130 | Val F1: 0.7603
[19:15:02.143]  Site-3         | Val Loss: 0.6078 | Val AUC: 0.7271 | Val Acc: 0.6560 | Val Sen: 0.6119 | Val Spe: 0.7069 | Val F1: 0.6560
[19:15:15.439]  Site-4         | Val Loss: 0.6004 | Val AUC: 0.7337 | Val Acc: 0.6840 | Val Sen: 0.6475 | Val Spe: 0.7188 | Val F1: 0.6667
[19:15:28.948]  Site-5         | Val Loss: 0.6029 | Val AUC: 0.7530 | Val Acc: 0.6880 | Val Sen: 0.6194 | Val Spe: 0.7672 | Val F1: 0.6803
[19:15:42.771]  Site-6         | Val Loss: 0.6492 | Val AUC: 0.7048 | Val Acc: 0.6680 | Val Sen: 0.6087 | Val Spe: 0.7185 | Val F1: 0.6278
[19:15:56.409]  Site-7         | Val Loss: 0.5672 | Val AUC: 0.7848 | Val Acc: 0.7360 | Val Sen: 0.6786 | Val Spe: 0.7826 | Val F1: 0.6972
[19:16:09.759]  Site-8         | Val Loss: 0.6111 | Val AUC: 0.7237 | Val Acc: 0.6600 | Val Sen: 0.5896 | Val Spe: 0.7414 | Val F1: 0.6502
[19:16:23.346]  Site-9         | Val Loss: 0.5792 | Val AUC: 0.7623 | Val Acc: 0.6960 | Val Sen: 0.6015 | Val Spe: 0.8034 | Val F1: 0.6780
[19:16:36.414]  Site-10        | Val Loss: 0.5884 | Val AUC: 0.7535 | Val Acc: 0.7000 | Val Sen: 0.6641 | Val Spe: 0.7377 | Val F1: 0.6939
[19:16:49.275]  Site-11        | Val Loss: 0.5979 | Val AUC: 0.7458 | Val Acc: 0.6800 | Val Sen: 0.5814 | Val Spe: 0.7851 | Val F1: 0.6522
[19:17:02.226]  Site-12        | Val Loss: 0.6185 | Val AUC: 0.7153 | Val Acc: 0.6680 | Val Sen: 0.5920 | Val Spe: 0.7440 | Val F1: 0.6407
[19:17:15.162]  Site-13        | Val Loss: 0.5664 | Val AUC: 0.7745 | Val Acc: 0.7160 | Val Sen: 0.6641 | Val Spe: 0.7705 | Val F1: 0.7054
[19:17:28.117]  Site-14        | Val Loss: 0.5520 | Val AUC: 0.7834 | Val Acc: 0.6440 | Val Sen: 0.5862 | Val Spe: 0.6940 | Val F1: 0.6044
[19:17:40.990]  Site-15        | Val Loss: 0.5973 | Val AUC: 0.7416 | Val Acc: 0.6960 | Val Sen: 0.6637 | Val Spe: 0.7226 | Val F1: 0.6637
[19:17:54.156]  Site-16        | Val Loss: 0.6040 | Val AUC: 0.7326 | Val Acc: 0.6680 | Val Sen: 0.6028 | Val Spe: 0.7523 | Val F1: 0.6719
[19:18:07.142]  Site-17        | Val Loss: 0.6635 | Val AUC: 0.6538 | Val Acc: 0.6080 | Val Sen: 0.5547 | Val Spe: 0.6639 | Val F1: 0.5917
[19:18:20.025]  Site-18        | Val Loss: 0.6369 | Val AUC: 0.6965 | Val Acc: 0.6240 | Val Sen: 0.5500 | Val Spe: 0.6923 | Val F1: 0.5841
[19:18:32.858]  Site-19        | Val Loss: 0.5685 | Val AUC: 0.7821 | Val Acc: 0.7080 | Val Sen: 0.6803 | Val Spe: 0.7344 | Val F1: 0.6946
[19:18:32.860]  Site-Average | Val Loss: 0.5978 | AUC: 0.7418 | Acc: 0.6810 | Sen: 0.6228 | Spe: 0.7403 | F1: 0.6604
[19:18:32.860]  Best Epoch:0 | Avg Val Acc: 0.6810
[19:18:32.863]  Saving the local and server checkpoint to ../../experiments/v1.0/checkpoint/RSNA-ICH/seed0/fed2rmsprop_rounds100_localE1_lr0.0003_batch16_N20_sr1_VN1__rmsproplr=3e-05_PureAvg_DA/model_best_0...
