[16:59:24.804] [Client 0] Train=750, Val=250, Test=250
[16:59:24.804] [Client 1] Train=750, Val=250, Test=250
[16:59:24.805] [Client 2] Train=750, Val=250, Test=250
[16:59:24.805] [Client 3] Train=750, Val=250, Test=250
[16:59:24.806] [Client 4] Train=750, Val=250, Test=250
[16:59:24.806] [Client 5] Train=750, Val=250, Test=250
[16:59:24.806] [Client 6] Train=750, Val=250, Test=250
[16:59:24.807] [Client 7] Train=750, Val=250, Test=250
[16:59:24.807] [Client 8] Train=750, Val=250, Test=250
[16:59:24.807] [Client 9] Train=750, Val=250, Test=250
[16:59:24.808] [Client 10] Train=750, Val=250, Test=250
[16:59:24.808] [Client 11] Train=750, Val=250, Test=250
[16:59:24.809] [Client 12] Train=750, Val=250, Test=250
[16:59:24.809] [Client 13] Train=750, Val=250, Test=250
[16:59:24.809] [Client 14] Train=750, Val=250, Test=250
[16:59:24.810] [Client 15] Train=750, Val=250, Test=250
[16:59:24.811] [Client 16] Train=750, Val=250, Test=250
[16:59:24.811] [Client 17] Train=750, Val=250, Test=250
[16:59:24.811] [Client 18] Train=750, Val=250, Test=250
[16:59:24.812] [Client 19] Train=750, Val=250, Test=250
[16:59:24.812] [Virtual Client 0-0] Train=750
[16:59:24.813] [Virtual Client 1-0] Train=750
[16:59:24.813] [Virtual Client 2-0] Train=750
[16:59:24.814] [Virtual Client 3-0] Train=750
[16:59:24.814] [Virtual Client 4-0] Train=750
[16:59:24.814] [Virtual Client 5-0] Train=750
[16:59:24.815] [Virtual Client 6-0] Train=750
[16:59:24.815] [Virtual Client 7-0] Train=750
[16:59:24.816] [Virtual Client 8-0] Train=750
[16:59:24.816] [Virtual Client 9-0] Train=750
[16:59:24.816] [Virtual Client 10-0] Train=750
[16:59:24.817] [Virtual Client 11-0] Train=750
[16:59:24.817] [Virtual Client 12-0] Train=750
[16:59:24.818] [Virtual Client 13-0] Train=750
[16:59:24.818] [Virtual Client 14-0] Train=750
[16:59:24.818] [Virtual Client 15-0] Train=750
[16:59:24.819] [Virtual Client 16-0] Train=750
[16:59:24.819] [Virtual Client 17-0] Train=750
[16:59:24.820] [Virtual Client 18-0] Train=750
[16:59:24.820] [Virtual Client 19-0] Train=750
[16:59:24.822] Client Weights: [0.05, 0.05, 0.05, 0.05, 0.05, 0.05, 0.05, 0.05, 0.05, 0.05, 0.05, 0.05, 0.05, 0.05, 0.05, 0.05, 0.05, 0.05, 0.05, 0.05]
[16:59:24.822] Training Clients:[0, 1, 2, 3, 4, 5, 6, 7, 8, 9, 10, 11, 12, 13, 14, 15, 16, 17, 18, 19]
[16:59:24.822] Val Clients:[0, 1, 2, 3, 4, 5, 6, 7, 8, 9, 10, 11, 12, 13, 14, 15, 16, 17, 18, 19]
[16:59:24.822] =============== args ================
[16:59:24.823] Namespace(clients=20, virtual_clients=1, lr=0.0003, lr_decay=-1, early=False, batch=16, rounds=100, local_epochs=1, mode='fednova', pretrain=False, exp=None, save_path='../../experiments/v1.0/checkpoint/RSNA-ICH/seed1/fednova_rounds100_localE1_lr0.0003_batch16_N20_sr1_VN1__PureAvg', resume=False, gpu='0', seed=1, debug=False, data='RSNA-ICH', sample_rate=1, leave='no', merge=False, balance=False, weighted_avg=False, split='UNI', local_bn=False, generalize=False, gn=False, selu=False, comb='times', free=-1, noisy=-1, alpha=1.0, adaclip=False, noclip=False, ema=0.0, mu=0.001, S=10, epsilon=None, noise_multiplier=None, delta=0.001, accountant='prv', dp_mode='overhead', balance_split=False, test=False, ckpt='None', adam_lr=0.1, dp2_interval=3, rmsprop_lr=1, ada_vn=False, init_vn=False, ada_stable=False, ada_prog=False, log_path='../../experiments/v1.0/log/RSNA-ICH/seed1/fednova_rounds100_localE1_lr0.0003_batch16_N20_sr1_VN1__PureAvg')
[16:59:26.656] ============ Round 0, Local train epoch 0 ============
[17:01:12.197]  Site-0         | Train Loss: 0.6360 | Train AUC: 0.6929  | Train Acc: 0.6372  | Train Sen: 0.6126  | Train Spe: 0.6638  | Train F1: 0.6367 
[17:02:58.385]  Site-1         | Train Loss: 0.6266 | Train AUC: 0.7031  | Train Acc: 0.6549  | Train Sen: 0.5497  | Train Spe: 0.7567  | Train F1: 0.6104 
[17:04:44.072]  Site-2         | Train Loss: 0.6372 | Train AUC: 0.7041  | Train Acc: 0.6399  | Train Sen: 0.6199  | Train Spe: 0.6603  | Train F1: 0.6345 
[17:06:27.763]  Site-3         | Train Loss: 0.6393 | Train AUC: 0.6847  | Train Acc: 0.6481  | Train Sen: 0.6332  | Train Spe: 0.6639  | Train F1: 0.6495 
[17:08:14.380]  Site-4         | Train Loss: 0.6479 | Train AUC: 0.6737  | Train Acc: 0.6250  | Train Sen: 0.6533  | Train Spe: 0.5917  | Train F1: 0.6533 
[17:09:57.572]  Site-5         | Train Loss: 0.6482 | Train AUC: 0.6770  | Train Acc: 0.6155  | Train Sen: 0.5794  | Train Spe: 0.6499  | Train F1: 0.5951 
[17:11:42.130]  Site-6         | Train Loss: 0.6284 | Train AUC: 0.7094  | Train Acc: 0.6630  | Train Sen: 0.5758  | Train Spe: 0.7447  | Train F1: 0.6231 
[17:13:25.814]  Site-7         | Train Loss: 0.6316 | Train AUC: 0.7064  | Train Acc: 0.6535  | Train Sen: 0.6152  | Train Spe: 0.6895  | Train F1: 0.6320 
[17:15:10.738]  Site-8         | Train Loss: 0.6459 | Train AUC: 0.6920  | Train Acc: 0.6440  | Train Sen: 0.6382  | Train Spe: 0.6504  | Train F1: 0.6534 
[17:16:56.390]  Site-9         | Train Loss: 0.6364 | Train AUC: 0.6995  | Train Acc: 0.6685  | Train Sen: 0.6071  | Train Spe: 0.7285  | Train F1: 0.6443 
[17:18:42.952]  Site-10        | Train Loss: 0.6168 | Train AUC: 0.7183  | Train Acc: 0.6576  | Train Sen: 0.5718  | Train Spe: 0.7345  | Train F1: 0.6123 
[17:20:27.374]  Site-11        | Train Loss: 0.6321 | Train AUC: 0.7055  | Train Acc: 0.6508  | Train Sen: 0.5653  | Train Spe: 0.7292  | Train F1: 0.6076 
[17:22:12.425]  Site-12        | Train Loss: 0.6223 | Train AUC: 0.7177  | Train Acc: 0.6603  | Train Sen: 0.6368  | Train Spe: 0.6854  | Train F1: 0.6594 
[17:23:57.824]  Site-13        | Train Loss: 0.6141 | Train AUC: 0.7305  | Train Acc: 0.6739  | Train Sen: 0.6593  | Train Spe: 0.6882  | Train F1: 0.6667 
[17:25:47.260]  Site-14        | Train Loss: 0.6301 | Train AUC: 0.7053  | Train Acc: 0.6386  | Train Sen: 0.6121  | Train Spe: 0.6667  | Train F1: 0.6356 
[17:27:32.766]  Site-15        | Train Loss: 0.6544 | Train AUC: 0.6603  | Train Acc: 0.6128  | Train Sen: 0.6474  | Train Spe: 0.5758  | Train F1: 0.6332 
[17:29:18.900]  Site-16        | Train Loss: 0.6353 | Train AUC: 0.7106  | Train Acc: 0.6562  | Train Sen: 0.6446  | Train Spe: 0.6676  | Train F1: 0.6491 
[17:31:05.392]  Site-17        | Train Loss: 0.6417 | Train AUC: 0.6936  | Train Acc: 0.6481  | Train Sen: 0.5447  | Train Spe: 0.7404  | Train F1: 0.5934 
[17:32:53.464]  Site-18        | Train Loss: 0.6430 | Train AUC: 0.7013  | Train Acc: 0.6576  | Train Sen: 0.6267  | Train Spe: 0.6883  | Train F1: 0.6461 
[17:34:40.988]  Site-19        | Train Loss: 0.6301 | Train AUC: 0.7060  | Train Acc: 0.6630  | Train Sen: 0.6267  | Train Spe: 0.7008  | Train F1: 0.6546 
[17:35:04.521]  Site-0         | Val Loss: 0.6580 | Val AUC: 0.6629 | Val Acc: 0.6200 | Val Sen: 0.5833 | Val Spe: 0.6538 | Val F1: 0.5957
[17:35:17.543]  Site-1         | Val Loss: 0.5935 | Val AUC: 0.7626 | Val Acc: 0.7040 | Val Sen: 0.7353 | Val Spe: 0.6824 | Val F1: 0.6696
[17:35:30.855]  Site-2         | Val Loss: 0.6156 | Val AUC: 0.7275 | Val Acc: 0.6800 | Val Sen: 0.6774 | Val Spe: 0.6825 | Val F1: 0.6774
[17:35:44.115]  Site-3         | Val Loss: 0.5765 | Val AUC: 0.7565 | Val Acc: 0.7080 | Val Sen: 0.6748 | Val Spe: 0.7402 | Val F1: 0.6946
[17:35:57.015]  Site-4         | Val Loss: 0.5727 | Val AUC: 0.7750 | Val Acc: 0.7040 | Val Sen: 0.6620 | Val Spe: 0.7593 | Val F1: 0.7176
[17:36:10.101]  Site-5         | Val Loss: 0.5524 | Val AUC: 0.7925 | Val Acc: 0.7360 | Val Sen: 0.7099 | Val Spe: 0.7647 | Val F1: 0.7381
[17:36:23.264]  Site-6         | Val Loss: 0.6084 | Val AUC: 0.7350 | Val Acc: 0.6440 | Val Sen: 0.6050 | Val Spe: 0.6794 | Val F1: 0.6180
[17:36:36.420]  Site-7         | Val Loss: 0.6068 | Val AUC: 0.7335 | Val Acc: 0.6760 | Val Sen: 0.6567 | Val Spe: 0.6983 | Val F1: 0.6848
[17:36:49.485]  Site-8         | Val Loss: 0.5835 | Val AUC: 0.7609 | Val Acc: 0.6920 | Val Sen: 0.6949 | Val Spe: 0.6894 | Val F1: 0.6805
[17:37:02.514]  Site-9         | Val Loss: 0.6071 | Val AUC: 0.7284 | Val Acc: 0.6600 | Val Sen: 0.6512 | Val Spe: 0.6694 | Val F1: 0.6640
[17:37:15.581]  Site-10        | Val Loss: 0.5787 | Val AUC: 0.7668 | Val Acc: 0.7120 | Val Sen: 0.6694 | Val Spe: 0.7540 | Val F1: 0.6975
[17:37:28.666]  Site-11        | Val Loss: 0.5707 | Val AUC: 0.7902 | Val Acc: 0.6880 | Val Sen: 0.7091 | Val Spe: 0.6714 | Val F1: 0.6667
[17:37:41.993]  Site-12        | Val Loss: 0.6165 | Val AUC: 0.7115 | Val Acc: 0.6520 | Val Sen: 0.6324 | Val Spe: 0.6754 | Val F1: 0.6641
[17:37:55.082]  Site-13        | Val Loss: 0.6195 | Val AUC: 0.7055 | Val Acc: 0.6560 | Val Sen: 0.6535 | Val Spe: 0.6585 | Val F1: 0.6587
[17:38:08.159]  Site-14        | Val Loss: 0.6344 | Val AUC: 0.6943 | Val Acc: 0.6320 | Val Sen: 0.6397 | Val Spe: 0.6228 | Val F1: 0.6541
[17:38:21.270]  Site-15        | Val Loss: 0.5368 | Val AUC: 0.8070 | Val Acc: 0.7280 | Val Sen: 0.6818 | Val Spe: 0.7797 | Val F1: 0.7258
[17:38:34.461]  Site-16        | Val Loss: 0.6014 | Val AUC: 0.7424 | Val Acc: 0.6600 | Val Sen: 0.6383 | Val Spe: 0.6881 | Val F1: 0.6792
[17:38:47.739]  Site-17        | Val Loss: 0.6480 | Val AUC: 0.6845 | Val Acc: 0.6480 | Val Sen: 0.6446 | Val Spe: 0.6512 | Val F1: 0.6393
[17:39:00.881]  Site-18        | Val Loss: 0.6373 | Val AUC: 0.6863 | Val Acc: 0.6200 | Val Sen: 0.6325 | Val Spe: 0.6090 | Val F1: 0.6091
[17:39:14.258]  Site-19        | Val Loss: 0.5966 | Val AUC: 0.7576 | Val Acc: 0.6800 | Val Sen: 0.6991 | Val Spe: 0.6642 | Val F1: 0.6639
[17:39:14.259]  Site-Average | Val Loss: 0.6007 | AUC: 0.7390 | Acc: 0.6750 | Sen: 0.6625 | Spe: 0.6897 | F1: 0.6699
[17:39:14.260]  Best Epoch:0 | Avg Val Acc: 0.6750
[17:39:14.262]  Saving the local and server checkpoint to ../../experiments/v1.0/checkpoint/RSNA-ICH/seed1/fednova_rounds100_localE1_lr0.0003_batch16_N20_sr1_VN1__PureAvg/model_best_0...
