[22:42:54.716] [Client 0] Train=750, Val=250, Test=250
[22:42:54.717] [Client 1] Train=750, Val=250, Test=250
[22:42:54.717] [Client 2] Train=750, Val=250, Test=250
[22:42:54.718] [Client 3] Train=750, Val=250, Test=250
[22:42:54.718] [Client 4] Train=750, Val=250, Test=250
[22:42:54.718] [Client 5] Train=750, Val=250, Test=250
[22:42:54.719] [Client 6] Train=750, Val=250, Test=250
[22:42:54.719] [Client 7] Train=750, Val=250, Test=250
[22:42:54.720] [Client 8] Train=750, Val=250, Test=250
[22:42:54.721] [Client 9] Train=750, Val=250, Test=250
[22:42:54.721] [Client 10] Train=750, Val=250, Test=250
[22:42:54.722] [Client 11] Train=750, Val=250, Test=250
[22:42:54.723] [Client 12] Train=750, Val=250, Test=250
[22:42:54.723] [Client 13] Train=750, Val=250, Test=250
[22:42:54.724] [Client 14] Train=750, Val=250, Test=250
[22:42:54.724] [Client 15] Train=750, Val=250, Test=250
[22:42:54.725] [Client 16] Train=750, Val=250, Test=250
[22:42:54.725] [Client 17] Train=750, Val=250, Test=250
[22:42:54.726] [Client 18] Train=750, Val=250, Test=250
[22:42:54.726] [Client 19] Train=750, Val=250, Test=250
[22:42:54.727] [Virtual Client 0-0] Train=750
[22:42:54.728] [Virtual Client 1-0] Train=750
[22:42:54.729] [Virtual Client 2-0] Train=750
[22:42:54.729] [Virtual Client 3-0] Train=750
[22:42:54.730] [Virtual Client 4-0] Train=750
[22:42:54.731] [Virtual Client 5-0] Train=750
[22:42:54.732] [Virtual Client 6-0] Train=750
[22:42:54.735] [Virtual Client 7-0] Train=750
[22:42:54.735] [Virtual Client 8-0] Train=750
[22:42:54.736] [Virtual Client 9-0] Train=750
[22:42:54.736] [Virtual Client 10-0] Train=750
[22:42:54.737] [Virtual Client 11-0] Train=750
[22:42:54.738] [Virtual Client 12-0] Train=750
[22:42:54.738] [Virtual Client 13-0] Train=750
[22:42:54.739] [Virtual Client 14-0] Train=750
[22:42:54.739] [Virtual Client 15-0] Train=750
[22:42:54.740] [Virtual Client 16-0] Train=750
[22:42:54.741] [Virtual Client 17-0] Train=750
[22:42:54.741] [Virtual Client 18-0] Train=750
[22:42:54.742] [Virtual Client 19-0] Train=750
[22:42:54.748] Client Weights: [0.05, 0.05, 0.05, 0.05, 0.05, 0.05, 0.05, 0.05, 0.05, 0.05, 0.05, 0.05, 0.05, 0.05, 0.05, 0.05, 0.05, 0.05, 0.05, 0.05]
[22:42:54.749] Training Clients:[0, 1, 2, 3, 4, 5, 6, 7, 8, 9, 10, 11, 12, 13, 14, 15, 16, 17, 18, 19]
[22:42:54.749] Val Clients:[0, 1, 2, 3, 4, 5, 6, 7, 8, 9, 10, 11, 12, 13, 14, 15, 16, 17, 18, 19]
[22:42:54.749] =============== args ================
[22:42:54.749] Namespace(clients=20, virtual_clients=1, lr=0.0003, lr_decay=-1, early=False, batch=16, rounds=100, local_epochs=1, mode='dp2rmsprop', pretrain=False, exp=None, save_path='../../experiments/v1.0/checkpoint/RSNA-ICH/seed12/dp2rmsprop_rounds100_localE1_lr0.0003_batch16_N20_sr1_VN1_overhead_z0.5_delta0.01_adaclip_rmsproplr=3e-05_PureAvg_gamma_da=0.05_DA', resume=False, gpu='0', seed=12, debug=False, data='RSNA-ICH', sample_rate=1, leave='no', merge=False, balance=False, weighted_avg=False, split='UNI', local_bn=False, generalize=False, gn=False, selu=False, comb='times', free=-1, noisy=-1, alpha=1.0, adaclip=True, noclip=False, ema=0.0, mu=0.001, S=10, epsilon=None, noise_multiplier=0.5, delta=0.01, accountant='prv', dp_mode='overhead', balance_split=False, test=False, ckpt='None', adam_lr=0.1, dp2_interval=3, rmsprop_lr=3e-05, ada_vn=False, init_vn=False, ada_stable=False, ada_prog=False, gamma_da=0.05, class_weights=None, domain_adaptation=True, log_path='../../experiments/v1.0/log/RSNA-ICH/seed12/dp2rmsprop_rounds100_localE1_lr0.0003_batch16_N20_sr1_VN1_overhead_z0.5_delta0.01_adaclip_rmsproplr=3e-05_PureAvg_gamma_da=0.05_DA')
[22:43:03.650] Using noise multiplier=0.5 and sigma on aggregation=0.25 to satisfy (245.5990192385698,0.01)-DP.
[22:43:03.650] Using adaptive clipping.
[22:43:03.650] Using prv accountant.
[22:43:03.654] Using domain loss weight (gamma): 0.05
[22:43:03.731] ============ Round 0, Local train epoch 0 ============
[22:48:49.492]  Site-0         | Train Loss: 0.6666 | Train AUC: 0.6584  | Train Acc: 0.6209  | Train Sen: 0.5722  | Train Spe: 0.6713  | Train F1: 0.6054 
[22:52:57.902]  Site-1         | Train Loss: 0.6331 | Train AUC: 0.7055  | Train Acc: 0.6549  | Train Sen: 0.6630  | Train Spe: 0.6469  | Train F1: 0.6558 
[22:57:06.193]  Site-2         | Train Loss: 0.6437 | Train AUC: 0.6800  | Train Acc: 0.6332  | Train Sen: 0.6032  | Train Spe: 0.6639  | Train F1: 0.6250 
