[00:39:01.718] [Client 0] Train=750, Val=250, Test=250
[00:39:01.718] [Client 1] Train=750, Val=250, Test=250
[00:39:01.719] [Client 2] Train=750, Val=250, Test=250
[00:39:01.719] [Client 3] Train=750, Val=250, Test=250
[00:39:01.720] [Client 4] Train=750, Val=250, Test=250
[00:39:01.720] [Client 5] Train=750, Val=250, Test=250
[00:39:01.721] [Client 6] Train=750, Val=250, Test=250
[00:39:01.721] [Client 7] Train=750, Val=250, Test=250
[00:39:01.721] [Client 8] Train=750, Val=250, Test=250
[00:39:01.722] [Client 9] Train=750, Val=250, Test=250
[00:39:01.722] [Client 10] Train=750, Val=250, Test=250
[00:39:01.723] [Client 11] Train=750, Val=250, Test=250
[00:39:01.723] [Client 12] Train=750, Val=250, Test=250
[00:39:01.723] [Client 13] Train=750, Val=250, Test=250
[00:39:01.724] [Client 14] Train=750, Val=250, Test=250
[00:39:01.724] [Client 15] Train=750, Val=250, Test=250
[00:39:01.725] [Client 16] Train=750, Val=250, Test=250
[00:39:01.725] [Client 17] Train=750, Val=250, Test=250
[00:39:01.726] [Client 18] Train=750, Val=250, Test=250
[00:39:01.726] [Client 19] Train=750, Val=250, Test=250
[00:39:01.727] [Virtual Client 0-0] Train=750
[00:39:01.727] [Virtual Client 1-0] Train=750
[00:39:01.727] [Virtual Client 2-0] Train=750
[00:39:01.728] [Virtual Client 3-0] Train=750
[00:39:01.728] [Virtual Client 4-0] Train=750
[00:39:01.729] [Virtual Client 5-0] Train=750
[00:39:01.729] [Virtual Client 6-0] Train=750
[00:39:01.730] [Virtual Client 7-0] Train=750
[00:39:01.730] [Virtual Client 8-0] Train=750
[00:39:01.731] [Virtual Client 9-0] Train=750
[00:39:01.731] [Virtual Client 10-0] Train=750
[00:39:01.731] [Virtual Client 11-0] Train=750
[00:39:01.732] [Virtual Client 12-0] Train=750
[00:39:01.732] [Virtual Client 13-0] Train=750
[00:39:01.733] [Virtual Client 14-0] Train=750
[00:39:01.733] [Virtual Client 15-0] Train=750
[00:39:01.734] [Virtual Client 16-0] Train=750
[00:39:01.734] [Virtual Client 17-0] Train=750
[00:39:01.735] [Virtual Client 18-0] Train=750
[00:39:01.735] [Virtual Client 19-0] Train=750
[00:39:01.740] Client Weights: [0.05, 0.05, 0.05, 0.05, 0.05, 0.05, 0.05, 0.05, 0.05, 0.05, 0.05, 0.05, 0.05, 0.05, 0.05, 0.05, 0.05, 0.05, 0.05, 0.05]
[00:39:01.740] Training Clients:[0, 1, 2, 3, 4, 5, 6, 7, 8, 9, 10, 11, 12, 13, 14, 15, 16, 17, 18, 19]
[00:39:01.740] Val Clients:[0, 1, 2, 3, 4, 5, 6, 7, 8, 9, 10, 11, 12, 13, 14, 15, 16, 17, 18, 19]
[00:39:01.740] =============== args ================
[00:39:01.740] Namespace(clients=20, virtual_clients=1, lr=0.0003, lr_decay=-1, early=False, batch=16, rounds=100, local_epochs=1, mode='dp2rmsprop', pretrain=False, exp=None, save_path='../../experiments/v1.0/checkpoint/RSNA-ICH/seed12/dp2rmsprop_rounds100_localE1_lr0.0003_batch16_N20_sr1_VN1_overhead_z0.5_delta0.01_adaclip_rmsproplr=3e-05_PureAvg_gamma_da=0.05_DA', resume=False, gpu='0', seed=12, debug=False, data='RSNA-ICH', sample_rate=1, leave='no', merge=False, balance=False, weighted_avg=False, split='UNI', local_bn=False, generalize=False, gn=False, selu=False, comb='times', free=-1, noisy=-1, alpha=1.0, adaclip=True, noclip=False, ema=0.0, mu=0.001, S=10, epsilon=None, noise_multiplier=0.5, delta=0.01, accountant='prv', dp_mode='overhead', balance_split=False, test=False, ckpt='None', adam_lr=0.1, dp2_interval=3, rmsprop_lr=3e-05, ada_vn=False, init_vn=False, ada_stable=False, ada_prog=False, gamma_da=0.05, class_weights=None, domain_adaptation=True, log_path='../../experiments/v1.0/log/RSNA-ICH/seed12/dp2rmsprop_rounds100_localE1_lr0.0003_batch16_N20_sr1_VN1_overhead_z0.5_delta0.01_adaclip_rmsproplr=3e-05_PureAvg_gamma_da=0.05_DA')
[00:39:05.434] Domain Adaptation enabled: Clients grouped into 4 domains
[00:39:05.434] Domain groups mapping: {0: 0, 1: 1, 2: 2, 3: 3, 4: 0, 5: 1, 6: 2, 7: 3, 8: 0, 9: 1, 10: 2, 11: 3, 12: 0, 13: 1, 14: 2, 15: 3, 16: 0, 17: 1, 18: 2, 19: 3}
[00:39:08.196] Using noise multiplier=0.5 and sigma on aggregation=0.25 to satisfy (245.5990192385698,0.01)-DP.
[00:39:08.197] Using adaptive clipping.
[00:39:08.197] Using prv accountant.
[00:39:08.201] Using domain loss weight (gamma): 0.05
[00:39:08.278] ============ Round 0, Local train epoch 0 ============
[00:43:13.787]  Site-0         | Train Loss: 0.6467 | Train AUC: 0.6913  | Train Acc: 0.6467  | Train Sen: 0.6233  | Train Spe: 0.6713  | Train F1: 0.6438 
[00:47:16.903]  Site-1         | Train Loss: 0.6397 | Train AUC: 0.7026  | Train Acc: 0.6508  | Train Sen: 0.6319  | Train Spe: 0.6694  | Train F1: 0.6416 
[00:51:19.182]  Site-2         | Train Loss: 0.6600 | Train AUC: 0.6568  | Train Acc: 0.6114  | Train Sen: 0.5768  | Train Spe: 0.6466  | Train F1: 0.5994 
[00:55:25.923]  Site-3         | Train Loss: 0.6367 | Train AUC: 0.6804  | Train Acc: 0.6427  | Train Sen: 0.5344  | Train Spe: 0.7480  | Train F1: 0.5960 
[00:59:30.211]  Site-4         | Train Loss: 0.6332 | Train AUC: 0.7110  | Train Acc: 0.6848  | Train Sen: 0.5994  | Train Spe: 0.7630  | Train F1: 0.6453 
[01:03:29.718]  Site-5         | Train Loss: 0.6412 | Train AUC: 0.6971  | Train Acc: 0.6495  | Train Sen: 0.5850  | Train Spe: 0.7069  | Train F1: 0.6114 
[01:07:30.705]  Site-6         | Train Loss: 0.6258 | Train AUC: 0.7247  | Train Acc: 0.6780  | Train Sen: 0.6442  | Train Spe: 0.7123  | Train F1: 0.6685 
[01:11:34.279]  Site-7         | Train Loss: 0.6315 | Train AUC: 0.7071  | Train Acc: 0.6644  | Train Sen: 0.6720  | Train Spe: 0.6565  | Train F1: 0.6711 
[01:15:37.767]  Site-8         | Train Loss: 0.5944 | Train AUC: 0.7389  | Train Acc: 0.6766  | Train Sen: 0.6622  | Train Spe: 0.6915  | Train F1: 0.6749 
[01:19:39.322]  Site-9         | Train Loss: 0.6280 | Train AUC: 0.7019  | Train Acc: 0.6590  | Train Sen: 0.6995  | Train Spe: 0.6091  | Train F1: 0.6935 
[01:23:36.424]  Site-10        | Train Loss: 0.6416 | Train AUC: 0.6903  | Train Acc: 0.6440  | Train Sen: 0.5750  | Train Spe: 0.7101  | Train F1: 0.6124 
[01:27:36.473]  Site-11        | Train Loss: 0.6526 | Train AUC: 0.6736  | Train Acc: 0.6277  | Train Sen: 0.5699  | Train Spe: 0.6846  | Train F1: 0.6029 
[01:31:37.875]  Site-12        | Train Loss: 0.6393 | Train AUC: 0.7029  | Train Acc: 0.6658  | Train Sen: 0.6247  | Train Spe: 0.7062  | Train F1: 0.6496 
[01:35:41.259]  Site-13        | Train Loss: 0.6584 | Train AUC: 0.6810  | Train Acc: 0.6508  | Train Sen: 0.6087  | Train Spe: 0.6929  | Train F1: 0.6355 
[01:39:42.155]  Site-14        | Train Loss: 0.6187 | Train AUC: 0.7213  | Train Acc: 0.6848  | Train Sen: 0.6133  | Train Spe: 0.7540  | Train F1: 0.6568 
[01:43:42.651]  Site-15        | Train Loss: 0.6373 | Train AUC: 0.6914  | Train Acc: 0.6413  | Train Sen: 0.6108  | Train Spe: 0.6721  | Train F1: 0.6313 
[01:47:44.246]  Site-16        | Train Loss: 0.6151 | Train AUC: 0.7353  | Train Acc: 0.6834  | Train Sen: 0.6484  | Train Spe: 0.7216  | Train F1: 0.6813 
[01:51:44.398]  Site-17        | Train Loss: 0.6513 | Train AUC: 0.6778  | Train Acc: 0.6427  | Train Sen: 0.6032  | Train Spe: 0.6832  | Train F1: 0.6311 
[01:55:51.305]  Site-18        | Train Loss: 0.6146 | Train AUC: 0.7159  | Train Acc: 0.6780  | Train Sen: 0.6028  | Train Spe: 0.7500  | Train F1: 0.6468 
[01:59:47.175]  Site-19        | Train Loss: 0.6234 | Train AUC: 0.7260  | Train Acc: 0.6658  | Train Sen: 0.6232  | Train Spe: 0.7050  | Train F1: 0.6414 
[01:59:49.333] Update sigma on aggregation=0.1384929299354553; clip bound update=5.539717197418213
[02:00:23.498]  Site-0         | Val Loss: 1.2257 | Val AUC: 0.5048 | Val Acc: 0.5240 | Val Sen: 0.0000 | Val Spe: 1.0000 | Val F1: 0.0000
[02:00:54.107]  Site-1         | Val Loss: 1.2688 | Val AUC: 0.4803 | Val Acc: 0.5080 | Val Sen: 0.0000 | Val Spe: 1.0000 | Val F1: 0.0000
[02:01:25.367]  Site-2         | Val Loss: 1.3300 | Val AUC: 0.4621 | Val Acc: 0.4880 | Val Sen: 0.0000 | Val Spe: 1.0000 | Val F1: 0.0000
[02:01:55.800]  Site-3         | Val Loss: 1.2734 | Val AUC: 0.5580 | Val Acc: 0.4920 | Val Sen: 0.0000 | Val Spe: 1.0000 | Val F1: 0.0000
[02:02:27.491]  Site-4         | Val Loss: 1.1585 | Val AUC: 0.5201 | Val Acc: 0.5480 | Val Sen: 0.0000 | Val Spe: 1.0000 | Val F1: 0.0000
[02:02:58.861]  Site-5         | Val Loss: 1.2238 | Val AUC: 0.5438 | Val Acc: 0.5160 | Val Sen: 0.0000 | Val Spe: 1.0000 | Val F1: 0.0000
[02:03:29.505]  Site-6         | Val Loss: 1.3140 | Val AUC: 0.4662 | Val Acc: 0.4960 | Val Sen: 0.0000 | Val Spe: 1.0000 | Val F1: 0.0000
[02:04:01.256]  Site-7         | Val Loss: 1.1899 | Val AUC: 0.4710 | Val Acc: 0.5440 | Val Sen: 0.0000 | Val Spe: 1.0000 | Val F1: 0.0000
[02:04:32.251]  Site-8         | Val Loss: 1.1938 | Val AUC: 0.4459 | Val Acc: 0.5440 | Val Sen: 0.0000 | Val Spe: 1.0000 | Val F1: 0.0000
[02:05:03.189]  Site-9         | Val Loss: 1.2727 | Val AUC: 0.4895 | Val Acc: 0.5000 | Val Sen: 0.0000 | Val Spe: 1.0000 | Val F1: 0.0000
[02:05:33.993]  Site-10        | Val Loss: 1.2536 | Val AUC: 0.4521 | Val Acc: 0.5200 | Val Sen: 0.0000 | Val Spe: 1.0000 | Val F1: 0.0000
[02:06:04.686]  Site-11        | Val Loss: 1.2293 | Val AUC: 0.5265 | Val Acc: 0.5160 | Val Sen: 0.0000 | Val Spe: 1.0000 | Val F1: 0.0000
[02:06:35.691]  Site-12        | Val Loss: 1.4757 | Val AUC: 0.5160 | Val Acc: 0.4120 | Val Sen: 0.0000 | Val Spe: 1.0000 | Val F1: 0.0000
[02:07:06.998]  Site-13        | Val Loss: 1.4209 | Val AUC: 0.5416 | Val Acc: 0.4320 | Val Sen: 0.0000 | Val Spe: 1.0000 | Val F1: 0.0000
[02:07:37.668]  Site-14        | Val Loss: 1.2611 | Val AUC: 0.5380 | Val Acc: 0.5040 | Val Sen: 0.0000 | Val Spe: 1.0000 | Val F1: 0.0000
[02:08:08.218]  Site-15        | Val Loss: 1.3328 | Val AUC: 0.5300 | Val Acc: 0.4720 | Val Sen: 0.0000 | Val Spe: 1.0000 | Val F1: 0.0000
[02:08:39.023]  Site-16        | Val Loss: 1.2496 | Val AUC: 0.5450 | Val Acc: 0.5080 | Val Sen: 0.0000 | Val Spe: 1.0000 | Val F1: 0.0000
[02:09:10.405]  Site-17        | Val Loss: 1.3108 | Val AUC: 0.4396 | Val Acc: 0.4960 | Val Sen: 0.0000 | Val Spe: 1.0000 | Val F1: 0.0000
[02:09:42.151]  Site-18        | Val Loss: 1.3634 | Val AUC: 0.4280 | Val Acc: 0.4840 | Val Sen: 0.0000 | Val Spe: 1.0000 | Val F1: 0.0000
[02:10:13.299]  Site-19        | Val Loss: 1.2681 | Val AUC: 0.5633 | Val Acc: 0.5000 | Val Sen: 0.0000 | Val Spe: 1.0000 | Val F1: 0.0000
[02:10:13.302]  Site-Average | Val Loss: 1.2808 | AUC: 0.5011 | Acc: 0.5002 | Sen: 0.0000 | Spe: 1.0000 | F1: 0.0000
[02:10:13.302]  Best Epoch:0 | Avg Val Acc: 0.5002
[02:10:13.312]  Saving the local and server checkpoint to ../../experiments/v1.0/checkpoint/RSNA-ICH/seed12/dp2rmsprop_rounds100_localE1_lr0.0003_batch16_N20_sr1_VN1_overhead_z0.5_delta0.01_adaclip_rmsproplr=3e-05_PureAvg_gamma_da=0.05_DA/model_best_0...
