[10:28:58.378] [Client 0] Train=750, Val=250, Test=250
[10:28:58.379] [Client 1] Train=750, Val=250, Test=250
[10:28:58.380] [Client 2] Train=750, Val=250, Test=250
[10:28:58.380] [Client 3] Train=750, Val=250, Test=250
[10:28:58.380] [Client 4] Train=750, Val=250, Test=250
[10:28:58.381] [Client 5] Train=750, Val=250, Test=250
[10:28:58.381] [Client 6] Train=750, Val=250, Test=250
[10:28:58.382] [Client 7] Train=750, Val=250, Test=250
[10:28:58.382] [Client 8] Train=750, Val=250, Test=250
[10:28:58.383] [Client 9] Train=750, Val=250, Test=250
[10:28:58.383] [Client 10] Train=750, Val=250, Test=250
[10:28:58.384] [Client 11] Train=750, Val=250, Test=250
[10:28:58.384] [Client 12] Train=750, Val=250, Test=250
[10:28:58.384] [Client 13] Train=750, Val=250, Test=250
[10:28:58.385] [Client 14] Train=750, Val=250, Test=250
[10:28:58.385] [Client 15] Train=750, Val=250, Test=250
[10:28:58.386] [Client 16] Train=750, Val=250, Test=250
[10:28:58.386] [Client 17] Train=750, Val=250, Test=250
[10:28:58.387] [Client 18] Train=750, Val=250, Test=250
[10:28:58.388] [Client 19] Train=750, Val=250, Test=250
[10:28:58.388] [Virtual Client 0-0] Train=750
[10:28:58.389] [Virtual Client 1-0] Train=750
[10:28:58.389] [Virtual Client 2-0] Train=750
[10:28:58.390] [Virtual Client 3-0] Train=750
[10:28:58.390] [Virtual Client 4-0] Train=750
[10:28:58.391] [Virtual Client 5-0] Train=750
[10:28:58.392] [Virtual Client 6-0] Train=750
[10:28:58.392] [Virtual Client 7-0] Train=750
[10:28:58.393] [Virtual Client 8-0] Train=750
[10:28:58.393] [Virtual Client 9-0] Train=750
[10:28:58.393] [Virtual Client 10-0] Train=750
[10:28:58.394] [Virtual Client 11-0] Train=750
[10:28:58.394] [Virtual Client 12-0] Train=750
[10:28:58.395] [Virtual Client 13-0] Train=750
[10:28:58.395] [Virtual Client 14-0] Train=750
[10:28:58.396] [Virtual Client 15-0] Train=750
[10:28:58.396] [Virtual Client 16-0] Train=750
[10:28:58.397] [Virtual Client 17-0] Train=750
[10:28:58.397] [Virtual Client 18-0] Train=750
[10:28:58.398] [Virtual Client 19-0] Train=750
[10:28:58.406] Client Weights: [0.05, 0.05, 0.05, 0.05, 0.05, 0.05, 0.05, 0.05, 0.05, 0.05, 0.05, 0.05, 0.05, 0.05, 0.05, 0.05, 0.05, 0.05, 0.05, 0.05]
[10:28:58.407] Training Clients:[0, 1, 2, 3, 4, 5, 6, 7, 8, 9, 10, 11, 12, 13, 14, 15, 16, 17, 18, 19]
[10:28:58.407] Val Clients:[0, 1, 2, 3, 4, 5, 6, 7, 8, 9, 10, 11, 12, 13, 14, 15, 16, 17, 18, 19]
[10:28:58.407] =============== args ================
[10:28:58.407] Namespace(clients=20, virtual_clients=1, lr=0.0003, lr_decay=-1, early=False, batch=16, rounds=100, local_epochs=1, mode='dp2rmsprop', pretrain=False, exp=None, save_path='../../experiments/v1.0/checkpoint/RSNA-ICH/seed12/dp2rmsprop_rounds100_localE1_lr0.0003_batch16_N20_sr1_VN1_overhead_z0.5_delta0.01_adaclip_rmsproplr=3e-05_PureAvg_gamma_da=0.05_DA', resume=False, gpu='0', seed=12, debug=False, data='RSNA-ICH', sample_rate=1, leave='no', merge=False, balance=False, weighted_avg=False, split='UNI', local_bn=False, generalize=False, gn=False, selu=False, comb='times', free=-1, noisy=-1, alpha=1.0, adaclip=True, noclip=False, ema=0.0, mu=0.001, S=10, epsilon=None, noise_multiplier=0.5, delta=0.01, accountant='prv', dp_mode='overhead', balance_split=False, test=False, ckpt='None', adam_lr=0.1, dp2_interval=3, rmsprop_lr=3e-05, ada_vn=False, init_vn=False, ada_stable=False, ada_prog=False, gamma_da=0.05, class_weights=None, domain_adaptation=True, init_lambda=0.005, lambda_schedule='linear', domain_lr=0.0001, log_path='../../experiments/v1.0/log/RSNA-ICH/seed12/dp2rmsprop_rounds100_localE1_lr0.0003_batch16_N20_sr1_VN1_overhead_z0.5_delta0.01_adaclip_rmsproplr=3e-05_PureAvg_gamma_da=0.05_DA')
[10:29:07.072] Using noise multiplier=0.5 and sigma on aggregation=0.25 to satisfy (245.5990192385698,0.01)-DP.
[10:29:07.073] Using adaptive clipping.
[10:29:07.073] Using prv accountant.
[10:29:07.080] Using domain loss weight (gamma): 0.05
[10:29:07.222] ============ Round 0, Local train epoch 0 ============
[10:36:02.417]  Site-0         | Train Loss: 0.6633 | Train AUC: 0.6567  | Train Acc: 0.6033  | Train Sen: 0.5588  | Train Spe: 0.6492  | Train F1: 0.5887 
[10:42:55.875]  Site-1         | Train Loss: 0.6399 | Train AUC: 0.6881  | Train Acc: 0.6440  | Train Sen: 0.6274  | Train Spe: 0.6604  | Train F1: 0.6361 
[10:49:28.955]  Site-2         | Train Loss: 0.6586 | Train AUC: 0.6631  | Train Acc: 0.6440  | Train Sen: 0.6257  | Train Spe: 0.6630  | Train F1: 0.6411 
[10:55:17.083]  Site-3         | Train Loss: 0.6389 | Train AUC: 0.6910  | Train Acc: 0.6603  | Train Sen: 0.6181  | Train Spe: 0.7016  | Train F1: 0.6429 
[11:01:11.603]  Site-4         | Train Loss: 0.6136 | Train AUC: 0.7235  | Train Acc: 0.6766  | Train Sen: 0.5520  | Train Spe: 0.7872  | Train F1: 0.6161 
[11:07:00.865]  Site-5         | Train Loss: 0.6367 | Train AUC: 0.6960  | Train Acc: 0.6508  | Train Sen: 0.5610  | Train Spe: 0.7296  | Train F1: 0.6003 
[11:12:46.118]  Site-6         | Train Loss: 0.6201 | Train AUC: 0.7254  | Train Acc: 0.6685  | Train Sen: 0.6341  | Train Spe: 0.7030  | Train F1: 0.6573 
[11:18:37.052]  Site-7         | Train Loss: 0.6329 | Train AUC: 0.7030  | Train Acc: 0.6467  | Train Sen: 0.6480  | Train Spe: 0.6454  | Train F1: 0.6515 
[11:24:36.015]  Site-8         | Train Loss: 0.6333 | Train AUC: 0.6986  | Train Acc: 0.6386  | Train Sen: 0.6210  | Train Spe: 0.6566  | Train F1: 0.6346 
[11:30:38.107]  Site-9         | Train Loss: 0.6340 | Train AUC: 0.6912  | Train Acc: 0.6318  | Train Sen: 0.7408  | Train Spe: 0.4954  | Train F1: 0.6910 
[11:36:31.663]  Site-10        | Train Loss: 0.6435 | Train AUC: 0.6780  | Train Acc: 0.6291  | Train Sen: 0.5265  | Train Spe: 0.7268  | Train F1: 0.5806 
[11:42:27.437]  Site-11        | Train Loss: 0.6326 | Train AUC: 0.6922  | Train Acc: 0.6386  | Train Sen: 0.5507  | Train Spe: 0.7251  | Train F1: 0.6018 
[11:48:09.806]  Site-12        | Train Loss: 0.6195 | Train AUC: 0.7236  | Train Acc: 0.6522  | Train Sen: 0.5935  | Train Spe: 0.7112  | Train F1: 0.6311 
[11:53:56.278]  Site-13        | Train Loss: 0.6391 | Train AUC: 0.7079  | Train Acc: 0.6644  | Train Sen: 0.6287  | Train Spe: 0.7003  | Train F1: 0.6526 
