[07:35:19.429] [Client 0] Train=750, Val=250, Test=250
[07:35:19.429] [Client 1] Train=750, Val=250, Test=250
[07:35:19.430] [Client 2] Train=750, Val=250, Test=250
[07:35:19.430] [Client 3] Train=750, Val=250, Test=250
[07:35:19.430] [Client 4] Train=750, Val=250, Test=250
[07:35:19.431] [Client 5] Train=750, Val=250, Test=250
[07:35:19.431] [Client 6] Train=750, Val=250, Test=250
[07:35:19.432] [Client 7] Train=750, Val=250, Test=250
[07:35:19.432] [Client 8] Train=750, Val=250, Test=250
[07:35:19.433] [Client 9] Train=750, Val=250, Test=250
[07:35:19.433] [Client 10] Train=750, Val=250, Test=250
[07:35:19.434] [Client 11] Train=750, Val=250, Test=250
[07:35:19.434] [Client 12] Train=750, Val=250, Test=250
[07:35:19.434] [Client 13] Train=750, Val=250, Test=250
[07:35:19.435] [Client 14] Train=750, Val=250, Test=250
[07:35:19.435] [Client 15] Train=750, Val=250, Test=250
[07:35:19.436] [Client 16] Train=750, Val=250, Test=250
[07:35:19.436] [Client 17] Train=750, Val=250, Test=250
[07:35:19.437] [Client 18] Train=750, Val=250, Test=250
[07:35:19.437] [Client 19] Train=750, Val=250, Test=250
[07:35:19.438] [Virtual Client 0-0] Train=750
[07:35:19.438] [Virtual Client 1-0] Train=750
[07:35:19.439] [Virtual Client 2-0] Train=750
[07:35:19.439] [Virtual Client 3-0] Train=750
[07:35:19.440] [Virtual Client 4-0] Train=750
[07:35:19.440] [Virtual Client 5-0] Train=750
[07:35:19.441] [Virtual Client 6-0] Train=750
[07:35:19.441] [Virtual Client 7-0] Train=750
[07:35:19.441] [Virtual Client 8-0] Train=750
[07:35:19.442] [Virtual Client 9-0] Train=750
[07:35:19.442] [Virtual Client 10-0] Train=750
[07:35:19.443] [Virtual Client 11-0] Train=750
[07:35:19.443] [Virtual Client 12-0] Train=750
[07:35:19.444] [Virtual Client 13-0] Train=750
[07:35:19.444] [Virtual Client 14-0] Train=750
[07:35:19.445] [Virtual Client 15-0] Train=750
[07:35:19.445] [Virtual Client 16-0] Train=750
[07:35:19.445] [Virtual Client 17-0] Train=750
[07:35:19.446] [Virtual Client 18-0] Train=750
[07:35:19.446] [Virtual Client 19-0] Train=750
[07:35:19.452] Client Weights: [0.05, 0.05, 0.05, 0.05, 0.05, 0.05, 0.05, 0.05, 0.05, 0.05, 0.05, 0.05, 0.05, 0.05, 0.05, 0.05, 0.05, 0.05, 0.05, 0.05]
[07:35:19.453] Training Clients:[0, 1, 2, 3, 4, 5, 6, 7, 8, 9, 10, 11, 12, 13, 14, 15, 16, 17, 18, 19]
[07:35:19.453] Val Clients:[0, 1, 2, 3, 4, 5, 6, 7, 8, 9, 10, 11, 12, 13, 14, 15, 16, 17, 18, 19]
[07:35:19.453] =============== args ================
[07:35:19.453] Namespace(clients=20, virtual_clients=1, lr=0.0003, lr_decay=-1, early=False, batch=16, rounds=100, local_epochs=1, mode='dp2rmsprop', pretrain=False, exp=None, save_path='../../experiments/v1.0/checkpoint/RSNA-ICH/seed12/dp2rmsprop_rounds100_localE1_lr0.0003_batch16_N20_sr1_VN1_overhead_z0.5_delta0.01_adaclip_rmsproplr=3e-05_PureAvg_gamma_da=0.05_DA', resume=False, gpu='0', seed=12, debug=False, data='RSNA-ICH', sample_rate=1, leave='no', merge=False, balance=False, weighted_avg=False, split='UNI', local_bn=False, generalize=False, gn=False, selu=False, comb='times', free=-1, noisy=-1, alpha=1.0, adaclip=True, noclip=False, ema=0.0, mu=0.001, S=10, epsilon=None, noise_multiplier=0.5, delta=0.01, accountant='prv', dp_mode='overhead', balance_split=False, test=False, ckpt='None', adam_lr=0.1, dp2_interval=3, rmsprop_lr=3e-05, ada_vn=False, init_vn=False, ada_stable=False, ada_prog=False, gamma_da=0.05, class_weights=None, domain_adaptation=True, log_path='../../experiments/v1.0/log/RSNA-ICH/seed12/dp2rmsprop_rounds100_localE1_lr0.0003_batch16_N20_sr1_VN1_overhead_z0.5_delta0.01_adaclip_rmsproplr=3e-05_PureAvg_gamma_da=0.05_DA')
[07:35:23.233] Domain Adaptation enabled: Clients grouped into 4 domains
[07:35:23.234] Domain groups mapping: {0: 0, 1: 1, 2: 2, 3: 3, 4: 0, 5: 1, 6: 2, 7: 3, 8: 0, 9: 1, 10: 2, 11: 3, 12: 0, 13: 1, 14: 2, 15: 3, 16: 0, 17: 1, 18: 2, 19: 3}
[07:35:25.930] Using noise multiplier=0.5 and sigma on aggregation=0.25 to satisfy (245.5990192385698,0.01)-DP.
[07:35:25.930] Using adaptive clipping.
[07:35:25.931] Using prv accountant.
[07:35:25.935] Using domain loss weight (gamma): 0.05
[07:35:26.005] ============ Round 0, Local train epoch 0 ============
