[14:39:03.078] [Client 0] Train=750, Val=250, Test=250
[14:39:03.079] [Client 1] Train=750, Val=250, Test=250
[14:39:03.080] [Client 2] Train=750, Val=250, Test=250
[14:39:03.080] [Client 3] Train=750, Val=250, Test=250
[14:39:03.081] [Client 4] Train=750, Val=250, Test=250
[14:39:03.082] [Client 5] Train=750, Val=250, Test=250
[14:39:03.083] [Client 6] Train=750, Val=250, Test=250
[14:39:03.083] [Client 7] Train=750, Val=250, Test=250
[14:39:03.084] [Client 8] Train=750, Val=250, Test=250
[14:39:03.085] [Client 9] Train=750, Val=250, Test=250
[14:39:03.086] [Client 10] Train=750, Val=250, Test=250
[14:39:03.087] [Client 11] Train=750, Val=250, Test=250
[14:39:03.088] [Client 12] Train=750, Val=250, Test=250
[14:39:03.089] [Client 13] Train=750, Val=250, Test=250
[14:39:03.090] [Client 14] Train=750, Val=250, Test=250
[14:39:03.090] [Client 15] Train=750, Val=250, Test=250
[14:39:03.091] [Client 16] Train=750, Val=250, Test=250
[14:39:03.092] [Client 17] Train=750, Val=250, Test=250
[14:39:03.093] [Client 18] Train=750, Val=250, Test=250
[14:39:03.094] [Client 19] Train=750, Val=250, Test=250
[14:39:03.095] [Virtual Client 0-0] Train=750
[14:39:03.096] [Virtual Client 1-0] Train=750
[14:39:03.096] [Virtual Client 2-0] Train=750
[14:39:03.097] [Virtual Client 3-0] Train=750
[14:39:03.098] [Virtual Client 4-0] Train=750
[14:39:03.099] [Virtual Client 5-0] Train=750
[14:39:03.100] [Virtual Client 6-0] Train=750
[14:39:03.100] [Virtual Client 7-0] Train=750
[14:39:03.101] [Virtual Client 8-0] Train=750
[14:39:03.102] [Virtual Client 9-0] Train=750
[14:39:03.103] [Virtual Client 10-0] Train=750
[14:39:03.104] [Virtual Client 11-0] Train=750
[14:39:03.105] [Virtual Client 12-0] Train=750
[14:39:03.106] [Virtual Client 13-0] Train=750
[14:39:03.106] [Virtual Client 14-0] Train=750
[14:39:03.107] [Virtual Client 15-0] Train=750
[14:39:03.108] [Virtual Client 16-0] Train=750
[14:39:03.110] [Virtual Client 17-0] Train=750
[14:39:03.111] [Virtual Client 18-0] Train=750
[14:39:03.112] [Virtual Client 19-0] Train=750
[14:39:03.115] Client Weights: [0.05, 0.05, 0.05, 0.05, 0.05, 0.05, 0.05, 0.05, 0.05, 0.05, 0.05, 0.05, 0.05, 0.05, 0.05, 0.05, 0.05, 0.05, 0.05, 0.05]
[14:39:03.116] Training Clients:[0, 1, 2, 3, 4, 5, 6, 7, 8, 9, 10, 11, 12, 13, 14, 15, 16, 17, 18, 19]
[14:39:03.116] Val Clients:[0, 1, 2, 3, 4, 5, 6, 7, 8, 9, 10, 11, 12, 13, 14, 15, 16, 17, 18, 19]
[14:39:03.117] =============== args ================
[14:39:03.117] Namespace(clients=20, virtual_clients=1, lr=0.0003, lr_decay=-1, early=False, batch=16, rounds=100, local_epochs=1, mode='dpsgd', pretrain=False, exp=None, save_path='../../experiments/v1.0/checkpoint/RSNA-ICH/seed4/dpsgd_rounds100_localE1_lr0.0003_batch16_N20_sr1_VN1_overhead_z1.0_delta0.01_adaclip_PureAvg_adaVN', resume=False, gpu='0', seed=4, debug=False, data='RSNA-ICH', sample_rate=1, leave='no', merge=False, balance=False, weighted_avg=False, split='UNI', local_bn=False, generalize=False, gn=False, selu=False, comb='times', free=-1, noisy=-1, alpha=1.0, adaclip=True, noclip=False, ema=0.0, mu=0.001, S=10, epsilon=None, noise_multiplier=1.0, delta=0.01, accountant='prv', dp_mode='overhead', balance_split=False, test=False, ckpt='None', adam_lr=0.1, dp2_interval=3, rmsprop_lr=1, ada_vn=True, init_vn=False, ada_stable=False, ada_prog=False, log_path='../../experiments/v1.0/log/RSNA-ICH/seed4/dpsgd_rounds100_localE1_lr0.0003_batch16_N20_sr1_VN1_overhead_z1.0_delta0.01_adaclip_PureAvg_adaVN')
[14:39:07.369] Using noise multiplier=1.0 and sigma on aggregation=0.5 to satisfy (72.38001741987942,0.01)-DP.
[14:39:07.370] Using adaptive clipping.
[14:39:07.370] Using prv accountant.
[14:39:07.452] ============ Round 0, Local train epoch 0 ============
[14:42:27.614]  Site-0         | Train Loss: 0.6350 | Train AUC: 0.6939  | Train Acc: 0.6332  | Train Sen: 0.5870  | Train Spe: 0.6793  | Train F1: 0.6154 
[14:45:43.179]  Site-1         | Train Loss: 0.6141 | Train AUC: 0.7310  | Train Acc: 0.6753  | Train Sen: 0.6694  | Train Spe: 0.6811  | Train F1: 0.6722 
[14:49:03.457]  Site-2         | Train Loss: 0.6368 | Train AUC: 0.7052  | Train Acc: 0.6467  | Train Sen: 0.6594  | Train Spe: 0.6341  | Train F1: 0.6505 
[14:52:27.523]  Site-3         | Train Loss: 0.6500 | Train AUC: 0.6755  | Train Acc: 0.6236  | Train Sen: 0.5590  | Train Spe: 0.6842  | Train F1: 0.5896 
[14:55:50.972]  Site-4         | Train Loss: 0.6113 | Train AUC: 0.7335  | Train Acc: 0.6807  | Train Sen: 0.5794  | Train Spe: 0.7677  | Train F1: 0.6264 
[14:59:16.322]  Site-5         | Train Loss: 0.6256 | Train AUC: 0.7136  | Train Acc: 0.6753  | Train Sen: 0.6048  | Train Spe: 0.7473  | Train F1: 0.6531 
[15:02:40.757]  Site-6         | Train Loss: 0.6400 | Train AUC: 0.6890  | Train Acc: 0.6291  | Train Sen: 0.5350  | Train Spe: 0.7177  | Train F1: 0.5832 
[15:06:05.820]  Site-7         | Train Loss: 0.6094 | Train AUC: 0.7399  | Train Acc: 0.6780  | Train Sen: 0.6543  | Train Spe: 0.7028  | Train F1: 0.6749 
[15:09:24.820]  Site-8         | Train Loss: 0.6413 | Train AUC: 0.6753  | Train Acc: 0.6359  | Train Sen: 0.5505  | Train Spe: 0.7250  | Train F1: 0.6070 
[15:12:47.385]  Site-9         | Train Loss: 0.6163 | Train AUC: 0.7190  | Train Acc: 0.6644  | Train Sen: 0.5641  | Train Spe: 0.7558  | Train F1: 0.6159 
[15:16:04.385]  Site-10        | Train Loss: 0.6405 | Train AUC: 0.6874  | Train Acc: 0.6318  | Train Sen: 0.6508  | Train Spe: 0.6117  | Train F1: 0.6448 
[15:19:23.998]  Site-11        | Train Loss: 0.6479 | Train AUC: 0.6796  | Train Acc: 0.6345  | Train Sen: 0.5674  | Train Spe: 0.6974  | Train F1: 0.6003 
[15:22:41.083]  Site-12        | Train Loss: 0.6180 | Train AUC: 0.7212  | Train Acc: 0.6562  | Train Sen: 0.6434  | Train Spe: 0.6705  | Train F1: 0.6631 
[15:25:58.362]  Site-13        | Train Loss: 0.6444 | Train AUC: 0.6911  | Train Acc: 0.6440  | Train Sen: 0.6299  | Train Spe: 0.6571  | Train F1: 0.6299 
[15:29:14.375]  Site-14        | Train Loss: 0.6242 | Train AUC: 0.7276  | Train Acc: 0.6630  | Train Sen: 0.6166  | Train Spe: 0.7107  | Train F1: 0.6497 
[15:32:29.858]  Site-15        | Train Loss: 0.6387 | Train AUC: 0.7062  | Train Acc: 0.6549  | Train Sen: 0.6083  | Train Spe: 0.6995  | Train F1: 0.6329 
[15:35:43.468]  Site-16        | Train Loss: 0.6493 | Train AUC: 0.6779  | Train Acc: 0.6304  | Train Sen: 0.5836  | Train Spe: 0.6765  | Train F1: 0.6103 
[15:38:57.730]  Site-17        | Train Loss: 0.6203 | Train AUC: 0.7175  | Train Acc: 0.6481  | Train Sen: 0.6371  | Train Spe: 0.6601  | Train F1: 0.6533 
[15:42:15.433]  Site-18        | Train Loss: 0.6204 | Train AUC: 0.7263  | Train Acc: 0.6630  | Train Sen: 0.6614  | Train Spe: 0.6648  | Train F1: 0.6684 
[15:45:31.313]  Site-19        | Train Loss: 0.6416 | Train AUC: 0.6889  | Train Acc: 0.6304  | Train Sen: 0.6632  | Train Spe: 0.5937  | Train F1: 0.6548 
[15:45:35.503] Update sigma on aggregation=0.2785735368728638; clip bound update=5.571470737457275
[15:46:03.057]  Site-0         | Val Loss: 0.6665 | Val AUC: 0.6645 | Val Acc: 0.5880 | Val Sen: 0.9203 | Val Spe: 0.1786 | Val F1: 0.7115
[15:46:28.316]  Site-1         | Val Loss: 0.6778 | Val AUC: 0.6904 | Val Acc: 0.5200 | Val Sen: 0.9115 | Val Spe: 0.1971 | Val F1: 0.6319
[15:46:52.951]  Site-2         | Val Loss: 0.6782 | Val AUC: 0.6461 | Val Acc: 0.5360 | Val Sen: 0.9256 | Val Spe: 0.1705 | Val F1: 0.6588
[15:47:19.036]  Site-3         | Val Loss: 0.6688 | Val AUC: 0.6974 | Val Acc: 0.5640 | Val Sen: 0.9070 | Val Spe: 0.1983 | Val F1: 0.6822
[15:47:43.996]  Site-4         | Val Loss: 0.6744 | Val AUC: 0.6605 | Val Acc: 0.5320 | Val Sen: 0.8952 | Val Spe: 0.1746 | Val F1: 0.6549
[15:48:08.716]  Site-5         | Val Loss: 0.6787 | Val AUC: 0.5974 | Val Acc: 0.5840 | Val Sen: 0.8841 | Val Spe: 0.2143 | Val F1: 0.7011
[15:48:33.528]  Site-6         | Val Loss: 0.6771 | Val AUC: 0.6077 | Val Acc: 0.5760 | Val Sen: 0.8986 | Val Spe: 0.1786 | Val F1: 0.7006
[15:48:58.712]  Site-7         | Val Loss: 0.6699 | Val AUC: 0.7017 | Val Acc: 0.5320 | Val Sen: 0.9016 | Val Spe: 0.1797 | Val F1: 0.6528
[15:49:24.457]  Site-8         | Val Loss: 0.6817 | Val AUC: 0.6788 | Val Acc: 0.4920 | Val Sen: 0.9009 | Val Spe: 0.1655 | Val F1: 0.6116
[15:49:49.246]  Site-9         | Val Loss: 0.6763 | Val AUC: 0.6500 | Val Acc: 0.5360 | Val Sen: 0.8889 | Val Spe: 0.1774 | Val F1: 0.6588
[15:50:14.567]  Site-10        | Val Loss: 0.6895 | Val AUC: 0.6358 | Val Acc: 0.4600 | Val Sen: 0.8716 | Val Spe: 0.1418 | Val F1: 0.5846
[15:50:40.049]  Site-11        | Val Loss: 0.6716 | Val AUC: 0.7043 | Val Acc: 0.5440 | Val Sen: 0.9180 | Val Spe: 0.1875 | Val F1: 0.6627
[15:51:05.563]  Site-12        | Val Loss: 0.6772 | Val AUC: 0.6306 | Val Acc: 0.5400 | Val Sen: 0.8692 | Val Spe: 0.1833 | Val F1: 0.6628
[15:51:30.982]  Site-13        | Val Loss: 0.6815 | Val AUC: 0.6776 | Val Acc: 0.5440 | Val Sen: 0.9391 | Val Spe: 0.2074 | Val F1: 0.6545
[15:51:56.065]  Site-14        | Val Loss: 0.6786 | Val AUC: 0.6557 | Val Acc: 0.5360 | Val Sen: 0.9032 | Val Spe: 0.1746 | Val F1: 0.6588
[15:52:21.920]  Site-15        | Val Loss: 0.6707 | Val AUC: 0.6350 | Val Acc: 0.5960 | Val Sen: 0.9071 | Val Spe: 0.2000 | Val F1: 0.7155
[15:52:47.328]  Site-16        | Val Loss: 0.6846 | Val AUC: 0.6293 | Val Acc: 0.5400 | Val Sen: 0.8934 | Val Spe: 0.2031 | Val F1: 0.6547
[15:53:12.668]  Site-17        | Val Loss: 0.6791 | Val AUC: 0.6517 | Val Acc: 0.5360 | Val Sen: 0.8862 | Val Spe: 0.1969 | Val F1: 0.6527
[15:53:37.879]  Site-18        | Val Loss: 0.6815 | Val AUC: 0.6185 | Val Acc: 0.5320 | Val Sen: 0.9024 | Val Spe: 0.1732 | Val F1: 0.6549
[15:54:03.422]  Site-19        | Val Loss: 0.6716 | Val AUC: 0.6664 | Val Acc: 0.5680 | Val Sen: 0.9160 | Val Spe: 0.1849 | Val F1: 0.6897
[15:54:03.423]  Site-Average | Val Loss: 0.6768 | AUC: 0.6550 | Acc: 0.5428 | Sen: 0.9020 | Spe: 0.1844 | F1: 0.6628
[15:54:03.427]  Best Epoch:0 | Avg Val Acc: 0.5428
[15:54:03.435]  Saving the local and server checkpoint to ../../experiments/v1.0/checkpoint/RSNA-ICH/seed4/dpsgd_rounds100_localE1_lr0.0003_batch16_N20_sr1_VN1_overhead_z1.0_delta0.01_adaclip_PureAvg_adaVN/model_best_0...
