[05:35:33.831] [Client 0] Train=750, Val=250, Test=250
[05:35:33.832] [Client 1] Train=750, Val=250, Test=250
[05:35:33.833] [Client 2] Train=750, Val=250, Test=250
[05:35:33.835] [Client 3] Train=750, Val=250, Test=250
[05:35:33.836] [Client 4] Train=750, Val=250, Test=250
[05:35:33.837] [Client 5] Train=750, Val=250, Test=250
[05:35:33.838] [Client 6] Train=750, Val=250, Test=250
[05:35:33.839] [Client 7] Train=750, Val=250, Test=250
[05:35:33.840] [Client 8] Train=750, Val=250, Test=250
[05:35:33.841] [Client 9] Train=750, Val=250, Test=250
[05:35:33.842] [Client 10] Train=750, Val=250, Test=250
[05:35:33.843] [Client 11] Train=750, Val=250, Test=250
[05:35:33.844] [Client 12] Train=750, Val=250, Test=250
[05:35:33.844] [Client 13] Train=750, Val=250, Test=250
[05:35:33.845] [Client 14] Train=750, Val=250, Test=250
[05:35:33.846] [Client 15] Train=750, Val=250, Test=250
[05:35:33.847] [Client 16] Train=750, Val=250, Test=250
[05:35:33.847] [Client 17] Train=750, Val=250, Test=250
[05:35:33.848] [Client 18] Train=750, Val=250, Test=250
[05:35:33.849] [Client 19] Train=750, Val=250, Test=250
[05:35:33.850] [Virtual Client 0-0] Train=750
[05:35:33.850] [Virtual Client 1-0] Train=750
[05:35:33.851] [Virtual Client 2-0] Train=750
[05:35:33.852] [Virtual Client 3-0] Train=750
[05:35:33.853] [Virtual Client 4-0] Train=750
[05:35:33.853] [Virtual Client 5-0] Train=750
[05:35:33.854] [Virtual Client 6-0] Train=750
[05:35:33.855] [Virtual Client 7-0] Train=750
[05:35:33.856] [Virtual Client 8-0] Train=750
[05:35:33.856] [Virtual Client 9-0] Train=750
[05:35:33.857] [Virtual Client 10-0] Train=750
[05:35:33.858] [Virtual Client 11-0] Train=750
[05:35:33.859] [Virtual Client 12-0] Train=750
[05:35:33.859] [Virtual Client 13-0] Train=750
[05:35:33.860] [Virtual Client 14-0] Train=750
[05:35:33.861] [Virtual Client 15-0] Train=750
[05:35:33.862] [Virtual Client 16-0] Train=750
[05:35:33.862] [Virtual Client 17-0] Train=750
[05:35:33.863] [Virtual Client 18-0] Train=750
[05:35:33.864] [Virtual Client 19-0] Train=750
[05:35:33.867] Client Weights: [0.05, 0.05, 0.05, 0.05, 0.05, 0.05, 0.05, 0.05, 0.05, 0.05, 0.05, 0.05, 0.05, 0.05, 0.05, 0.05, 0.05, 0.05, 0.05, 0.05]
[05:35:33.867] Training Clients:[0, 1, 2, 3, 4, 5, 6, 7, 8, 9, 10, 11, 12, 13, 14, 15, 16, 17, 18, 19]
[05:35:33.868] Val Clients:[0, 1, 2, 3, 4, 5, 6, 7, 8, 9, 10, 11, 12, 13, 14, 15, 16, 17, 18, 19]
[05:35:33.868] =============== args ================
[05:35:33.869] Namespace(clients=20, virtual_clients=1, lr=0.0003, lr_decay=-1, early=False, batch=16, rounds=100, local_epochs=1, mode='dpadam', pretrain=False, exp=None, save_path='../../experiments/v1.0/checkpoint/RSNA-ICH/seed4/dpadam_rounds100_localE1_lr0.0003_batch16_N20_sr1_VN1_overhead_z0.5_delta0.01_adaclip_adamlr=0.003_PureAvg', resume=False, gpu='0', seed=4, debug=False, data='RSNA-ICH', sample_rate=1, leave='no', merge=False, balance=False, weighted_avg=False, split='UNI', local_bn=False, generalize=False, gn=False, selu=False, comb='times', free=-1, noisy=-1, alpha=1.0, adaclip=True, noclip=False, ema=0.0, mu=0.001, S=10, epsilon=None, noise_multiplier=0.5, delta=0.01, accountant='prv', dp_mode='overhead', balance_split=False, test=False, ckpt='None', adam_lr=0.003, dp2_interval=3, rmsprop_lr=1, ada_vn=False, init_vn=False, ada_stable=False, ada_prog=False, log_path='../../experiments/v1.0/log/RSNA-ICH/seed4/dpadam_rounds100_localE1_lr0.0003_batch16_N20_sr1_VN1_overhead_z0.5_delta0.01_adaclip_adamlr=0.003_PureAvg')
[05:35:40.444] Using noise multiplier=0.5 and sigma on aggregation=0.25 to satisfy (245.5990192385698,0.01)-DP.
[05:35:40.445] Using adaptive clipping.
[05:35:40.445] Using prv accountant.
[05:35:40.519] ============ Round 0, Local train epoch 0 ============
[05:39:18.561]  Site-0         | Train Loss: 0.6350 | Train AUC: 0.6939  | Train Acc: 0.6332  | Train Sen: 0.5870  | Train Spe: 0.6793  | Train F1: 0.6154 
[05:42:57.923]  Site-1         | Train Loss: 0.6141 | Train AUC: 0.7310  | Train Acc: 0.6753  | Train Sen: 0.6694  | Train Spe: 0.6811  | Train F1: 0.6722 
[05:46:38.885]  Site-2         | Train Loss: 0.6368 | Train AUC: 0.7052  | Train Acc: 0.6467  | Train Sen: 0.6594  | Train Spe: 0.6341  | Train F1: 0.6505 
[05:50:19.579]  Site-3         | Train Loss: 0.6500 | Train AUC: 0.6755  | Train Acc: 0.6236  | Train Sen: 0.5590  | Train Spe: 0.6842  | Train F1: 0.5896 
[05:54:02.813]  Site-4         | Train Loss: 0.6113 | Train AUC: 0.7335  | Train Acc: 0.6807  | Train Sen: 0.5794  | Train Spe: 0.7677  | Train F1: 0.6264 
[05:57:43.745]  Site-5         | Train Loss: 0.6256 | Train AUC: 0.7136  | Train Acc: 0.6753  | Train Sen: 0.6048  | Train Spe: 0.7473  | Train F1: 0.6531 
[06:01:27.426]  Site-6         | Train Loss: 0.6400 | Train AUC: 0.6890  | Train Acc: 0.6291  | Train Sen: 0.5350  | Train Spe: 0.7177  | Train F1: 0.5832 
[06:05:13.606]  Site-7         | Train Loss: 0.6094 | Train AUC: 0.7399  | Train Acc: 0.6780  | Train Sen: 0.6543  | Train Spe: 0.7028  | Train F1: 0.6749 
[06:08:56.527]  Site-8         | Train Loss: 0.6413 | Train AUC: 0.6753  | Train Acc: 0.6359  | Train Sen: 0.5505  | Train Spe: 0.7250  | Train F1: 0.6070 
[06:12:38.317]  Site-9         | Train Loss: 0.6163 | Train AUC: 0.7190  | Train Acc: 0.6644  | Train Sen: 0.5641  | Train Spe: 0.7558  | Train F1: 0.6159 
[06:16:25.137]  Site-10        | Train Loss: 0.6405 | Train AUC: 0.6874  | Train Acc: 0.6318  | Train Sen: 0.6508  | Train Spe: 0.6117  | Train F1: 0.6448 
[06:20:09.738]  Site-11        | Train Loss: 0.6479 | Train AUC: 0.6796  | Train Acc: 0.6345  | Train Sen: 0.5674  | Train Spe: 0.6974  | Train F1: 0.6003 
[06:23:54.884]  Site-12        | Train Loss: 0.6180 | Train AUC: 0.7212  | Train Acc: 0.6562  | Train Sen: 0.6434  | Train Spe: 0.6705  | Train F1: 0.6631 
[06:27:38.876]  Site-13        | Train Loss: 0.6444 | Train AUC: 0.6911  | Train Acc: 0.6440  | Train Sen: 0.6299  | Train Spe: 0.6571  | Train F1: 0.6299 
[06:31:20.622]  Site-14        | Train Loss: 0.6242 | Train AUC: 0.7276  | Train Acc: 0.6630  | Train Sen: 0.6166  | Train Spe: 0.7107  | Train F1: 0.6497 
[06:35:04.028]  Site-15        | Train Loss: 0.6387 | Train AUC: 0.7062  | Train Acc: 0.6549  | Train Sen: 0.6083  | Train Spe: 0.6995  | Train F1: 0.6329 
[06:38:47.224]  Site-16        | Train Loss: 0.6493 | Train AUC: 0.6779  | Train Acc: 0.6304  | Train Sen: 0.5836  | Train Spe: 0.6765  | Train F1: 0.6103 
[06:42:26.735]  Site-17        | Train Loss: 0.6203 | Train AUC: 0.7175  | Train Acc: 0.6481  | Train Sen: 0.6371  | Train Spe: 0.6601  | Train F1: 0.6533 
[06:46:07.133]  Site-18        | Train Loss: 0.6204 | Train AUC: 0.7263  | Train Acc: 0.6630  | Train Sen: 0.6614  | Train Spe: 0.6648  | Train F1: 0.6684 
[06:49:48.292]  Site-19        | Train Loss: 0.6416 | Train AUC: 0.6889  | Train Acc: 0.6304  | Train Sen: 0.6632  | Train Spe: 0.5937  | Train F1: 0.6548 
[06:49:50.622] Update sigma on aggregation=0.1392867684364319; clip bound update=5.571470737457275
[06:50:22.434]  Site-0         | Val Loss: 0.6632 | Val AUC: 0.6639 | Val Acc: 0.6000 | Val Sen: 0.9058 | Val Spe: 0.2232 | Val F1: 0.7143
[06:50:51.363]  Site-1         | Val Loss: 0.6756 | Val AUC: 0.6978 | Val Acc: 0.5520 | Val Sen: 0.9204 | Val Spe: 0.2482 | Val F1: 0.6500
[06:51:20.615]  Site-2         | Val Loss: 0.6760 | Val AUC: 0.6389 | Val Acc: 0.5200 | Val Sen: 0.9174 | Val Spe: 0.1473 | Val F1: 0.6491
[06:51:49.797]  Site-3         | Val Loss: 0.6654 | Val AUC: 0.7095 | Val Acc: 0.5960 | Val Sen: 0.9147 | Val Spe: 0.2562 | Val F1: 0.7003
[06:52:18.863]  Site-4         | Val Loss: 0.6696 | Val AUC: 0.6793 | Val Acc: 0.5280 | Val Sen: 0.8790 | Val Spe: 0.1825 | Val F1: 0.6488
[06:52:47.377]  Site-5         | Val Loss: 0.6770 | Val AUC: 0.6016 | Val Acc: 0.5720 | Val Sen: 0.8551 | Val Spe: 0.2232 | Val F1: 0.6880
[06:53:16.020]  Site-6         | Val Loss: 0.6716 | Val AUC: 0.6330 | Val Acc: 0.5920 | Val Sen: 0.8913 | Val Spe: 0.2232 | Val F1: 0.7069
[06:53:46.018]  Site-7         | Val Loss: 0.6648 | Val AUC: 0.7065 | Val Acc: 0.5680 | Val Sen: 0.8934 | Val Spe: 0.2578 | Val F1: 0.6687
[06:54:15.249]  Site-8         | Val Loss: 0.6774 | Val AUC: 0.6930 | Val Acc: 0.5280 | Val Sen: 0.8919 | Val Spe: 0.2374 | Val F1: 0.6266
[06:54:44.541]  Site-9         | Val Loss: 0.6698 | Val AUC: 0.6838 | Val Acc: 0.5680 | Val Sen: 0.9206 | Val Spe: 0.2097 | Val F1: 0.6824
[06:55:13.873]  Site-10        | Val Loss: 0.6868 | Val AUC: 0.6442 | Val Acc: 0.4920 | Val Sen: 0.8991 | Val Spe: 0.1773 | Val F1: 0.6068
[06:55:43.274]  Site-11        | Val Loss: 0.6666 | Val AUC: 0.7319 | Val Acc: 0.5680 | Val Sen: 0.9262 | Val Spe: 0.2266 | Val F1: 0.6766
[06:56:12.582]  Site-12        | Val Loss: 0.6748 | Val AUC: 0.6338 | Val Acc: 0.5440 | Val Sen: 0.8769 | Val Spe: 0.1833 | Val F1: 0.6667
[06:56:42.169]  Site-13        | Val Loss: 0.6765 | Val AUC: 0.6976 | Val Acc: 0.5960 | Val Sen: 0.9478 | Val Spe: 0.2963 | Val F1: 0.6834
[06:57:11.732]  Site-14        | Val Loss: 0.6783 | Val AUC: 0.6433 | Val Acc: 0.5480 | Val Sen: 0.9032 | Val Spe: 0.1984 | Val F1: 0.6647
[06:57:41.423]  Site-15        | Val Loss: 0.6661 | Val AUC: 0.6618 | Val Acc: 0.6080 | Val Sen: 0.9286 | Val Spe: 0.2000 | Val F1: 0.7263
[06:58:10.967]  Site-16        | Val Loss: 0.6796 | Val AUC: 0.6532 | Val Acc: 0.5440 | Val Sen: 0.8934 | Val Spe: 0.2109 | Val F1: 0.6566
[06:58:40.722]  Site-17        | Val Loss: 0.6753 | Val AUC: 0.6686 | Val Acc: 0.5640 | Val Sen: 0.8943 | Val Spe: 0.2441 | Val F1: 0.6687
[06:59:10.537]  Site-18        | Val Loss: 0.6776 | Val AUC: 0.6347 | Val Acc: 0.5640 | Val Sen: 0.9106 | Val Spe: 0.2283 | Val F1: 0.6727
[06:59:40.261]  Site-19        | Val Loss: 0.6669 | Val AUC: 0.6840 | Val Acc: 0.6040 | Val Sen: 0.9237 | Val Spe: 0.2521 | Val F1: 0.7097
[06:59:40.268]  Site-Average | Val Loss: 0.6729 | AUC: 0.6680 | Acc: 0.5628 | Sen: 0.9047 | Spe: 0.2213 | F1: 0.6734
[06:59:40.269]  Best Epoch:0 | Avg Val Acc: 0.5628
[06:59:40.278]  Saving the local and server checkpoint to ../../experiments/v1.0/checkpoint/RSNA-ICH/seed4/dpadam_rounds100_localE1_lr0.0003_batch16_N20_sr1_VN1_overhead_z0.5_delta0.01_adaclip_adamlr=0.003_PureAvg/model_best_0...
