[11:48:32.862] [Client 0] Train=750, Val=250, Test=250
[11:48:32.863] [Client 1] Train=750, Val=250, Test=250
[11:48:32.864] [Client 2] Train=750, Val=250, Test=250
[11:48:32.864] [Client 3] Train=750, Val=250, Test=250
[11:48:32.865] [Client 4] Train=750, Val=250, Test=250
[11:48:32.866] [Client 5] Train=750, Val=250, Test=250
[11:48:32.867] [Client 6] Train=750, Val=250, Test=250
[11:48:32.868] [Client 7] Train=750, Val=250, Test=250
[11:48:32.868] [Client 8] Train=750, Val=250, Test=250
[11:48:32.869] [Client 9] Train=750, Val=250, Test=250
[11:48:32.870] [Client 10] Train=750, Val=250, Test=250
[11:48:32.870] [Client 11] Train=750, Val=250, Test=250
[11:48:32.871] [Client 12] Train=750, Val=250, Test=250
[11:48:32.872] [Client 13] Train=750, Val=250, Test=250
[11:48:32.873] [Client 14] Train=750, Val=250, Test=250
[11:48:32.873] [Client 15] Train=750, Val=250, Test=250
[11:48:32.874] [Client 16] Train=750, Val=250, Test=250
[11:48:32.875] [Client 17] Train=750, Val=250, Test=250
[11:48:32.876] [Client 18] Train=750, Val=250, Test=250
[11:48:32.876] [Client 19] Train=750, Val=250, Test=250
[11:48:32.877] [Virtual Client 0-0] Train=750
[11:48:32.878] [Virtual Client 1-0] Train=750
[11:48:32.879] [Virtual Client 2-0] Train=750
[11:48:32.880] [Virtual Client 3-0] Train=750
[11:48:32.880] [Virtual Client 4-0] Train=750
[11:48:32.881] [Virtual Client 5-0] Train=750
[11:48:32.882] [Virtual Client 6-0] Train=750
[11:48:32.882] [Virtual Client 7-0] Train=750
[11:48:32.883] [Virtual Client 8-0] Train=750
[11:48:32.884] [Virtual Client 9-0] Train=750
[11:48:32.885] [Virtual Client 10-0] Train=750
[11:48:32.886] [Virtual Client 11-0] Train=750
[11:48:32.886] [Virtual Client 12-0] Train=750
[11:48:32.887] [Virtual Client 13-0] Train=750
[11:48:32.888] [Virtual Client 14-0] Train=750
[11:48:32.889] [Virtual Client 15-0] Train=750
[11:48:32.890] [Virtual Client 16-0] Train=750
[11:48:32.890] [Virtual Client 17-0] Train=750
[11:48:32.891] [Virtual Client 18-0] Train=750
[11:48:32.892] [Virtual Client 19-0] Train=750
[11:48:32.897] Client Weights: [0.05, 0.05, 0.05, 0.05, 0.05, 0.05, 0.05, 0.05, 0.05, 0.05, 0.05, 0.05, 0.05, 0.05, 0.05, 0.05, 0.05, 0.05, 0.05, 0.05]
[11:48:32.900] Training Clients:[0, 1, 2, 3, 4, 5, 6, 7, 8, 9, 10, 11, 12, 13, 14, 15, 16, 17, 18, 19]
[11:48:32.901] Val Clients:[0, 1, 2, 3, 4, 5, 6, 7, 8, 9, 10, 11, 12, 13, 14, 15, 16, 17, 18, 19]
[11:48:32.901] =============== args ================
[11:48:32.902] Namespace(clients=20, virtual_clients=1, lr=0.0003, lr_decay=-1, early=False, batch=16, rounds=100, local_epochs=1, mode='dpadam', pretrain=False, exp=None, save_path='../../experiments/v1.0/checkpoint/RSNA-ICH/seed10/dpadam_rounds100_localE1_lr0.0003_batch16_N20_sr1_VN1_overhead_z1.0_delta0.01_adaclip_adamlr=0.003_PureAvg_gamma_da=0.1_DA', resume=False, gpu='0', seed=10, debug=False, data='RSNA-ICH', sample_rate=1, leave='no', merge=False, balance=False, weighted_avg=False, split='UNI', local_bn=False, generalize=False, gn=False, selu=False, comb='times', free=-1, noisy=-1, alpha=1.0, adaclip=True, noclip=False, ema=0.0, mu=0.001, S=10, epsilon=None, noise_multiplier=1.0, delta=0.01, accountant='prv', dp_mode='overhead', balance_split=False, test=False, ckpt='None', adam_lr=0.003, dp2_interval=3, rmsprop_lr=1, ada_vn=False, init_vn=False, ada_stable=False, ada_prog=False, gamma_da=0.1, class_weights=None, domain_adaptation=True, log_path='../../experiments/v1.0/log/RSNA-ICH/seed10/dpadam_rounds100_localE1_lr0.0003_batch16_N20_sr1_VN1_overhead_z1.0_delta0.01_adaclip_adamlr=0.003_PureAvg_gamma_da=0.1_DA')
[11:48:37.882] Using noise multiplier=1.0 and sigma on aggregation=0.5 to satisfy (72.38001741987942,0.01)-DP.
[11:48:37.883] Using adaptive clipping.
[11:48:37.883] Using prv accountant.
[11:48:37.887] Using domain loss weight (gamma): 0.1
[11:48:37.972] ============ Round 0, Local train epoch 0 ============
[11:52:02.295] Avg Domain Loss: 0.7915
[11:52:02.499]  Site-0         | Train Loss: 0.5955 | Train AUC: 0.7535  | Train Acc: 0.6861  | Train Sen: 0.6981  | Train Spe: 0.6740  | Train F1: 0.6916 
[11:55:25.864] Avg Domain Loss: 0.7892
[11:55:26.044]  Site-1         | Train Loss: 0.6381 | Train AUC: 0.6928  | Train Acc: 0.6372  | Train Sen: 0.6237  | Train Spe: 0.6511  | Train F1: 0.6347 
[11:58:54.783] Avg Domain Loss: 0.7923
[11:58:54.925]  Site-2         | Train Loss: 0.6489 | Train AUC: 0.6850  | Train Acc: 0.6495  | Train Sen: 0.5994  | Train Spe: 0.6966  | Train F1: 0.6239 
[12:02:24.826] Avg Domain Loss: 0.7880
[12:02:25.070]  Site-3         | Train Loss: 0.6018 | Train AUC: 0.7458  | Train Acc: 0.6916  | Train Sen: 0.6614  | Train Spe: 0.7239  | Train F1: 0.6895 
[12:05:51.783] Avg Domain Loss: 0.7866
[12:05:51.936]  Site-4         | Train Loss: 0.6341 | Train AUC: 0.6921  | Train Acc: 0.6535  | Train Sen: 0.6335  | Train Spe: 0.6751  | Train F1: 0.6549 
[12:09:18.810] Avg Domain Loss: 0.7863
[12:09:18.985]  Site-5         | Train Loss: 0.6355 | Train AUC: 0.7032  | Train Acc: 0.6726  | Train Sen: 0.7124  | Train Spe: 0.6286  | Train F1: 0.6953 
[12:12:45.177] Avg Domain Loss: 0.7925
[12:12:45.334]  Site-6         | Train Loss: 0.6336 | Train AUC: 0.6979  | Train Acc: 0.6467  | Train Sen: 0.6771  | Train Spe: 0.6136  | Train F1: 0.6667 
[12:16:11.636] Avg Domain Loss: 0.7900
[12:16:11.801]  Site-7         | Train Loss: 0.6385 | Train AUC: 0.6997  | Train Acc: 0.6549  | Train Sen: 0.6006  | Train Spe: 0.7050  | Train F1: 0.6254 
[12:19:38.495] Avg Domain Loss: 0.7906
[12:19:38.661]  Site-8         | Train Loss: 0.6101 | Train AUC: 0.7315  | Train Acc: 0.6671  | Train Sen: 0.6568  | Train Spe: 0.6777  | Train F1: 0.6667 
[12:23:04.014] Avg Domain Loss: 0.7896
[12:23:04.209]  Site-9         | Train Loss: 0.6518 | Train AUC: 0.6763  | Train Acc: 0.6399  | Train Sen: 0.6253  | Train Spe: 0.6548  | Train F1: 0.6365 
[12:26:31.072] Avg Domain Loss: 0.7859
[12:26:31.248]  Site-10        | Train Loss: 0.6515 | Train AUC: 0.6825  | Train Acc: 0.6359  | Train Sen: 0.6799  | Train Spe: 0.5894  | Train F1: 0.6573 
[12:29:57.613] Avg Domain Loss: 0.7916
[12:29:57.685]  Site-11        | Train Loss: 0.6343 | Train AUC: 0.6979  | Train Acc: 0.6508  | Train Sen: 0.6316  | Train Spe: 0.6713  | Train F1: 0.6513 
[12:33:26.226] Avg Domain Loss: 0.7898
[12:33:26.307]  Site-12        | Train Loss: 0.6283 | Train AUC: 0.7187  | Train Acc: 0.6726  | Train Sen: 0.6546  | Train Spe: 0.6897  | Train F1: 0.6610 
[12:36:56.128] Avg Domain Loss: 0.7909
[12:36:56.227]  Site-13        | Train Loss: 0.6255 | Train AUC: 0.7081  | Train Acc: 0.6508  | Train Sen: 0.6293  | Train Spe: 0.6731  | Train F1: 0.6475 
[12:40:22.003] Avg Domain Loss: 0.7892
[12:40:22.158]  Site-14        | Train Loss: 0.6380 | Train AUC: 0.6921  | Train Acc: 0.6495  | Train Sen: 0.6165  | Train Spe: 0.6797  | Train F1: 0.6272 
[12:43:47.876] Avg Domain Loss: 0.7915
[12:43:48.054]  Site-15        | Train Loss: 0.6343 | Train AUC: 0.6974  | Train Acc: 0.6399  | Train Sen: 0.6196  | Train Spe: 0.6603  | Train F1: 0.6325 
[12:47:13.734] Avg Domain Loss: 0.7888
[12:47:13.903]  Site-16        | Train Loss: 0.6241 | Train AUC: 0.7149  | Train Acc: 0.6753  | Train Sen: 0.6565  | Train Spe: 0.6933  | Train F1: 0.6648 
[12:50:42.834] Avg Domain Loss: 0.7899
[12:50:43.020]  Site-17        | Train Loss: 0.6440 | Train AUC: 0.6894  | Train Acc: 0.6277  | Train Sen: 0.5940  | Train Spe: 0.6612  | Train F1: 0.6141 
[12:54:11.510] Avg Domain Loss: 0.7877
[12:54:11.686]  Site-18        | Train Loss: 0.6302 | Train AUC: 0.6908  | Train Acc: 0.6454  | Train Sen: 0.5441  | Train Spe: 0.7323  | Train F1: 0.5864 
[12:57:45.557] Avg Domain Loss: 0.7881
[12:57:45.739]  Site-19        | Train Loss: 0.6435 | Train AUC: 0.6811  | Train Acc: 0.6399  | Train Sen: 0.6339  | Train Spe: 0.6459  | Train F1: 0.6365 
[12:57:47.724] Update sigma on aggregation=0.2801734685897827; clip bound update=5.603469371795654
[12:58:17.121]  Site-0         | Val Loss: 0.7406 | Val AUC: 0.6506 | Val Acc: 0.4640 | Val Sen: 1.0000 | Val Spe: 0.0000 | Val F1: 0.6339
[12:58:44.471]  Site-1         | Val Loss: 0.7100 | Val AUC: 0.6170 | Val Acc: 0.5240 | Val Sen: 1.0000 | Val Spe: 0.0000 | Val F1: 0.6877
[12:59:11.339]  Site-2         | Val Loss: 0.7088 | Val AUC: 0.6637 | Val Acc: 0.5120 | Val Sen: 1.0000 | Val Spe: 0.0000 | Val F1: 0.6772
[12:59:38.091]  Site-3         | Val Loss: 0.7063 | Val AUC: 0.6531 | Val Acc: 0.5200 | Val Sen: 1.0000 | Val Spe: 0.0000 | Val F1: 0.6842
[13:00:05.123]  Site-4         | Val Loss: 0.7304 | Val AUC: 0.6775 | Val Acc: 0.4680 | Val Sen: 1.0000 | Val Spe: 0.0000 | Val F1: 0.6376
[13:00:31.609]  Site-5         | Val Loss: 0.7188 | Val AUC: 0.5844 | Val Acc: 0.5120 | Val Sen: 1.0000 | Val Spe: 0.0000 | Val F1: 0.6772
[13:00:58.665]  Site-6         | Val Loss: 0.7389 | Val AUC: 0.6646 | Val Acc: 0.4640 | Val Sen: 1.0000 | Val Spe: 0.0000 | Val F1: 0.6339
[13:01:25.953]  Site-7         | Val Loss: 0.7151 | Val AUC: 0.6883 | Val Acc: 0.5000 | Val Sen: 1.0000 | Val Spe: 0.0000 | Val F1: 0.6667
[13:01:53.373]  Site-8         | Val Loss: 0.7175 | Val AUC: 0.6329 | Val Acc: 0.5120 | Val Sen: 1.0000 | Val Spe: 0.0000 | Val F1: 0.6772
[13:02:20.315]  Site-9         | Val Loss: 0.7161 | Val AUC: 0.6266 | Val Acc: 0.5080 | Val Sen: 1.0000 | Val Spe: 0.0000 | Val F1: 0.6737
[13:02:47.506]  Site-10        | Val Loss: 0.7272 | Val AUC: 0.5870 | Val Acc: 0.5080 | Val Sen: 1.0000 | Val Spe: 0.0000 | Val F1: 0.6737
[13:03:13.897]  Site-11        | Val Loss: 0.7304 | Val AUC: 0.6018 | Val Acc: 0.4880 | Val Sen: 1.0000 | Val Spe: 0.0000 | Val F1: 0.6559
[13:03:40.913]  Site-12        | Val Loss: 0.7423 | Val AUC: 0.6509 | Val Acc: 0.4560 | Val Sen: 1.0000 | Val Spe: 0.0000 | Val F1: 0.6264
[13:04:08.573]  Site-13        | Val Loss: 0.6972 | Val AUC: 0.6133 | Val Acc: 0.5400 | Val Sen: 1.0000 | Val Spe: 0.0000 | Val F1: 0.7013
[13:04:36.208]  Site-14        | Val Loss: 0.7340 | Val AUC: 0.6622 | Val Acc: 0.4640 | Val Sen: 1.0000 | Val Spe: 0.0000 | Val F1: 0.6339
[13:05:03.491]  Site-15        | Val Loss: 0.7039 | Val AUC: 0.6369 | Val Acc: 0.5200 | Val Sen: 1.0000 | Val Spe: 0.0000 | Val F1: 0.6842
[13:05:31.198]  Site-16        | Val Loss: 0.6960 | Val AUC: 0.5947 | Val Acc: 0.5480 | Val Sen: 1.0000 | Val Spe: 0.0000 | Val F1: 0.7080
[13:05:58.392]  Site-17        | Val Loss: 0.7191 | Val AUC: 0.6554 | Val Acc: 0.5000 | Val Sen: 1.0000 | Val Spe: 0.0000 | Val F1: 0.6667
[13:06:25.754]  Site-18        | Val Loss: 0.7229 | Val AUC: 0.6247 | Val Acc: 0.4920 | Val Sen: 1.0000 | Val Spe: 0.0000 | Val F1: 0.6595
[13:06:53.055]  Site-19        | Val Loss: 0.7192 | Val AUC: 0.6708 | Val Acc: 0.4960 | Val Sen: 1.0000 | Val Spe: 0.0000 | Val F1: 0.6631
[13:06:53.056]  Site-Average | Val Loss: 0.7197 | AUC: 0.6378 | Acc: 0.4998 | Sen: 1.0000 | Spe: 0.0000 | F1: 0.6661
[13:06:53.057]  Best Epoch:0 | Avg Val Acc: 0.4998
[13:06:53.061]  Saving the local and server checkpoint to ../../experiments/v1.0/checkpoint/RSNA-ICH/seed10/dpadam_rounds100_localE1_lr0.0003_batch16_N20_sr1_VN1_overhead_z1.0_delta0.01_adaclip_adamlr=0.003_PureAvg_gamma_da=0.1_DA/model_best_0...
