[15:45:54.636] [Client 0] Train=750, Val=250, Test=250
[15:45:54.636] [Client 1] Train=750, Val=250, Test=250
[15:45:54.637] [Client 2] Train=750, Val=250, Test=250
[15:45:54.637] [Client 3] Train=750, Val=250, Test=250
[15:45:54.638] [Client 4] Train=750, Val=250, Test=250
[15:45:54.638] [Client 5] Train=750, Val=250, Test=250
[15:45:54.639] [Client 6] Train=750, Val=250, Test=250
[15:45:54.639] [Client 7] Train=750, Val=250, Test=250
[15:45:54.640] [Client 8] Train=750, Val=250, Test=250
[15:45:54.640] [Client 9] Train=750, Val=250, Test=250
[15:45:54.640] [Client 10] Train=750, Val=250, Test=250
[15:45:54.641] [Client 11] Train=750, Val=250, Test=250
[15:45:54.641] [Client 12] Train=750, Val=250, Test=250
[15:45:54.642] [Client 13] Train=750, Val=250, Test=250
[15:45:54.642] [Client 14] Train=750, Val=250, Test=250
[15:45:54.642] [Client 15] Train=750, Val=250, Test=250
[15:45:54.643] [Client 16] Train=750, Val=250, Test=250
[15:45:54.643] [Client 17] Train=750, Val=250, Test=250
[15:45:54.644] [Client 18] Train=750, Val=250, Test=250
[15:45:54.644] [Client 19] Train=750, Val=250, Test=250
[15:45:54.645] [Virtual Client 0-0] Train=750
[15:45:54.645] [Virtual Client 1-0] Train=750
[15:45:54.646] [Virtual Client 2-0] Train=750
[15:45:54.646] [Virtual Client 3-0] Train=750
[15:45:54.647] [Virtual Client 4-0] Train=750
[15:45:54.647] [Virtual Client 5-0] Train=750
[15:45:54.648] [Virtual Client 6-0] Train=750
[15:45:54.648] [Virtual Client 7-0] Train=750
[15:45:54.649] [Virtual Client 8-0] Train=750
[15:45:54.649] [Virtual Client 9-0] Train=750
[15:45:54.650] [Virtual Client 10-0] Train=750
[15:45:54.650] [Virtual Client 11-0] Train=750
[15:45:54.651] [Virtual Client 12-0] Train=750
[15:45:54.651] [Virtual Client 13-0] Train=750
[15:45:54.652] [Virtual Client 14-0] Train=750
[15:45:54.652] [Virtual Client 15-0] Train=750
[15:45:54.652] [Virtual Client 16-0] Train=750
[15:45:54.653] [Virtual Client 17-0] Train=750
[15:45:54.653] [Virtual Client 18-0] Train=750
[15:45:54.654] [Virtual Client 19-0] Train=750
[15:45:54.658] Client Weights: [0.05, 0.05, 0.05, 0.05, 0.05, 0.05, 0.05, 0.05, 0.05, 0.05, 0.05, 0.05, 0.05, 0.05, 0.05, 0.05, 0.05, 0.05, 0.05, 0.05]
[15:45:54.658] Training Clients:[0, 1, 2, 3, 4, 5, 6, 7, 8, 9, 10, 11, 12, 13, 14, 15, 16, 17, 18, 19]
[15:45:54.658] Val Clients:[0, 1, 2, 3, 4, 5, 6, 7, 8, 9, 10, 11, 12, 13, 14, 15, 16, 17, 18, 19]
[15:45:54.658] =============== args ================
[15:45:54.659] Namespace(clients=20, virtual_clients=1, lr=0.0003, lr_decay=-1, early=False, batch=16, rounds=100, local_epochs=1, mode='dp2rmsprop', pretrain=False, exp=None, save_path='../../experiments/v1.0/checkpoint/RSNA-ICH/seed6/dp2rmsprop_rounds100_localE1_lr0.0003_batch16_N20_sr1_VN1_overhead_z1.5_delta0.01_adaclip_rmsproplr=3e-05_PureAvg_adaVN_DA', resume=False, gpu='0', seed=6, debug=False, data='RSNA-ICH', sample_rate=1, leave='no', merge=False, balance=False, weighted_avg=False, split='UNI', local_bn=False, generalize=False, gn=False, selu=False, comb='times', free=-1, noisy=-1, alpha=1.0, adaclip=True, noclip=False, ema=0.0, mu=0.001, S=10, epsilon=None, noise_multiplier=1.5, delta=0.01, accountant='prv', dp_mode='overhead', balance_split=False, test=False, ckpt='None', adam_lr=0.1, dp2_interval=3, rmsprop_lr=3e-05, ada_vn=True, init_vn=False, ada_stable=False, ada_prog=False, domain_adaptation=True, log_path='../../experiments/v1.0/log/RSNA-ICH/seed6/dp2rmsprop_rounds100_localE1_lr0.0003_batch16_N20_sr1_VN1_overhead_z1.5_delta0.01_adaclip_rmsproplr=3e-05_PureAvg_adaVN_DA')
[15:45:58.542] Using noise multiplier=1.5 and sigma on aggregation=0.75 to satisfy (36.88917782788349,0.01)-DP.
[15:45:58.543] Using adaptive clipping.
[15:45:58.543] Using prv accountant.
[15:45:58.612] ============ Round 0, Local train epoch 0 ============
[15:49:46.403]  Site-0         | Train Loss: 0.6438 | Train AUC: 0.6697  | Train Acc: 0.6141  | Train Sen: 0.5093  | Train Spe: 0.7230  | Train F1: 0.5736 
[15:53:32.105]  Site-1         | Train Loss: 0.6357 | Train AUC: 0.6909  | Train Acc: 0.6508  | Train Sen: 0.5922  | Train Spe: 0.7063  | Train F1: 0.6226 
[15:57:19.593]  Site-2         | Train Loss: 0.6317 | Train AUC: 0.7144  | Train Acc: 0.6671  | Train Sen: 0.6113  | Train Spe: 0.7192  | Train F1: 0.6392 
[16:01:11.363]  Site-3         | Train Loss: 0.6166 | Train AUC: 0.7249  | Train Acc: 0.6617  | Train Sen: 0.6403  | Train Spe: 0.6829  | Train F1: 0.6537 
[16:04:59.475]  Site-4         | Train Loss: 0.6104 | Train AUC: 0.7458  | Train Acc: 0.6902  | Train Sen: 0.6765  | Train Spe: 0.7044  | Train F1: 0.6894 
[16:08:44.401]  Site-5         | Train Loss: 0.6336 | Train AUC: 0.7056  | Train Acc: 0.6454  | Train Sen: 0.6850  | Train Spe: 0.6028  | Train F1: 0.6667 
[16:12:31.935]  Site-6         | Train Loss: 0.6305 | Train AUC: 0.7116  | Train Acc: 0.6576  | Train Sen: 0.6411  | Train Spe: 0.6739  | Train F1: 0.6500 
[16:16:19.558]  Site-7         | Train Loss: 0.6543 | Train AUC: 0.6827  | Train Acc: 0.6209  | Train Sen: 0.6325  | Train Spe: 0.6085  | Train F1: 0.6334 
[16:20:11.834]  Site-8         | Train Loss: 0.6246 | Train AUC: 0.7102  | Train Acc: 0.6590  | Train Sen: 0.6458  | Train Spe: 0.6721  | Train F1: 0.6538 
[16:24:01.966]  Site-9         | Train Loss: 0.6194 | Train AUC: 0.7211  | Train Acc: 0.6698  | Train Sen: 0.6873  | Train Spe: 0.6521  | Train F1: 0.6773 
[16:27:51.710]  Site-10        | Train Loss: 0.6343 | Train AUC: 0.6997  | Train Acc: 0.6522  | Train Sen: 0.5678  | Train Spe: 0.7304  | Train F1: 0.6109 
[16:31:37.458]  Site-11        | Train Loss: 0.6388 | Train AUC: 0.6973  | Train Acc: 0.6576  | Train Sen: 0.6497  | Train Spe: 0.6657  | Train F1: 0.6585 
[16:35:23.472]  Site-12        | Train Loss: 0.6260 | Train AUC: 0.7039  | Train Acc: 0.6413  | Train Sen: 0.6438  | Train Spe: 0.6387  | Train F1: 0.6489 
[16:39:11.509]  Site-13        | Train Loss: 0.6565 | Train AUC: 0.6758  | Train Acc: 0.6399  | Train Sen: 0.6419  | Train Spe: 0.6379  | Train F1: 0.6462 
[16:42:59.245]  Site-14        | Train Loss: 0.6511 | Train AUC: 0.6777  | Train Acc: 0.6440  | Train Sen: 0.6376  | Train Spe: 0.6508  | Train F1: 0.6478 
[16:46:46.944]  Site-15        | Train Loss: 0.6341 | Train AUC: 0.6978  | Train Acc: 0.6454  | Train Sen: 0.5465  | Train Spe: 0.7321  | Train F1: 0.5903 
[16:50:40.029]  Site-16        | Train Loss: 0.6555 | Train AUC: 0.6919  | Train Acc: 0.6522  | Train Sen: 0.6753  | Train Spe: 0.6268  | Train F1: 0.6701 
[16:54:26.887]  Site-17        | Train Loss: 0.6442 | Train AUC: 0.6780  | Train Acc: 0.6277  | Train Sen: 0.5702  | Train Spe: 0.6836  | Train F1: 0.6017 
[16:58:13.014]  Site-18        | Train Loss: 0.6358 | Train AUC: 0.7102  | Train Acc: 0.6603  | Train Sen: 0.6354  | Train Spe: 0.6845  | Train F1: 0.6479 
[17:01:59.750]  Site-19        | Train Loss: 0.6465 | Train AUC: 0.6788  | Train Acc: 0.6277  | Train Sen: 0.6133  | Train Spe: 0.6427  | Train F1: 0.6267 
[17:02:04.444] Update sigma on aggregation=0.41940271854400635; clip bound update=5.592036247253418
[17:02:36.143]  Site-0         | Val Loss: 0.6987 | Val AUC: 0.4330 | Val Acc: 0.5200 | Val Sen: 1.0000 | Val Spe: 0.0000 | Val F1: 0.6842
[17:03:04.524]  Site-1         | Val Loss: 0.6977 | Val AUC: 0.4361 | Val Acc: 0.5200 | Val Sen: 0.9924 | Val Spe: 0.0000 | Val F1: 0.6842
[17:03:33.124]  Site-2         | Val Loss: 0.7087 | Val AUC: 0.4469 | Val Acc: 0.4680 | Val Sen: 1.0000 | Val Spe: 0.0000 | Val F1: 0.6376
[17:04:01.916]  Site-3         | Val Loss: 0.6982 | Val AUC: 0.4623 | Val Acc: 0.5200 | Val Sen: 1.0000 | Val Spe: 0.0083 | Val F1: 0.6825
[17:04:30.518]  Site-4         | Val Loss: 0.6943 | Val AUC: 0.4167 | Val Acc: 0.5400 | Val Sen: 1.0000 | Val Spe: 0.0000 | Val F1: 0.7013
[17:04:59.414]  Site-5         | Val Loss: 0.7208 | Val AUC: 0.5000 | Val Acc: 0.3880 | Val Sen: 0.9898 | Val Spe: 0.0000 | Val F1: 0.5591
[17:05:27.949]  Site-6         | Val Loss: 0.7059 | Val AUC: 0.5288 | Val Acc: 0.4600 | Val Sen: 0.9914 | Val Spe: 0.0000 | Val F1: 0.6301
[17:05:57.134]  Site-7         | Val Loss: 0.6985 | Val AUC: 0.4859 | Val Acc: 0.4960 | Val Sen: 0.9841 | Val Spe: 0.0000 | Val F1: 0.6631
[17:06:25.854]  Site-8         | Val Loss: 0.7052 | Val AUC: 0.4526 | Val Acc: 0.4720 | Val Sen: 1.0000 | Val Spe: 0.0000 | Val F1: 0.6413
[17:06:54.491]  Site-9         | Val Loss: 0.6879 | Val AUC: 0.4152 | Val Acc: 0.5720 | Val Sen: 1.0000 | Val Spe: 0.0093 | Val F1: 0.7263
[17:07:23.791]  Site-10        | Val Loss: 0.7002 | Val AUC: 0.4262 | Val Acc: 0.5160 | Val Sen: 0.9923 | Val Spe: 0.0000 | Val F1: 0.6807
[17:07:53.158]  Site-11        | Val Loss: 0.6887 | Val AUC: 0.4332 | Val Acc: 0.5600 | Val Sen: 0.9929 | Val Spe: 0.0000 | Val F1: 0.7179
[17:08:22.397]  Site-12        | Val Loss: 0.6964 | Val AUC: 0.5262 | Val Acc: 0.5080 | Val Sen: 1.0000 | Val Spe: 0.0000 | Val F1: 0.6737
[17:08:51.573]  Site-13        | Val Loss: 0.6995 | Val AUC: 0.4584 | Val Acc: 0.5000 | Val Sen: 0.9766 | Val Spe: 0.0000 | Val F1: 0.6667
[17:09:20.674]  Site-14        | Val Loss: 0.7085 | Val AUC: 0.4591 | Val Acc: 0.4640 | Val Sen: 1.0000 | Val Spe: 0.0074 | Val F1: 0.6319
[17:09:49.710]  Site-15        | Val Loss: 0.7060 | Val AUC: 0.4525 | Val Acc: 0.4720 | Val Sen: 1.0000 | Val Spe: 0.0000 | Val F1: 0.6413
