[17:41:02.666] [Client 0] Train=750, Val=250, Test=250
[17:41:02.667] [Client 1] Train=750, Val=250, Test=250
[17:41:02.667] [Client 2] Train=750, Val=250, Test=250
[17:41:02.668] [Client 3] Train=750, Val=250, Test=250
[17:41:02.668] [Client 4] Train=750, Val=250, Test=250
[17:41:02.669] [Client 5] Train=750, Val=250, Test=250
[17:41:02.669] [Client 6] Train=750, Val=250, Test=250
[17:41:02.670] [Client 7] Train=750, Val=250, Test=250
[17:41:02.670] [Client 8] Train=750, Val=250, Test=250
[17:41:02.670] [Client 9] Train=750, Val=250, Test=250
[17:41:02.671] [Client 10] Train=750, Val=250, Test=250
[17:41:02.671] [Client 11] Train=750, Val=250, Test=250
[17:41:02.672] [Client 12] Train=750, Val=250, Test=250
[17:41:02.672] [Client 13] Train=750, Val=250, Test=250
[17:41:02.673] [Client 14] Train=750, Val=250, Test=250
[17:41:02.673] [Client 15] Train=750, Val=250, Test=250
[17:41:02.674] [Client 16] Train=750, Val=250, Test=250
[17:41:02.674] [Client 17] Train=750, Val=250, Test=250
[17:41:02.675] [Client 18] Train=750, Val=250, Test=250
[17:41:02.675] [Client 19] Train=750, Val=250, Test=250
[17:41:02.676] [Virtual Client 0-0] Train=750
[17:41:02.676] [Virtual Client 1-0] Train=750
[17:41:02.677] [Virtual Client 2-0] Train=750
[17:41:02.677] [Virtual Client 3-0] Train=750
[17:41:02.678] [Virtual Client 4-0] Train=750
[17:41:02.678] [Virtual Client 5-0] Train=750
[17:41:02.679] [Virtual Client 6-0] Train=750
[17:41:02.679] [Virtual Client 7-0] Train=750
[17:41:02.680] [Virtual Client 8-0] Train=750
[17:41:02.680] [Virtual Client 9-0] Train=750
[17:41:02.680] [Virtual Client 10-0] Train=750
[17:41:02.681] [Virtual Client 11-0] Train=750
[17:41:02.681] [Virtual Client 12-0] Train=750
[17:41:02.682] [Virtual Client 13-0] Train=750
[17:41:02.682] [Virtual Client 14-0] Train=750
[17:41:02.683] [Virtual Client 15-0] Train=750
[17:41:02.683] [Virtual Client 16-0] Train=750
[17:41:02.683] [Virtual Client 17-0] Train=750
[17:41:02.684] [Virtual Client 18-0] Train=750
[17:41:02.684] [Virtual Client 19-0] Train=750
[17:41:02.689] Client Weights: [0.05, 0.05, 0.05, 0.05, 0.05, 0.05, 0.05, 0.05, 0.05, 0.05, 0.05, 0.05, 0.05, 0.05, 0.05, 0.05, 0.05, 0.05, 0.05, 0.05]
[17:41:02.689] Training Clients:[0, 1, 2, 3, 4, 5, 6, 7, 8, 9, 10, 11, 12, 13, 14, 15, 16, 17, 18, 19]
[17:41:02.690] Val Clients:[0, 1, 2, 3, 4, 5, 6, 7, 8, 9, 10, 11, 12, 13, 14, 15, 16, 17, 18, 19]
[17:41:02.690] =============== args ================
[17:41:02.690] Namespace(clients=20, virtual_clients=1, lr=0.0003, lr_decay=-1, early=False, batch=16, rounds=100, local_epochs=1, mode='dp2rmsprop', pretrain=False, exp=None, save_path='../../experiments/v1.0/checkpoint/RSNA-ICH/seed6/dp2rmsprop_rounds100_localE1_lr0.0003_batch16_N20_sr1_VN1_overhead_z1.5_delta0.01_adaclip_rmsproplr=3e-05_PureAvg_adaVN_DA', resume=False, gpu='0', seed=6, debug=False, data='RSNA-ICH', sample_rate=1, leave='no', merge=False, balance=False, weighted_avg=False, split='UNI', local_bn=False, generalize=False, gn=False, selu=False, comb='times', free=-1, noisy=-1, alpha=1.0, adaclip=True, noclip=False, ema=0.0, mu=0.001, S=10, epsilon=None, noise_multiplier=1.5, delta=0.01, accountant='prv', dp_mode='overhead', balance_split=False, test=False, ckpt='None', adam_lr=0.1, dp2_interval=3, rmsprop_lr=3e-05, ada_vn=True, init_vn=False, ada_stable=False, ada_prog=False, domain_adaptation=True, log_path='../../experiments/v1.0/log/RSNA-ICH/seed6/dp2rmsprop_rounds100_localE1_lr0.0003_batch16_N20_sr1_VN1_overhead_z1.5_delta0.01_adaclip_rmsproplr=3e-05_PureAvg_adaVN_DA')
[17:41:06.208] Using noise multiplier=1.5 and sigma on aggregation=0.75 to satisfy (36.88917782788349,0.01)-DP.
[17:41:06.209] Using adaptive clipping.
[17:41:06.209] Using prv accountant.
[17:41:06.281] ============ Round 0, Local train epoch 0 ============
[17:44:54.882]  Site-0         | Train Loss: 0.6438 | Train AUC: 0.6697  | Train Acc: 0.6141  | Train Sen: 0.5093  | Train Spe: 0.7230  | Train F1: 0.5736 
[17:48:42.850]  Site-1         | Train Loss: 0.6357 | Train AUC: 0.6909  | Train Acc: 0.6508  | Train Sen: 0.5922  | Train Spe: 0.7063  | Train F1: 0.6226 
[17:52:38.123]  Site-2         | Train Loss: 0.6317 | Train AUC: 0.7144  | Train Acc: 0.6671  | Train Sen: 0.6113  | Train Spe: 0.7192  | Train F1: 0.6392 
[17:56:33.040]  Site-3         | Train Loss: 0.6166 | Train AUC: 0.7249  | Train Acc: 0.6617  | Train Sen: 0.6403  | Train Spe: 0.6829  | Train F1: 0.6537 
[18:00:32.388]  Site-4         | Train Loss: 0.6104 | Train AUC: 0.7458  | Train Acc: 0.6902  | Train Sen: 0.6765  | Train Spe: 0.7044  | Train F1: 0.6894 
[18:04:26.831]  Site-5         | Train Loss: 0.6336 | Train AUC: 0.7056  | Train Acc: 0.6454  | Train Sen: 0.6850  | Train Spe: 0.6028  | Train F1: 0.6667 
[18:08:22.642]  Site-6         | Train Loss: 0.6305 | Train AUC: 0.7116  | Train Acc: 0.6576  | Train Sen: 0.6411  | Train Spe: 0.6739  | Train F1: 0.6500 
[18:12:18.047]  Site-7         | Train Loss: 0.6543 | Train AUC: 0.6827  | Train Acc: 0.6209  | Train Sen: 0.6325  | Train Spe: 0.6085  | Train F1: 0.6334 
[18:16:14.975]  Site-8         | Train Loss: 0.6246 | Train AUC: 0.7102  | Train Acc: 0.6590  | Train Sen: 0.6458  | Train Spe: 0.6721  | Train F1: 0.6538 
[18:20:06.844]  Site-9         | Train Loss: 0.6194 | Train AUC: 0.7211  | Train Acc: 0.6698  | Train Sen: 0.6873  | Train Spe: 0.6521  | Train F1: 0.6773 
[18:24:02.301]  Site-10        | Train Loss: 0.6343 | Train AUC: 0.6997  | Train Acc: 0.6522  | Train Sen: 0.5678  | Train Spe: 0.7304  | Train F1: 0.6109 
[18:27:51.480]  Site-11        | Train Loss: 0.6388 | Train AUC: 0.6973  | Train Acc: 0.6576  | Train Sen: 0.6497  | Train Spe: 0.6657  | Train F1: 0.6585 
[18:31:38.812]  Site-12        | Train Loss: 0.6260 | Train AUC: 0.7039  | Train Acc: 0.6413  | Train Sen: 0.6438  | Train Spe: 0.6387  | Train F1: 0.6489 
[18:35:28.975]  Site-13        | Train Loss: 0.6565 | Train AUC: 0.6758  | Train Acc: 0.6399  | Train Sen: 0.6419  | Train Spe: 0.6379  | Train F1: 0.6462 
[18:39:19.217]  Site-14        | Train Loss: 0.6511 | Train AUC: 0.6777  | Train Acc: 0.6440  | Train Sen: 0.6376  | Train Spe: 0.6508  | Train F1: 0.6478 
[18:43:07.920]  Site-15        | Train Loss: 0.6341 | Train AUC: 0.6978  | Train Acc: 0.6454  | Train Sen: 0.5465  | Train Spe: 0.7321  | Train F1: 0.5903 
[18:46:54.218]  Site-16        | Train Loss: 0.6555 | Train AUC: 0.6919  | Train Acc: 0.6522  | Train Sen: 0.6753  | Train Spe: 0.6268  | Train F1: 0.6701 
[18:50:44.163]  Site-17        | Train Loss: 0.6442 | Train AUC: 0.6780  | Train Acc: 0.6277  | Train Sen: 0.5702  | Train Spe: 0.6836  | Train F1: 0.6017 
[18:54:32.025]  Site-18        | Train Loss: 0.6358 | Train AUC: 0.7102  | Train Acc: 0.6603  | Train Sen: 0.6354  | Train Spe: 0.6845  | Train F1: 0.6479 
[18:58:20.138]  Site-19        | Train Loss: 0.6465 | Train AUC: 0.6788  | Train Acc: 0.6277  | Train Sen: 0.6133  | Train Spe: 0.6427  | Train F1: 0.6267 
[18:58:24.738] Update sigma on aggregation=0.41940271854400635; clip bound update=5.592036247253418
[18:58:56.624]  Site-0         | Val Loss: 0.6987 | Val AUC: 0.4330 | Val Acc: 0.5200 | Val Sen: 1.0000 | Val Spe: 0.0000 | Val F1: 0.6842
[18:59:27.470]  Site-1         | Val Loss: 0.6977 | Val AUC: 0.4361 | Val Acc: 0.5200 | Val Sen: 0.9924 | Val Spe: 0.0000 | Val F1: 0.6842
[18:59:58.609]  Site-2         | Val Loss: 0.7087 | Val AUC: 0.4469 | Val Acc: 0.4680 | Val Sen: 1.0000 | Val Spe: 0.0000 | Val F1: 0.6376
[19:00:28.374]  Site-3         | Val Loss: 0.6982 | Val AUC: 0.4623 | Val Acc: 0.5200 | Val Sen: 1.0000 | Val Spe: 0.0083 | Val F1: 0.6825
[19:00:57.590]  Site-4         | Val Loss: 0.6943 | Val AUC: 0.4167 | Val Acc: 0.5400 | Val Sen: 1.0000 | Val Spe: 0.0000 | Val F1: 0.7013
[19:01:27.106]  Site-5         | Val Loss: 0.7208 | Val AUC: 0.5000 | Val Acc: 0.3880 | Val Sen: 0.9898 | Val Spe: 0.0000 | Val F1: 0.5591
[19:01:56.411]  Site-6         | Val Loss: 0.7059 | Val AUC: 0.5288 | Val Acc: 0.4600 | Val Sen: 0.9914 | Val Spe: 0.0000 | Val F1: 0.6301
[19:02:25.487]  Site-7         | Val Loss: 0.6985 | Val AUC: 0.4859 | Val Acc: 0.4960 | Val Sen: 0.9841 | Val Spe: 0.0000 | Val F1: 0.6631
[19:02:54.827]  Site-8         | Val Loss: 0.7052 | Val AUC: 0.4526 | Val Acc: 0.4720 | Val Sen: 1.0000 | Val Spe: 0.0000 | Val F1: 0.6413
[19:03:23.965]  Site-9         | Val Loss: 0.6879 | Val AUC: 0.4152 | Val Acc: 0.5720 | Val Sen: 1.0000 | Val Spe: 0.0093 | Val F1: 0.7263
[19:03:53.225]  Site-10        | Val Loss: 0.7002 | Val AUC: 0.4262 | Val Acc: 0.5160 | Val Sen: 0.9923 | Val Spe: 0.0000 | Val F1: 0.6807
[19:04:22.632]  Site-11        | Val Loss: 0.6887 | Val AUC: 0.4332 | Val Acc: 0.5600 | Val Sen: 0.9929 | Val Spe: 0.0000 | Val F1: 0.7179
[19:04:51.972]  Site-12        | Val Loss: 0.6964 | Val AUC: 0.5262 | Val Acc: 0.5080 | Val Sen: 1.0000 | Val Spe: 0.0000 | Val F1: 0.6737
[19:05:21.542]  Site-13        | Val Loss: 0.6995 | Val AUC: 0.4584 | Val Acc: 0.5000 | Val Sen: 0.9766 | Val Spe: 0.0000 | Val F1: 0.6667
[19:05:51.565]  Site-14        | Val Loss: 0.7085 | Val AUC: 0.4591 | Val Acc: 0.4640 | Val Sen: 1.0000 | Val Spe: 0.0074 | Val F1: 0.6319
[19:06:21.270]  Site-15        | Val Loss: 0.7060 | Val AUC: 0.4525 | Val Acc: 0.4720 | Val Sen: 1.0000 | Val Spe: 0.0000 | Val F1: 0.6413
[19:06:50.947]  Site-16        | Val Loss: 0.7085 | Val AUC: 0.4506 | Val Acc: 0.4640 | Val Sen: 1.0000 | Val Spe: 0.0000 | Val F1: 0.6339
[19:07:21.039]  Site-17        | Val Loss: 0.7000 | Val AUC: 0.4831 | Val Acc: 0.5040 | Val Sen: 0.9921 | Val Spe: 0.0000 | Val F1: 0.6702
[19:07:49.642]  Site-18        | Val Loss: 0.7039 | Val AUC: 0.4585 | Val Acc: 0.4840 | Val Sen: 1.0000 | Val Spe: 0.0000 | Val F1: 0.6523
[19:08:18.371]  Site-19        | Val Loss: 0.6941 | Val AUC: 0.4884 | Val Acc: 0.5360 | Val Sen: 1.0000 | Val Spe: 0.0000 | Val F1: 0.6979
[19:08:18.375]  Site-Average | Val Loss: 0.7011 | AUC: 0.4607 | Acc: 0.4982 | Sen: 0.9956 | Spe: 0.0012 | F1: 0.6638
[19:08:18.378]  Best Epoch:0 | Avg Val Acc: 0.4982
[19:08:18.382]  Saving the local and server checkpoint to ../../experiments/v1.0/checkpoint/RSNA-ICH/seed6/dp2rmsprop_rounds100_localE1_lr0.0003_batch16_N20_sr1_VN1_overhead_z1.5_delta0.01_adaclip_rmsproplr=3e-05_PureAvg_adaVN_DA/model_best_0...
