[15:18:10.346] Domain Adaptation enabled.
[15:18:10.595] [Client 0] Train=750, Val=250, Test=250
[15:18:10.595] [Client 1] Train=750, Val=250, Test=250
[15:18:10.596] [Client 2] Train=750, Val=250, Test=250
[15:18:10.596] [Client 3] Train=750, Val=250, Test=250
[15:18:10.597] [Client 4] Train=750, Val=250, Test=250
[15:18:10.597] [Client 5] Train=750, Val=250, Test=250
[15:18:10.598] [Client 6] Train=750, Val=250, Test=250
[15:18:10.598] [Client 7] Train=750, Val=250, Test=250
[15:18:10.598] [Client 8] Train=750, Val=250, Test=250
[15:18:10.599] [Client 9] Train=750, Val=250, Test=250
[15:18:10.599] [Client 10] Train=750, Val=250, Test=250
[15:18:10.600] [Client 11] Train=750, Val=250, Test=250
[15:18:10.600] [Client 12] Train=750, Val=250, Test=250
[15:18:10.601] [Client 13] Train=750, Val=250, Test=250
[15:18:10.601] [Client 14] Train=750, Val=250, Test=250
[15:18:10.602] [Client 15] Train=750, Val=250, Test=250
[15:18:10.603] [Client 16] Train=750, Val=250, Test=250
[15:18:10.603] [Client 17] Train=750, Val=250, Test=250
[15:18:10.604] [Client 18] Train=750, Val=250, Test=250
[15:18:10.604] [Client 19] Train=750, Val=250, Test=250
[15:18:10.604] [Virtual Client 0-0] Train=750
[15:18:10.605] [Virtual Client 1-0] Train=750
[15:18:10.605] [Virtual Client 2-0] Train=750
[15:18:10.606] [Virtual Client 3-0] Train=750
[15:18:10.606] [Virtual Client 4-0] Train=750
[15:18:10.607] [Virtual Client 5-0] Train=750
[15:18:10.607] [Virtual Client 6-0] Train=750
[15:18:10.607] [Virtual Client 7-0] Train=750
[15:18:10.608] [Virtual Client 8-0] Train=750
[15:18:10.608] [Virtual Client 9-0] Train=750
[15:18:10.609] [Virtual Client 10-0] Train=750
[15:18:10.609] [Virtual Client 11-0] Train=750
[15:18:10.610] [Virtual Client 12-0] Train=750
[15:18:10.610] [Virtual Client 13-0] Train=750
[15:18:10.611] [Virtual Client 14-0] Train=750
[15:18:10.611] [Virtual Client 15-0] Train=750
[15:18:10.612] [Virtual Client 16-0] Train=750
[15:18:10.612] [Virtual Client 17-0] Train=750
[15:18:10.613] [Virtual Client 18-0] Train=750
[15:18:10.613] [Virtual Client 19-0] Train=750
[15:18:10.617] Client Weights: [0.05, 0.05, 0.05, 0.05, 0.05, 0.05, 0.05, 0.05, 0.05, 0.05, 0.05, 0.05, 0.05, 0.05, 0.05, 0.05, 0.05, 0.05, 0.05, 0.05]
[15:18:10.618] Training Clients:[0, 1, 2, 3, 4, 5, 6, 7, 8, 9, 10, 11, 12, 13, 14, 15, 16, 17, 18, 19]
[15:18:10.618] Val Clients:[0, 1, 2, 3, 4, 5, 6, 7, 8, 9, 10, 11, 12, 13, 14, 15, 16, 17, 18, 19]
[15:18:10.618] =============== args ================
[15:18:10.618] Namespace(clients=20, virtual_clients=1, lr=0.0003, lr_decay=-1, early=False, batch=16, rounds=100, local_epochs=1, mode='dp2rmsprop', pretrain=False, exp=None, save_path='../../experiments/v1.0/checkpoint/RSNA-ICH/seed2/dp2rmsprop_rounds100_localE1_lr0.0003_batch16_N20_sr1_VN1_overhead_z0.5_delta0.01_adaclip_rmsproplr=3e-05_PureAvg_DA', resume=False, gpu='0', seed=2, debug=False, data='RSNA-ICH', sample_rate=1, leave='no', merge=False, balance=False, weighted_avg=False, split='UNI', local_bn=False, generalize=False, gn=False, selu=False, comb='times', free=-1, noisy=-1, alpha=1.0, adaclip=True, noclip=False, ema=0.0, mu=0.001, S=10, epsilon=None, noise_multiplier=0.5, delta=0.01, accountant='prv', dp_mode='overhead', balance_split=False, test=False, ckpt='None', adam_lr=0.1, dp2_interval=3, rmsprop_lr=3e-05, ada_vn=False, init_vn=False, ada_stable=False, ada_prog=False, domain_adaptation=True, log_path='../../experiments/v1.0/log/RSNA-ICH/seed2/dp2rmsprop_rounds100_localE1_lr0.0003_batch16_N20_sr1_VN1_overhead_z0.5_delta0.01_adaclip_rmsproplr=3e-05_PureAvg_DA')
[15:18:14.998] Using noise multiplier=0.5 and sigma on aggregation=0.25 to satisfy (245.5990192385698,0.01)-DP.
[15:18:14.999] Using adaptive clipping.
[15:18:14.999] Using prv accountant.
[15:18:15.084] ============ Round 0, Local train epoch 0 ============
[15:20:05.299]  Site-0         | Train Loss: 0.6439 | Train AUC: 0.6842  | Train Acc: 0.6399  | Train Sen: 0.5836  | Train Spe: 0.6919  | Train F1: 0.6086 
[15:21:56.050]  Site-1         | Train Loss: 0.6419 | Train AUC: 0.6850  | Train Acc: 0.6440  | Train Sen: 0.6457  | Train Spe: 0.6423  | Train F1: 0.6525 
[15:23:41.896]  Site-2         | Train Loss: 0.6581 | Train AUC: 0.6636  | Train Acc: 0.6304  | Train Sen: 0.5598  | Train Spe: 0.7011  | Train F1: 0.6023 
[15:25:31.507]  Site-3         | Train Loss: 0.6211 | Train AUC: 0.7229  | Train Acc: 0.6508  | Train Sen: 0.6796  | Train Spe: 0.6189  | Train F1: 0.6718 
[15:27:19.371]  Site-4         | Train Loss: 0.6452 | Train AUC: 0.6761  | Train Acc: 0.6630  | Train Sen: 0.6145  | Train Spe: 0.7059  | Train F1: 0.6310 
[15:29:01.530]  Site-5         | Train Loss: 0.6090 | Train AUC: 0.7300  | Train Acc: 0.6766  | Train Sen: 0.6747  | Train Spe: 0.6787  | Train F1: 0.6801 
[15:30:44.687]  Site-6         | Train Loss: 0.6388 | Train AUC: 0.7046  | Train Acc: 0.6522  | Train Sen: 0.6005  | Train Spe: 0.7038  | Train F1: 0.6332 
[15:32:26.090]  Site-7         | Train Loss: 0.6639 | Train AUC: 0.6538  | Train Acc: 0.6114  | Train Sen: 0.6320  | Train Spe: 0.5900  | Train F1: 0.6237 
[15:34:09.432]  Site-8         | Train Loss: 0.6205 | Train AUC: 0.7202  | Train Acc: 0.6753  | Train Sen: 0.6667  | Train Spe: 0.6839  | Train F1: 0.6731 
[15:35:54.195]  Site-9         | Train Loss: 0.6390 | Train AUC: 0.7164  | Train Acc: 0.6658  | Train Sen: 0.6038  | Train Spe: 0.7288  | Train F1: 0.6455 
[15:37:38.792]  Site-10        | Train Loss: 0.6292 | Train AUC: 0.7170  | Train Acc: 0.6739  | Train Sen: 0.6623  | Train Spe: 0.6866  | Train F1: 0.6800 
[15:39:24.626]  Site-11        | Train Loss: 0.6025 | Train AUC: 0.7287  | Train Acc: 0.6644  | Train Sen: 0.5730  | Train Spe: 0.7500  | Train F1: 0.6229 
[15:41:10.325]  Site-12        | Train Loss: 0.6356 | Train AUC: 0.7002  | Train Acc: 0.6454  | Train Sen: 0.5710  | Train Spe: 0.7189  | Train F1: 0.6156 
[15:42:53.412]  Site-13        | Train Loss: 0.6293 | Train AUC: 0.7131  | Train Acc: 0.6576  | Train Sen: 0.6495  | Train Spe: 0.6658  | Train F1: 0.6548 
[15:44:37.356]  Site-14        | Train Loss: 0.6249 | Train AUC: 0.7198  | Train Acc: 0.6712  | Train Sen: 0.6484  | Train Spe: 0.6935  | Train F1: 0.6611 
[15:46:25.247]  Site-15        | Train Loss: 0.6194 | Train AUC: 0.7186  | Train Acc: 0.6603  | Train Sen: 0.6366  | Train Spe: 0.6852  | Train F1: 0.6575 
[15:48:09.225]  Site-16        | Train Loss: 0.6473 | Train AUC: 0.6820  | Train Acc: 0.6427  | Train Sen: 0.5849  | Train Spe: 0.7014  | Train F1: 0.6227 
[15:49:55.191]  Site-17        | Train Loss: 0.6264 | Train AUC: 0.7170  | Train Acc: 0.6712  | Train Sen: 0.5647  | Train Spe: 0.7626  | Train F1: 0.6134 
[15:51:39.172]  Site-18        | Train Loss: 0.6152 | Train AUC: 0.7247  | Train Acc: 0.6658  | Train Sen: 0.6356  | Train Spe: 0.6954  | Train F1: 0.6535 
[15:53:23.407]  Site-19        | Train Loss: 0.6653 | Train AUC: 0.6495  | Train Acc: 0.6155  | Train Sen: 0.6693  | Train Spe: 0.5577  | Train F1: 0.6431 
[15:53:23.965] Update sigma on aggregation=0.1392969846725464; clip bound update=5.5718793869018555
[15:53:41.019]  Site-0         | Val Loss: 1.4773 | Val AUC: 0.6585 | Val Acc: 0.5240 | Val Sen: 1.0000 | Val Spe: 0.0000 | Val F1: 0.6877
[15:53:56.324]  Site-1         | Val Loss: 1.5706 | Val AUC: 0.6143 | Val Acc: 0.4960 | Val Sen: 1.0000 | Val Spe: 0.0000 | Val F1: 0.6631
[15:54:11.556]  Site-2         | Val Loss: 1.6350 | Val AUC: 0.6065 | Val Acc: 0.4840 | Val Sen: 1.0000 | Val Spe: 0.0000 | Val F1: 0.6523
[15:54:26.443]  Site-3         | Val Loss: 1.6103 | Val AUC: 0.5347 | Val Acc: 0.4960 | Val Sen: 1.0000 | Val Spe: 0.0000 | Val F1: 0.6631
[15:54:41.373]  Site-4         | Val Loss: 1.6564 | Val AUC: 0.6541 | Val Acc: 0.4720 | Val Sen: 1.0000 | Val Spe: 0.0000 | Val F1: 0.6413
[15:54:56.225]  Site-5         | Val Loss: 1.5416 | Val AUC: 0.6796 | Val Acc: 0.4920 | Val Sen: 1.0000 | Val Spe: 0.0000 | Val F1: 0.6595
[15:55:11.657]  Site-6         | Val Loss: 1.7357 | Val AUC: 0.5630 | Val Acc: 0.4560 | Val Sen: 1.0000 | Val Spe: 0.0000 | Val F1: 0.6264
[15:55:26.428]  Site-7         | Val Loss: 1.4422 | Val AUC: 0.6513 | Val Acc: 0.5280 | Val Sen: 1.0000 | Val Spe: 0.0000 | Val F1: 0.6911
[15:55:41.057]  Site-8         | Val Loss: 1.6330 | Val AUC: 0.6020 | Val Acc: 0.4760 | Val Sen: 1.0000 | Val Spe: 0.0000 | Val F1: 0.6450
[15:55:56.003]  Site-9         | Val Loss: 1.5975 | Val AUC: 0.6288 | Val Acc: 0.4840 | Val Sen: 1.0000 | Val Spe: 0.0000 | Val F1: 0.6523
[15:56:10.853]  Site-10        | Val Loss: 1.4580 | Val AUC: 0.5799 | Val Acc: 0.5440 | Val Sen: 1.0000 | Val Spe: 0.0000 | Val F1: 0.7047
[15:56:25.616]  Site-11        | Val Loss: 1.6159 | Val AUC: 0.6023 | Val Acc: 0.4920 | Val Sen: 1.0000 | Val Spe: 0.0000 | Val F1: 0.6595
[15:56:40.593]  Site-12        | Val Loss: 1.6684 | Val AUC: 0.5725 | Val Acc: 0.4680 | Val Sen: 1.0000 | Val Spe: 0.0000 | Val F1: 0.6376
[15:56:55.468]  Site-13        | Val Loss: 1.5057 | Val AUC: 0.6351 | Val Acc: 0.5120 | Val Sen: 1.0000 | Val Spe: 0.0000 | Val F1: 0.6772
[15:57:10.445]  Site-14        | Val Loss: 1.3871 | Val AUC: 0.6536 | Val Acc: 0.5440 | Val Sen: 1.0000 | Val Spe: 0.0000 | Val F1: 0.7047
[15:57:25.388]  Site-15        | Val Loss: 1.5608 | Val AUC: 0.5239 | Val Acc: 0.5240 | Val Sen: 1.0000 | Val Spe: 0.0000 | Val F1: 0.6877
[15:57:40.182]  Site-16        | Val Loss: 1.4843 | Val AUC: 0.6332 | Val Acc: 0.5240 | Val Sen: 1.0000 | Val Spe: 0.0000 | Val F1: 0.6877
[15:57:56.055]  Site-17        | Val Loss: 1.5903 | Val AUC: 0.6169 | Val Acc: 0.4880 | Val Sen: 1.0000 | Val Spe: 0.0000 | Val F1: 0.6559
[15:58:10.943]  Site-18        | Val Loss: 1.5631 | Val AUC: 0.5706 | Val Acc: 0.5120 | Val Sen: 1.0000 | Val Spe: 0.0000 | Val F1: 0.6772
[15:58:25.784]  Site-19        | Val Loss: 1.6484 | Val AUC: 0.5881 | Val Acc: 0.4800 | Val Sen: 1.0000 | Val Spe: 0.0000 | Val F1: 0.6486
[15:58:25.785]  Site-Average | Val Loss: 1.5691 | AUC: 0.6085 | Acc: 0.4998 | Sen: 1.0000 | Spe: 0.0000 | F1: 0.6661
[15:58:25.786]  Best Epoch:0 | Avg Val Acc: 0.4998
[15:58:25.790]  Saving the local and server checkpoint to ../../experiments/v1.0/checkpoint/RSNA-ICH/seed2/dp2rmsprop_rounds100_localE1_lr0.0003_batch16_N20_sr1_VN1_overhead_z0.5_delta0.01_adaclip_rmsproplr=3e-05_PureAvg_DA/model_best_0...
