[14:08:25.815] Domain Adaptation enabled.
[14:08:26.045] [Client 0] Train=750, Val=250, Test=250
[14:08:26.045] [Client 1] Train=750, Val=250, Test=250
[14:08:26.046] [Client 2] Train=750, Val=250, Test=250
[14:08:26.046] [Client 3] Train=750, Val=250, Test=250
[14:08:26.046] [Client 4] Train=750, Val=250, Test=250
[14:08:26.047] [Client 5] Train=750, Val=250, Test=250
[14:08:26.047] [Client 6] Train=750, Val=250, Test=250
[14:08:26.048] [Client 7] Train=750, Val=250, Test=250
[14:08:26.048] [Client 8] Train=750, Val=250, Test=250
[14:08:26.049] [Client 9] Train=750, Val=250, Test=250
[14:08:26.049] [Client 10] Train=750, Val=250, Test=250
[14:08:26.049] [Client 11] Train=750, Val=250, Test=250
[14:08:26.050] [Client 12] Train=750, Val=250, Test=250
[14:08:26.050] [Client 13] Train=750, Val=250, Test=250
[14:08:26.051] [Client 14] Train=750, Val=250, Test=250
[14:08:26.051] [Client 15] Train=750, Val=250, Test=250
[14:08:26.052] [Client 16] Train=750, Val=250, Test=250
[14:08:26.053] [Client 17] Train=750, Val=250, Test=250
[14:08:26.053] [Client 18] Train=750, Val=250, Test=250
[14:08:26.053] [Client 19] Train=750, Val=250, Test=250
[14:08:26.054] [Virtual Client 0-0] Train=750
[14:08:26.055] [Virtual Client 1-0] Train=750
[14:08:26.055] [Virtual Client 2-0] Train=750
[14:08:26.056] [Virtual Client 3-0] Train=750
[14:08:26.056] [Virtual Client 4-0] Train=750
[14:08:26.056] [Virtual Client 5-0] Train=750
[14:08:26.057] [Virtual Client 6-0] Train=750
[14:08:26.057] [Virtual Client 7-0] Train=750
[14:08:26.058] [Virtual Client 8-0] Train=750
[14:08:26.058] [Virtual Client 9-0] Train=750
[14:08:26.059] [Virtual Client 10-0] Train=750
[14:08:26.059] [Virtual Client 11-0] Train=750
[14:08:26.060] [Virtual Client 12-0] Train=750
[14:08:26.060] [Virtual Client 13-0] Train=750
[14:08:26.061] [Virtual Client 14-0] Train=750
[14:08:26.061] [Virtual Client 15-0] Train=750
[14:08:26.061] [Virtual Client 16-0] Train=750
[14:08:26.062] [Virtual Client 17-0] Train=750
[14:08:26.062] [Virtual Client 18-0] Train=750
[14:08:26.063] [Virtual Client 19-0] Train=750
[14:08:26.068] Client Weights: [0.05, 0.05, 0.05, 0.05, 0.05, 0.05, 0.05, 0.05, 0.05, 0.05, 0.05, 0.05, 0.05, 0.05, 0.05, 0.05, 0.05, 0.05, 0.05, 0.05]
[14:08:26.068] Training Clients:[0, 1, 2, 3, 4, 5, 6, 7, 8, 9, 10, 11, 12, 13, 14, 15, 16, 17, 18, 19]
[14:08:26.068] Val Clients:[0, 1, 2, 3, 4, 5, 6, 7, 8, 9, 10, 11, 12, 13, 14, 15, 16, 17, 18, 19]
[14:08:26.069] =============== args ================
[14:08:26.069] Namespace(clients=20, virtual_clients=1, lr=0.0003, lr_decay=-1, early=False, batch=16, rounds=100, local_epochs=1, mode='dp2rmsprop', pretrain=False, exp=None, save_path='../../experiments/v1.0/checkpoint/RSNA-ICH/seed2/dp2rmsprop_rounds100_localE1_lr0.0003_batch16_N20_sr1_VN1_overhead_z0.5_delta0.01_adaclip_rmsproplr=3e-05_PureAvg_DA', resume=False, gpu='0', seed=2, debug=False, data='RSNA-ICH', sample_rate=1, leave='no', merge=False, balance=False, weighted_avg=False, split='UNI', local_bn=False, generalize=False, gn=False, selu=False, comb='times', free=-1, noisy=-1, alpha=1.0, adaclip=True, noclip=False, ema=0.0, mu=0.001, S=10, epsilon=None, noise_multiplier=0.5, delta=0.01, accountant='prv', dp_mode='overhead', balance_split=False, test=False, ckpt='None', adam_lr=0.1, dp2_interval=3, rmsprop_lr=3e-05, ada_vn=False, init_vn=False, ada_stable=False, ada_prog=False, domain_adaptation=True, log_path='../../experiments/v1.0/log/RSNA-ICH/seed2/dp2rmsprop_rounds100_localE1_lr0.0003_batch16_N20_sr1_VN1_overhead_z0.5_delta0.01_adaclip_rmsproplr=3e-05_PureAvg_DA')
[14:08:31.617] Using noise multiplier=0.5 and sigma on aggregation=0.25 to satisfy (245.5990192385698,0.01)-DP.
[14:08:31.618] Using adaptive clipping.
[14:08:31.618] Using prv accountant.
[14:08:31.691] ============ Round 0, Local train epoch 0 ============
