[03:57:52.779] Domain Adaptation enabled.
[03:57:53.070] [Client 0] Train=750, Val=250, Test=250
[03:57:53.070] [Client 1] Train=750, Val=250, Test=250
[03:57:53.071] [Client 2] Train=750, Val=250, Test=250
[03:57:53.071] [Client 3] Train=750, Val=250, Test=250
[03:57:53.072] [Client 4] Train=750, Val=250, Test=250
[03:57:53.072] [Client 5] Train=750, Val=250, Test=250
[03:57:53.073] [Client 6] Train=750, Val=250, Test=250
[03:57:53.073] [Client 7] Train=750, Val=250, Test=250
[03:57:53.073] [Client 8] Train=750, Val=250, Test=250
[03:57:53.074] [Client 9] Train=750, Val=250, Test=250
[03:57:53.074] [Client 10] Train=750, Val=250, Test=250
[03:57:53.075] [Client 11] Train=750, Val=250, Test=250
[03:57:53.075] [Client 12] Train=750, Val=250, Test=250
[03:57:53.076] [Client 13] Train=750, Val=250, Test=250
[03:57:53.076] [Client 14] Train=750, Val=250, Test=250
[03:57:53.076] [Client 15] Train=750, Val=250, Test=250
[03:57:53.077] [Client 16] Train=750, Val=250, Test=250
[03:57:53.077] [Client 17] Train=750, Val=250, Test=250
[03:57:53.078] [Client 18] Train=750, Val=250, Test=250
[03:57:53.078] [Client 19] Train=750, Val=250, Test=250
[03:57:53.079] [Virtual Client 0-0] Train=750
[03:57:53.079] [Virtual Client 1-0] Train=750
[03:57:53.080] [Virtual Client 2-0] Train=750
[03:57:53.080] [Virtual Client 3-0] Train=750
[03:57:53.081] [Virtual Client 4-0] Train=750
[03:57:53.081] [Virtual Client 5-0] Train=750
[03:57:53.082] [Virtual Client 6-0] Train=750
[03:57:53.083] [Virtual Client 7-0] Train=750
[03:57:53.083] [Virtual Client 8-0] Train=750
[03:57:53.084] [Virtual Client 9-0] Train=750
[03:57:53.084] [Virtual Client 10-0] Train=750
[03:57:53.085] [Virtual Client 11-0] Train=750
[03:57:53.085] [Virtual Client 12-0] Train=750
[03:57:53.086] [Virtual Client 13-0] Train=750
[03:57:53.086] [Virtual Client 14-0] Train=750
[03:57:53.087] [Virtual Client 15-0] Train=750
[03:57:53.087] [Virtual Client 16-0] Train=750
[03:57:53.088] [Virtual Client 17-0] Train=750
[03:57:53.088] [Virtual Client 18-0] Train=750
[03:57:53.089] [Virtual Client 19-0] Train=750
[03:57:53.094] Client Weights: [0.05, 0.05, 0.05, 0.05, 0.05, 0.05, 0.05, 0.05, 0.05, 0.05, 0.05, 0.05, 0.05, 0.05, 0.05, 0.05, 0.05, 0.05, 0.05, 0.05]
[03:57:53.094] Training Clients:[0, 1, 2, 3, 4, 5, 6, 7, 8, 9, 10, 11, 12, 13, 14, 15, 16, 17, 18, 19]
[03:57:53.095] Val Clients:[0, 1, 2, 3, 4, 5, 6, 7, 8, 9, 10, 11, 12, 13, 14, 15, 16, 17, 18, 19]
[03:57:53.095] =============== args ================
[03:57:53.095] Namespace(clients=20, virtual_clients=1, lr=0.0003, lr_decay=-1, early=False, batch=16, rounds=100, local_epochs=1, mode='fed2rmsprop', pretrain=False, exp=None, save_path='../../experiments/v1.0/checkpoint/RSNA-ICH/seed3/fed2rmsprop_rounds100_localE1_lr0.0003_batch16_N20_sr1_VN1__rmsproplr=3e-05_PureAvg_DA', resume=False, gpu='0', seed=3, debug=False, data='RSNA-ICH', sample_rate=1, leave='no', merge=False, balance=False, weighted_avg=False, split='UNI', local_bn=False, generalize=False, gn=False, selu=False, comb='times', free=-1, noisy=-1, alpha=1.0, adaclip=False, noclip=False, ema=0.0, mu=0.001, S=10, epsilon=None, noise_multiplier=None, delta=0.001, accountant='prv', dp_mode='overhead', balance_split=False, test=False, ckpt='None', adam_lr=0.1, dp2_interval=3, rmsprop_lr=3e-05, ada_vn=False, init_vn=False, ada_stable=False, ada_prog=False, domain_adaptation=True, log_path='../../experiments/v1.0/log/RSNA-ICH/seed3/fed2rmsprop_rounds100_localE1_lr0.0003_batch16_N20_sr1_VN1__rmsproplr=3e-05_PureAvg_DA')
[03:57:56.481] ============ Round 0, Local train epoch 0 ============
[04:01:19.782]  Site-0         | Train Loss: 0.6377 | Train AUC: 0.6877  | Train Acc: 0.6359  | Train Sen: 0.5602  | Train Spe: 0.7071  | Train F1: 0.5988 
[04:04:36.371]  Site-1         | Train Loss: 0.6076 | Train AUC: 0.7400  | Train Acc: 0.6902  | Train Sen: 0.6754  | Train Spe: 0.7062  | Train F1: 0.6935 
[04:07:49.357]  Site-2         | Train Loss: 0.6439 | Train AUC: 0.6748  | Train Acc: 0.6019  | Train Sen: 0.5109  | Train Spe: 0.6929  | Train F1: 0.5620 
[04:11:04.982]  Site-3         | Train Loss: 0.6057 | Train AUC: 0.7384  | Train Acc: 0.7120  | Train Sen: 0.5906  | Train Spe: 0.8173  | Train F1: 0.6558 
[04:14:21.407]  Site-4         | Train Loss: 0.6620 | Train AUC: 0.6597  | Train Acc: 0.6196  | Train Sen: 0.5424  | Train Spe: 0.6911  | Train F1: 0.5783 
[04:17:44.078]  Site-5         | Train Loss: 0.6304 | Train AUC: 0.7017  | Train Acc: 0.6399  | Train Sen: 0.5686  | Train Spe: 0.7071  | Train F1: 0.6051 
[04:21:08.904]  Site-6         | Train Loss: 0.6439 | Train AUC: 0.6881  | Train Acc: 0.6372  | Train Sen: 0.5956  | Train Spe: 0.6784  | Train F1: 0.6202 
[04:24:30.962]  Site-7         | Train Loss: 0.6231 | Train AUC: 0.7180  | Train Acc: 0.6535  | Train Sen: 0.5873  | Train Spe: 0.7173  | Train F1: 0.6244 
[04:28:13.607]  Site-8         | Train Loss: 0.6528 | Train AUC: 0.6852  | Train Acc: 0.6508  | Train Sen: 0.6070  | Train Spe: 0.6948  | Train F1: 0.6355 
[04:32:10.700]  Site-9         | Train Loss: 0.6142 | Train AUC: 0.7243  | Train Acc: 0.6576  | Train Sen: 0.6310  | Train Spe: 0.6851  | Train F1: 0.6519 
[04:36:13.647]  Site-10        | Train Loss: 0.6481 | Train AUC: 0.6919  | Train Acc: 0.6399  | Train Sen: 0.6510  | Train Spe: 0.6278  | Train F1: 0.6536 
[04:39:42.214]  Site-11        | Train Loss: 0.6331 | Train AUC: 0.6903  | Train Acc: 0.6155  | Train Sen: 0.6777  | Train Spe: 0.5449  | Train F1: 0.6519 
[04:43:02.192]  Site-12        | Train Loss: 0.6582 | Train AUC: 0.6844  | Train Acc: 0.6304  | Train Sen: 0.6476  | Train Spe: 0.6096  | Train F1: 0.6574 
[04:46:20.023]  Site-13        | Train Loss: 0.6394 | Train AUC: 0.7195  | Train Acc: 0.6834  | Train Sen: 0.6393  | Train Spe: 0.7270  | Train F1: 0.6676 
[04:49:37.951]  Site-14        | Train Loss: 0.6334 | Train AUC: 0.7067  | Train Acc: 0.6535  | Train Sen: 0.5714  | Train Spe: 0.7309  | Train F1: 0.6154 
[04:52:55.504]  Site-15        | Train Loss: 0.6042 | Train AUC: 0.7413  | Train Acc: 0.6889  | Train Sen: 0.6503  | Train Spe: 0.7314  | Train F1: 0.6867 
[04:56:15.591]  Site-16        | Train Loss: 0.6353 | Train AUC: 0.7088  | Train Acc: 0.6630  | Train Sen: 0.6243  | Train Spe: 0.7005  | Train F1: 0.6457 
[04:59:31.296]  Site-17        | Train Loss: 0.6327 | Train AUC: 0.7076  | Train Acc: 0.6522  | Train Sen: 0.6515  | Train Spe: 0.6529  | Train F1: 0.6550 
[05:02:48.702]  Site-18        | Train Loss: 0.6085 | Train AUC: 0.7403  | Train Acc: 0.6902  | Train Sen: 0.6118  | Train Spe: 0.7576  | Train F1: 0.6460 
[05:06:07.085]  Site-19        | Train Loss: 0.6137 | Train AUC: 0.7246  | Train Acc: 0.6753  | Train Sen: 0.5922  | Train Spe: 0.7540  | Train F1: 0.6395 
[05:06:49.381]  Site-0         | Val Loss: 0.6192 | Val AUC: 0.7145 | Val Acc: 0.6720 | Val Sen: 0.6471 | Val Spe: 0.7018 | Val F1: 0.6822
[05:07:14.721]  Site-1         | Val Loss: 0.5798 | Val AUC: 0.7627 | Val Acc: 0.6880 | Val Sen: 0.6583 | Val Spe: 0.7154 | Val F1: 0.6695
[05:07:38.896]  Site-2         | Val Loss: 0.5613 | Val AUC: 0.7912 | Val Acc: 0.7200 | Val Sen: 0.7250 | Val Spe: 0.7154 | Val F1: 0.7131
[05:08:04.364]  Site-3         | Val Loss: 0.6023 | Val AUC: 0.7383 | Val Acc: 0.6840 | Val Sen: 0.6829 | Val Spe: 0.6850 | Val F1: 0.6802
[05:08:29.517]  Site-4         | Val Loss: 0.6459 | Val AUC: 0.6855 | Val Acc: 0.6440 | Val Sen: 0.6000 | Val Spe: 0.6957 | Val F1: 0.6454
[05:08:54.672]  Site-5         | Val Loss: 0.5671 | Val AUC: 0.7782 | Val Acc: 0.7080 | Val Sen: 0.6719 | Val Spe: 0.7459 | Val F1: 0.7020
[05:09:20.281]  Site-6         | Val Loss: 0.5785 | Val AUC: 0.7651 | Val Acc: 0.7160 | Val Sen: 0.6638 | Val Spe: 0.7612 | Val F1: 0.6844
[05:09:45.422]  Site-7         | Val Loss: 0.6336 | Val AUC: 0.6939 | Val Acc: 0.6240 | Val Sen: 0.6260 | Val Spe: 0.6220 | Val F1: 0.6210
[05:10:10.741]  Site-8         | Val Loss: 0.6083 | Val AUC: 0.7324 | Val Acc: 0.6720 | Val Sen: 0.6186 | Val Spe: 0.7197 | Val F1: 0.6404
[05:10:35.748]  Site-9         | Val Loss: 0.5785 | Val AUC: 0.7656 | Val Acc: 0.6920 | Val Sen: 0.6423 | Val Spe: 0.7402 | Val F1: 0.6723
[05:11:00.607]  Site-10        | Val Loss: 0.5880 | Val AUC: 0.7545 | Val Acc: 0.6880 | Val Sen: 0.6129 | Val Spe: 0.7619 | Val F1: 0.6609
[05:11:26.179]  Site-11        | Val Loss: 0.6019 | Val AUC: 0.7366 | Val Acc: 0.6680 | Val Sen: 0.6446 | Val Spe: 0.6899 | Val F1: 0.6527
[05:11:50.929]  Site-12        | Val Loss: 0.5866 | Val AUC: 0.7530 | Val Acc: 0.6640 | Val Sen: 0.6356 | Val Spe: 0.6894 | Val F1: 0.6410
[05:12:16.023]  Site-13        | Val Loss: 0.6263 | Val AUC: 0.7171 | Val Acc: 0.6880 | Val Sen: 0.6378 | Val Spe: 0.7398 | Val F1: 0.6750
[05:12:41.178]  Site-14        | Val Loss: 0.5961 | Val AUC: 0.7494 | Val Acc: 0.7080 | Val Sen: 0.6833 | Val Spe: 0.7308 | Val F1: 0.6920
[05:13:06.351]  Site-15        | Val Loss: 0.5812 | Val AUC: 0.7641 | Val Acc: 0.6960 | Val Sen: 0.6565 | Val Spe: 0.7395 | Val F1: 0.6935
[05:13:31.618]  Site-16        | Val Loss: 0.6128 | Val AUC: 0.7291 | Val Acc: 0.6760 | Val Sen: 0.6316 | Val Spe: 0.7265 | Val F1: 0.6747
[05:13:57.283]  Site-17        | Val Loss: 0.6001 | Val AUC: 0.7335 | Val Acc: 0.6720 | Val Sen: 0.6349 | Val Spe: 0.7097 | Val F1: 0.6612
[05:14:22.361]  Site-18        | Val Loss: 0.5907 | Val AUC: 0.7717 | Val Acc: 0.6920 | Val Sen: 0.6992 | Val Spe: 0.6850 | Val F1: 0.6908
[05:14:47.106]  Site-19        | Val Loss: 0.6102 | Val AUC: 0.7259 | Val Acc: 0.6520 | Val Sen: 0.6269 | Val Spe: 0.6810 | Val F1: 0.6588
[05:14:47.111]  Site-Average | Val Loss: 0.5984 | AUC: 0.7431 | Acc: 0.6812 | Sen: 0.6500 | Spe: 0.7128 | F1: 0.6706
[05:14:47.111]  Best Epoch:0 | Avg Val Acc: 0.6812
[05:14:47.114]  Saving the local and server checkpoint to ../../experiments/v1.0/checkpoint/RSNA-ICH/seed3/fed2rmsprop_rounds100_localE1_lr0.0003_batch16_N20_sr1_VN1__rmsproplr=3e-05_PureAvg_DA/model_best_0...
