[05:15:01.863] Domain Adaptation enabled.
[05:15:02.109] [Client 0] Train=750, Val=250, Test=250
[05:15:02.110] [Client 1] Train=750, Val=250, Test=250
[05:15:02.110] [Client 2] Train=750, Val=250, Test=250
[05:15:02.111] [Client 3] Train=750, Val=250, Test=250
[05:15:02.111] [Client 4] Train=750, Val=250, Test=250
[05:15:02.111] [Client 5] Train=750, Val=250, Test=250
[05:15:02.112] [Client 6] Train=750, Val=250, Test=250
[05:15:02.112] [Client 7] Train=750, Val=250, Test=250
[05:15:02.113] [Client 8] Train=750, Val=250, Test=250
[05:15:02.113] [Client 9] Train=750, Val=250, Test=250
[05:15:02.114] [Client 10] Train=750, Val=250, Test=250
[05:15:02.114] [Client 11] Train=750, Val=250, Test=250
[05:15:02.114] [Client 12] Train=750, Val=250, Test=250
[05:15:02.115] [Client 13] Train=750, Val=250, Test=250
[05:15:02.115] [Client 14] Train=750, Val=250, Test=250
[05:15:02.116] [Client 15] Train=750, Val=250, Test=250
[05:15:02.116] [Client 16] Train=750, Val=250, Test=250
[05:15:02.116] [Client 17] Train=750, Val=250, Test=250
[05:15:02.117] [Client 18] Train=750, Val=250, Test=250
[05:15:02.117] [Client 19] Train=750, Val=250, Test=250
[05:15:02.118] [Virtual Client 0-0] Train=750
[05:15:02.119] [Virtual Client 1-0] Train=750
[05:15:02.119] [Virtual Client 2-0] Train=750
[05:15:02.119] [Virtual Client 3-0] Train=750
[05:15:02.120] [Virtual Client 4-0] Train=750
[05:15:02.120] [Virtual Client 5-0] Train=750
[05:15:02.121] [Virtual Client 6-0] Train=750
[05:15:02.121] [Virtual Client 7-0] Train=750
[05:15:02.122] [Virtual Client 8-0] Train=750
[05:15:02.122] [Virtual Client 9-0] Train=750
[05:15:02.122] [Virtual Client 10-0] Train=750
[05:15:02.123] [Virtual Client 11-0] Train=750
[05:15:02.123] [Virtual Client 12-0] Train=750
[05:15:02.124] [Virtual Client 13-0] Train=750
[05:15:02.124] [Virtual Client 14-0] Train=750
[05:15:02.125] [Virtual Client 15-0] Train=750
[05:15:02.125] [Virtual Client 16-0] Train=750
[05:15:02.125] [Virtual Client 17-0] Train=750
[05:15:02.126] [Virtual Client 18-0] Train=750
[05:15:02.126] [Virtual Client 19-0] Train=750
[05:15:02.131] Client Weights: [0.05, 0.05, 0.05, 0.05, 0.05, 0.05, 0.05, 0.05, 0.05, 0.05, 0.05, 0.05, 0.05, 0.05, 0.05, 0.05, 0.05, 0.05, 0.05, 0.05]
[05:15:02.131] Training Clients:[0, 1, 2, 3, 4, 5, 6, 7, 8, 9, 10, 11, 12, 13, 14, 15, 16, 17, 18, 19]
[05:15:02.131] Val Clients:[0, 1, 2, 3, 4, 5, 6, 7, 8, 9, 10, 11, 12, 13, 14, 15, 16, 17, 18, 19]
[05:15:02.131] =============== args ================
[05:15:02.131] Namespace(clients=20, virtual_clients=1, lr=0.0003, lr_decay=-1, early=False, batch=16, rounds=100, local_epochs=1, mode='dpsgd', pretrain=False, exp=None, save_path='../../experiments/v1.0/checkpoint/RSNA-ICH/seed3/dpsgd_rounds100_localE1_lr0.0003_batch16_N20_sr1_VN1_overhead_z0.5_delta0.01_adaclip_PureAvg_DA', resume=False, gpu='0', seed=3, debug=False, data='RSNA-ICH', sample_rate=1, leave='no', merge=False, balance=False, weighted_avg=False, split='UNI', local_bn=False, generalize=False, gn=False, selu=False, comb='times', free=-1, noisy=-1, alpha=1.0, adaclip=True, noclip=False, ema=0.0, mu=0.001, S=10, epsilon=None, noise_multiplier=0.5, delta=0.01, accountant='prv', dp_mode='overhead', balance_split=False, test=False, ckpt='None', adam_lr=0.1, dp2_interval=3, rmsprop_lr=1, ada_vn=False, init_vn=False, ada_stable=False, ada_prog=False, domain_adaptation=True, log_path='../../experiments/v1.0/log/RSNA-ICH/seed3/dpsgd_rounds100_localE1_lr0.0003_batch16_N20_sr1_VN1_overhead_z0.5_delta0.01_adaclip_PureAvg_DA')
[05:15:08.386] Using noise multiplier=0.5 and sigma on aggregation=0.25 to satisfy (245.5990192385698,0.01)-DP.
[05:15:08.387] Using adaptive clipping.
[05:15:08.387] Using prv accountant.
[05:15:08.471] ============ Round 0, Local train epoch 0 ============
[05:18:30.357]  Site-0         | Train Loss: 0.6377 | Train AUC: 0.6877  | Train Acc: 0.6359  | Train Sen: 0.5602  | Train Spe: 0.7071  | Train F1: 0.5988 
[05:21:48.827]  Site-1         | Train Loss: 0.6076 | Train AUC: 0.7400  | Train Acc: 0.6902  | Train Sen: 0.6754  | Train Spe: 0.7062  | Train F1: 0.6935 
[05:25:09.071]  Site-2         | Train Loss: 0.6439 | Train AUC: 0.6748  | Train Acc: 0.6019  | Train Sen: 0.5109  | Train Spe: 0.6929  | Train F1: 0.5620 
[05:28:29.815]  Site-3         | Train Loss: 0.6057 | Train AUC: 0.7384  | Train Acc: 0.7120  | Train Sen: 0.5906  | Train Spe: 0.8173  | Train F1: 0.6558 
[05:31:46.238]  Site-4         | Train Loss: 0.6620 | Train AUC: 0.6597  | Train Acc: 0.6196  | Train Sen: 0.5424  | Train Spe: 0.6911  | Train F1: 0.5783 
[05:35:01.879]  Site-5         | Train Loss: 0.6304 | Train AUC: 0.7017  | Train Acc: 0.6399  | Train Sen: 0.5686  | Train Spe: 0.7071  | Train F1: 0.6051 
[05:38:14.530]  Site-6         | Train Loss: 0.6439 | Train AUC: 0.6881  | Train Acc: 0.6372  | Train Sen: 0.5956  | Train Spe: 0.6784  | Train F1: 0.6202 
[05:41:36.048]  Site-7         | Train Loss: 0.6231 | Train AUC: 0.7180  | Train Acc: 0.6535  | Train Sen: 0.5873  | Train Spe: 0.7173  | Train F1: 0.6244 
[05:44:54.737]  Site-8         | Train Loss: 0.6528 | Train AUC: 0.6852  | Train Acc: 0.6508  | Train Sen: 0.6070  | Train Spe: 0.6948  | Train F1: 0.6355 
[05:48:18.120]  Site-9         | Train Loss: 0.6142 | Train AUC: 0.7243  | Train Acc: 0.6576  | Train Sen: 0.6310  | Train Spe: 0.6851  | Train F1: 0.6519 
[05:51:36.316]  Site-10        | Train Loss: 0.6481 | Train AUC: 0.6919  | Train Acc: 0.6399  | Train Sen: 0.6510  | Train Spe: 0.6278  | Train F1: 0.6536 
[05:54:55.564]  Site-11        | Train Loss: 0.6331 | Train AUC: 0.6903  | Train Acc: 0.6155  | Train Sen: 0.6777  | Train Spe: 0.5449  | Train F1: 0.6519 
[05:58:14.238]  Site-12        | Train Loss: 0.6582 | Train AUC: 0.6844  | Train Acc: 0.6304  | Train Sen: 0.6476  | Train Spe: 0.6096  | Train F1: 0.6574 
[06:01:34.487]  Site-13        | Train Loss: 0.6394 | Train AUC: 0.7195  | Train Acc: 0.6834  | Train Sen: 0.6393  | Train Spe: 0.7270  | Train F1: 0.6676 
[06:04:50.971]  Site-14        | Train Loss: 0.6334 | Train AUC: 0.7067  | Train Acc: 0.6535  | Train Sen: 0.5714  | Train Spe: 0.7309  | Train F1: 0.6154 
[06:08:08.726]  Site-15        | Train Loss: 0.6042 | Train AUC: 0.7413  | Train Acc: 0.6889  | Train Sen: 0.6503  | Train Spe: 0.7314  | Train F1: 0.6867 
[06:11:30.755]  Site-16        | Train Loss: 0.6353 | Train AUC: 0.7088  | Train Acc: 0.6630  | Train Sen: 0.6243  | Train Spe: 0.7005  | Train F1: 0.6457 
[06:14:50.324]  Site-17        | Train Loss: 0.6327 | Train AUC: 0.7076  | Train Acc: 0.6522  | Train Sen: 0.6515  | Train Spe: 0.6529  | Train F1: 0.6550 
[06:18:15.129]  Site-18        | Train Loss: 0.6085 | Train AUC: 0.7403  | Train Acc: 0.6902  | Train Sen: 0.6118  | Train Spe: 0.7576  | Train F1: 0.6460 
[06:21:39.489]  Site-19        | Train Loss: 0.6137 | Train AUC: 0.7246  | Train Acc: 0.6753  | Train Sen: 0.5922  | Train Spe: 0.7540  | Train F1: 0.6395 
[06:21:41.409] Update sigma on aggregation=0.13910707235336303; clip bound update=5.5642828941345215
[06:22:08.881]  Site-0         | Val Loss: 2.1413 | Val AUC: 0.3587 | Val Acc: 0.4560 | Val Sen: 0.0000 | Val Spe: 1.0000 | Val F1: 0.0000
[06:22:34.330]  Site-1         | Val Loss: 1.9310 | Val AUC: 0.3440 | Val Acc: 0.5200 | Val Sen: 0.0000 | Val Spe: 1.0000 | Val F1: 0.0000
[06:22:59.111]  Site-2         | Val Loss: 1.9455 | Val AUC: 0.3130 | Val Acc: 0.5200 | Val Sen: 0.0000 | Val Spe: 1.0000 | Val F1: 0.0000
[06:23:24.861]  Site-3         | Val Loss: 1.9595 | Val AUC: 0.3519 | Val Acc: 0.5080 | Val Sen: 0.0000 | Val Spe: 1.0000 | Val F1: 0.0000
[06:23:51.286]  Site-4         | Val Loss: 2.1047 | Val AUC: 0.4019 | Val Acc: 0.4600 | Val Sen: 0.0000 | Val Spe: 1.0000 | Val F1: 0.0000
[06:24:16.185]  Site-5         | Val Loss: 2.0096 | Val AUC: 0.3547 | Val Acc: 0.4880 | Val Sen: 0.0000 | Val Spe: 1.0000 | Val F1: 0.0000
[06:24:41.264]  Site-6         | Val Loss: 1.8771 | Val AUC: 0.3460 | Val Acc: 0.5360 | Val Sen: 0.0000 | Val Spe: 1.0000 | Val F1: 0.0000
[06:25:06.427]  Site-7         | Val Loss: 1.9307 | Val AUC: 0.3906 | Val Acc: 0.5080 | Val Sen: 0.0000 | Val Spe: 1.0000 | Val F1: 0.0000
[06:25:31.494]  Site-8         | Val Loss: 1.9160 | Val AUC: 0.3583 | Val Acc: 0.5280 | Val Sen: 0.0000 | Val Spe: 1.0000 | Val F1: 0.0000
[06:25:56.670]  Site-9         | Val Loss: 2.0261 | Val AUC: 0.2791 | Val Acc: 0.5080 | Val Sen: 0.0000 | Val Spe: 1.0000 | Val F1: 0.0000
[06:26:21.537]  Site-10        | Val Loss: 1.9873 | Val AUC: 0.3737 | Val Acc: 0.5040 | Val Sen: 0.0000 | Val Spe: 1.0000 | Val F1: 0.0000
[06:26:45.714]  Site-11        | Val Loss: 1.9347 | Val AUC: 0.3708 | Val Acc: 0.5160 | Val Sen: 0.0000 | Val Spe: 1.0000 | Val F1: 0.0000
[06:27:12.502]  Site-12        | Val Loss: 1.8859 | Val AUC: 0.3518 | Val Acc: 0.5280 | Val Sen: 0.0000 | Val Spe: 1.0000 | Val F1: 0.0000
[06:27:37.167]  Site-13        | Val Loss: 1.9947 | Val AUC: 0.3632 | Val Acc: 0.4920 | Val Sen: 0.0000 | Val Spe: 1.0000 | Val F1: 0.0000
[06:28:02.828]  Site-14        | Val Loss: 1.9364 | Val AUC: 0.3419 | Val Acc: 0.5200 | Val Sen: 0.0000 | Val Spe: 1.0000 | Val F1: 0.0000
[06:28:29.429]  Site-15        | Val Loss: 2.1053 | Val AUC: 0.3210 | Val Acc: 0.4760 | Val Sen: 0.0000 | Val Spe: 1.0000 | Val F1: 0.0000
[06:28:54.524]  Site-16        | Val Loss: 2.0704 | Val AUC: 0.3536 | Val Acc: 0.4680 | Val Sen: 0.0000 | Val Spe: 1.0000 | Val F1: 0.0000
[06:29:20.691]  Site-17        | Val Loss: 1.9229 | Val AUC: 0.4274 | Val Acc: 0.4960 | Val Sen: 0.0000 | Val Spe: 1.0000 | Val F1: 0.0000
[06:29:45.931]  Site-18        | Val Loss: 1.9555 | Val AUC: 0.3448 | Val Acc: 0.5080 | Val Sen: 0.0000 | Val Spe: 1.0000 | Val F1: 0.0000
[06:30:11.515]  Site-19        | Val Loss: 2.1079 | Val AUC: 0.3700 | Val Acc: 0.4640 | Val Sen: 0.0000 | Val Spe: 1.0000 | Val F1: 0.0000
[06:30:11.517]  Site-Average | Val Loss: 1.9871 | AUC: 0.3558 | Acc: 0.5002 | Sen: 0.0000 | Spe: 1.0000 | F1: 0.0000
[06:30:11.518]  Best Epoch:0 | Avg Val Acc: 0.5002
[06:30:11.522]  Saving the local and server checkpoint to ../../experiments/v1.0/checkpoint/RSNA-ICH/seed3/dpsgd_rounds100_localE1_lr0.0003_batch16_N20_sr1_VN1_overhead_z0.5_delta0.01_adaclip_PureAvg_DA/model_best_0...
