[19:18:46.027] Domain Adaptation enabled.
[19:18:46.268] [Client 0] Train=750, Val=250, Test=250
[19:18:46.268] [Client 1] Train=750, Val=250, Test=250
[19:18:46.269] [Client 2] Train=750, Val=250, Test=250
[19:18:46.269] [Client 3] Train=750, Val=250, Test=250
[19:18:46.269] [Client 4] Train=750, Val=250, Test=250
[19:18:46.270] [Client 5] Train=750, Val=250, Test=250
[19:18:46.270] [Client 6] Train=750, Val=250, Test=250
[19:18:46.271] [Client 7] Train=750, Val=250, Test=250
[19:18:46.271] [Client 8] Train=750, Val=250, Test=250
[19:18:46.272] [Client 9] Train=750, Val=250, Test=250
[19:18:46.272] [Client 10] Train=750, Val=250, Test=250
[19:18:46.272] [Client 11] Train=750, Val=250, Test=250
[19:18:46.273] [Client 12] Train=750, Val=250, Test=250
[19:18:46.273] [Client 13] Train=750, Val=250, Test=250
[19:18:46.274] [Client 14] Train=750, Val=250, Test=250
[19:18:46.274] [Client 15] Train=750, Val=250, Test=250
[19:18:46.275] [Client 16] Train=750, Val=250, Test=250
[19:18:46.276] [Client 17] Train=750, Val=250, Test=250
[19:18:46.276] [Client 18] Train=750, Val=250, Test=250
[19:18:46.277] [Client 19] Train=750, Val=250, Test=250
[19:18:46.277] [Virtual Client 0-0] Train=750
[19:18:46.278] [Virtual Client 1-0] Train=750
[19:18:46.278] [Virtual Client 2-0] Train=750
[19:18:46.279] [Virtual Client 3-0] Train=750
[19:18:46.279] [Virtual Client 4-0] Train=750
[19:18:46.279] [Virtual Client 5-0] Train=750
[19:18:46.280] [Virtual Client 6-0] Train=750
[19:18:46.280] [Virtual Client 7-0] Train=750
[19:18:46.281] [Virtual Client 8-0] Train=750
[19:18:46.281] [Virtual Client 9-0] Train=750
[19:18:46.282] [Virtual Client 10-0] Train=750
[19:18:46.282] [Virtual Client 11-0] Train=750
[19:18:46.283] [Virtual Client 12-0] Train=750
[19:18:46.283] [Virtual Client 13-0] Train=750
[19:18:46.283] [Virtual Client 14-0] Train=750
[19:18:46.284] [Virtual Client 15-0] Train=750
[19:18:46.284] [Virtual Client 16-0] Train=750
[19:18:46.285] [Virtual Client 17-0] Train=750
[19:18:46.285] [Virtual Client 18-0] Train=750
[19:18:46.286] [Virtual Client 19-0] Train=750
[19:18:46.289] Client Weights: [0.05, 0.05, 0.05, 0.05, 0.05, 0.05, 0.05, 0.05, 0.05, 0.05, 0.05, 0.05, 0.05, 0.05, 0.05, 0.05, 0.05, 0.05, 0.05, 0.05]
[19:18:46.290] Training Clients:[0, 1, 2, 3, 4, 5, 6, 7, 8, 9, 10, 11, 12, 13, 14, 15, 16, 17, 18, 19]
[19:18:46.290] Val Clients:[0, 1, 2, 3, 4, 5, 6, 7, 8, 9, 10, 11, 12, 13, 14, 15, 16, 17, 18, 19]
[19:18:46.290] =============== args ================
[19:18:46.290] Namespace(clients=20, virtual_clients=1, lr=0.0003, lr_decay=-1, early=False, batch=16, rounds=100, local_epochs=1, mode='dpsgd', pretrain=False, exp=None, save_path='../../experiments/v1.0/checkpoint/RSNA-ICH/seed0/dpsgd_rounds100_localE1_lr0.0003_batch16_N20_sr1_VN1_overhead_z0.5_delta0.01_adaclip_PureAvg_DA', resume=False, gpu='0', seed=0, debug=False, data='RSNA-ICH', sample_rate=1, leave='no', merge=False, balance=False, weighted_avg=False, split='UNI', local_bn=False, generalize=False, gn=False, selu=False, comb='times', free=-1, noisy=-1, alpha=1.0, adaclip=True, noclip=False, ema=0.0, mu=0.001, S=10, epsilon=None, noise_multiplier=0.5, delta=0.01, accountant='prv', dp_mode='overhead', balance_split=False, test=False, ckpt='None', adam_lr=0.1, dp2_interval=3, rmsprop_lr=1, ada_vn=False, init_vn=False, ada_stable=False, ada_prog=False, domain_adaptation=True, log_path='../../experiments/v1.0/log/RSNA-ICH/seed0/dpsgd_rounds100_localE1_lr0.0003_batch16_N20_sr1_VN1_overhead_z0.5_delta0.01_adaclip_PureAvg_DA')
[19:18:51.045] Using noise multiplier=0.5 and sigma on aggregation=0.25 to satisfy (245.5990192385698,0.01)-DP.
[19:18:51.045] Using adaptive clipping.
[19:18:51.045] Using prv accountant.
[19:18:51.118] ============ Round 0, Local train epoch 0 ============
[19:20:35.654]  Site-0         | Train Loss: 0.6177 | Train AUC: 0.7180  | Train Acc: 0.6562  | Train Sen: 0.5722  | Train Spe: 0.7398  | Train F1: 0.6241 
[19:22:18.868]  Site-1         | Train Loss: 0.6337 | Train AUC: 0.7065  | Train Acc: 0.6522  | Train Sen: 0.6378  | Train Spe: 0.6676  | Train F1: 0.6550 
[19:24:02.745]  Site-2         | Train Loss: 0.6291 | Train AUC: 0.6941  | Train Acc: 0.6264  | Train Sen: 0.5784  | Train Spe: 0.6749  | Train F1: 0.6088 
[19:25:46.928]  Site-3         | Train Loss: 0.6531 | Train AUC: 0.6778  | Train Acc: 0.6359  | Train Sen: 0.6105  | Train Spe: 0.6629  | Train F1: 0.6339 
[19:27:33.102]  Site-4         | Train Loss: 0.6337 | Train AUC: 0.6972  | Train Acc: 0.6440  | Train Sen: 0.6190  | Train Spe: 0.6704  | Train F1: 0.6411 
[19:29:18.863]  Site-5         | Train Loss: 0.6248 | Train AUC: 0.7055  | Train Acc: 0.6821  | Train Sen: 0.5676  | Train Spe: 0.7803  | Train F1: 0.6226 
[19:31:05.542]  Site-6         | Train Loss: 0.6257 | Train AUC: 0.7170  | Train Acc: 0.6467  | Train Sen: 0.6127  | Train Spe: 0.6825  | Train F1: 0.6399 
[19:32:54.367]  Site-7         | Train Loss: 0.6443 | Train AUC: 0.6810  | Train Acc: 0.6345  | Train Sen: 0.5924  | Train Spe: 0.6766  | Train F1: 0.6184 
[19:34:43.535]  Site-8         | Train Loss: 0.6312 | Train AUC: 0.6988  | Train Acc: 0.6780  | Train Sen: 0.5829  | Train Spe: 0.7642  | Train F1: 0.6326 
[19:36:36.421]  Site-9         | Train Loss: 0.6463 | Train AUC: 0.6690  | Train Acc: 0.6141  | Train Sen: 0.5486  | Train Spe: 0.6803  | Train F1: 0.5884 
[19:38:23.383]  Site-10        | Train Loss: 0.6380 | Train AUC: 0.6904  | Train Acc: 0.6345  | Train Sen: 0.5620  | Train Spe: 0.7051  | Train F1: 0.6027 
[19:40:15.481]  Site-11        | Train Loss: 0.6096 | Train AUC: 0.7337  | Train Acc: 0.6821  | Train Sen: 0.6301  | Train Spe: 0.7332  | Train F1: 0.6628 
[19:42:02.939]  Site-12        | Train Loss: 0.6511 | Train AUC: 0.6908  | Train Acc: 0.6562  | Train Sen: 0.6289  | Train Spe: 0.6854  | Train F1: 0.6539 
[19:43:53.738]  Site-13        | Train Loss: 0.6381 | Train AUC: 0.7089  | Train Acc: 0.6630  | Train Sen: 0.5471  | Train Spe: 0.7626  | Train F1: 0.6000 
[19:45:40.844]  Site-14        | Train Loss: 0.6447 | Train AUC: 0.6737  | Train Acc: 0.6372  | Train Sen: 0.5444  | Train Spe: 0.7209  | Train F1: 0.5873 
[19:47:26.894]  Site-15        | Train Loss: 0.6219 | Train AUC: 0.7220  | Train Acc: 0.6739  | Train Sen: 0.6559  | Train Spe: 0.6923  | Train F1: 0.6703 
[19:49:13.530]  Site-16        | Train Loss: 0.6149 | Train AUC: 0.7236  | Train Acc: 0.6739  | Train Sen: 0.6480  | Train Spe: 0.7008  | Train F1: 0.6694 
[19:51:00.985]  Site-17        | Train Loss: 0.6286 | Train AUC: 0.6995  | Train Acc: 0.6495  | Train Sen: 0.6332  | Train Spe: 0.6667  | Train F1: 0.6504 
[19:52:48.523]  Site-18        | Train Loss: 0.6422 | Train AUC: 0.6969  | Train Acc: 0.6576  | Train Sen: 0.5829  | Train Spe: 0.7348  | Train F1: 0.6337 
[19:54:34.972]  Site-19        | Train Loss: 0.6293 | Train AUC: 0.7024  | Train Acc: 0.6440  | Train Sen: 0.6787  | Train Spe: 0.6052  | Train F1: 0.6684 
[19:54:35.669] Update sigma on aggregation=0.138693106174469; clip bound update=5.54772424697876
[19:54:50.832]  Site-0         | Val Loss: 1.0423 | Val AUC: 0.3693 | Val Acc: 0.5200 | Val Sen: 0.0083 | Val Spe: 1.0000 | Val F1: 0.0164
[19:55:04.187]  Site-1         | Val Loss: 1.0227 | Val AUC: 0.3790 | Val Acc: 0.5280 | Val Sen: 0.0000 | Val Spe: 0.9925 | Val F1: 0.0000
[19:55:17.611]  Site-2         | Val Loss: 1.1211 | Val AUC: 0.3040 | Val Acc: 0.4720 | Val Sen: 0.0000 | Val Spe: 0.9593 | Val F1: 0.0000
[19:55:31.071]  Site-3         | Val Loss: 1.1268 | Val AUC: 0.3646 | Val Acc: 0.4440 | Val Sen: 0.0000 | Val Spe: 0.9569 | Val F1: 0.0000
[19:55:44.557]  Site-4         | Val Loss: 1.0553 | Val AUC: 0.3590 | Val Acc: 0.5080 | Val Sen: 0.0082 | Val Spe: 0.9844 | Val F1: 0.0160
[19:55:57.881]  Site-5         | Val Loss: 1.1708 | Val AUC: 0.2988 | Val Acc: 0.4520 | Val Sen: 0.0000 | Val Spe: 0.9741 | Val F1: 0.0000
[19:56:11.513]  Site-6         | Val Loss: 1.0229 | Val AUC: 0.3208 | Val Acc: 0.5320 | Val Sen: 0.0174 | Val Spe: 0.9704 | Val F1: 0.0331
[19:56:24.976]  Site-7         | Val Loss: 1.0163 | Val AUC: 0.3324 | Val Acc: 0.5400 | Val Sen: 0.0000 | Val Spe: 0.9783 | Val F1: 0.0000
[19:56:38.496]  Site-8         | Val Loss: 1.1461 | Val AUC: 0.3431 | Val Acc: 0.4600 | Val Sen: 0.0000 | Val Spe: 0.9914 | Val F1: 0.0000
[19:56:52.310]  Site-9         | Val Loss: 1.1068 | Val AUC: 0.3823 | Val Acc: 0.4680 | Val Sen: 0.0075 | Val Spe: 0.9915 | Val F1: 0.0148
[19:57:05.775]  Site-10        | Val Loss: 1.1392 | Val AUC: 0.2832 | Val Acc: 0.4880 | Val Sen: 0.0000 | Val Spe: 1.0000 | Val F1: 0.0000
[19:57:19.278]  Site-11        | Val Loss: 1.0879 | Val AUC: 0.3420 | Val Acc: 0.4840 | Val Sen: 0.0000 | Val Spe: 1.0000 | Val F1: 0.0000
[19:57:32.709]  Site-12        | Val Loss: 1.0905 | Val AUC: 0.3491 | Val Acc: 0.4960 | Val Sen: 0.0080 | Val Spe: 0.9840 | Val F1: 0.0156
[19:57:46.368]  Site-13        | Val Loss: 1.1562 | Val AUC: 0.2715 | Val Acc: 0.4840 | Val Sen: 0.0000 | Val Spe: 0.9918 | Val F1: 0.0000
[19:57:59.815]  Site-14        | Val Loss: 1.0514 | Val AUC: 0.3346 | Val Acc: 0.5360 | Val Sen: 0.0086 | Val Spe: 0.9925 | Val F1: 0.0169
[19:58:13.477]  Site-15        | Val Loss: 1.0139 | Val AUC: 0.3356 | Val Acc: 0.5440 | Val Sen: 0.0000 | Val Spe: 0.9927 | Val F1: 0.0000
[19:58:27.031]  Site-16        | Val Loss: 1.1693 | Val AUC: 0.3786 | Val Acc: 0.4360 | Val Sen: 0.0071 | Val Spe: 0.9908 | Val F1: 0.0140
[19:58:40.400]  Site-17        | Val Loss: 1.0519 | Val AUC: 0.3908 | Val Acc: 0.4800 | Val Sen: 0.0000 | Val Spe: 0.9836 | Val F1: 0.0000
[19:58:54.339]  Site-18        | Val Loss: 1.0477 | Val AUC: 0.3540 | Val Acc: 0.5040 | Val Sen: 0.0000 | Val Spe: 0.9692 | Val F1: 0.0000
[19:59:07.811]  Site-19        | Val Loss: 1.0774 | Val AUC: 0.3327 | Val Acc: 0.5000 | Val Sen: 0.0000 | Val Spe: 0.9766 | Val F1: 0.0000
[19:59:07.812]  Site-Average | Val Loss: 1.0858 | AUC: 0.3413 | Acc: 0.4938 | Sen: 0.0033 | Spe: 0.9840 | F1: 0.0063
[19:59:07.813]  Best Epoch:0 | Avg Val Acc: 0.4938
[19:59:07.816]  Saving the local and server checkpoint to ../../experiments/v1.0/checkpoint/RSNA-ICH/seed0/dpsgd_rounds100_localE1_lr0.0003_batch16_N20_sr1_VN1_overhead_z0.5_delta0.01_adaclip_PureAvg_DA/model_best_0...
