[20:38:40.926] [Client 0] Train=750, Val=250, Test=250
[20:38:40.927] [Client 1] Train=750, Val=250, Test=250
[20:38:40.927] [Client 2] Train=750, Val=250, Test=250
[20:38:40.928] [Client 3] Train=750, Val=250, Test=250
[20:38:40.929] [Client 4] Train=750, Val=250, Test=250
[20:38:40.930] [Client 5] Train=750, Val=250, Test=250
[20:38:40.930] [Client 6] Train=750, Val=250, Test=250
[20:38:40.931] [Client 7] Train=750, Val=250, Test=250
[20:38:40.931] [Client 8] Train=750, Val=250, Test=250
[20:38:40.932] [Client 9] Train=750, Val=250, Test=250
[20:38:40.932] [Client 10] Train=750, Val=250, Test=250
[20:38:40.933] [Client 11] Train=750, Val=250, Test=250
[20:38:40.934] [Client 12] Train=750, Val=250, Test=250
[20:38:40.934] [Client 13] Train=750, Val=250, Test=250
[20:38:40.935] [Client 14] Train=750, Val=250, Test=250
[20:38:40.935] [Client 15] Train=750, Val=250, Test=250
[20:38:40.935] [Client 16] Train=750, Val=250, Test=250
[20:38:40.936] [Client 17] Train=750, Val=250, Test=250
[20:38:40.937] [Client 18] Train=750, Val=250, Test=250
[20:38:40.937] [Client 19] Train=750, Val=250, Test=250
[20:38:40.938] [Virtual Client 0-0] Train=750
[20:38:40.938] [Virtual Client 1-0] Train=750
[20:38:40.939] [Virtual Client 2-0] Train=750
[20:38:40.939] [Virtual Client 3-0] Train=750
[20:38:40.940] [Virtual Client 4-0] Train=750
[20:38:40.940] [Virtual Client 5-0] Train=750
[20:38:40.940] [Virtual Client 6-0] Train=750
[20:38:40.941] [Virtual Client 7-0] Train=750
[20:38:40.941] [Virtual Client 8-0] Train=750
[20:38:40.942] [Virtual Client 9-0] Train=750
[20:38:40.942] [Virtual Client 10-0] Train=750
[20:38:40.942] [Virtual Client 11-0] Train=750
[20:38:40.943] [Virtual Client 12-0] Train=750
[20:38:40.943] [Virtual Client 13-0] Train=750
[20:38:40.944] [Virtual Client 14-0] Train=750
[20:38:40.944] [Virtual Client 15-0] Train=750
[20:38:40.945] [Virtual Client 16-0] Train=750
[20:38:40.945] [Virtual Client 17-0] Train=750
[20:38:40.945] [Virtual Client 18-0] Train=750
[20:38:40.946] [Virtual Client 19-0] Train=750
[20:38:40.952] Client Weights: [0.05, 0.05, 0.05, 0.05, 0.05, 0.05, 0.05, 0.05, 0.05, 0.05, 0.05, 0.05, 0.05, 0.05, 0.05, 0.05, 0.05, 0.05, 0.05, 0.05]
[20:38:40.952] Training Clients:[0, 1, 2, 3, 4, 5, 6, 7, 8, 9, 10, 11, 12, 13, 14, 15, 16, 17, 18, 19]
[20:38:40.952] Val Clients:[0, 1, 2, 3, 4, 5, 6, 7, 8, 9, 10, 11, 12, 13, 14, 15, 16, 17, 18, 19]
[20:38:40.952] =============== args ================
[20:38:40.953] Namespace(clients=20, virtual_clients=1, lr=0.0003, lr_decay=-1, early=False, batch=16, rounds=100, local_epochs=1, mode='dp2rmsprop', pretrain=False, exp=None, save_path='../../experiments/v1.0/checkpoint/RSNA-ICH/seed12/dp2rmsprop_rounds100_localE1_lr0.0003_batch16_N20_sr1_VN1_overhead_z0.5_delta0.01_adaclip_rmsproplr=3e-05_PureAvg_gamma_da=0.1_init_lambda=0.03_DA', resume=False, gpu='0', seed=12, debug=False, data='RSNA-ICH', sample_rate=1, leave='no', merge=False, balance=False, weighted_avg=False, split='UNI', local_bn=False, generalize=False, gn=False, selu=False, comb='times', free=-1, noisy=-1, alpha=1.0, adaclip=True, noclip=False, ema=0.0, mu=0.001, S=10, epsilon=None, noise_multiplier=0.5, delta=0.01, accountant='prv', dp_mode='overhead', balance_split=False, test=False, ckpt='None', adam_lr=0.1, dp2_interval=3, rmsprop_lr=3e-05, ada_vn=False, init_vn=False, ada_stable=False, ada_prog=False, gamma_da=0.1, class_weights=None, domain_adaptation=True, init_lambda=0.03, lambda_schedule='linear', log_path='../../experiments/v1.0/log/RSNA-ICH/seed12/dp2rmsprop_rounds100_localE1_lr0.0003_batch16_N20_sr1_VN1_overhead_z0.5_delta0.01_adaclip_rmsproplr=3e-05_PureAvg_gamma_da=0.1_init_lambda=0.03_DA')
[20:38:48.896] Using noise multiplier=0.5 and sigma on aggregation=0.25 to satisfy (245.5990192385698,0.01)-DP.
[20:38:48.897] Using adaptive clipping.
[20:38:48.897] Using prv accountant.
[20:38:48.903] Using domain loss weight (gamma): 0.1
[20:38:48.982] ============ Round 0, Local train epoch 0 ============
[20:44:08.837] Avg Domain Loss: 0.6431
[20:44:08.913]  Site-0         | Train Loss: 0.6450 | Train AUC: 0.6871  | Train Acc: 0.6291  | Train Sen: 0.5942  | Train Spe: 0.6657  | Train F1: 0.6214 
[20:49:17.943] Avg Domain Loss: 0.6408
[20:49:18.056]  Site-1         | Train Loss: 0.6344 | Train AUC: 0.7035  | Train Acc: 0.6495  | Train Sen: 0.6164  | Train Spe: 0.6819  | Train F1: 0.6356 
[20:54:38.457] Avg Domain Loss: 0.6419
[20:54:38.568]  Site-2         | Train Loss: 0.6404 | Train AUC: 0.6944  | Train Acc: 0.6522  | Train Sen: 0.5914  | Train Spe: 0.7143  | Train F1: 0.6322 
[20:59:56.053] Avg Domain Loss: 0.6442
[20:59:56.172]  Site-3         | Train Loss: 0.6343 | Train AUC: 0.7020  | Train Acc: 0.6644  | Train Sen: 0.5808  | Train Spe: 0.7466  | Train F1: 0.6319 
[21:05:15.021] Avg Domain Loss: 0.6441
[21:05:15.134]  Site-4         | Train Loss: 0.6467 | Train AUC: 0.6962  | Train Acc: 0.6413  | Train Sen: 0.6011  | Train Spe: 0.6779  | Train F1: 0.6152 
[21:10:40.121] Avg Domain Loss: 0.6448
[21:10:40.309]  Site-5         | Train Loss: 0.6336 | Train AUC: 0.6983  | Train Acc: 0.6576  | Train Sen: 0.6023  | Train Spe: 0.7056  | Train F1: 0.6205 
[21:16:23.411] Avg Domain Loss: 0.6416
[21:16:23.556]  Site-6         | Train Loss: 0.6372 | Train AUC: 0.7154  | Train Acc: 0.6712  | Train Sen: 0.6658  | Train Spe: 0.6767  | Train F1: 0.6712 
[21:21:52.698] Avg Domain Loss: 0.6426
[21:21:52.779]  Site-7         | Train Loss: 0.6314 | Train AUC: 0.7033  | Train Acc: 0.6481  | Train Sen: 0.6144  | Train Spe: 0.6833  | Train F1: 0.6408 
[21:27:30.316] Avg Domain Loss: 0.6430
[21:27:30.417]  Site-8         | Train Loss: 0.6270 | Train AUC: 0.7068  | Train Acc: 0.6590  | Train Sen: 0.5968  | Train Spe: 0.7225  | Train F1: 0.6388 
[21:33:00.580] Avg Domain Loss: 0.6408
[21:33:00.641]  Site-9         | Train Loss: 0.6377 | Train AUC: 0.6857  | Train Acc: 0.6467  | Train Sen: 0.7125  | Train Spe: 0.5653  | Train F1: 0.6905 
[21:38:26.851] Avg Domain Loss: 0.6389
[21:38:26.983]  Site-10        | Train Loss: 0.6471 | Train AUC: 0.6773  | Train Acc: 0.6291  | Train Sen: 0.5642  | Train Spe: 0.6905  | Train F1: 0.5968 
[21:43:59.016] Avg Domain Loss: 0.6425
[21:43:59.099]  Site-11        | Train Loss: 0.6603 | Train AUC: 0.6578  | Train Acc: 0.6141  | Train Sen: 0.6038  | Train Spe: 0.6243  | Train F1: 0.6088 
[21:49:22.894] Avg Domain Loss: 0.6405
[21:49:23.037]  Site-12        | Train Loss: 0.6212 | Train AUC: 0.7178  | Train Acc: 0.6576  | Train Sen: 0.6181  | Train Spe: 0.6962  | Train F1: 0.6410 
[21:54:49.371] Avg Domain Loss: 0.6452
[21:54:49.473]  Site-13        | Train Loss: 0.6322 | Train AUC: 0.7043  | Train Acc: 0.6603  | Train Sen: 0.6120  | Train Spe: 0.7081  | Train F1: 0.6418 
[22:00:04.064] Avg Domain Loss: 0.6428
[22:00:04.134]  Site-14        | Train Loss: 0.6259 | Train AUC: 0.7116  | Train Acc: 0.6630  | Train Sen: 0.6349  | Train Spe: 0.6911  | Train F1: 0.6527 
[22:05:23.675] Avg Domain Loss: 0.6398
[22:05:23.755]  Site-15        | Train Loss: 0.6370 | Train AUC: 0.6896  | Train Acc: 0.6454  | Train Sen: 0.5892  | Train Spe: 0.7022  | Train F1: 0.6255 
[22:10:49.435] Avg Domain Loss: 0.6418
[22:10:49.543]  Site-16        | Train Loss: 0.6490 | Train AUC: 0.7060  | Train Acc: 0.6562  | Train Sen: 0.6571  | Train Spe: 0.6554  | Train F1: 0.6649 
[22:16:05.297] Avg Domain Loss: 0.6436
[22:16:05.410]  Site-17        | Train Loss: 0.6473 | Train AUC: 0.6727  | Train Acc: 0.6345  | Train Sen: 0.5845  | Train Spe: 0.6860  | Train F1: 0.6184 
[22:21:24.071] Avg Domain Loss: 0.6420
[22:21:24.218]  Site-18        | Train Loss: 0.6382 | Train AUC: 0.7100  | Train Acc: 0.6698  | Train Sen: 0.6529  | Train Spe: 0.6863  | Train F1: 0.6611 
[22:26:42.105] Avg Domain Loss: 0.6432
[22:26:42.226]  Site-19        | Train Loss: 0.6167 | Train AUC: 0.7235  | Train Acc: 0.6739  | Train Sen: 0.6034  | Train Spe: 0.7371  | Train F1: 0.6364 
[22:26:43.973] Update sigma on aggregation=0.13903777599334716; clip bound update=5.561511039733887
[22:27:27.705]  Site-0         | Val Loss: 0.7703 | Val AUC: 0.4432 | Val Acc: 0.4840 | Val Sen: 0.3277 | Val Spe: 0.6260 | Val F1: 0.3768
[22:28:06.858]  Site-1         | Val Loss: 0.7874 | Val AUC: 0.3884 | Val Acc: 0.4200 | Val Sen: 0.2276 | Val Spe: 0.6063 | Val F1: 0.2786
[22:28:47.150]  Site-2         | Val Loss: 0.7820 | Val AUC: 0.4293 | Val Acc: 0.4400 | Val Sen: 0.2812 | Val Spe: 0.6066 | Val F1: 0.3396
[22:29:27.157]  Site-3         | Val Loss: 0.7891 | Val AUC: 0.3934 | Val Acc: 0.4760 | Val Sen: 0.2835 | Val Spe: 0.6748 | Val F1: 0.3547
[22:30:08.352]  Site-4         | Val Loss: 0.7919 | Val AUC: 0.3807 | Val Acc: 0.4120 | Val Sen: 0.2301 | Val Spe: 0.5620 | Val F1: 0.2613
[22:30:49.553]  Site-5         | Val Loss: 0.8137 | Val AUC: 0.3581 | Val Acc: 0.4200 | Val Sen: 0.2562 | Val Spe: 0.5736 | Val F1: 0.2995
[22:31:31.599]  Site-6         | Val Loss: 0.8260 | Val AUC: 0.3293 | Val Acc: 0.3800 | Val Sen: 0.1984 | Val Spe: 0.5645 | Val F1: 0.2439
[22:32:17.786]  Site-7         | Val Loss: 0.7866 | Val AUC: 0.3851 | Val Acc: 0.4680 | Val Sen: 0.2632 | Val Spe: 0.6397 | Val F1: 0.3109
[22:33:00.478]  Site-8         | Val Loss: 0.7770 | Val AUC: 0.4174 | Val Acc: 0.4760 | Val Sen: 0.2544 | Val Spe: 0.6618 | Val F1: 0.3069
[22:33:46.483]  Site-9         | Val Loss: 0.8087 | Val AUC: 0.3567 | Val Acc: 0.4160 | Val Sen: 0.2160 | Val Spe: 0.6160 | Val F1: 0.2700
[22:34:30.655]  Site-10        | Val Loss: 0.7659 | Val AUC: 0.4023 | Val Acc: 0.4800 | Val Sen: 0.2667 | Val Spe: 0.6769 | Val F1: 0.3299
[22:35:12.321]  Site-11        | Val Loss: 0.7677 | Val AUC: 0.4278 | Val Acc: 0.4680 | Val Sen: 0.2645 | Val Spe: 0.6589 | Val F1: 0.3249
[22:35:53.980]  Site-12        | Val Loss: 0.8373 | Val AUC: 0.3538 | Val Acc: 0.4040 | Val Sen: 0.2721 | Val Spe: 0.5922 | Val F1: 0.3493
[22:36:35.039]  Site-13        | Val Loss: 0.7986 | Val AUC: 0.4029 | Val Acc: 0.4160 | Val Sen: 0.2606 | Val Spe: 0.6204 | Val F1: 0.3364
[22:37:17.472]  Site-14        | Val Loss: 0.7737 | Val AUC: 0.4315 | Val Acc: 0.4480 | Val Sen: 0.2500 | Val Spe: 0.6429 | Val F1: 0.3100
[22:37:57.880]  Site-15        | Val Loss: 0.8002 | Val AUC: 0.4022 | Val Acc: 0.4080 | Val Sen: 0.2424 | Val Spe: 0.5932 | Val F1: 0.3019
[22:38:39.656]  Site-16        | Val Loss: 0.7913 | Val AUC: 0.3908 | Val Acc: 0.4360 | Val Sen: 0.2276 | Val Spe: 0.6378 | Val F1: 0.2843
[22:39:23.367]  Site-17        | Val Loss: 0.7690 | Val AUC: 0.4348 | Val Acc: 0.4480 | Val Sen: 0.2619 | Val Spe: 0.6371 | Val F1: 0.3235
[22:40:06.157]  Site-18        | Val Loss: 0.7717 | Val AUC: 0.4165 | Val Acc: 0.4120 | Val Sen: 0.2326 | Val Spe: 0.6033 | Val F1: 0.2899
[22:40:49.102]  Site-19        | Val Loss: 0.7892 | Val AUC: 0.3993 | Val Acc: 0.4320 | Val Sen: 0.2480 | Val Spe: 0.6160 | Val F1: 0.3039
[22:40:49.103]  Site-Average | Val Loss: 0.7899 | AUC: 0.3972 | Acc: 0.4372 | Sen: 0.2532 | Spe: 0.6205 | F1: 0.3098
[22:40:49.105]  Best Epoch:0 | Avg Val Acc: 0.4372
[22:40:49.114]  Saving the local and server checkpoint to ../../experiments/v1.0/checkpoint/RSNA-ICH/seed12/dp2rmsprop_rounds100_localE1_lr0.0003_batch16_N20_sr1_VN1_overhead_z0.5_delta0.01_adaclip_rmsproplr=3e-05_PureAvg_gamma_da=0.1_init_lambda=0.03_DA/model_best_0...
