[01:21:57.259] Domain Adaptation enabled.
[01:21:57.500] [Client 0] Train=750, Val=250, Test=250
[01:21:57.501] [Client 1] Train=750, Val=250, Test=250
[01:21:57.501] [Client 2] Train=750, Val=250, Test=250
[01:21:57.501] [Client 3] Train=750, Val=250, Test=250
[01:21:57.502] [Client 4] Train=750, Val=250, Test=250
[01:21:57.502] [Client 5] Train=750, Val=250, Test=250
[01:21:57.503] [Client 6] Train=750, Val=250, Test=250
[01:21:57.503] [Client 7] Train=750, Val=250, Test=250
[01:21:57.503] [Client 8] Train=750, Val=250, Test=250
[01:21:57.504] [Client 9] Train=750, Val=250, Test=250
[01:21:57.504] [Client 10] Train=750, Val=250, Test=250
[01:21:57.505] [Client 11] Train=750, Val=250, Test=250
[01:21:57.505] [Client 12] Train=750, Val=250, Test=250
[01:21:57.506] [Client 13] Train=750, Val=250, Test=250
[01:21:57.506] [Client 14] Train=750, Val=250, Test=250
[01:21:57.507] [Client 15] Train=750, Val=250, Test=250
[01:21:57.508] [Client 16] Train=750, Val=250, Test=250
[01:21:57.508] [Client 17] Train=750, Val=250, Test=250
[01:21:57.509] [Client 18] Train=750, Val=250, Test=250
[01:21:57.509] [Client 19] Train=750, Val=250, Test=250
[01:21:57.510] [Virtual Client 0-0] Train=750
[01:21:57.510] [Virtual Client 1-0] Train=750
[01:21:57.511] [Virtual Client 2-0] Train=750
[01:21:57.511] [Virtual Client 3-0] Train=750
[01:21:57.511] [Virtual Client 4-0] Train=750
[01:21:57.512] [Virtual Client 5-0] Train=750
[01:21:57.512] [Virtual Client 6-0] Train=750
[01:21:57.513] [Virtual Client 7-0] Train=750
[01:21:57.513] [Virtual Client 8-0] Train=750
[01:21:57.514] [Virtual Client 9-0] Train=750
[01:21:57.514] [Virtual Client 10-0] Train=750
[01:21:57.514] [Virtual Client 11-0] Train=750
[01:21:57.515] [Virtual Client 12-0] Train=750
[01:21:57.515] [Virtual Client 13-0] Train=750
[01:21:57.516] [Virtual Client 14-0] Train=750
[01:21:57.516] [Virtual Client 15-0] Train=750
[01:21:57.516] [Virtual Client 16-0] Train=750
[01:21:57.517] [Virtual Client 17-0] Train=750
[01:21:57.517] [Virtual Client 18-0] Train=750
[01:21:57.518] [Virtual Client 19-0] Train=750
[01:21:57.521] Client Weights: [0.05, 0.05, 0.05, 0.05, 0.05, 0.05, 0.05, 0.05, 0.05, 0.05, 0.05, 0.05, 0.05, 0.05, 0.05, 0.05, 0.05, 0.05, 0.05, 0.05]
[01:21:57.522] Training Clients:[0, 1, 2, 3, 4, 5, 6, 7, 8, 9, 10, 11, 12, 13, 14, 15, 16, 17, 18, 19]
[01:21:57.522] Val Clients:[0, 1, 2, 3, 4, 5, 6, 7, 8, 9, 10, 11, 12, 13, 14, 15, 16, 17, 18, 19]
[01:21:57.522] =============== args ================
[01:21:57.522] Namespace(clients=20, virtual_clients=1, lr=0.0003, lr_decay=-1, early=False, batch=16, rounds=100, local_epochs=1, mode='dpadam', pretrain=False, exp=None, save_path='../../experiments/v1.0/checkpoint/RSNA-ICH/seed0/dpadam_rounds100_localE1_lr0.0003_batch16_N20_sr1_VN1_overhead_z1.5_delta0.01_adaclip_adamlr=0.003_PureAvg_DA', resume=False, gpu='0', seed=0, debug=False, data='RSNA-ICH', sample_rate=1, leave='no', merge=False, balance=False, weighted_avg=False, split='UNI', local_bn=False, generalize=False, gn=False, selu=False, comb='times', free=-1, noisy=-1, alpha=1.0, adaclip=True, noclip=False, ema=0.0, mu=0.001, S=10, epsilon=None, noise_multiplier=1.5, delta=0.01, accountant='prv', dp_mode='overhead', balance_split=False, test=False, ckpt='None', adam_lr=0.003, dp2_interval=3, rmsprop_lr=1, ada_vn=False, init_vn=False, ada_stable=False, ada_prog=False, domain_adaptation=True, log_path='../../experiments/v1.0/log/RSNA-ICH/seed0/dpadam_rounds100_localE1_lr0.0003_batch16_N20_sr1_VN1_overhead_z1.5_delta0.01_adaclip_adamlr=0.003_PureAvg_DA')
[01:21:59.749] Using noise multiplier=1.5 and sigma on aggregation=0.75 to satisfy (36.88917782788349,0.01)-DP.
[01:21:59.749] Using adaptive clipping.
[01:21:59.749] Using prv accountant.
[01:21:59.823] ============ Round 0, Local train epoch 0 ============
[01:23:44.963]  Site-0         | Train Loss: 0.6177 | Train AUC: 0.7180  | Train Acc: 0.6562  | Train Sen: 0.5722  | Train Spe: 0.7398  | Train F1: 0.6241 
[01:25:32.059]  Site-1         | Train Loss: 0.6337 | Train AUC: 0.7065  | Train Acc: 0.6522  | Train Sen: 0.6378  | Train Spe: 0.6676  | Train F1: 0.6550 
[01:27:18.115]  Site-2         | Train Loss: 0.6291 | Train AUC: 0.6941  | Train Acc: 0.6264  | Train Sen: 0.5784  | Train Spe: 0.6749  | Train F1: 0.6088 
[01:29:01.835]  Site-3         | Train Loss: 0.6531 | Train AUC: 0.6778  | Train Acc: 0.6359  | Train Sen: 0.6105  | Train Spe: 0.6629  | Train F1: 0.6339 
[01:30:45.543]  Site-4         | Train Loss: 0.6337 | Train AUC: 0.6972  | Train Acc: 0.6440  | Train Sen: 0.6190  | Train Spe: 0.6704  | Train F1: 0.6411 
[01:32:30.614]  Site-5         | Train Loss: 0.6248 | Train AUC: 0.7055  | Train Acc: 0.6821  | Train Sen: 0.5676  | Train Spe: 0.7803  | Train F1: 0.6226 
[01:34:23.521]  Site-6         | Train Loss: 0.6257 | Train AUC: 0.7170  | Train Acc: 0.6467  | Train Sen: 0.6127  | Train Spe: 0.6825  | Train F1: 0.6399 
[01:36:15.013]  Site-7         | Train Loss: 0.6443 | Train AUC: 0.6810  | Train Acc: 0.6345  | Train Sen: 0.5924  | Train Spe: 0.6766  | Train F1: 0.6184 
[01:37:58.173]  Site-8         | Train Loss: 0.6312 | Train AUC: 0.6988  | Train Acc: 0.6780  | Train Sen: 0.5829  | Train Spe: 0.7642  | Train F1: 0.6326 
[01:39:40.685]  Site-9         | Train Loss: 0.6463 | Train AUC: 0.6690  | Train Acc: 0.6141  | Train Sen: 0.5486  | Train Spe: 0.6803  | Train F1: 0.5884 
[01:41:27.278]  Site-10        | Train Loss: 0.6380 | Train AUC: 0.6904  | Train Acc: 0.6345  | Train Sen: 0.5620  | Train Spe: 0.7051  | Train F1: 0.6027 
[01:43:14.444]  Site-11        | Train Loss: 0.6096 | Train AUC: 0.7337  | Train Acc: 0.6821  | Train Sen: 0.6301  | Train Spe: 0.7332  | Train F1: 0.6628 
[01:45:01.496]  Site-12        | Train Loss: 0.6511 | Train AUC: 0.6908  | Train Acc: 0.6562  | Train Sen: 0.6289  | Train Spe: 0.6854  | Train F1: 0.6539 
[01:46:47.811]  Site-13        | Train Loss: 0.6381 | Train AUC: 0.7089  | Train Acc: 0.6630  | Train Sen: 0.5471  | Train Spe: 0.7626  | Train F1: 0.6000 
[01:48:35.335]  Site-14        | Train Loss: 0.6447 | Train AUC: 0.6737  | Train Acc: 0.6372  | Train Sen: 0.5444  | Train Spe: 0.7209  | Train F1: 0.5873 
[01:50:22.190]  Site-15        | Train Loss: 0.6219 | Train AUC: 0.7220  | Train Acc: 0.6739  | Train Sen: 0.6559  | Train Spe: 0.6923  | Train F1: 0.6703 
[01:52:08.592]  Site-16        | Train Loss: 0.6149 | Train AUC: 0.7236  | Train Acc: 0.6739  | Train Sen: 0.6480  | Train Spe: 0.7008  | Train F1: 0.6694 
[01:53:56.684]  Site-17        | Train Loss: 0.6286 | Train AUC: 0.6995  | Train Acc: 0.6495  | Train Sen: 0.6332  | Train Spe: 0.6667  | Train F1: 0.6504 
[01:55:44.526]  Site-18        | Train Loss: 0.6422 | Train AUC: 0.6969  | Train Acc: 0.6576  | Train Sen: 0.5829  | Train Spe: 0.7348  | Train F1: 0.6337 
[01:57:31.662]  Site-19        | Train Loss: 0.6293 | Train AUC: 0.7024  | Train Acc: 0.6440  | Train Sen: 0.6787  | Train Spe: 0.6052  | Train F1: 0.6684 
[01:57:32.300] Update sigma on aggregation=0.41607931852340696; clip bound update=5.54772424697876
[01:57:47.091]  Site-0         | Val Loss: 0.7024 | Val AUC: 0.5082 | Val Acc: 0.5160 | Val Sen: 0.0000 | Val Spe: 1.0000 | Val F1: 0.0000
[01:58:00.898]  Site-1         | Val Loss: 0.6977 | Val AUC: 0.5048 | Val Acc: 0.5320 | Val Sen: 0.0000 | Val Spe: 1.0000 | Val F1: 0.0000
[01:58:14.486]  Site-2         | Val Loss: 0.7113 | Val AUC: 0.5002 | Val Acc: 0.4920 | Val Sen: 0.0000 | Val Spe: 1.0000 | Val F1: 0.0000
[01:58:28.066]  Site-3         | Val Loss: 0.7186 | Val AUC: 0.5169 | Val Acc: 0.4640 | Val Sen: 0.0000 | Val Spe: 1.0000 | Val F1: 0.0000
[01:58:41.665]  Site-4         | Val Loss: 0.7097 | Val AUC: 0.4331 | Val Acc: 0.5120 | Val Sen: 0.0000 | Val Spe: 1.0000 | Val F1: 0.0000
[01:58:55.058]  Site-5         | Val Loss: 0.7223 | Val AUC: 0.4616 | Val Acc: 0.4640 | Val Sen: 0.0000 | Val Spe: 1.0000 | Val F1: 0.0000
[01:59:08.690]  Site-6         | Val Loss: 0.6947 | Val AUC: 0.4689 | Val Acc: 0.5400 | Val Sen: 0.0000 | Val Spe: 1.0000 | Val F1: 0.0000
[01:59:22.250]  Site-7         | Val Loss: 0.6939 | Val AUC: 0.4513 | Val Acc: 0.5520 | Val Sen: 0.0000 | Val Spe: 1.0000 | Val F1: 0.0000
[01:59:35.826]  Site-8         | Val Loss: 0.7228 | Val AUC: 0.4741 | Val Acc: 0.4640 | Val Sen: 0.0000 | Val Spe: 1.0000 | Val F1: 0.0000
[01:59:49.235]  Site-9         | Val Loss: 0.7165 | Val AUC: 0.5534 | Val Acc: 0.4680 | Val Sen: 0.0000 | Val Spe: 1.0000 | Val F1: 0.0000
[02:00:03.436]  Site-10        | Val Loss: 0.7184 | Val AUC: 0.4533 | Val Acc: 0.4880 | Val Sen: 0.0000 | Val Spe: 1.0000 | Val F1: 0.0000
[02:00:16.946]  Site-11        | Val Loss: 0.7143 | Val AUC: 0.4838 | Val Acc: 0.4840 | Val Sen: 0.0000 | Val Spe: 1.0000 | Val F1: 0.0000
[02:00:30.352]  Site-12        | Val Loss: 0.7089 | Val AUC: 0.4986 | Val Acc: 0.5000 | Val Sen: 0.0000 | Val Spe: 1.0000 | Val F1: 0.0000
[02:00:43.697]  Site-13        | Val Loss: 0.7136 | Val AUC: 0.4766 | Val Acc: 0.4880 | Val Sen: 0.0000 | Val Spe: 1.0000 | Val F1: 0.0000
[02:00:56.912]  Site-14        | Val Loss: 0.7017 | Val AUC: 0.4207 | Val Acc: 0.5360 | Val Sen: 0.0000 | Val Spe: 1.0000 | Val F1: 0.0000
[02:01:10.481]  Site-15        | Val Loss: 0.6886 | Val AUC: 0.5763 | Val Acc: 0.5480 | Val Sen: 0.0000 | Val Spe: 1.0000 | Val F1: 0.0000
[02:01:23.922]  Site-16        | Val Loss: 0.7301 | Val AUC: 0.5423 | Val Acc: 0.4360 | Val Sen: 0.0000 | Val Spe: 1.0000 | Val F1: 0.0000
[02:01:37.455]  Site-17        | Val Loss: 0.7092 | Val AUC: 0.5337 | Val Acc: 0.4880 | Val Sen: 0.0000 | Val Spe: 1.0000 | Val F1: 0.0000
[02:01:50.922]  Site-18        | Val Loss: 0.7004 | Val AUC: 0.5537 | Val Acc: 0.5200 | Val Sen: 0.0000 | Val Spe: 1.0000 | Val F1: 0.0000
[02:02:04.908]  Site-19        | Val Loss: 0.7015 | Val AUC: 0.5429 | Val Acc: 0.5120 | Val Sen: 0.0000 | Val Spe: 1.0000 | Val F1: 0.0000
[02:02:04.909]  Site-Average | Val Loss: 0.7088 | AUC: 0.4977 | Acc: 0.5002 | Sen: 0.0000 | Spe: 1.0000 | F1: 0.0000
[02:02:04.909]  Best Epoch:0 | Avg Val Acc: 0.5002
[02:02:04.912]  Saving the local and server checkpoint to ../../experiments/v1.0/checkpoint/RSNA-ICH/seed0/dpadam_rounds100_localE1_lr0.0003_batch16_N20_sr1_VN1_overhead_z1.5_delta0.01_adaclip_adamlr=0.003_PureAvg_DA/model_best_0...
