[21:21:23.038] Domain Adaptation enabled.
[21:21:23.273] [Client 0] Train=750, Val=250, Test=250
[21:21:23.273] [Client 1] Train=750, Val=250, Test=250
[21:21:23.274] [Client 2] Train=750, Val=250, Test=250
[21:21:23.274] [Client 3] Train=750, Val=250, Test=250
[21:21:23.274] [Client 4] Train=750, Val=250, Test=250
[21:21:23.275] [Client 5] Train=750, Val=250, Test=250
[21:21:23.275] [Client 6] Train=750, Val=250, Test=250
[21:21:23.276] [Client 7] Train=750, Val=250, Test=250
[21:21:23.276] [Client 8] Train=750, Val=250, Test=250
[21:21:23.277] [Client 9] Train=750, Val=250, Test=250
[21:21:23.277] [Client 10] Train=750, Val=250, Test=250
[21:21:23.278] [Client 11] Train=750, Val=250, Test=250
[21:21:23.278] [Client 12] Train=750, Val=250, Test=250
[21:21:23.278] [Client 13] Train=750, Val=250, Test=250
[21:21:23.279] [Client 14] Train=750, Val=250, Test=250
[21:21:23.279] [Client 15] Train=750, Val=250, Test=250
[21:21:23.281] [Client 16] Train=750, Val=250, Test=250
[21:21:23.281] [Client 17] Train=750, Val=250, Test=250
[21:21:23.281] [Client 18] Train=750, Val=250, Test=250
[21:21:23.282] [Client 19] Train=750, Val=250, Test=250
[21:21:23.282] [Virtual Client 0-0] Train=750
[21:21:23.283] [Virtual Client 1-0] Train=750
[21:21:23.283] [Virtual Client 2-0] Train=750
[21:21:23.284] [Virtual Client 3-0] Train=750
[21:21:23.284] [Virtual Client 4-0] Train=750
[21:21:23.285] [Virtual Client 5-0] Train=750
[21:21:23.285] [Virtual Client 6-0] Train=750
[21:21:23.286] [Virtual Client 7-0] Train=750
[21:21:23.286] [Virtual Client 8-0] Train=750
[21:21:23.287] [Virtual Client 9-0] Train=750
[21:21:23.287] [Virtual Client 10-0] Train=750
[21:21:23.287] [Virtual Client 11-0] Train=750
[21:21:23.288] [Virtual Client 12-0] Train=750
[21:21:23.288] [Virtual Client 13-0] Train=750
[21:21:23.289] [Virtual Client 14-0] Train=750
[21:21:23.289] [Virtual Client 15-0] Train=750
[21:21:23.290] [Virtual Client 16-0] Train=750
[21:21:23.290] [Virtual Client 17-0] Train=750
[21:21:23.291] [Virtual Client 18-0] Train=750
[21:21:23.291] [Virtual Client 19-0] Train=750
[21:21:23.295] Client Weights: [0.05, 0.05, 0.05, 0.05, 0.05, 0.05, 0.05, 0.05, 0.05, 0.05, 0.05, 0.05, 0.05, 0.05, 0.05, 0.05, 0.05, 0.05, 0.05, 0.05]
[21:21:23.295] Training Clients:[0, 1, 2, 3, 4, 5, 6, 7, 8, 9, 10, 11, 12, 13, 14, 15, 16, 17, 18, 19]
[21:21:23.295] Val Clients:[0, 1, 2, 3, 4, 5, 6, 7, 8, 9, 10, 11, 12, 13, 14, 15, 16, 17, 18, 19]
[21:21:23.295] =============== args ================
[21:21:23.295] Namespace(clients=20, virtual_clients=1, lr=0.0003, lr_decay=-1, early=False, batch=16, rounds=100, local_epochs=1, mode='dp2rmsprop', pretrain=False, exp=None, save_path='../../experiments/v1.0/checkpoint/RSNA-ICH/seed0/dp2rmsprop_rounds100_localE1_lr0.0003_batch16_N20_sr1_VN1_overhead_z0.5_delta0.01_adaclip_rmsproplr=3e-05_PureAvg_DA', resume=False, gpu='0', seed=0, debug=False, data='RSNA-ICH', sample_rate=1, leave='no', merge=False, balance=False, weighted_avg=False, split='UNI', local_bn=False, generalize=False, gn=False, selu=False, comb='times', free=-1, noisy=-1, alpha=1.0, adaclip=True, noclip=False, ema=0.0, mu=0.001, S=10, epsilon=None, noise_multiplier=0.5, delta=0.01, accountant='prv', dp_mode='overhead', balance_split=False, test=False, ckpt='None', adam_lr=0.1, dp2_interval=3, rmsprop_lr=3e-05, ada_vn=False, init_vn=False, ada_stable=False, ada_prog=False, domain_adaptation=True, log_path='../../experiments/v1.0/log/RSNA-ICH/seed0/dp2rmsprop_rounds100_localE1_lr0.0003_batch16_N20_sr1_VN1_overhead_z0.5_delta0.01_adaclip_rmsproplr=3e-05_PureAvg_DA')
[21:21:27.942] Using noise multiplier=0.5 and sigma on aggregation=0.25 to satisfy (245.5990192385698,0.01)-DP.
[21:21:27.942] Using adaptive clipping.
[21:21:27.942] Using prv accountant.
[21:21:28.015] ============ Round 0, Local train epoch 0 ============
[21:23:10.806]  Site-0         | Train Loss: 0.6177 | Train AUC: 0.7180  | Train Acc: 0.6562  | Train Sen: 0.5722  | Train Spe: 0.7398  | Train F1: 0.6241 
[21:24:54.087]  Site-1         | Train Loss: 0.6337 | Train AUC: 0.7065  | Train Acc: 0.6522  | Train Sen: 0.6378  | Train Spe: 0.6676  | Train F1: 0.6550 
[21:26:37.764]  Site-2         | Train Loss: 0.6291 | Train AUC: 0.6941  | Train Acc: 0.6264  | Train Sen: 0.5784  | Train Spe: 0.6749  | Train F1: 0.6088 
[21:28:23.927]  Site-3         | Train Loss: 0.6531 | Train AUC: 0.6778  | Train Acc: 0.6359  | Train Sen: 0.6105  | Train Spe: 0.6629  | Train F1: 0.6339 
[21:30:11.298]  Site-4         | Train Loss: 0.6337 | Train AUC: 0.6972  | Train Acc: 0.6440  | Train Sen: 0.6190  | Train Spe: 0.6704  | Train F1: 0.6411 
[21:31:56.828]  Site-5         | Train Loss: 0.6248 | Train AUC: 0.7055  | Train Acc: 0.6821  | Train Sen: 0.5676  | Train Spe: 0.7803  | Train F1: 0.6226 
[21:33:40.747]  Site-6         | Train Loss: 0.6257 | Train AUC: 0.7170  | Train Acc: 0.6467  | Train Sen: 0.6127  | Train Spe: 0.6825  | Train F1: 0.6399 
[21:35:22.343]  Site-7         | Train Loss: 0.6443 | Train AUC: 0.6810  | Train Acc: 0.6345  | Train Sen: 0.5924  | Train Spe: 0.6766  | Train F1: 0.6184 
[21:37:05.636]  Site-8         | Train Loss: 0.6312 | Train AUC: 0.6988  | Train Acc: 0.6780  | Train Sen: 0.5829  | Train Spe: 0.7642  | Train F1: 0.6326 
[21:38:51.654]  Site-9         | Train Loss: 0.6463 | Train AUC: 0.6690  | Train Acc: 0.6141  | Train Sen: 0.5486  | Train Spe: 0.6803  | Train F1: 0.5884 
[21:40:36.823]  Site-10        | Train Loss: 0.6380 | Train AUC: 0.6904  | Train Acc: 0.6345  | Train Sen: 0.5620  | Train Spe: 0.7051  | Train F1: 0.6027 
[21:42:21.997]  Site-11        | Train Loss: 0.6096 | Train AUC: 0.7337  | Train Acc: 0.6821  | Train Sen: 0.6301  | Train Spe: 0.7332  | Train F1: 0.6628 
[21:44:08.222]  Site-12        | Train Loss: 0.6511 | Train AUC: 0.6908  | Train Acc: 0.6562  | Train Sen: 0.6289  | Train Spe: 0.6854  | Train F1: 0.6539 
[21:45:52.842]  Site-13        | Train Loss: 0.6381 | Train AUC: 0.7089  | Train Acc: 0.6630  | Train Sen: 0.5471  | Train Spe: 0.7626  | Train F1: 0.6000 
[21:47:37.576]  Site-14        | Train Loss: 0.6447 | Train AUC: 0.6737  | Train Acc: 0.6372  | Train Sen: 0.5444  | Train Spe: 0.7209  | Train F1: 0.5873 
[21:49:22.580]  Site-15        | Train Loss: 0.6219 | Train AUC: 0.7220  | Train Acc: 0.6739  | Train Sen: 0.6559  | Train Spe: 0.6923  | Train F1: 0.6703 
[21:51:09.275]  Site-16        | Train Loss: 0.6149 | Train AUC: 0.7236  | Train Acc: 0.6739  | Train Sen: 0.6480  | Train Spe: 0.7008  | Train F1: 0.6694 
[21:52:58.046]  Site-17        | Train Loss: 0.6286 | Train AUC: 0.6995  | Train Acc: 0.6495  | Train Sen: 0.6332  | Train Spe: 0.6667  | Train F1: 0.6504 
[21:54:49.897]  Site-18        | Train Loss: 0.6422 | Train AUC: 0.6969  | Train Acc: 0.6576  | Train Sen: 0.5829  | Train Spe: 0.7348  | Train F1: 0.6337 
[21:56:36.697]  Site-19        | Train Loss: 0.6293 | Train AUC: 0.7024  | Train Acc: 0.6440  | Train Sen: 0.6787  | Train Spe: 0.6052  | Train F1: 0.6684 
[21:56:37.329] Update sigma on aggregation=0.138693106174469; clip bound update=5.54772424697876
[21:56:51.949]  Site-0         | Val Loss: 1.0423 | Val AUC: 0.3693 | Val Acc: 0.5200 | Val Sen: 0.0083 | Val Spe: 1.0000 | Val F1: 0.0164
[21:57:05.272]  Site-1         | Val Loss: 1.0227 | Val AUC: 0.3790 | Val Acc: 0.5280 | Val Sen: 0.0000 | Val Spe: 0.9925 | Val F1: 0.0000
[21:57:19.151]  Site-2         | Val Loss: 1.1211 | Val AUC: 0.3040 | Val Acc: 0.4720 | Val Sen: 0.0000 | Val Spe: 0.9593 | Val F1: 0.0000
[21:57:33.314]  Site-3         | Val Loss: 1.1268 | Val AUC: 0.3646 | Val Acc: 0.4440 | Val Sen: 0.0000 | Val Spe: 0.9569 | Val F1: 0.0000
[21:57:47.013]  Site-4         | Val Loss: 1.0553 | Val AUC: 0.3590 | Val Acc: 0.5080 | Val Sen: 0.0082 | Val Spe: 0.9844 | Val F1: 0.0160
[21:58:00.975]  Site-5         | Val Loss: 1.1708 | Val AUC: 0.2988 | Val Acc: 0.4520 | Val Sen: 0.0000 | Val Spe: 0.9741 | Val F1: 0.0000
[21:58:15.114]  Site-6         | Val Loss: 1.0229 | Val AUC: 0.3208 | Val Acc: 0.5320 | Val Sen: 0.0174 | Val Spe: 0.9704 | Val F1: 0.0331
[21:58:29.422]  Site-7         | Val Loss: 1.0163 | Val AUC: 0.3324 | Val Acc: 0.5400 | Val Sen: 0.0000 | Val Spe: 0.9783 | Val F1: 0.0000
[21:58:43.720]  Site-8         | Val Loss: 1.1461 | Val AUC: 0.3431 | Val Acc: 0.4600 | Val Sen: 0.0000 | Val Spe: 0.9914 | Val F1: 0.0000
[21:58:57.608]  Site-9         | Val Loss: 1.1068 | Val AUC: 0.3823 | Val Acc: 0.4680 | Val Sen: 0.0075 | Val Spe: 0.9915 | Val F1: 0.0148
[21:59:11.781]  Site-10        | Val Loss: 1.1392 | Val AUC: 0.2832 | Val Acc: 0.4880 | Val Sen: 0.0000 | Val Spe: 1.0000 | Val F1: 0.0000
[21:59:26.001]  Site-11        | Val Loss: 1.0879 | Val AUC: 0.3420 | Val Acc: 0.4840 | Val Sen: 0.0000 | Val Spe: 1.0000 | Val F1: 0.0000
[21:59:39.870]  Site-12        | Val Loss: 1.0905 | Val AUC: 0.3491 | Val Acc: 0.4960 | Val Sen: 0.0080 | Val Spe: 0.9840 | Val F1: 0.0156
[21:59:53.993]  Site-13        | Val Loss: 1.1562 | Val AUC: 0.2715 | Val Acc: 0.4840 | Val Sen: 0.0000 | Val Spe: 0.9918 | Val F1: 0.0000
[22:00:08.218]  Site-14        | Val Loss: 1.0514 | Val AUC: 0.3346 | Val Acc: 0.5360 | Val Sen: 0.0086 | Val Spe: 0.9925 | Val F1: 0.0169
[22:00:21.982]  Site-15        | Val Loss: 1.0139 | Val AUC: 0.3356 | Val Acc: 0.5440 | Val Sen: 0.0000 | Val Spe: 0.9927 | Val F1: 0.0000
[22:00:35.796]  Site-16        | Val Loss: 1.1693 | Val AUC: 0.3786 | Val Acc: 0.4360 | Val Sen: 0.0071 | Val Spe: 0.9908 | Val F1: 0.0140
[22:00:50.388]  Site-17        | Val Loss: 1.0519 | Val AUC: 0.3908 | Val Acc: 0.4800 | Val Sen: 0.0000 | Val Spe: 0.9836 | Val F1: 0.0000
[22:01:04.420]  Site-18        | Val Loss: 1.0477 | Val AUC: 0.3540 | Val Acc: 0.5040 | Val Sen: 0.0000 | Val Spe: 0.9692 | Val F1: 0.0000
[22:01:18.348]  Site-19        | Val Loss: 1.0774 | Val AUC: 0.3327 | Val Acc: 0.5000 | Val Sen: 0.0000 | Val Spe: 0.9766 | Val F1: 0.0000
[22:01:18.349]  Site-Average | Val Loss: 1.0858 | AUC: 0.3413 | Acc: 0.4938 | Sen: 0.0033 | Spe: 0.9840 | F1: 0.0063
[22:01:18.350]  Best Epoch:0 | Avg Val Acc: 0.4938
[22:01:18.354]  Saving the local and server checkpoint to ../../experiments/v1.0/checkpoint/RSNA-ICH/seed0/dp2rmsprop_rounds100_localE1_lr0.0003_batch16_N20_sr1_VN1_overhead_z0.5_delta0.01_adaclip_rmsproplr=3e-05_PureAvg_DA/model_best_0...
