[20:40:25.769] Domain Adaptation enabled.
[20:40:26.005] [Client 0] Train=750, Val=250, Test=250
[20:40:26.005] [Client 1] Train=750, Val=250, Test=250
[20:40:26.006] [Client 2] Train=750, Val=250, Test=250
[20:40:26.006] [Client 3] Train=750, Val=250, Test=250
[20:40:26.007] [Client 4] Train=750, Val=250, Test=250
[20:40:26.007] [Client 5] Train=750, Val=250, Test=250
[20:40:26.008] [Client 6] Train=750, Val=250, Test=250
[20:40:26.008] [Client 7] Train=750, Val=250, Test=250
[20:40:26.008] [Client 8] Train=750, Val=250, Test=250
[20:40:26.009] [Client 9] Train=750, Val=250, Test=250
[20:40:26.009] [Client 10] Train=750, Val=250, Test=250
[20:40:26.010] [Client 11] Train=750, Val=250, Test=250
[20:40:26.010] [Client 12] Train=750, Val=250, Test=250
[20:40:26.011] [Client 13] Train=750, Val=250, Test=250
[20:40:26.011] [Client 14] Train=750, Val=250, Test=250
[20:40:26.012] [Client 15] Train=750, Val=250, Test=250
[20:40:26.013] [Client 16] Train=750, Val=250, Test=250
[20:40:26.013] [Client 17] Train=750, Val=250, Test=250
[20:40:26.014] [Client 18] Train=750, Val=250, Test=250
[20:40:26.014] [Client 19] Train=750, Val=250, Test=250
[20:40:26.015] [Virtual Client 0-0] Train=750
[20:40:26.015] [Virtual Client 1-0] Train=750
[20:40:26.015] [Virtual Client 2-0] Train=750
[20:40:26.016] [Virtual Client 3-0] Train=750
[20:40:26.016] [Virtual Client 4-0] Train=750
[20:40:26.017] [Virtual Client 5-0] Train=750
[20:40:26.017] [Virtual Client 6-0] Train=750
[20:40:26.018] [Virtual Client 7-0] Train=750
[20:40:26.018] [Virtual Client 8-0] Train=750
[20:40:26.019] [Virtual Client 9-0] Train=750
[20:40:26.019] [Virtual Client 10-0] Train=750
[20:40:26.019] [Virtual Client 11-0] Train=750
[20:40:26.020] [Virtual Client 12-0] Train=750
[20:40:26.020] [Virtual Client 13-0] Train=750
[20:40:26.021] [Virtual Client 14-0] Train=750
[20:40:26.021] [Virtual Client 15-0] Train=750
[20:40:26.022] [Virtual Client 16-0] Train=750
[20:40:26.022] [Virtual Client 17-0] Train=750
[20:40:26.022] [Virtual Client 18-0] Train=750
[20:40:26.023] [Virtual Client 19-0] Train=750
[20:40:26.027] Client Weights: [0.05, 0.05, 0.05, 0.05, 0.05, 0.05, 0.05, 0.05, 0.05, 0.05, 0.05, 0.05, 0.05, 0.05, 0.05, 0.05, 0.05, 0.05, 0.05, 0.05]
[20:40:26.027] Training Clients:[0, 1, 2, 3, 4, 5, 6, 7, 8, 9, 10, 11, 12, 13, 14, 15, 16, 17, 18, 19]
[20:40:26.028] Val Clients:[0, 1, 2, 3, 4, 5, 6, 7, 8, 9, 10, 11, 12, 13, 14, 15, 16, 17, 18, 19]
[20:40:26.028] =============== args ================
[20:40:26.028] Namespace(clients=20, virtual_clients=1, lr=0.0003, lr_decay=-1, early=False, batch=16, rounds=100, local_epochs=1, mode='dpnova', pretrain=False, exp=None, save_path='../../experiments/v1.0/checkpoint/RSNA-ICH/seed0/dpnova_rounds100_localE1_lr0.0003_batch16_N20_sr1_VN1_overhead_z0.5_delta0.01_adaclip_PureAvg_DA', resume=False, gpu='0', seed=0, debug=False, data='RSNA-ICH', sample_rate=1, leave='no', merge=False, balance=False, weighted_avg=False, split='UNI', local_bn=False, generalize=False, gn=False, selu=False, comb='times', free=-1, noisy=-1, alpha=1.0, adaclip=True, noclip=False, ema=0.0, mu=0.001, S=10, epsilon=None, noise_multiplier=0.5, delta=0.01, accountant='prv', dp_mode='overhead', balance_split=False, test=False, ckpt='None', adam_lr=0.1, dp2_interval=3, rmsprop_lr=1, ada_vn=False, init_vn=False, ada_stable=False, ada_prog=False, domain_adaptation=True, log_path='../../experiments/v1.0/log/RSNA-ICH/seed0/dpnova_rounds100_localE1_lr0.0003_batch16_N20_sr1_VN1_overhead_z0.5_delta0.01_adaclip_PureAvg_DA')
[20:40:30.707] Using noise multiplier=0.5 and sigma on aggregation=0.25 to satisfy (245.5990192385698,0.01)-DP.
[20:40:30.707] Using adaptive clipping.
[20:40:30.707] Using prv accountant.
[20:40:30.791] ============ Round 0, Local train epoch 0 ============
[20:42:16.215]  Site-0         | Train Loss: 0.6177 | Train AUC: 0.7180  | Train Acc: 0.6562  | Train Sen: 0.5722  | Train Spe: 0.7398  | Train F1: 0.6241 
[20:43:59.435]  Site-1         | Train Loss: 0.6337 | Train AUC: 0.7065  | Train Acc: 0.6522  | Train Sen: 0.6378  | Train Spe: 0.6676  | Train F1: 0.6550 
[20:45:47.549]  Site-2         | Train Loss: 0.6291 | Train AUC: 0.6941  | Train Acc: 0.6264  | Train Sen: 0.5784  | Train Spe: 0.6749  | Train F1: 0.6088 
[20:47:34.815]  Site-3         | Train Loss: 0.6531 | Train AUC: 0.6778  | Train Acc: 0.6359  | Train Sen: 0.6105  | Train Spe: 0.6629  | Train F1: 0.6339 
[20:49:25.299]  Site-4         | Train Loss: 0.6337 | Train AUC: 0.6972  | Train Acc: 0.6440  | Train Sen: 0.6190  | Train Spe: 0.6704  | Train F1: 0.6411 
[20:51:18.230]  Site-5         | Train Loss: 0.6248 | Train AUC: 0.7055  | Train Acc: 0.6821  | Train Sen: 0.5676  | Train Spe: 0.7803  | Train F1: 0.6226 
[20:53:11.432]  Site-6         | Train Loss: 0.6257 | Train AUC: 0.7170  | Train Acc: 0.6467  | Train Sen: 0.6127  | Train Spe: 0.6825  | Train F1: 0.6399 
[20:55:04.642]  Site-7         | Train Loss: 0.6443 | Train AUC: 0.6810  | Train Acc: 0.6345  | Train Sen: 0.5924  | Train Spe: 0.6766  | Train F1: 0.6184 
[20:56:55.452]  Site-8         | Train Loss: 0.6312 | Train AUC: 0.6988  | Train Acc: 0.6780  | Train Sen: 0.5829  | Train Spe: 0.7642  | Train F1: 0.6326 
[20:58:46.103]  Site-9         | Train Loss: 0.6463 | Train AUC: 0.6690  | Train Acc: 0.6141  | Train Sen: 0.5486  | Train Spe: 0.6803  | Train F1: 0.5884 
[21:00:33.858]  Site-10        | Train Loss: 0.6380 | Train AUC: 0.6904  | Train Acc: 0.6345  | Train Sen: 0.5620  | Train Spe: 0.7051  | Train F1: 0.6027 
[21:02:20.459]  Site-11        | Train Loss: 0.6096 | Train AUC: 0.7337  | Train Acc: 0.6821  | Train Sen: 0.6301  | Train Spe: 0.7332  | Train F1: 0.6628 
[21:04:06.141]  Site-12        | Train Loss: 0.6511 | Train AUC: 0.6908  | Train Acc: 0.6562  | Train Sen: 0.6289  | Train Spe: 0.6854  | Train F1: 0.6539 
[21:05:53.324]  Site-13        | Train Loss: 0.6381 | Train AUC: 0.7089  | Train Acc: 0.6630  | Train Sen: 0.5471  | Train Spe: 0.7626  | Train F1: 0.6000 
[21:07:40.873]  Site-14        | Train Loss: 0.6447 | Train AUC: 0.6737  | Train Acc: 0.6372  | Train Sen: 0.5444  | Train Spe: 0.7209  | Train F1: 0.5873 
[21:09:30.053]  Site-15        | Train Loss: 0.6219 | Train AUC: 0.7220  | Train Acc: 0.6739  | Train Sen: 0.6559  | Train Spe: 0.6923  | Train F1: 0.6703 
[21:11:19.658]  Site-16        | Train Loss: 0.6149 | Train AUC: 0.7236  | Train Acc: 0.6739  | Train Sen: 0.6480  | Train Spe: 0.7008  | Train F1: 0.6694 
[21:13:09.080]  Site-17        | Train Loss: 0.6286 | Train AUC: 0.6995  | Train Acc: 0.6495  | Train Sen: 0.6332  | Train Spe: 0.6667  | Train F1: 0.6504 
[21:14:57.684]  Site-18        | Train Loss: 0.6422 | Train AUC: 0.6969  | Train Acc: 0.6576  | Train Sen: 0.5829  | Train Spe: 0.7348  | Train F1: 0.6337 
[21:16:41.984]  Site-19        | Train Loss: 0.6293 | Train AUC: 0.7024  | Train Acc: 0.6440  | Train Sen: 0.6787  | Train Spe: 0.6052  | Train F1: 0.6684 
[21:16:42.748] Update sigma on aggregation=0.13869308726914795; clip bound update=5.547723490765918
[21:16:57.504]  Site-0         | Val Loss: 1.0423 | Val AUC: 0.3693 | Val Acc: 0.5200 | Val Sen: 0.0083 | Val Spe: 1.0000 | Val F1: 0.0164
[21:17:11.564]  Site-1         | Val Loss: 1.0227 | Val AUC: 0.3790 | Val Acc: 0.5280 | Val Sen: 0.0000 | Val Spe: 0.9925 | Val F1: 0.0000
[21:17:24.846]  Site-2         | Val Loss: 1.1211 | Val AUC: 0.3040 | Val Acc: 0.4720 | Val Sen: 0.0000 | Val Spe: 0.9593 | Val F1: 0.0000
[21:17:38.066]  Site-3         | Val Loss: 1.1268 | Val AUC: 0.3646 | Val Acc: 0.4440 | Val Sen: 0.0000 | Val Spe: 0.9569 | Val F1: 0.0000
[21:17:51.321]  Site-4         | Val Loss: 1.0553 | Val AUC: 0.3590 | Val Acc: 0.5080 | Val Sen: 0.0082 | Val Spe: 0.9844 | Val F1: 0.0160
[21:18:04.544]  Site-5         | Val Loss: 1.1708 | Val AUC: 0.2988 | Val Acc: 0.4520 | Val Sen: 0.0000 | Val Spe: 0.9741 | Val F1: 0.0000
[21:18:17.670]  Site-6         | Val Loss: 1.0229 | Val AUC: 0.3208 | Val Acc: 0.5320 | Val Sen: 0.0174 | Val Spe: 0.9704 | Val F1: 0.0331
[21:18:31.048]  Site-7         | Val Loss: 1.0163 | Val AUC: 0.3324 | Val Acc: 0.5400 | Val Sen: 0.0000 | Val Spe: 0.9783 | Val F1: 0.0000
[21:18:44.248]  Site-8         | Val Loss: 1.1461 | Val AUC: 0.3432 | Val Acc: 0.4600 | Val Sen: 0.0000 | Val Spe: 0.9914 | Val F1: 0.0000
[21:18:57.333]  Site-9         | Val Loss: 1.1068 | Val AUC: 0.3823 | Val Acc: 0.4680 | Val Sen: 0.0075 | Val Spe: 0.9915 | Val F1: 0.0148
[21:19:10.746]  Site-10        | Val Loss: 1.1392 | Val AUC: 0.2832 | Val Acc: 0.4880 | Val Sen: 0.0000 | Val Spe: 1.0000 | Val F1: 0.0000
[21:19:24.128]  Site-11        | Val Loss: 1.0879 | Val AUC: 0.3420 | Val Acc: 0.4840 | Val Sen: 0.0000 | Val Spe: 1.0000 | Val F1: 0.0000
[21:19:37.190]  Site-12        | Val Loss: 1.0905 | Val AUC: 0.3491 | Val Acc: 0.4960 | Val Sen: 0.0080 | Val Spe: 0.9840 | Val F1: 0.0156
[21:19:50.250]  Site-13        | Val Loss: 1.1562 | Val AUC: 0.2715 | Val Acc: 0.4840 | Val Sen: 0.0000 | Val Spe: 0.9918 | Val F1: 0.0000
[21:20:03.505]  Site-14        | Val Loss: 1.0514 | Val AUC: 0.3346 | Val Acc: 0.5360 | Val Sen: 0.0086 | Val Spe: 0.9925 | Val F1: 0.0169
[21:20:16.915]  Site-15        | Val Loss: 1.0139 | Val AUC: 0.3356 | Val Acc: 0.5440 | Val Sen: 0.0000 | Val Spe: 0.9927 | Val F1: 0.0000
[21:20:30.481]  Site-16        | Val Loss: 1.1693 | Val AUC: 0.3786 | Val Acc: 0.4360 | Val Sen: 0.0071 | Val Spe: 0.9908 | Val F1: 0.0140
[21:20:43.458]  Site-17        | Val Loss: 1.0519 | Val AUC: 0.3908 | Val Acc: 0.4800 | Val Sen: 0.0000 | Val Spe: 0.9836 | Val F1: 0.0000
[21:20:56.619]  Site-18        | Val Loss: 1.0477 | Val AUC: 0.3540 | Val Acc: 0.5040 | Val Sen: 0.0000 | Val Spe: 0.9692 | Val F1: 0.0000
[21:21:09.554]  Site-19        | Val Loss: 1.0774 | Val AUC: 0.3327 | Val Acc: 0.5000 | Val Sen: 0.0000 | Val Spe: 0.9766 | Val F1: 0.0000
[21:21:09.556]  Site-Average | Val Loss: 1.0858 | AUC: 0.3413 | Acc: 0.4938 | Sen: 0.0033 | Spe: 0.9840 | F1: 0.0063
[21:21:09.556]  Best Epoch:0 | Avg Val Acc: 0.4938
[21:21:09.560]  Saving the local and server checkpoint to ../../experiments/v1.0/checkpoint/RSNA-ICH/seed0/dpnova_rounds100_localE1_lr0.0003_batch16_N20_sr1_VN1_overhead_z0.5_delta0.01_adaclip_PureAvg_DA/model_best_0...
