[16:49:34.143] [Client 0] Train=750, Val=250, Test=250
[16:49:34.144] [Client 1] Train=750, Val=250, Test=250
[16:49:34.144] [Client 2] Train=750, Val=250, Test=250
[16:49:34.144] [Client 3] Train=750, Val=250, Test=250
[16:49:34.145] [Client 4] Train=750, Val=250, Test=250
[16:49:34.145] [Client 5] Train=750, Val=250, Test=250
[16:49:34.146] [Client 6] Train=750, Val=250, Test=250
[16:49:34.146] [Client 7] Train=750, Val=250, Test=250
[16:49:34.147] [Client 8] Train=750, Val=250, Test=250
[16:49:34.147] [Client 9] Train=750, Val=250, Test=250
[16:49:34.148] [Client 10] Train=750, Val=250, Test=250
[16:49:34.148] [Client 11] Train=750, Val=250, Test=250
[16:49:34.148] [Client 12] Train=750, Val=250, Test=250
[16:49:34.149] [Client 13] Train=750, Val=250, Test=250
[16:49:34.149] [Client 14] Train=750, Val=250, Test=250
[16:49:34.150] [Client 15] Train=750, Val=250, Test=250
[16:49:34.150] [Client 16] Train=750, Val=250, Test=250
[16:49:34.151] [Client 17] Train=750, Val=250, Test=250
[16:49:34.151] [Client 18] Train=750, Val=250, Test=250
[16:49:34.151] [Client 19] Train=750, Val=250, Test=250
[16:49:34.152] [Virtual Client 0-0] Train=750
[16:49:34.152] [Virtual Client 1-0] Train=750
[16:49:34.153] [Virtual Client 2-0] Train=750
[16:49:34.153] [Virtual Client 3-0] Train=750
[16:49:34.154] [Virtual Client 4-0] Train=750
[16:49:34.154] [Virtual Client 5-0] Train=750
[16:49:34.155] [Virtual Client 6-0] Train=750
[16:49:34.155] [Virtual Client 7-0] Train=750
[16:49:34.156] [Virtual Client 8-0] Train=750
[16:49:34.156] [Virtual Client 9-0] Train=750
[16:49:34.156] [Virtual Client 10-0] Train=750
[16:49:34.157] [Virtual Client 11-0] Train=750
[16:49:34.157] [Virtual Client 12-0] Train=750
[16:49:34.158] [Virtual Client 13-0] Train=750
[16:49:34.158] [Virtual Client 14-0] Train=750
[16:49:34.159] [Virtual Client 15-0] Train=750
[16:49:34.159] [Virtual Client 16-0] Train=750
[16:49:34.159] [Virtual Client 17-0] Train=750
[16:49:34.160] [Virtual Client 18-0] Train=750
[16:49:34.160] [Virtual Client 19-0] Train=750
[16:49:34.165] Client Weights: [0.05, 0.05, 0.05, 0.05, 0.05, 0.05, 0.05, 0.05, 0.05, 0.05, 0.05, 0.05, 0.05, 0.05, 0.05, 0.05, 0.05, 0.05, 0.05, 0.05]
[16:49:34.165] Training Clients:[0, 1, 2, 3, 4, 5, 6, 7, 8, 9, 10, 11, 12, 13, 14, 15, 16, 17, 18, 19]
[16:49:34.165] Val Clients:[0, 1, 2, 3, 4, 5, 6, 7, 8, 9, 10, 11, 12, 13, 14, 15, 16, 17, 18, 19]
[16:49:34.165] =============== args ================
[16:49:34.165] Namespace(clients=20, virtual_clients=1, lr=0.0003, lr_decay=-1, early=False, batch=16, rounds=100, local_epochs=1, mode='dp2rmsprop', pretrain=False, exp=None, save_path='../../experiments/v1.0/checkpoint/RSNA-ICH/seed9/dp2rmsprop_rounds100_localE1_lr0.0003_batch16_N20_sr1_VN1_overhead_z1.5_delta0.01_adaclip_rmsproplr=3e-05_PureAvg_adaVN_gamma_da={args.gamma_da}_DA', resume=False, gpu='0', seed=9, debug=False, data='RSNA-ICH', sample_rate=1, leave='no', merge=False, balance=False, weighted_avg=False, split='UNI', local_bn=False, generalize=False, gn=False, selu=False, comb='times', free=-1, noisy=-1, alpha=1.0, adaclip=True, noclip=False, ema=0.0, mu=0.001, S=10, epsilon=None, noise_multiplier=1.5, delta=0.01, accountant='prv', dp_mode='overhead', balance_split=False, test=False, ckpt='None', adam_lr=0.1, dp2_interval=3, rmsprop_lr=3e-05, ada_vn=True, init_vn=False, ada_stable=False, ada_prog=False, gamma_da=0.8, domain_adaptation=True, log_path='../../experiments/v1.0/log/RSNA-ICH/seed9/dp2rmsprop_rounds100_localE1_lr0.0003_batch16_N20_sr1_VN1_overhead_z1.5_delta0.01_adaclip_rmsproplr=3e-05_PureAvg_adaVN_gamma_da={args.gamma_da}_DA')
[16:49:37.956] Using noise multiplier=1.5 and sigma on aggregation=0.75 to satisfy (36.88917782788349,0.01)-DP.
[16:49:37.956] Using adaptive clipping.
[16:49:37.957] Using prv accountant.
[16:49:38.028] ============ Round 0, Local train epoch 0 ============
