[18:19:50.790] [Client 0] Train=750, Val=250, Test=250
[18:19:50.791] [Client 1] Train=750, Val=250, Test=250
[18:19:50.791] [Client 2] Train=750, Val=250, Test=250
[18:19:50.792] [Client 3] Train=750, Val=250, Test=250
[18:19:50.792] [Client 4] Train=750, Val=250, Test=250
[18:19:50.793] [Client 5] Train=750, Val=250, Test=250
[18:19:50.793] [Client 6] Train=750, Val=250, Test=250
[18:19:50.793] [Client 7] Train=750, Val=250, Test=250
[18:19:50.794] [Client 8] Train=750, Val=250, Test=250
[18:19:50.794] [Client 9] Train=750, Val=250, Test=250
[18:19:50.795] [Client 10] Train=750, Val=250, Test=250
[18:19:50.795] [Client 11] Train=750, Val=250, Test=250
[18:19:50.795] [Client 12] Train=750, Val=250, Test=250
[18:19:50.796] [Client 13] Train=750, Val=250, Test=250
[18:19:50.796] [Client 14] Train=750, Val=250, Test=250
[18:19:50.797] [Client 15] Train=750, Val=250, Test=250
[18:19:50.798] [Client 16] Train=750, Val=250, Test=250
[18:19:50.798] [Client 17] Train=750, Val=250, Test=250
[18:19:50.799] [Client 18] Train=750, Val=250, Test=250
[18:19:50.799] [Client 19] Train=750, Val=250, Test=250
[18:19:50.799] [Virtual Client 0-0] Train=750
[18:19:50.800] [Virtual Client 1-0] Train=750
[18:19:50.800] [Virtual Client 2-0] Train=750
[18:19:50.801] [Virtual Client 3-0] Train=750
[18:19:50.801] [Virtual Client 4-0] Train=750
[18:19:50.802] [Virtual Client 5-0] Train=750
[18:19:50.802] [Virtual Client 6-0] Train=750
[18:19:50.802] [Virtual Client 7-0] Train=750
[18:19:50.803] [Virtual Client 8-0] Train=750
[18:19:50.803] [Virtual Client 9-0] Train=750
[18:19:50.804] [Virtual Client 10-0] Train=750
[18:19:50.804] [Virtual Client 11-0] Train=750
[18:19:50.804] [Virtual Client 12-0] Train=750
[18:19:50.805] [Virtual Client 13-0] Train=750
[18:19:50.805] [Virtual Client 14-0] Train=750
[18:19:50.806] [Virtual Client 15-0] Train=750
[18:19:50.806] [Virtual Client 16-0] Train=750
[18:19:50.807] [Virtual Client 17-0] Train=750
[18:19:50.807] [Virtual Client 18-0] Train=750
[18:19:50.807] [Virtual Client 19-0] Train=750
[18:19:50.810] Client Weights: [0.05, 0.05, 0.05, 0.05, 0.05, 0.05, 0.05, 0.05, 0.05, 0.05, 0.05, 0.05, 0.05, 0.05, 0.05, 0.05, 0.05, 0.05, 0.05, 0.05]
[18:19:50.810] Training Clients:[0, 1, 2, 3, 4, 5, 6, 7, 8, 9, 10, 11, 12, 13, 14, 15, 16, 17, 18, 19]
[18:19:50.810] Val Clients:[0, 1, 2, 3, 4, 5, 6, 7, 8, 9, 10, 11, 12, 13, 14, 15, 16, 17, 18, 19]
[18:19:50.810] =============== args ================
[18:19:50.810] Namespace(clients=20, virtual_clients=1, lr=0.0003, lr_decay=-1, early=False, batch=16, rounds=100, local_epochs=1, mode='dpsgd', pretrain=False, exp=None, save_path='../../experiments/v1.0/checkpoint/RSNA-ICH/seed1/dpsgd_rounds100_localE1_lr0.0003_batch16_N20_sr1_VN1_overhead_z0.5_delta0.01_adaclip_PureAvg', resume=False, gpu='0', seed=1, debug=False, data='RSNA-ICH', sample_rate=1, leave='no', merge=False, balance=False, weighted_avg=False, split='UNI', local_bn=False, generalize=False, gn=False, selu=False, comb='times', free=-1, noisy=-1, alpha=1.0, adaclip=True, noclip=False, ema=0.0, mu=0.001, S=10, epsilon=None, noise_multiplier=0.5, delta=0.01, accountant='prv', dp_mode='overhead', balance_split=False, test=False, ckpt='None', adam_lr=0.1, dp2_interval=3, rmsprop_lr=1, ada_vn=False, init_vn=False, ada_stable=False, ada_prog=False, log_path='../../experiments/v1.0/log/RSNA-ICH/seed1/dpsgd_rounds100_localE1_lr0.0003_batch16_N20_sr1_VN1_overhead_z0.5_delta0.01_adaclip_PureAvg')
[18:19:55.045] Using noise multiplier=0.5 and sigma on aggregation=0.25 to satisfy (245.5990192385698,0.01)-DP.
[18:19:55.045] Using adaptive clipping.
[18:19:55.045] Using prv accountant.
[18:19:55.114] ============ Round 0, Local train epoch 0 ============
[18:21:41.962]  Site-0         | Train Loss: 0.6360 | Train AUC: 0.6929  | Train Acc: 0.6372  | Train Sen: 0.6126  | Train Spe: 0.6638  | Train F1: 0.6367 
[18:23:25.956]  Site-1         | Train Loss: 0.6266 | Train AUC: 0.7031  | Train Acc: 0.6549  | Train Sen: 0.5497  | Train Spe: 0.7567  | Train F1: 0.6104 
[18:25:13.105]  Site-2         | Train Loss: 0.6372 | Train AUC: 0.7041  | Train Acc: 0.6399  | Train Sen: 0.6199  | Train Spe: 0.6603  | Train F1: 0.6345 
[18:27:03.065]  Site-3         | Train Loss: 0.6393 | Train AUC: 0.6847  | Train Acc: 0.6481  | Train Sen: 0.6332  | Train Spe: 0.6639  | Train F1: 0.6495 
[18:28:49.978]  Site-4         | Train Loss: 0.6479 | Train AUC: 0.6737  | Train Acc: 0.6250  | Train Sen: 0.6533  | Train Spe: 0.5917  | Train F1: 0.6533 
[18:30:37.818]  Site-5         | Train Loss: 0.6482 | Train AUC: 0.6770  | Train Acc: 0.6155  | Train Sen: 0.5794  | Train Spe: 0.6499  | Train F1: 0.5951 
[18:32:31.987]  Site-6         | Train Loss: 0.6284 | Train AUC: 0.7094  | Train Acc: 0.6630  | Train Sen: 0.5758  | Train Spe: 0.7447  | Train F1: 0.6231 
[18:34:21.432]  Site-7         | Train Loss: 0.6316 | Train AUC: 0.7064  | Train Acc: 0.6535  | Train Sen: 0.6152  | Train Spe: 0.6895  | Train F1: 0.6320 
[18:36:07.459]  Site-8         | Train Loss: 0.6459 | Train AUC: 0.6920  | Train Acc: 0.6440  | Train Sen: 0.6382  | Train Spe: 0.6504  | Train F1: 0.6534 
[18:37:55.512]  Site-9         | Train Loss: 0.6364 | Train AUC: 0.6995  | Train Acc: 0.6685  | Train Sen: 0.6071  | Train Spe: 0.7285  | Train F1: 0.6443 
[18:39:40.439]  Site-10        | Train Loss: 0.6168 | Train AUC: 0.7183  | Train Acc: 0.6576  | Train Sen: 0.5718  | Train Spe: 0.7345  | Train F1: 0.6123 
[18:41:25.207]  Site-11        | Train Loss: 0.6321 | Train AUC: 0.7055  | Train Acc: 0.6508  | Train Sen: 0.5653  | Train Spe: 0.7292  | Train F1: 0.6076 
[18:43:10.238]  Site-12        | Train Loss: 0.6223 | Train AUC: 0.7177  | Train Acc: 0.6603  | Train Sen: 0.6368  | Train Spe: 0.6854  | Train F1: 0.6594 
[18:44:56.464]  Site-13        | Train Loss: 0.6141 | Train AUC: 0.7305  | Train Acc: 0.6739  | Train Sen: 0.6593  | Train Spe: 0.6882  | Train F1: 0.6667 
[18:46:41.538]  Site-14        | Train Loss: 0.6301 | Train AUC: 0.7053  | Train Acc: 0.6386  | Train Sen: 0.6121  | Train Spe: 0.6667  | Train F1: 0.6356 
[18:48:27.269]  Site-15        | Train Loss: 0.6544 | Train AUC: 0.6603  | Train Acc: 0.6128  | Train Sen: 0.6474  | Train Spe: 0.5758  | Train F1: 0.6332 
[18:50:13.258]  Site-16        | Train Loss: 0.6353 | Train AUC: 0.7106  | Train Acc: 0.6562  | Train Sen: 0.6446  | Train Spe: 0.6676  | Train F1: 0.6491 
[18:51:59.981]  Site-17        | Train Loss: 0.6417 | Train AUC: 0.6936  | Train Acc: 0.6481  | Train Sen: 0.5447  | Train Spe: 0.7404  | Train F1: 0.5934 
[18:53:49.778]  Site-18        | Train Loss: 0.6430 | Train AUC: 0.7013  | Train Acc: 0.6576  | Train Sen: 0.6267  | Train Spe: 0.6883  | Train F1: 0.6461 
[18:55:36.425]  Site-19        | Train Loss: 0.6301 | Train AUC: 0.7060  | Train Acc: 0.6630  | Train Sen: 0.6267  | Train Spe: 0.7008  | Train F1: 0.6546 
[18:55:37.157] Update sigma on aggregation=0.13925729990005492; clip bound update=5.570291996002197
[18:55:51.557]  Site-0         | Val Loss: 1.0448 | Val AUC: 0.4637 | Val Acc: 0.4800 | Val Sen: 1.0000 | Val Spe: 0.0000 | Val F1: 0.6486
[18:56:04.513]  Site-1         | Val Loss: 1.1511 | Val AUC: 0.4849 | Val Acc: 0.4080 | Val Sen: 1.0000 | Val Spe: 0.0000 | Val F1: 0.5795
[18:56:17.405]  Site-2         | Val Loss: 1.0074 | Val AUC: 0.5217 | Val Acc: 0.4960 | Val Sen: 1.0000 | Val Spe: 0.0000 | Val F1: 0.6631
[18:56:30.168]  Site-3         | Val Loss: 1.0213 | Val AUC: 0.5113 | Val Acc: 0.4920 | Val Sen: 1.0000 | Val Spe: 0.0000 | Val F1: 0.6595
[18:56:43.189]  Site-4         | Val Loss: 0.8993 | Val AUC: 0.4874 | Val Acc: 0.5680 | Val Sen: 1.0000 | Val Spe: 0.0000 | Val F1: 0.7245
[18:56:56.365]  Site-5         | Val Loss: 0.9741 | Val AUC: 0.4765 | Val Acc: 0.5200 | Val Sen: 0.9924 | Val Spe: 0.0000 | Val F1: 0.6842
[18:57:09.396]  Site-6         | Val Loss: 1.0645 | Val AUC: 0.4339 | Val Acc: 0.4760 | Val Sen: 1.0000 | Val Spe: 0.0000 | Val F1: 0.6450
[18:57:22.320]  Site-7         | Val Loss: 0.9499 | Val AUC: 0.4806 | Val Acc: 0.5360 | Val Sen: 1.0000 | Val Spe: 0.0000 | Val F1: 0.6979
[18:57:35.454]  Site-8         | Val Loss: 1.0430 | Val AUC: 0.5167 | Val Acc: 0.4720 | Val Sen: 1.0000 | Val Spe: 0.0000 | Val F1: 0.6413
[18:57:48.352]  Site-9         | Val Loss: 0.9609 | Val AUC: 0.5258 | Val Acc: 0.5160 | Val Sen: 1.0000 | Val Spe: 0.0000 | Val F1: 0.6807
[18:58:01.365]  Site-10        | Val Loss: 1.0454 | Val AUC: 0.4508 | Val Acc: 0.4960 | Val Sen: 1.0000 | Val Spe: 0.0000 | Val F1: 0.6631
[18:58:14.164]  Site-11        | Val Loss: 1.1161 | Val AUC: 0.4787 | Val Acc: 0.4400 | Val Sen: 1.0000 | Val Spe: 0.0000 | Val F1: 0.6111
[18:58:27.130]  Site-12        | Val Loss: 0.9346 | Val AUC: 0.4843 | Val Acc: 0.5400 | Val Sen: 0.9926 | Val Spe: 0.0000 | Val F1: 0.7013
[18:58:40.026]  Site-13        | Val Loss: 0.9918 | Val AUC: 0.4936 | Val Acc: 0.5080 | Val Sen: 1.0000 | Val Spe: 0.0000 | Val F1: 0.6737
[18:58:52.922]  Site-14        | Val Loss: 0.9527 | Val AUC: 0.4254 | Val Acc: 0.5440 | Val Sen: 1.0000 | Val Spe: 0.0000 | Val F1: 0.7047
[18:59:05.883]  Site-15        | Val Loss: 0.9558 | Val AUC: 0.4941 | Val Acc: 0.5280 | Val Sen: 1.0000 | Val Spe: 0.0000 | Val F1: 0.6911
[18:59:18.804]  Site-16        | Val Loss: 0.9305 | Val AUC: 0.4344 | Val Acc: 0.5640 | Val Sen: 1.0000 | Val Spe: 0.0000 | Val F1: 0.7212
[18:59:31.815]  Site-17        | Val Loss: 1.0507 | Val AUC: 0.4782 | Val Acc: 0.4840 | Val Sen: 1.0000 | Val Spe: 0.0000 | Val F1: 0.6523
[18:59:44.672]  Site-18        | Val Loss: 1.0915 | Val AUC: 0.4584 | Val Acc: 0.4640 | Val Sen: 0.9915 | Val Spe: 0.0000 | Val F1: 0.6339
[18:59:57.779]  Site-19        | Val Loss: 1.1072 | Val AUC: 0.4490 | Val Acc: 0.4480 | Val Sen: 0.9912 | Val Spe: 0.0000 | Val F1: 0.6188
[18:59:57.780]  Site-Average | Val Loss: 1.0146 | AUC: 0.4775 | Acc: 0.4990 | Sen: 0.9984 | Spe: 0.0000 | F1: 0.6648
[18:59:57.781]  Best Epoch:0 | Avg Val Acc: 0.4990
[18:59:57.783]  Saving the local and server checkpoint to ../../experiments/v1.0/checkpoint/RSNA-ICH/seed1/dpsgd_rounds100_localE1_lr0.0003_batch16_N20_sr1_VN1_overhead_z0.5_delta0.01_adaclip_PureAvg/model_best_0...
