[02:41:37.806] Domain Adaptation enabled.
[02:41:38.041] [Client 0] Train=750, Val=250, Test=250
[02:41:38.041] [Client 1] Train=750, Val=250, Test=250
[02:41:38.042] [Client 2] Train=750, Val=250, Test=250
[02:41:38.042] [Client 3] Train=750, Val=250, Test=250
[02:41:38.043] [Client 4] Train=750, Val=250, Test=250
[02:41:38.043] [Client 5] Train=750, Val=250, Test=250
[02:41:38.043] [Client 6] Train=750, Val=250, Test=250
[02:41:38.044] [Client 7] Train=750, Val=250, Test=250
[02:41:38.044] [Client 8] Train=750, Val=250, Test=250
[02:41:38.045] [Client 9] Train=750, Val=250, Test=250
[02:41:38.045] [Client 10] Train=750, Val=250, Test=250
[02:41:38.045] [Client 11] Train=750, Val=250, Test=250
[02:41:38.046] [Client 12] Train=750, Val=250, Test=250
[02:41:38.046] [Client 13] Train=750, Val=250, Test=250
[02:41:38.047] [Client 14] Train=750, Val=250, Test=250
[02:41:38.047] [Client 15] Train=750, Val=250, Test=250
[02:41:38.048] [Client 16] Train=750, Val=250, Test=250
[02:41:38.049] [Client 17] Train=750, Val=250, Test=250
[02:41:38.049] [Client 18] Train=750, Val=250, Test=250
[02:41:38.049] [Client 19] Train=750, Val=250, Test=250
[02:41:38.050] [Virtual Client 0-0] Train=750
[02:41:38.051] [Virtual Client 1-0] Train=750
[02:41:38.051] [Virtual Client 2-0] Train=750
[02:41:38.051] [Virtual Client 3-0] Train=750
[02:41:38.052] [Virtual Client 4-0] Train=750
[02:41:38.052] [Virtual Client 5-0] Train=750
[02:41:38.053] [Virtual Client 6-0] Train=750
[02:41:38.053] [Virtual Client 7-0] Train=750
[02:41:38.053] [Virtual Client 8-0] Train=750
[02:41:38.054] [Virtual Client 9-0] Train=750
[02:41:38.054] [Virtual Client 10-0] Train=750
[02:41:38.055] [Virtual Client 11-0] Train=750
[02:41:38.055] [Virtual Client 12-0] Train=750
[02:41:38.056] [Virtual Client 13-0] Train=750
[02:41:38.056] [Virtual Client 14-0] Train=750
[02:41:38.057] [Virtual Client 15-0] Train=750
[02:41:38.057] [Virtual Client 16-0] Train=750
[02:41:38.057] [Virtual Client 17-0] Train=750
[02:41:38.058] [Virtual Client 18-0] Train=750
[02:41:38.058] [Virtual Client 19-0] Train=750
[02:41:38.062] Client Weights: [0.05, 0.05, 0.05, 0.05, 0.05, 0.05, 0.05, 0.05, 0.05, 0.05, 0.05, 0.05, 0.05, 0.05, 0.05, 0.05, 0.05, 0.05, 0.05, 0.05]
[02:41:38.063] Training Clients:[0, 1, 2, 3, 4, 5, 6, 7, 8, 9, 10, 11, 12, 13, 14, 15, 16, 17, 18, 19]
[02:41:38.063] Val Clients:[0, 1, 2, 3, 4, 5, 6, 7, 8, 9, 10, 11, 12, 13, 14, 15, 16, 17, 18, 19]
[02:41:38.063] =============== args ================
[02:41:38.063] Namespace(clients=20, virtual_clients=1, lr=0.0003, lr_decay=-1, early=False, batch=16, rounds=100, local_epochs=1, mode='dp2rmsprop', pretrain=False, exp=None, save_path='../../experiments/v1.0/checkpoint/RSNA-ICH/seed0/dp2rmsprop_rounds100_localE1_lr0.0003_batch16_N20_sr1_VN1_overhead_z1.5_delta0.01_adaclip_rmsproplr=3e-05_PureAvg_adaVN_DA', resume=False, gpu='0', seed=0, debug=False, data='RSNA-ICH', sample_rate=1, leave='no', merge=False, balance=False, weighted_avg=False, split='UNI', local_bn=False, generalize=False, gn=False, selu=False, comb='times', free=-1, noisy=-1, alpha=1.0, adaclip=True, noclip=False, ema=0.0, mu=0.001, S=10, epsilon=None, noise_multiplier=1.5, delta=0.01, accountant='prv', dp_mode='overhead', balance_split=False, test=False, ckpt='None', adam_lr=0.1, dp2_interval=3, rmsprop_lr=3e-05, ada_vn=True, init_vn=False, ada_stable=False, ada_prog=False, domain_adaptation=True, log_path='../../experiments/v1.0/log/RSNA-ICH/seed0/dp2rmsprop_rounds100_localE1_lr0.0003_batch16_N20_sr1_VN1_overhead_z1.5_delta0.01_adaclip_rmsproplr=3e-05_PureAvg_adaVN_DA')
[02:41:40.262] Using noise multiplier=1.5 and sigma on aggregation=0.75 to satisfy (36.88917782788349,0.01)-DP.
[02:41:40.263] Using adaptive clipping.
[02:41:40.263] Using prv accountant.
[02:41:40.337] ============ Round 0, Local train epoch 0 ============
[02:43:24.187]  Site-0         | Train Loss: 0.6177 | Train AUC: 0.7180  | Train Acc: 0.6562  | Train Sen: 0.5722  | Train Spe: 0.7398  | Train F1: 0.6241 
[02:45:07.145]  Site-1         | Train Loss: 0.6337 | Train AUC: 0.7065  | Train Acc: 0.6522  | Train Sen: 0.6378  | Train Spe: 0.6676  | Train F1: 0.6550 
[02:46:52.374]  Site-2         | Train Loss: 0.6291 | Train AUC: 0.6941  | Train Acc: 0.6264  | Train Sen: 0.5784  | Train Spe: 0.6749  | Train F1: 0.6088 
[02:48:40.217]  Site-3         | Train Loss: 0.6531 | Train AUC: 0.6778  | Train Acc: 0.6359  | Train Sen: 0.6105  | Train Spe: 0.6629  | Train F1: 0.6339 
[02:50:26.428]  Site-4         | Train Loss: 0.6337 | Train AUC: 0.6972  | Train Acc: 0.6440  | Train Sen: 0.6190  | Train Spe: 0.6704  | Train F1: 0.6411 
[02:52:09.036]  Site-5         | Train Loss: 0.6248 | Train AUC: 0.7055  | Train Acc: 0.6821  | Train Sen: 0.5676  | Train Spe: 0.7803  | Train F1: 0.6226 
[02:53:55.411]  Site-6         | Train Loss: 0.6257 | Train AUC: 0.7170  | Train Acc: 0.6467  | Train Sen: 0.6127  | Train Spe: 0.6825  | Train F1: 0.6399 
[02:55:41.869]  Site-7         | Train Loss: 0.6443 | Train AUC: 0.6810  | Train Acc: 0.6345  | Train Sen: 0.5924  | Train Spe: 0.6766  | Train F1: 0.6184 
[02:57:26.973]  Site-8         | Train Loss: 0.6312 | Train AUC: 0.6988  | Train Acc: 0.6780  | Train Sen: 0.5829  | Train Spe: 0.7642  | Train F1: 0.6326 
[02:59:13.124]  Site-9         | Train Loss: 0.6463 | Train AUC: 0.6690  | Train Acc: 0.6141  | Train Sen: 0.5486  | Train Spe: 0.6803  | Train F1: 0.5884 
[03:00:59.046]  Site-10        | Train Loss: 0.6380 | Train AUC: 0.6904  | Train Acc: 0.6345  | Train Sen: 0.5620  | Train Spe: 0.7051  | Train F1: 0.6027 
[03:02:42.277]  Site-11        | Train Loss: 0.6096 | Train AUC: 0.7337  | Train Acc: 0.6821  | Train Sen: 0.6301  | Train Spe: 0.7332  | Train F1: 0.6628 
[03:04:25.519]  Site-12        | Train Loss: 0.6511 | Train AUC: 0.6908  | Train Acc: 0.6562  | Train Sen: 0.6289  | Train Spe: 0.6854  | Train F1: 0.6539 
[03:06:09.076]  Site-13        | Train Loss: 0.6381 | Train AUC: 0.7089  | Train Acc: 0.6630  | Train Sen: 0.5471  | Train Spe: 0.7626  | Train F1: 0.6000 
[03:07:55.540]  Site-14        | Train Loss: 0.6447 | Train AUC: 0.6737  | Train Acc: 0.6372  | Train Sen: 0.5444  | Train Spe: 0.7209  | Train F1: 0.5873 
[03:09:37.432]  Site-15        | Train Loss: 0.6219 | Train AUC: 0.7220  | Train Acc: 0.6739  | Train Sen: 0.6559  | Train Spe: 0.6923  | Train F1: 0.6703 
[03:11:23.718]  Site-16        | Train Loss: 0.6149 | Train AUC: 0.7236  | Train Acc: 0.6739  | Train Sen: 0.6480  | Train Spe: 0.7008  | Train F1: 0.6694 
[03:13:09.117]  Site-17        | Train Loss: 0.6286 | Train AUC: 0.6995  | Train Acc: 0.6495  | Train Sen: 0.6332  | Train Spe: 0.6667  | Train F1: 0.6504 
[03:14:54.483]  Site-18        | Train Loss: 0.6422 | Train AUC: 0.6969  | Train Acc: 0.6576  | Train Sen: 0.5829  | Train Spe: 0.7348  | Train F1: 0.6337 
[03:16:40.720]  Site-19        | Train Loss: 0.6293 | Train AUC: 0.7024  | Train Acc: 0.6440  | Train Sen: 0.6787  | Train Spe: 0.6052  | Train F1: 0.6684 
[03:16:43.408] Update sigma on aggregation=0.41607931852340696; clip bound update=5.54772424697876
[03:16:57.759]  Site-0         | Val Loss: 0.7013 | Val AUC: 0.5261 | Val Acc: 0.5160 | Val Sen: 0.0000 | Val Spe: 1.0000 | Val F1: 0.0000
[03:17:11.046]  Site-1         | Val Loss: 0.6980 | Val AUC: 0.4887 | Val Acc: 0.5320 | Val Sen: 0.0000 | Val Spe: 1.0000 | Val F1: 0.0000
[03:17:24.047]  Site-2         | Val Loss: 0.7093 | Val AUC: 0.5276 | Val Acc: 0.4920 | Val Sen: 0.0000 | Val Spe: 1.0000 | Val F1: 0.0000
[03:17:37.139]  Site-3         | Val Loss: 0.7179 | Val AUC: 0.5211 | Val Acc: 0.4640 | Val Sen: 0.0000 | Val Spe: 1.0000 | Val F1: 0.0000
[03:17:50.146]  Site-4         | Val Loss: 0.7083 | Val AUC: 0.4458 | Val Acc: 0.5120 | Val Sen: 0.0000 | Val Spe: 1.0000 | Val F1: 0.0000
[03:18:02.948]  Site-5         | Val Loss: 0.7194 | Val AUC: 0.4886 | Val Acc: 0.4640 | Val Sen: 0.0000 | Val Spe: 1.0000 | Val F1: 0.0000
[03:18:16.008]  Site-6         | Val Loss: 0.6949 | Val AUC: 0.4593 | Val Acc: 0.5400 | Val Sen: 0.0000 | Val Spe: 1.0000 | Val F1: 0.0000
[03:18:29.024]  Site-7         | Val Loss: 0.6923 | Val AUC: 0.4726 | Val Acc: 0.5520 | Val Sen: 0.0000 | Val Spe: 1.0000 | Val F1: 0.0000
[03:18:41.850]  Site-8         | Val Loss: 0.7206 | Val AUC: 0.5016 | Val Acc: 0.4640 | Val Sen: 0.0000 | Val Spe: 1.0000 | Val F1: 0.0000
[03:18:54.614]  Site-9         | Val Loss: 0.7156 | Val AUC: 0.5496 | Val Acc: 0.4680 | Val Sen: 0.0000 | Val Spe: 1.0000 | Val F1: 0.0000
[03:19:07.411]  Site-10        | Val Loss: 0.7166 | Val AUC: 0.4702 | Val Acc: 0.4880 | Val Sen: 0.0000 | Val Spe: 1.0000 | Val F1: 0.0000
[03:19:20.240]  Site-11        | Val Loss: 0.7155 | Val AUC: 0.4639 | Val Acc: 0.4840 | Val Sen: 0.0000 | Val Spe: 1.0000 | Val F1: 0.0000
[03:19:33.087]  Site-12        | Val Loss: 0.7081 | Val AUC: 0.5086 | Val Acc: 0.5000 | Val Sen: 0.0000 | Val Spe: 1.0000 | Val F1: 0.0000
[03:19:46.354]  Site-13        | Val Loss: 0.7130 | Val AUC: 0.4777 | Val Acc: 0.4880 | Val Sen: 0.0000 | Val Spe: 1.0000 | Val F1: 0.0000
[03:19:59.168]  Site-14        | Val Loss: 0.7003 | Val AUC: 0.4302 | Val Acc: 0.5360 | Val Sen: 0.0000 | Val Spe: 1.0000 | Val F1: 0.0000
[03:20:11.978]  Site-15        | Val Loss: 0.6907 | Val AUC: 0.5450 | Val Acc: 0.5480 | Val Sen: 0.0000 | Val Spe: 1.0000 | Val F1: 0.0000
[03:20:25.060]  Site-16        | Val Loss: 0.7290 | Val AUC: 0.5616 | Val Acc: 0.4360 | Val Sen: 0.0000 | Val Spe: 1.0000 | Val F1: 0.0000
[03:20:37.860]  Site-17        | Val Loss: 0.7093 | Val AUC: 0.5172 | Val Acc: 0.4880 | Val Sen: 0.0000 | Val Spe: 1.0000 | Val F1: 0.0000
[03:20:50.672]  Site-18        | Val Loss: 0.7009 | Val AUC: 0.5318 | Val Acc: 0.5200 | Val Sen: 0.0000 | Val Spe: 1.0000 | Val F1: 0.0000
[03:21:03.419]  Site-19        | Val Loss: 0.7015 | Val AUC: 0.5151 | Val Acc: 0.5120 | Val Sen: 0.0000 | Val Spe: 1.0000 | Val F1: 0.0000
[03:21:03.420]  Site-Average | Val Loss: 0.7081 | AUC: 0.5001 | Acc: 0.5002 | Sen: 0.0000 | Spe: 1.0000 | F1: 0.0000
[03:21:03.421]  Best Epoch:0 | Avg Val Acc: 0.5002
[03:21:03.424]  Saving the local and server checkpoint to ../../experiments/v1.0/checkpoint/RSNA-ICH/seed0/dp2rmsprop_rounds100_localE1_lr0.0003_batch16_N20_sr1_VN1_overhead_z1.5_delta0.01_adaclip_rmsproplr=3e-05_PureAvg_adaVN_DA/model_best_0...
