[22:25:18.340] [Client 0] Train=750, Val=250, Test=250
[22:25:18.340] [Client 1] Train=750, Val=250, Test=250
[22:25:18.341] [Client 2] Train=750, Val=250, Test=250
[22:25:18.341] [Client 3] Train=750, Val=250, Test=250
[22:25:18.342] [Client 4] Train=750, Val=250, Test=250
[22:25:18.343] [Client 5] Train=750, Val=250, Test=250
[22:25:18.343] [Client 6] Train=750, Val=250, Test=250
[22:25:18.344] [Client 7] Train=750, Val=250, Test=250
[22:25:18.344] [Client 8] Train=750, Val=250, Test=250
[22:25:18.345] [Client 9] Train=750, Val=250, Test=250
[22:25:18.346] [Client 10] Train=750, Val=250, Test=250
[22:25:18.348] [Client 11] Train=750, Val=250, Test=250
[22:25:18.349] [Client 12] Train=750, Val=250, Test=250
[22:25:18.350] [Client 13] Train=750, Val=250, Test=250
[22:25:18.351] [Client 14] Train=750, Val=250, Test=250
[22:25:18.352] [Client 15] Train=750, Val=250, Test=250
[22:25:18.353] [Client 16] Train=750, Val=250, Test=250
[22:25:18.353] [Client 17] Train=750, Val=250, Test=250
[22:25:18.354] [Client 18] Train=750, Val=250, Test=250
[22:25:18.354] [Client 19] Train=750, Val=250, Test=250
[22:25:18.355] [Virtual Client 0-0] Train=750
[22:25:18.355] [Virtual Client 1-0] Train=750
[22:25:18.355] [Virtual Client 2-0] Train=750
[22:25:18.356] [Virtual Client 3-0] Train=750
[22:25:18.356] [Virtual Client 4-0] Train=750
[22:25:18.357] [Virtual Client 5-0] Train=750
[22:25:18.357] [Virtual Client 6-0] Train=750
[22:25:18.358] [Virtual Client 7-0] Train=750
[22:25:18.358] [Virtual Client 8-0] Train=750
[22:25:18.358] [Virtual Client 9-0] Train=750
[22:25:18.359] [Virtual Client 10-0] Train=750
[22:25:18.359] [Virtual Client 11-0] Train=750
[22:25:18.360] [Virtual Client 12-0] Train=750
[22:25:18.360] [Virtual Client 13-0] Train=750
[22:25:18.361] [Virtual Client 14-0] Train=750
[22:25:18.361] [Virtual Client 15-0] Train=750
[22:25:18.362] [Virtual Client 16-0] Train=750
[22:25:18.362] [Virtual Client 17-0] Train=750
[22:25:18.363] [Virtual Client 18-0] Train=750
[22:25:18.363] [Virtual Client 19-0] Train=750
[22:25:18.365] Client Weights: [0.05, 0.05, 0.05, 0.05, 0.05, 0.05, 0.05, 0.05, 0.05, 0.05, 0.05, 0.05, 0.05, 0.05, 0.05, 0.05, 0.05, 0.05, 0.05, 0.05]
[22:25:18.366] Training Clients:[0, 1, 2, 3, 4, 5, 6, 7, 8, 9, 10, 11, 12, 13, 14, 15, 16, 17, 18, 19]
[22:25:18.366] Val Clients:[0, 1, 2, 3, 4, 5, 6, 7, 8, 9, 10, 11, 12, 13, 14, 15, 16, 17, 18, 19]
[22:25:18.366] =============== args ================
[22:25:18.366] Namespace(clients=20, virtual_clients=1, lr=0.0003, lr_decay=-1, early=False, batch=16, rounds=100, local_epochs=1, mode='fedavg', pretrain=False, exp=None, save_path='../../experiments/v1.0/checkpoint/RSNA-ICH/seed4/fedavg_rounds100_localE1_lr0.0003_batch16_N20_sr1_VN1__PureAvg', resume=False, gpu='0', seed=4, debug=False, data='RSNA-ICH', sample_rate=1, leave='no', merge=False, balance=False, weighted_avg=False, split='UNI', local_bn=False, generalize=False, gn=False, selu=False, comb='times', free=-1, noisy=-1, alpha=1.0, adaclip=False, noclip=False, ema=0.0, mu=0.001, S=10, epsilon=None, noise_multiplier=None, delta=0.001, accountant='prv', dp_mode='overhead', balance_split=False, test=False, ckpt='None', adam_lr=0.1, dp2_interval=3, rmsprop_lr=1, ada_vn=False, init_vn=False, ada_stable=False, ada_prog=False, log_path='../../experiments/v1.0/log/RSNA-ICH/seed4/fedavg_rounds100_localE1_lr0.0003_batch16_N20_sr1_VN1__PureAvg')
[22:25:22.721] ============ Round 0, Local train epoch 0 ============
[22:29:20.800]  Site-0         | Train Loss: 0.6350 | Train AUC: 0.6939  | Train Acc: 0.6332  | Train Sen: 0.5870  | Train Spe: 0.6793  | Train F1: 0.6154 
[22:33:17.517]  Site-1         | Train Loss: 0.6141 | Train AUC: 0.7310  | Train Acc: 0.6753  | Train Sen: 0.6694  | Train Spe: 0.6811  | Train F1: 0.6722 
[22:37:13.536]  Site-2         | Train Loss: 0.6368 | Train AUC: 0.7052  | Train Acc: 0.6467  | Train Sen: 0.6594  | Train Spe: 0.6341  | Train F1: 0.6505 
[22:41:10.300]  Site-3         | Train Loss: 0.6500 | Train AUC: 0.6755  | Train Acc: 0.6236  | Train Sen: 0.5590  | Train Spe: 0.6842  | Train F1: 0.5896 
[22:45:11.617]  Site-4         | Train Loss: 0.6113 | Train AUC: 0.7335  | Train Acc: 0.6807  | Train Sen: 0.5794  | Train Spe: 0.7677  | Train F1: 0.6264 
[22:49:07.416]  Site-5         | Train Loss: 0.6256 | Train AUC: 0.7136  | Train Acc: 0.6753  | Train Sen: 0.6048  | Train Spe: 0.7473  | Train F1: 0.6531 
[22:53:03.759]  Site-6         | Train Loss: 0.6400 | Train AUC: 0.6890  | Train Acc: 0.6291  | Train Sen: 0.5350  | Train Spe: 0.7177  | Train F1: 0.5832 
[22:56:57.492]  Site-7         | Train Loss: 0.6094 | Train AUC: 0.7399  | Train Acc: 0.6780  | Train Sen: 0.6543  | Train Spe: 0.7028  | Train F1: 0.6749 
[23:00:49.193]  Site-8         | Train Loss: 0.6413 | Train AUC: 0.6753  | Train Acc: 0.6359  | Train Sen: 0.5505  | Train Spe: 0.7250  | Train F1: 0.6070 
[23:04:47.791]  Site-9         | Train Loss: 0.6163 | Train AUC: 0.7190  | Train Acc: 0.6644  | Train Sen: 0.5641  | Train Spe: 0.7558  | Train F1: 0.6159 
[23:08:43.381]  Site-10        | Train Loss: 0.6405 | Train AUC: 0.6874  | Train Acc: 0.6318  | Train Sen: 0.6508  | Train Spe: 0.6117  | Train F1: 0.6448 
[23:13:03.353]  Site-11        | Train Loss: 0.6479 | Train AUC: 0.6796  | Train Acc: 0.6345  | Train Sen: 0.5674  | Train Spe: 0.6974  | Train F1: 0.6003 
[23:17:07.066]  Site-12        | Train Loss: 0.6180 | Train AUC: 0.7212  | Train Acc: 0.6562  | Train Sen: 0.6434  | Train Spe: 0.6705  | Train F1: 0.6631 
[23:21:05.099]  Site-13        | Train Loss: 0.6444 | Train AUC: 0.6911  | Train Acc: 0.6440  | Train Sen: 0.6299  | Train Spe: 0.6571  | Train F1: 0.6299 
[23:24:56.417]  Site-14        | Train Loss: 0.6242 | Train AUC: 0.7276  | Train Acc: 0.6630  | Train Sen: 0.6166  | Train Spe: 0.7107  | Train F1: 0.6497 
[23:28:49.569]  Site-15        | Train Loss: 0.6387 | Train AUC: 0.7062  | Train Acc: 0.6549  | Train Sen: 0.6083  | Train Spe: 0.6995  | Train F1: 0.6329 
[23:32:42.750]  Site-16        | Train Loss: 0.6493 | Train AUC: 0.6779  | Train Acc: 0.6304  | Train Sen: 0.5836  | Train Spe: 0.6765  | Train F1: 0.6103 
[23:36:51.033]  Site-17        | Train Loss: 0.6203 | Train AUC: 0.7175  | Train Acc: 0.6481  | Train Sen: 0.6371  | Train Spe: 0.6601  | Train F1: 0.6533 
[23:40:56.878]  Site-18        | Train Loss: 0.6204 | Train AUC: 0.7263  | Train Acc: 0.6630  | Train Sen: 0.6614  | Train Spe: 0.6648  | Train F1: 0.6684 
[23:44:51.200]  Site-19        | Train Loss: 0.6416 | Train AUC: 0.6889  | Train Acc: 0.6304  | Train Sen: 0.6632  | Train Spe: 0.5937  | Train F1: 0.6548 
[23:45:46.962]  Site-0         | Val Loss: 0.5838 | Val AUC: 0.7506 | Val Acc: 0.6760 | Val Sen: 0.6522 | Val Spe: 0.7054 | Val F1: 0.6897
[23:46:30.384]  Site-1         | Val Loss: 0.6188 | Val AUC: 0.7142 | Val Acc: 0.6640 | Val Sen: 0.6726 | Val Spe: 0.6569 | Val F1: 0.6441
[23:47:10.491]  Site-2         | Val Loss: 0.5967 | Val AUC: 0.7467 | Val Acc: 0.6760 | Val Sen: 0.6942 | Val Spe: 0.6589 | Val F1: 0.6747
[23:47:45.098]  Site-3         | Val Loss: 0.5903 | Val AUC: 0.7492 | Val Acc: 0.6800 | Val Sen: 0.6667 | Val Spe: 0.6942 | Val F1: 0.6825
[23:48:18.689]  Site-4         | Val Loss: 0.5572 | Val AUC: 0.7948 | Val Acc: 0.7280 | Val Sen: 0.7097 | Val Spe: 0.7460 | Val F1: 0.7213
[23:48:51.412]  Site-5         | Val Loss: 0.6130 | Val AUC: 0.7257 | Val Acc: 0.6680 | Val Sen: 0.6522 | Val Spe: 0.6875 | Val F1: 0.6844
[23:49:23.763]  Site-6         | Val Loss: 0.6093 | Val AUC: 0.7358 | Val Acc: 0.6720 | Val Sen: 0.6667 | Val Spe: 0.6786 | Val F1: 0.6917
[23:49:56.406]  Site-7         | Val Loss: 0.5522 | Val AUC: 0.7926 | Val Acc: 0.7280 | Val Sen: 0.7131 | Val Spe: 0.7422 | Val F1: 0.7190
[23:50:28.780]  Site-8         | Val Loss: 0.5671 | Val AUC: 0.7676 | Val Acc: 0.6920 | Val Sen: 0.6847 | Val Spe: 0.6978 | Val F1: 0.6638
[23:51:01.266]  Site-9         | Val Loss: 0.5880 | Val AUC: 0.7533 | Val Acc: 0.6920 | Val Sen: 0.7302 | Val Spe: 0.6532 | Val F1: 0.7050
[23:51:34.487]  Site-10        | Val Loss: 0.6281 | Val AUC: 0.7159 | Val Acc: 0.6600 | Val Sen: 0.6514 | Val Spe: 0.6667 | Val F1: 0.6256
[23:52:07.647]  Site-11        | Val Loss: 0.5771 | Val AUC: 0.7634 | Val Acc: 0.7000 | Val Sen: 0.7295 | Val Spe: 0.6719 | Val F1: 0.7036
[23:52:40.669]  Site-12        | Val Loss: 0.6102 | Val AUC: 0.7257 | Val Acc: 0.6680 | Val Sen: 0.6462 | Val Spe: 0.6917 | Val F1: 0.6693
[23:53:14.307]  Site-13        | Val Loss: 0.5902 | Val AUC: 0.7624 | Val Acc: 0.6800 | Val Sen: 0.7043 | Val Spe: 0.6593 | Val F1: 0.6694
[23:53:46.774]  Site-14        | Val Loss: 0.6492 | Val AUC: 0.6813 | Val Acc: 0.6240 | Val Sen: 0.6452 | Val Spe: 0.6032 | Val F1: 0.6299
[23:54:19.052]  Site-15        | Val Loss: 0.6345 | Val AUC: 0.6968 | Val Acc: 0.6320 | Val Sen: 0.6214 | Val Spe: 0.6455 | Val F1: 0.6541
[23:54:51.500]  Site-16        | Val Loss: 0.5848 | Val AUC: 0.7649 | Val Acc: 0.7200 | Val Sen: 0.7377 | Val Spe: 0.7031 | Val F1: 0.7200
[23:55:24.476]  Site-17        | Val Loss: 0.6113 | Val AUC: 0.7359 | Val Acc: 0.6960 | Val Sen: 0.6911 | Val Spe: 0.7008 | Val F1: 0.6911
[23:55:57.042]  Site-18        | Val Loss: 0.6183 | Val AUC: 0.7149 | Val Acc: 0.6480 | Val Sen: 0.6423 | Val Spe: 0.6535 | Val F1: 0.6423
[23:56:29.311]  Site-19        | Val Loss: 0.6047 | Val AUC: 0.7342 | Val Acc: 0.6720 | Val Sen: 0.6489 | Val Spe: 0.6975 | Val F1: 0.6746
[23:56:29.318]  Site-Average | Val Loss: 0.5992 | AUC: 0.7413 | Acc: 0.6788 | Sen: 0.6780 | Spe: 0.6807 | F1: 0.6778
[23:56:29.318]  Best Epoch:0 | Avg Val Acc: 0.6788
[23:56:29.321]  Saving the local and server checkpoint to ../../experiments/v1.0/checkpoint/RSNA-ICH/seed4/fedavg_rounds100_localE1_lr0.0003_batch16_N20_sr1_VN1__PureAvg/model_best_0...
