[18:49:12.388] [Client 0] Train=750, Val=250, Test=250
[18:49:12.389] [Client 1] Train=750, Val=250, Test=250
[18:49:12.389] [Client 2] Train=750, Val=250, Test=250
[18:49:12.390] [Client 3] Train=750, Val=250, Test=250
[18:49:12.390] [Client 4] Train=750, Val=250, Test=250
[18:49:12.391] [Client 5] Train=750, Val=250, Test=250
[18:49:12.391] [Client 6] Train=750, Val=250, Test=250
[18:49:12.392] [Client 7] Train=750, Val=250, Test=250
[18:49:12.392] [Client 8] Train=750, Val=250, Test=250
[18:49:12.392] [Client 9] Train=750, Val=250, Test=250
[18:49:12.393] [Client 10] Train=750, Val=250, Test=250
[18:49:12.393] [Client 11] Train=750, Val=250, Test=250
[18:49:12.394] [Client 12] Train=750, Val=250, Test=250
[18:49:12.394] [Client 13] Train=750, Val=250, Test=250
[18:49:12.395] [Client 14] Train=750, Val=250, Test=250
[18:49:12.395] [Client 15] Train=750, Val=250, Test=250
[18:49:12.396] [Client 16] Train=750, Val=250, Test=250
[18:49:12.396] [Client 17] Train=750, Val=250, Test=250
[18:49:12.397] [Client 18] Train=750, Val=250, Test=250
[18:49:12.397] [Client 19] Train=750, Val=250, Test=250
[18:49:12.398] [Virtual Client 0-0] Train=750
[18:49:12.398] [Virtual Client 1-0] Train=750
[18:49:12.399] [Virtual Client 2-0] Train=750
[18:49:12.399] [Virtual Client 3-0] Train=750
[18:49:12.400] [Virtual Client 4-0] Train=750
[18:49:12.400] [Virtual Client 5-0] Train=750
[18:49:12.401] [Virtual Client 6-0] Train=750
[18:49:12.401] [Virtual Client 7-0] Train=750
[18:49:12.402] [Virtual Client 8-0] Train=750
[18:49:12.402] [Virtual Client 9-0] Train=750
[18:49:12.403] [Virtual Client 10-0] Train=750
[18:49:12.403] [Virtual Client 11-0] Train=750
[18:49:12.404] [Virtual Client 12-0] Train=750
[18:49:12.404] [Virtual Client 13-0] Train=750
[18:49:12.405] [Virtual Client 14-0] Train=750
[18:49:12.405] [Virtual Client 15-0] Train=750
[18:49:12.406] [Virtual Client 16-0] Train=750
[18:49:12.406] [Virtual Client 17-0] Train=750
[18:49:12.407] [Virtual Client 18-0] Train=750
[18:49:12.407] [Virtual Client 19-0] Train=750
[18:49:12.412] Client Weights: [0.05, 0.05, 0.05, 0.05, 0.05, 0.05, 0.05, 0.05, 0.05, 0.05, 0.05, 0.05, 0.05, 0.05, 0.05, 0.05, 0.05, 0.05, 0.05, 0.05]
[18:49:12.412] Training Clients:[0, 1, 2, 3, 4, 5, 6, 7, 8, 9, 10, 11, 12, 13, 14, 15, 16, 17, 18, 19]
[18:49:12.412] Val Clients:[0, 1, 2, 3, 4, 5, 6, 7, 8, 9, 10, 11, 12, 13, 14, 15, 16, 17, 18, 19]
[18:49:12.412] =============== args ================
[18:49:12.412] Namespace(clients=20, virtual_clients=1, lr=0.0003, lr_decay=-1, early=False, batch=16, rounds=100, local_epochs=1, mode='dp2rmsprop', pretrain=False, exp=None, save_path='../../experiments/v1.0/checkpoint/RSNA-ICH/seed9/dp2rmsprop_rounds100_localE1_lr0.0003_batch16_N20_sr1_VN1_overhead_z1.5_delta0.01_adaclip_rmsproplr=3e-05_PureAvg_adaVN_gamma_da=0.8_classWeights=0.7,1.3_DA', resume=False, gpu='0', seed=9, debug=False, data='RSNA-ICH', sample_rate=1, leave='no', merge=False, balance=False, weighted_avg=False, split='UNI', local_bn=False, generalize=False, gn=False, selu=False, comb='times', free=-1, noisy=-1, alpha=1.0, adaclip=True, noclip=False, ema=0.0, mu=0.001, S=10, epsilon=None, noise_multiplier=1.5, delta=0.01, accountant='prv', dp_mode='overhead', balance_split=False, test=False, ckpt='None', adam_lr=0.1, dp2_interval=3, rmsprop_lr=3e-05, ada_vn=True, init_vn=False, ada_stable=False, ada_prog=False, gamma_da=0.8, class_weights='0.7,1.3', domain_adaptation=True, log_path='../../experiments/v1.0/log/RSNA-ICH/seed9/dp2rmsprop_rounds100_localE1_lr0.0003_batch16_N20_sr1_VN1_overhead_z1.5_delta0.01_adaclip_rmsproplr=3e-05_PureAvg_adaVN_gamma_da=0.8_classWeights=0.7,1.3_DA')
[18:49:15.531] Using noise multiplier=1.5 and sigma on aggregation=0.75 to satisfy (36.88917782788349,0.01)-DP.
[18:49:15.531] Using adaptive clipping.
[18:49:15.531] Using prv accountant.
[18:49:15.541] Using domain loss weight (gamma): 0.8
[18:49:15.613] ============ Round 0, Local train epoch 0 ============
[18:53:03.378]  Site-0         | Train Loss: 0.6631 | Train AUC: 0.7101  | Train Acc: 0.6535  | Train Sen: 0.8329  | Train Spe: 0.4883  | Train F1: 0.6975 
[18:56:53.150]  Site-1         | Train Loss: 0.6423 | Train AUC: 0.7175  | Train Acc: 0.6440  | Train Sen: 0.7898  | Train Spe: 0.5104  | Train F1: 0.6797 
[19:00:43.841]  Site-2         | Train Loss: 0.6393 | Train AUC: 0.7023  | Train Acc: 0.6141  | Train Sen: 0.8172  | Train Spe: 0.4066  | Train F1: 0.6816 
[19:04:30.664]  Site-3         | Train Loss: 0.6466 | Train AUC: 0.6872  | Train Acc: 0.6101  | Train Sen: 0.8770  | Train Spe: 0.3343  | Train F1: 0.6957 
[19:08:23.656]  Site-4         | Train Loss: 0.6517 | Train AUC: 0.6902  | Train Acc: 0.5910  | Train Sen: 0.8445  | Train Spe: 0.3306  | Train F1: 0.6767 
[19:12:11.614]  Site-5         | Train Loss: 0.6348 | Train AUC: 0.6964  | Train Acc: 0.6005  | Train Sen: 0.8661  | Train Spe: 0.3155  | Train F1: 0.6918 
[19:15:57.938]  Site-6         | Train Loss: 0.6511 | Train AUC: 0.6987  | Train Acc: 0.5978  | Train Sen: 0.8444  | Train Spe: 0.3617  | Train F1: 0.6726 
[19:19:44.804]  Site-7         | Train Loss: 0.6581 | Train AUC: 0.6860  | Train Acc: 0.5897  | Train Sen: 0.8525  | Train Spe: 0.3297  | Train F1: 0.6739 
[19:23:32.184]  Site-8         | Train Loss: 0.6486 | Train AUC: 0.6992  | Train Acc: 0.6141  | Train Sen: 0.8179  | Train Spe: 0.4103  | Train F1: 0.6795 
[19:27:20.854]  Site-9         | Train Loss: 0.6838 | Train AUC: 0.6554  | Train Acc: 0.5883  | Train Sen: 0.8153  | Train Spe: 0.3802  | Train F1: 0.6545 
[19:31:09.502]  Site-10        | Train Loss: 0.6395 | Train AUC: 0.7260  | Train Acc: 0.6399  | Train Sen: 0.8333  | Train Spe: 0.4607  | Train F1: 0.6901 
[19:34:56.298]  Site-11        | Train Loss: 0.6371 | Train AUC: 0.6946  | Train Acc: 0.6209  | Train Sen: 0.9015  | Train Spe: 0.2941  | Train F1: 0.7190 
[19:38:46.269]  Site-12        | Train Loss: 0.6541 | Train AUC: 0.6921  | Train Acc: 0.6033  | Train Sen: 0.8468  | Train Spe: 0.3544  | Train F1: 0.6833 
[19:42:42.123]  Site-13        | Train Loss: 0.6586 | Train AUC: 0.6878  | Train Acc: 0.5992  | Train Sen: 0.8324  | Train Spe: 0.3710  | Train F1: 0.6726 
[19:46:28.445]  Site-14        | Train Loss: 0.6264 | Train AUC: 0.7366  | Train Acc: 0.6698  | Train Sen: 0.8352  | Train Spe: 0.5081  | Train F1: 0.7145 
[19:50:11.846]  Site-15        | Train Loss: 0.6641 | Train AUC: 0.6679  | Train Acc: 0.5842  | Train Sen: 0.8177  | Train Spe: 0.3444  | Train F1: 0.6659 
[19:53:59.234]  Site-16        | Train Loss: 0.6550 | Train AUC: 0.6902  | Train Acc: 0.6073  | Train Sen: 0.8425  | Train Spe: 0.3797  | Train F1: 0.6785 
[19:57:44.802]  Site-17        | Train Loss: 0.6079 | Train AUC: 0.7433  | Train Acc: 0.6549  | Train Sen: 0.8307  | Train Spe: 0.4631  | Train F1: 0.7152 
[20:01:32.587]  Site-18        | Train Loss: 0.6294 | Train AUC: 0.7192  | Train Acc: 0.6250  | Train Sen: 0.7989  | Train Spe: 0.4511  | Train F1: 0.6806 
[20:05:19.623]  Site-19        | Train Loss: 0.6464 | Train AUC: 0.6959  | Train Acc: 0.6060  | Train Sen: 0.8445  | Train Spe: 0.3609  | Train F1: 0.6848 
[20:05:24.558] Update sigma on aggregation=0.4307053327560425; clip bound update=5.742737770080566
[20:05:56.532]  Site-0         | Val Loss: 0.6628 | Val AUC: 0.5694 | Val Acc: 0.5160 | Val Sen: 0.9766 | Val Spe: 0.0328 | Val F1: 0.6739
[20:06:25.092]  Site-1         | Val Loss: 0.6621 | Val AUC: 0.5714 | Val Acc: 0.5120 | Val Sen: 1.0000 | Val Spe: 0.0161 | Val F1: 0.6738
[20:06:54.151]  Site-2         | Val Loss: 0.6605 | Val AUC: 0.6307 | Val Acc: 0.5080 | Val Sen: 1.0000 | Val Spe: 0.0160 | Val F1: 0.6702
[20:07:23.253]  Site-3         | Val Loss: 0.6585 | Val AUC: 0.6106 | Val Acc: 0.5200 | Val Sen: 0.9847 | Val Spe: 0.0084 | Val F1: 0.6825
[20:07:52.267]  Site-4         | Val Loss: 0.6543 | Val AUC: 0.7010 | Val Acc: 0.4840 | Val Sen: 0.9917 | Val Spe: 0.0154 | Val F1: 0.6485
[20:08:21.847]  Site-5         | Val Loss: 0.6585 | Val AUC: 0.5984 | Val Acc: 0.5040 | Val Sen: 0.9760 | Val Spe: 0.0320 | Val F1: 0.6630
[20:08:51.076]  Site-6         | Val Loss: 0.6422 | Val AUC: 0.7134 | Val Acc: 0.5600 | Val Sen: 1.0000 | Val Spe: 0.0517 | Val F1: 0.7090
[20:09:20.597]  Site-7         | Val Loss: 0.6560 | Val AUC: 0.6372 | Val Acc: 0.5120 | Val Sen: 0.9843 | Val Spe: 0.0244 | Val F1: 0.6720
[20:09:49.466]  Site-8         | Val Loss: 0.6502 | Val AUC: 0.6285 | Val Acc: 0.5560 | Val Sen: 1.0000 | Val Spe: 0.0089 | Val F1: 0.7132
[20:10:18.717]  Site-9         | Val Loss: 0.6569 | Val AUC: 0.6630 | Val Acc: 0.4960 | Val Sen: 0.9917 | Val Spe: 0.0310 | Val F1: 0.6557
[20:10:47.885]  Site-10        | Val Loss: 0.6651 | Val AUC: 0.6417 | Val Acc: 0.4840 | Val Sen: 1.0000 | Val Spe: 0.0301 | Val F1: 0.6446
[20:11:17.246]  Site-11        | Val Loss: 0.6614 | Val AUC: 0.6224 | Val Acc: 0.5040 | Val Sen: 0.9839 | Val Spe: 0.0317 | Val F1: 0.6630
[20:11:46.124]  Site-12        | Val Loss: 0.6714 | Val AUC: 0.6062 | Val Acc: 0.4360 | Val Sen: 0.9908 | Val Spe: 0.0071 | Val F1: 0.6050
[20:12:14.936]  Site-13        | Val Loss: 0.6716 | Val AUC: 0.6097 | Val Acc: 0.4520 | Val Sen: 0.9825 | Val Spe: 0.0074 | Val F1: 0.6205
[20:12:43.910]  Site-14        | Val Loss: 0.6541 | Val AUC: 0.6555 | Val Acc: 0.5240 | Val Sen: 0.9922 | Val Spe: 0.0328 | Val F1: 0.6810
[20:13:12.886]  Site-15        | Val Loss: 0.6621 | Val AUC: 0.5998 | Val Acc: 0.4960 | Val Sen: 1.0000 | Val Spe: 0.0156 | Val F1: 0.6595
[20:13:41.661]  Site-16        | Val Loss: 0.6508 | Val AUC: 0.6952 | Val Acc: 0.5240 | Val Sen: 0.9922 | Val Spe: 0.0328 | Val F1: 0.6810
[20:14:10.667]  Site-17        | Val Loss: 0.6577 | Val AUC: 0.5681 | Val Acc: 0.5520 | Val Sen: 1.0000 | Val Spe: 0.0345 | Val F1: 0.7053
[20:14:39.235]  Site-18        | Val Loss: 0.6548 | Val AUC: 0.6498 | Val Acc: 0.5160 | Val Sen: 1.0000 | Val Spe: 0.0163 | Val F1: 0.6773
[20:15:08.117]  Site-19        | Val Loss: 0.6625 | Val AUC: 0.6455 | Val Acc: 0.4840 | Val Sen: 0.9835 | Val Spe: 0.0155 | Val F1: 0.6485
[20:15:08.121]  Site-Average | Val Loss: 0.6587 | AUC: 0.6309 | Acc: 0.5070 | Sen: 0.9915 | Spe: 0.0230 | F1: 0.6674
[20:15:08.121]  Best Epoch:0 | Avg Val Acc: 0.5070
[20:15:08.126]  Saving the local and server checkpoint to ../../experiments/v1.0/checkpoint/RSNA-ICH/seed9/dp2rmsprop_rounds100_localE1_lr0.0003_batch16_N20_sr1_VN1_overhead_z1.5_delta0.01_adaclip_rmsproplr=3e-05_PureAvg_adaVN_gamma_da=0.8_classWeights=0.7,1.3_DA/model_best_0...
