[14:49:25.632] [Client 0] Train=750, Val=250, Test=250
[14:49:25.633] [Client 1] Train=750, Val=250, Test=250
[14:49:25.633] [Client 2] Train=750, Val=250, Test=250
[14:49:25.634] [Client 3] Train=750, Val=250, Test=250
[14:49:25.634] [Client 4] Train=750, Val=250, Test=250
[14:49:25.635] [Client 5] Train=750, Val=250, Test=250
[14:49:25.635] [Client 6] Train=750, Val=250, Test=250
[14:49:25.636] [Client 7] Train=750, Val=250, Test=250
[14:49:25.636] [Client 8] Train=750, Val=250, Test=250
[14:49:25.636] [Client 9] Train=750, Val=250, Test=250
[14:49:25.637] [Client 10] Train=750, Val=250, Test=250
[14:49:25.637] [Client 11] Train=750, Val=250, Test=250
[14:49:25.638] [Client 12] Train=750, Val=250, Test=250
[14:49:25.638] [Client 13] Train=750, Val=250, Test=250
[14:49:25.639] [Client 14] Train=750, Val=250, Test=250
[14:49:25.639] [Client 15] Train=750, Val=250, Test=250
[14:49:25.640] [Client 16] Train=750, Val=250, Test=250
[14:49:25.640] [Client 17] Train=750, Val=250, Test=250
[14:49:25.641] [Client 18] Train=750, Val=250, Test=250
[14:49:25.641] [Client 19] Train=750, Val=250, Test=250
[14:49:25.642] [Virtual Client 0-0] Train=750
[14:49:25.642] [Virtual Client 1-0] Train=750
[14:49:25.643] [Virtual Client 2-0] Train=750
[14:49:25.643] [Virtual Client 3-0] Train=750
[14:49:25.644] [Virtual Client 4-0] Train=750
[14:49:25.644] [Virtual Client 5-0] Train=750
[14:49:25.645] [Virtual Client 6-0] Train=750
[14:49:25.646] [Virtual Client 7-0] Train=750
[14:49:25.646] [Virtual Client 8-0] Train=750
[14:49:25.647] [Virtual Client 9-0] Train=750
[14:49:25.650] [Virtual Client 10-0] Train=750
[14:49:25.651] [Virtual Client 11-0] Train=750
[14:49:25.652] [Virtual Client 12-0] Train=750
[14:49:25.653] [Virtual Client 13-0] Train=750
[14:49:25.653] [Virtual Client 14-0] Train=750
[14:49:25.654] [Virtual Client 15-0] Train=750
[14:49:25.655] [Virtual Client 16-0] Train=750
[14:49:25.656] [Virtual Client 17-0] Train=750
[14:49:25.657] [Virtual Client 18-0] Train=750
[14:49:25.658] [Virtual Client 19-0] Train=750
[14:49:25.666] Client Weights: [0.05, 0.05, 0.05, 0.05, 0.05, 0.05, 0.05, 0.05, 0.05, 0.05, 0.05, 0.05, 0.05, 0.05, 0.05, 0.05, 0.05, 0.05, 0.05, 0.05]
[14:49:25.667] Training Clients:[0, 1, 2, 3, 4, 5, 6, 7, 8, 9, 10, 11, 12, 13, 14, 15, 16, 17, 18, 19]
[14:49:25.667] Val Clients:[0, 1, 2, 3, 4, 5, 6, 7, 8, 9, 10, 11, 12, 13, 14, 15, 16, 17, 18, 19]
[14:49:25.667] =============== args ================
[14:49:25.667] Namespace(clients=20, virtual_clients=1, lr=0.0003, lr_decay=-1, early=False, batch=16, rounds=100, local_epochs=1, mode='dp2rmsprop', pretrain=False, exp=None, save_path='../../experiments/v1.0/checkpoint/RSNA-ICH/seed12/dp2rmsprop_rounds100_localE1_lr0.0003_batch16_N20_sr1_VN1_overhead_z0.5_delta0.01_adaclip_rmsproplr=3e-05_PureAvg_gamma_da=0.1_DA', resume=False, gpu='0', seed=12, debug=False, data='RSNA-ICH', sample_rate=1, leave='no', merge=False, balance=False, weighted_avg=False, split='UNI', local_bn=False, generalize=False, gn=False, selu=False, comb='times', free=-1, noisy=-1, alpha=1.0, adaclip=True, noclip=False, ema=0.0, mu=0.001, S=10, epsilon=None, noise_multiplier=0.5, delta=0.01, accountant='prv', dp_mode='overhead', balance_split=False, test=False, ckpt='None', adam_lr=0.1, dp2_interval=3, rmsprop_lr=3e-05, ada_vn=False, init_vn=False, ada_stable=False, ada_prog=False, gamma_da=0.1, class_weights=None, domain_adaptation=True, log_path='../../experiments/v1.0/log/RSNA-ICH/seed12/dp2rmsprop_rounds100_localE1_lr0.0003_batch16_N20_sr1_VN1_overhead_z0.5_delta0.01_adaclip_rmsproplr=3e-05_PureAvg_gamma_da=0.1_DA')
[14:49:34.677] Using noise multiplier=0.5 and sigma on aggregation=0.25 to satisfy (245.5990192385698,0.01)-DP.
[14:49:34.677] Using adaptive clipping.
[14:49:34.677] Using prv accountant.
[14:49:34.682] Using domain loss weight (gamma): 0.1
[14:49:34.813] ============ Round 0, Local train epoch 0 ============
[14:55:30.342]  Site-0         | Train Loss: 0.6559 | Train AUC: 0.6837  | Train Acc: 0.6250  | Train Sen: 0.5385  | Train Spe: 0.7159  | Train F1: 0.5953 
[15:01:35.607]  Site-1         | Train Loss: 0.6390 | Train AUC: 0.7168  | Train Acc: 0.6753  | Train Sen: 0.6841  | Train Spe: 0.6667  | Train F1: 0.6757 
[15:07:36.346]  Site-2         | Train Loss: 0.6504 | Train AUC: 0.6751  | Train Acc: 0.6372  | Train Sen: 0.6133  | Train Spe: 0.6620  | Train F1: 0.6327 
[15:13:26.939]  Site-3         | Train Loss: 0.6407 | Train AUC: 0.6863  | Train Acc: 0.6386  | Train Sen: 0.5616  | Train Spe: 0.7143  | Train F1: 0.6065 
[15:19:27.297]  Site-4         | Train Loss: 0.6112 | Train AUC: 0.7220  | Train Acc: 0.6753  | Train Sen: 0.5788  | Train Spe: 0.7623  | Train F1: 0.6283 
[15:25:11.121]  Site-5         | Train Loss: 0.6458 | Train AUC: 0.6856  | Train Acc: 0.6332  | Train Sen: 0.5130  | Train Spe: 0.7391  | Train F1: 0.5673 
[15:31:06.942]  Site-6         | Train Loss: 0.6390 | Train AUC: 0.7051  | Train Acc: 0.6535  | Train Sen: 0.5768  | Train Spe: 0.7315  | Train F1: 0.6266 
[15:37:09.745]  Site-7         | Train Loss: 0.6299 | Train AUC: 0.7093  | Train Acc: 0.6685  | Train Sen: 0.6376  | Train Spe: 0.7011  | Train F1: 0.6639 
[15:42:59.686]  Site-8         | Train Loss: 0.6137 | Train AUC: 0.7370  | Train Acc: 0.6834  | Train Sen: 0.6415  | Train Spe: 0.7260  | Train F1: 0.6714 
[15:49:11.195]  Site-9         | Train Loss: 0.6336 | Train AUC: 0.6888  | Train Acc: 0.6318  | Train Sen: 0.6568  | Train Spe: 0.6012  | Train F1: 0.6625 
[15:55:14.803]  Site-10        | Train Loss: 0.6315 | Train AUC: 0.7048  | Train Acc: 0.6522  | Train Sen: 0.6022  | Train Spe: 0.6992  | Train F1: 0.6268 
[16:01:10.024]  Site-11        | Train Loss: 0.6599 | Train AUC: 0.6752  | Train Acc: 0.6372  | Train Sen: 0.6141  | Train Spe: 0.6603  | Train F1: 0.6287 
[16:06:54.137]  Site-12        | Train Loss: 0.6178 | Train AUC: 0.7223  | Train Acc: 0.6807  | Train Sen: 0.6548  | Train Spe: 0.7062  | Train F1: 0.6704 
[16:12:37.737]  Site-13        | Train Loss: 0.6376 | Train AUC: 0.6924  | Train Acc: 0.6372  | Train Sen: 0.5858  | Train Spe: 0.6883  | Train F1: 0.6169 
[16:18:31.766]  Site-14        | Train Loss: 0.6138 | Train AUC: 0.7200  | Train Acc: 0.6359  | Train Sen: 0.6022  | Train Spe: 0.6694  | Train F1: 0.6225 
[16:24:21.830]  Site-15        | Train Loss: 0.6409 | Train AUC: 0.6927  | Train Acc: 0.6495  | Train Sen: 0.6098  | Train Spe: 0.6894  | Train F1: 0.6356 
[16:30:10.365]  Site-16        | Train Loss: 0.6103 | Train AUC: 0.7228  | Train Acc: 0.6590  | Train Sen: 0.6234  | Train Spe: 0.6980  | Train F1: 0.6566 
[16:36:17.371]  Site-17        | Train Loss: 0.6444 | Train AUC: 0.6940  | Train Acc: 0.6549  | Train Sen: 0.6170  | Train Spe: 0.6944  | Train F1: 0.6462 
[16:42:12.979]  Site-18        | Train Loss: 0.6426 | Train AUC: 0.6842  | Train Acc: 0.6495  | Train Sen: 0.5817  | Train Spe: 0.7147  | Train F1: 0.6195 
[16:47:51.163]  Site-19        | Train Loss: 0.6189 | Train AUC: 0.7228  | Train Acc: 0.6821  | Train Sen: 0.5817  | Train Spe: 0.7726  | Train F1: 0.6344 
[16:47:55.171] Update sigma on aggregation=0.1394974946975708; clip bound update=5.579899787902832
[16:47:57.962] RuntimeError("result type Float can't be cast to the desired output type Long")
[16:47:57.966] Stop training at round 0.
[16:47:57.969]  Training completed...
