[23:48:30.807] Domain Adaptation enabled.
[23:48:31.052] [Client 0] Train=750, Val=250, Test=250
[23:48:31.053] [Client 1] Train=750, Val=250, Test=250
[23:48:31.053] [Client 2] Train=750, Val=250, Test=250
[23:48:31.054] [Client 3] Train=750, Val=250, Test=250
[23:48:31.054] [Client 4] Train=750, Val=250, Test=250
[23:48:31.055] [Client 5] Train=750, Val=250, Test=250
[23:48:31.055] [Client 6] Train=750, Val=250, Test=250
[23:48:31.055] [Client 7] Train=750, Val=250, Test=250
[23:48:31.056] [Client 8] Train=750, Val=250, Test=250
[23:48:31.056] [Client 9] Train=750, Val=250, Test=250
[23:48:31.057] [Client 10] Train=750, Val=250, Test=250
[23:48:31.057] [Client 11] Train=750, Val=250, Test=250
[23:48:31.058] [Client 12] Train=750, Val=250, Test=250
[23:48:31.058] [Client 13] Train=750, Val=250, Test=250
[23:48:31.058] [Client 14] Train=750, Val=250, Test=250
[23:48:31.059] [Client 15] Train=750, Val=250, Test=250
[23:48:31.059] [Client 16] Train=750, Val=250, Test=250
[23:48:31.060] [Client 17] Train=750, Val=250, Test=250
[23:48:31.060] [Client 18] Train=750, Val=250, Test=250
[23:48:31.061] [Client 19] Train=750, Val=250, Test=250
[23:48:31.061] [Virtual Client 0-0] Train=750
[23:48:31.062] [Virtual Client 1-0] Train=750
[23:48:31.062] [Virtual Client 2-0] Train=750
[23:48:31.063] [Virtual Client 3-0] Train=750
[23:48:31.063] [Virtual Client 4-0] Train=750
[23:48:31.064] [Virtual Client 5-0] Train=750
[23:48:31.064] [Virtual Client 6-0] Train=750
[23:48:31.064] [Virtual Client 7-0] Train=750
[23:48:31.065] [Virtual Client 8-0] Train=750
[23:48:31.065] [Virtual Client 9-0] Train=750
[23:48:31.066] [Virtual Client 10-0] Train=750
[23:48:31.066] [Virtual Client 11-0] Train=750
[23:48:31.067] [Virtual Client 12-0] Train=750
[23:48:31.067] [Virtual Client 13-0] Train=750
[23:48:31.068] [Virtual Client 14-0] Train=750
[23:48:31.068] [Virtual Client 15-0] Train=750
[23:48:31.069] [Virtual Client 16-0] Train=750
[23:48:31.069] [Virtual Client 17-0] Train=750
[23:48:31.069] [Virtual Client 18-0] Train=750
[23:48:31.070] [Virtual Client 19-0] Train=750
[23:48:31.074] Client Weights: [0.05, 0.05, 0.05, 0.05, 0.05, 0.05, 0.05, 0.05, 0.05, 0.05, 0.05, 0.05, 0.05, 0.05, 0.05, 0.05, 0.05, 0.05, 0.05, 0.05]
[23:48:31.075] Training Clients:[0, 1, 2, 3, 4, 5, 6, 7, 8, 9, 10, 11, 12, 13, 14, 15, 16, 17, 18, 19]
[23:48:31.075] Val Clients:[0, 1, 2, 3, 4, 5, 6, 7, 8, 9, 10, 11, 12, 13, 14, 15, 16, 17, 18, 19]
[23:48:31.075] =============== args ================
[23:48:31.075] Namespace(clients=20, virtual_clients=1, lr=0.0003, lr_decay=-1, early=False, batch=16, rounds=100, local_epochs=1, mode='fedavg', pretrain=False, exp=None, save_path='../../experiments/v1.0/checkpoint/RSNA-ICH/seed3/fedavg_rounds100_localE1_lr0.0003_batch16_N20_sr1_VN1__PureAvg_DA', resume=False, gpu='0', seed=3, debug=False, data='RSNA-ICH', sample_rate=1, leave='no', merge=False, balance=False, weighted_avg=False, split='UNI', local_bn=False, generalize=False, gn=False, selu=False, comb='times', free=-1, noisy=-1, alpha=1.0, adaclip=False, noclip=False, ema=0.0, mu=0.001, S=10, epsilon=None, noise_multiplier=None, delta=0.001, accountant='prv', dp_mode='overhead', balance_split=False, test=False, ckpt='None', adam_lr=0.1, dp2_interval=3, rmsprop_lr=1, ada_vn=False, init_vn=False, ada_stable=False, ada_prog=False, domain_adaptation=True, log_path='../../experiments/v1.0/log/RSNA-ICH/seed3/fedavg_rounds100_localE1_lr0.0003_batch16_N20_sr1_VN1__PureAvg_DA')
[23:48:34.857] ============ Round 0, Local train epoch 0 ============
[23:52:39.267]  Site-0         | Train Loss: 0.6377 | Train AUC: 0.6877  | Train Acc: 0.6359  | Train Sen: 0.5602  | Train Spe: 0.7071  | Train F1: 0.5988 
[23:56:48.179]  Site-1         | Train Loss: 0.6076 | Train AUC: 0.7400  | Train Acc: 0.6902  | Train Sen: 0.6754  | Train Spe: 0.7062  | Train F1: 0.6935 
[00:01:02.884]  Site-2         | Train Loss: 0.6439 | Train AUC: 0.6748  | Train Acc: 0.6019  | Train Sen: 0.5109  | Train Spe: 0.6929  | Train F1: 0.5620 
[00:05:16.079]  Site-3         | Train Loss: 0.6057 | Train AUC: 0.7384  | Train Acc: 0.7120  | Train Sen: 0.5906  | Train Spe: 0.8173  | Train F1: 0.6558 
[00:09:33.631]  Site-4         | Train Loss: 0.6620 | Train AUC: 0.6597  | Train Acc: 0.6196  | Train Sen: 0.5424  | Train Spe: 0.6911  | Train F1: 0.5783 
[00:13:52.784]  Site-5         | Train Loss: 0.6304 | Train AUC: 0.7017  | Train Acc: 0.6399  | Train Sen: 0.5686  | Train Spe: 0.7071  | Train F1: 0.6051 
[00:18:14.075]  Site-6         | Train Loss: 0.6439 | Train AUC: 0.6881  | Train Acc: 0.6372  | Train Sen: 0.5956  | Train Spe: 0.6784  | Train F1: 0.6202 
[00:22:26.507]  Site-7         | Train Loss: 0.6231 | Train AUC: 0.7180  | Train Acc: 0.6535  | Train Sen: 0.5873  | Train Spe: 0.7173  | Train F1: 0.6244 
[00:26:28.229]  Site-8         | Train Loss: 0.6528 | Train AUC: 0.6852  | Train Acc: 0.6508  | Train Sen: 0.6070  | Train Spe: 0.6948  | Train F1: 0.6355 
[00:30:23.645]  Site-9         | Train Loss: 0.6142 | Train AUC: 0.7243  | Train Acc: 0.6576  | Train Sen: 0.6310  | Train Spe: 0.6851  | Train F1: 0.6519 
[00:34:23.138]  Site-10        | Train Loss: 0.6481 | Train AUC: 0.6919  | Train Acc: 0.6399  | Train Sen: 0.6510  | Train Spe: 0.6278  | Train F1: 0.6536 
[00:38:24.653]  Site-11        | Train Loss: 0.6331 | Train AUC: 0.6903  | Train Acc: 0.6155  | Train Sen: 0.6777  | Train Spe: 0.5449  | Train F1: 0.6519 
[00:42:26.340]  Site-12        | Train Loss: 0.6582 | Train AUC: 0.6844  | Train Acc: 0.6304  | Train Sen: 0.6476  | Train Spe: 0.6096  | Train F1: 0.6574 
[00:46:22.539]  Site-13        | Train Loss: 0.6394 | Train AUC: 0.7195  | Train Acc: 0.6834  | Train Sen: 0.6393  | Train Spe: 0.7270  | Train F1: 0.6676 
[00:50:26.586]  Site-14        | Train Loss: 0.6334 | Train AUC: 0.7067  | Train Acc: 0.6535  | Train Sen: 0.5714  | Train Spe: 0.7309  | Train F1: 0.6154 
[00:54:28.077]  Site-15        | Train Loss: 0.6042 | Train AUC: 0.7413  | Train Acc: 0.6889  | Train Sen: 0.6503  | Train Spe: 0.7314  | Train F1: 0.6867 
[00:58:30.625]  Site-16        | Train Loss: 0.6353 | Train AUC: 0.7088  | Train Acc: 0.6630  | Train Sen: 0.6243  | Train Spe: 0.7005  | Train F1: 0.6457 
[01:02:35.178]  Site-17        | Train Loss: 0.6327 | Train AUC: 0.7076  | Train Acc: 0.6522  | Train Sen: 0.6515  | Train Spe: 0.6529  | Train F1: 0.6550 
[01:06:38.243]  Site-18        | Train Loss: 0.6085 | Train AUC: 0.7403  | Train Acc: 0.6902  | Train Sen: 0.6118  | Train Spe: 0.7576  | Train F1: 0.6460 
[01:10:34.337]  Site-19        | Train Loss: 0.6137 | Train AUC: 0.7246  | Train Acc: 0.6753  | Train Sen: 0.5922  | Train Spe: 0.7540  | Train F1: 0.6395 
[01:11:25.004]  Site-0         | Val Loss: 0.6192 | Val AUC: 0.7145 | Val Acc: 0.6720 | Val Sen: 0.6471 | Val Spe: 0.7018 | Val F1: 0.6822
[01:11:57.214]  Site-1         | Val Loss: 0.5798 | Val AUC: 0.7627 | Val Acc: 0.6880 | Val Sen: 0.6583 | Val Spe: 0.7154 | Val F1: 0.6695
[01:12:29.964]  Site-2         | Val Loss: 0.5613 | Val AUC: 0.7912 | Val Acc: 0.7200 | Val Sen: 0.7250 | Val Spe: 0.7154 | Val F1: 0.7131
[01:13:02.395]  Site-3         | Val Loss: 0.6023 | Val AUC: 0.7383 | Val Acc: 0.6840 | Val Sen: 0.6829 | Val Spe: 0.6850 | Val F1: 0.6802
[01:13:35.171]  Site-4         | Val Loss: 0.6459 | Val AUC: 0.6855 | Val Acc: 0.6440 | Val Sen: 0.6000 | Val Spe: 0.6957 | Val F1: 0.6454
[01:14:08.287]  Site-5         | Val Loss: 0.5671 | Val AUC: 0.7782 | Val Acc: 0.7080 | Val Sen: 0.6719 | Val Spe: 0.7459 | Val F1: 0.7020
[01:14:41.432]  Site-6         | Val Loss: 0.5785 | Val AUC: 0.7651 | Val Acc: 0.7160 | Val Sen: 0.6638 | Val Spe: 0.7612 | Val F1: 0.6844
[01:15:14.753]  Site-7         | Val Loss: 0.6336 | Val AUC: 0.6939 | Val Acc: 0.6240 | Val Sen: 0.6260 | Val Spe: 0.6220 | Val F1: 0.6210
[01:15:46.708]  Site-8         | Val Loss: 0.6083 | Val AUC: 0.7324 | Val Acc: 0.6720 | Val Sen: 0.6186 | Val Spe: 0.7197 | Val F1: 0.6404
[01:16:18.933]  Site-9         | Val Loss: 0.5785 | Val AUC: 0.7656 | Val Acc: 0.6920 | Val Sen: 0.6423 | Val Spe: 0.7402 | Val F1: 0.6723
[01:16:56.550]  Site-10        | Val Loss: 0.5880 | Val AUC: 0.7545 | Val Acc: 0.6880 | Val Sen: 0.6129 | Val Spe: 0.7619 | Val F1: 0.6609
[01:17:33.047]  Site-11        | Val Loss: 0.6019 | Val AUC: 0.7366 | Val Acc: 0.6680 | Val Sen: 0.6446 | Val Spe: 0.6899 | Val F1: 0.6527
[01:18:08.197]  Site-12        | Val Loss: 0.5866 | Val AUC: 0.7530 | Val Acc: 0.6640 | Val Sen: 0.6356 | Val Spe: 0.6894 | Val F1: 0.6410
[01:18:45.875]  Site-13        | Val Loss: 0.6263 | Val AUC: 0.7171 | Val Acc: 0.6880 | Val Sen: 0.6378 | Val Spe: 0.7398 | Val F1: 0.6750
[01:19:21.853]  Site-14        | Val Loss: 0.5961 | Val AUC: 0.7494 | Val Acc: 0.7080 | Val Sen: 0.6833 | Val Spe: 0.7308 | Val F1: 0.6920
[01:19:59.252]  Site-15        | Val Loss: 0.5812 | Val AUC: 0.7641 | Val Acc: 0.6960 | Val Sen: 0.6565 | Val Spe: 0.7395 | Val F1: 0.6935
[01:20:34.723]  Site-16        | Val Loss: 0.6128 | Val AUC: 0.7291 | Val Acc: 0.6760 | Val Sen: 0.6316 | Val Spe: 0.7265 | Val F1: 0.6747
[01:21:10.909]  Site-17        | Val Loss: 0.6001 | Val AUC: 0.7335 | Val Acc: 0.6720 | Val Sen: 0.6349 | Val Spe: 0.7097 | Val F1: 0.6612
[01:21:44.478]  Site-18        | Val Loss: 0.5907 | Val AUC: 0.7717 | Val Acc: 0.6920 | Val Sen: 0.6992 | Val Spe: 0.6850 | Val F1: 0.6908
[01:22:19.129]  Site-19        | Val Loss: 0.6102 | Val AUC: 0.7259 | Val Acc: 0.6520 | Val Sen: 0.6269 | Val Spe: 0.6810 | Val F1: 0.6588
[01:22:19.130]  Site-Average | Val Loss: 0.5984 | AUC: 0.7431 | Acc: 0.6812 | Sen: 0.6500 | Spe: 0.7128 | F1: 0.6706
[01:22:19.131]  Best Epoch:0 | Avg Val Acc: 0.6812
[01:22:19.136]  Saving the local and server checkpoint to ../../experiments/v1.0/checkpoint/RSNA-ICH/seed3/fedavg_rounds100_localE1_lr0.0003_batch16_N20_sr1_VN1__PureAvg_DA/model_best_0...
