[19:59:21.199] Domain Adaptation enabled.
[19:59:21.431] [Client 0] Train=750, Val=250, Test=250
[19:59:21.432] [Client 1] Train=750, Val=250, Test=250
[19:59:21.432] [Client 2] Train=750, Val=250, Test=250
[19:59:21.433] [Client 3] Train=750, Val=250, Test=250
[19:59:21.433] [Client 4] Train=750, Val=250, Test=250
[19:59:21.433] [Client 5] Train=750, Val=250, Test=250
[19:59:21.434] [Client 6] Train=750, Val=250, Test=250
[19:59:21.434] [Client 7] Train=750, Val=250, Test=250
[19:59:21.435] [Client 8] Train=750, Val=250, Test=250
[19:59:21.435] [Client 9] Train=750, Val=250, Test=250
[19:59:21.436] [Client 10] Train=750, Val=250, Test=250
[19:59:21.436] [Client 11] Train=750, Val=250, Test=250
[19:59:21.436] [Client 12] Train=750, Val=250, Test=250
[19:59:21.437] [Client 13] Train=750, Val=250, Test=250
[19:59:21.437] [Client 14] Train=750, Val=250, Test=250
[19:59:21.438] [Client 15] Train=750, Val=250, Test=250
[19:59:21.439] [Client 16] Train=750, Val=250, Test=250
[19:59:21.439] [Client 17] Train=750, Val=250, Test=250
[19:59:21.440] [Client 18] Train=750, Val=250, Test=250
[19:59:21.440] [Client 19] Train=750, Val=250, Test=250
[19:59:21.441] [Virtual Client 0-0] Train=750
[19:59:21.441] [Virtual Client 1-0] Train=750
[19:59:21.441] [Virtual Client 2-0] Train=750
[19:59:21.442] [Virtual Client 3-0] Train=750
[19:59:21.442] [Virtual Client 4-0] Train=750
[19:59:21.443] [Virtual Client 5-0] Train=750
[19:59:21.443] [Virtual Client 6-0] Train=750
[19:59:21.443] [Virtual Client 7-0] Train=750
[19:59:21.444] [Virtual Client 8-0] Train=750
[19:59:21.444] [Virtual Client 9-0] Train=750
[19:59:21.445] [Virtual Client 10-0] Train=750
[19:59:21.445] [Virtual Client 11-0] Train=750
[19:59:21.446] [Virtual Client 12-0] Train=750
[19:59:21.446] [Virtual Client 13-0] Train=750
[19:59:21.446] [Virtual Client 14-0] Train=750
[19:59:21.447] [Virtual Client 15-0] Train=750
[19:59:21.447] [Virtual Client 16-0] Train=750
[19:59:21.448] [Virtual Client 17-0] Train=750
[19:59:21.448] [Virtual Client 18-0] Train=750
[19:59:21.448] [Virtual Client 19-0] Train=750
[19:59:21.452] Client Weights: [0.05, 0.05, 0.05, 0.05, 0.05, 0.05, 0.05, 0.05, 0.05, 0.05, 0.05, 0.05, 0.05, 0.05, 0.05, 0.05, 0.05, 0.05, 0.05, 0.05]
[19:59:21.453] Training Clients:[0, 1, 2, 3, 4, 5, 6, 7, 8, 9, 10, 11, 12, 13, 14, 15, 16, 17, 18, 19]
[19:59:21.453] Val Clients:[0, 1, 2, 3, 4, 5, 6, 7, 8, 9, 10, 11, 12, 13, 14, 15, 16, 17, 18, 19]
[19:59:21.453] =============== args ================
[19:59:21.453] Namespace(clients=20, virtual_clients=1, lr=0.0003, lr_decay=-1, early=False, batch=16, rounds=100, local_epochs=1, mode='dpadam', pretrain=False, exp=None, save_path='../../experiments/v1.0/checkpoint/RSNA-ICH/seed0/dpadam_rounds100_localE1_lr0.0003_batch16_N20_sr1_VN1_overhead_z0.5_delta0.01_adaclip_adamlr=0.003_PureAvg_DA', resume=False, gpu='0', seed=0, debug=False, data='RSNA-ICH', sample_rate=1, leave='no', merge=False, balance=False, weighted_avg=False, split='UNI', local_bn=False, generalize=False, gn=False, selu=False, comb='times', free=-1, noisy=-1, alpha=1.0, adaclip=True, noclip=False, ema=0.0, mu=0.001, S=10, epsilon=None, noise_multiplier=0.5, delta=0.01, accountant='prv', dp_mode='overhead', balance_split=False, test=False, ckpt='None', adam_lr=0.003, dp2_interval=3, rmsprop_lr=1, ada_vn=False, init_vn=False, ada_stable=False, ada_prog=False, domain_adaptation=True, log_path='../../experiments/v1.0/log/RSNA-ICH/seed0/dpadam_rounds100_localE1_lr0.0003_batch16_N20_sr1_VN1_overhead_z0.5_delta0.01_adaclip_adamlr=0.003_PureAvg_DA')
[19:59:26.050] Using noise multiplier=0.5 and sigma on aggregation=0.25 to satisfy (245.5990192385698,0.01)-DP.
[19:59:26.051] Using adaptive clipping.
[19:59:26.051] Using prv accountant.
[19:59:26.122] ============ Round 0, Local train epoch 0 ============
[20:01:13.721]  Site-0         | Train Loss: 0.6177 | Train AUC: 0.7180  | Train Acc: 0.6562  | Train Sen: 0.5722  | Train Spe: 0.7398  | Train F1: 0.6241 
[20:02:59.204]  Site-1         | Train Loss: 0.6337 | Train AUC: 0.7065  | Train Acc: 0.6522  | Train Sen: 0.6378  | Train Spe: 0.6676  | Train F1: 0.6550 
[20:04:42.895]  Site-2         | Train Loss: 0.6291 | Train AUC: 0.6941  | Train Acc: 0.6264  | Train Sen: 0.5784  | Train Spe: 0.6749  | Train F1: 0.6088 
[20:06:26.569]  Site-3         | Train Loss: 0.6531 | Train AUC: 0.6778  | Train Acc: 0.6359  | Train Sen: 0.6105  | Train Spe: 0.6629  | Train F1: 0.6339 
[20:08:14.684]  Site-4         | Train Loss: 0.6337 | Train AUC: 0.6972  | Train Acc: 0.6440  | Train Sen: 0.6190  | Train Spe: 0.6704  | Train F1: 0.6411 
[20:09:58.934]  Site-5         | Train Loss: 0.6248 | Train AUC: 0.7055  | Train Acc: 0.6821  | Train Sen: 0.5676  | Train Spe: 0.7803  | Train F1: 0.6226 
[20:11:42.229]  Site-6         | Train Loss: 0.6257 | Train AUC: 0.7170  | Train Acc: 0.6467  | Train Sen: 0.6127  | Train Spe: 0.6825  | Train F1: 0.6399 
[20:13:26.231]  Site-7         | Train Loss: 0.6443 | Train AUC: 0.6810  | Train Acc: 0.6345  | Train Sen: 0.5924  | Train Spe: 0.6766  | Train F1: 0.6184 
[20:15:17.165]  Site-8         | Train Loss: 0.6312 | Train AUC: 0.6988  | Train Acc: 0.6780  | Train Sen: 0.5829  | Train Spe: 0.7642  | Train F1: 0.6326 
[20:17:09.132]  Site-9         | Train Loss: 0.6463 | Train AUC: 0.6690  | Train Acc: 0.6141  | Train Sen: 0.5486  | Train Spe: 0.6803  | Train F1: 0.5884 
[20:18:58.963]  Site-10        | Train Loss: 0.6380 | Train AUC: 0.6904  | Train Acc: 0.6345  | Train Sen: 0.5620  | Train Spe: 0.7051  | Train F1: 0.6027 
[20:20:49.383]  Site-11        | Train Loss: 0.6096 | Train AUC: 0.7337  | Train Acc: 0.6821  | Train Sen: 0.6301  | Train Spe: 0.7332  | Train F1: 0.6628 
[20:22:41.635]  Site-12        | Train Loss: 0.6511 | Train AUC: 0.6908  | Train Acc: 0.6562  | Train Sen: 0.6289  | Train Spe: 0.6854  | Train F1: 0.6539 
[20:24:32.035]  Site-13        | Train Loss: 0.6381 | Train AUC: 0.7089  | Train Acc: 0.6630  | Train Sen: 0.5471  | Train Spe: 0.7626  | Train F1: 0.6000 
[20:26:22.377]  Site-14        | Train Loss: 0.6447 | Train AUC: 0.6737  | Train Acc: 0.6372  | Train Sen: 0.5444  | Train Spe: 0.7209  | Train F1: 0.5873 
[20:28:10.589]  Site-15        | Train Loss: 0.6219 | Train AUC: 0.7220  | Train Acc: 0.6739  | Train Sen: 0.6559  | Train Spe: 0.6923  | Train F1: 0.6703 
[20:30:04.118]  Site-16        | Train Loss: 0.6149 | Train AUC: 0.7236  | Train Acc: 0.6739  | Train Sen: 0.6480  | Train Spe: 0.7008  | Train F1: 0.6694 
[20:31:56.116]  Site-17        | Train Loss: 0.6286 | Train AUC: 0.6995  | Train Acc: 0.6495  | Train Sen: 0.6332  | Train Spe: 0.6667  | Train F1: 0.6504 
[20:33:47.732]  Site-18        | Train Loss: 0.6422 | Train AUC: 0.6969  | Train Acc: 0.6576  | Train Sen: 0.5829  | Train Spe: 0.7348  | Train F1: 0.6337 
[20:35:37.805]  Site-19        | Train Loss: 0.6293 | Train AUC: 0.7024  | Train Acc: 0.6440  | Train Sen: 0.6787  | Train Spe: 0.6052  | Train F1: 0.6684 
[20:35:38.478] Update sigma on aggregation=0.138693106174469; clip bound update=5.54772424697876
[20:35:53.338]  Site-0         | Val Loss: 0.6992 | Val AUC: 0.5546 | Val Acc: 0.5160 | Val Sen: 0.0000 | Val Spe: 1.0000 | Val F1: 0.0000
[20:36:06.868]  Site-1         | Val Loss: 0.6945 | Val AUC: 0.5581 | Val Acc: 0.5320 | Val Sen: 0.0000 | Val Spe: 1.0000 | Val F1: 0.0000
[20:36:20.664]  Site-2         | Val Loss: 0.7067 | Val AUC: 0.5764 | Val Acc: 0.4920 | Val Sen: 0.0000 | Val Spe: 1.0000 | Val F1: 0.0000
[20:36:34.308]  Site-3         | Val Loss: 0.7155 | Val AUC: 0.5737 | Val Acc: 0.4640 | Val Sen: 0.0000 | Val Spe: 1.0000 | Val F1: 0.0000
[20:36:47.685]  Site-4         | Val Loss: 0.7062 | Val AUC: 0.4796 | Val Acc: 0.5120 | Val Sen: 0.0000 | Val Spe: 1.0000 | Val F1: 0.0000
[20:37:01.111]  Site-5         | Val Loss: 0.7190 | Val AUC: 0.5167 | Val Acc: 0.4640 | Val Sen: 0.0000 | Val Spe: 1.0000 | Val F1: 0.0000
[20:37:14.758]  Site-6         | Val Loss: 0.6917 | Val AUC: 0.5295 | Val Acc: 0.5400 | Val Sen: 0.0000 | Val Spe: 1.0000 | Val F1: 0.0000
[20:37:28.573]  Site-7         | Val Loss: 0.6896 | Val AUC: 0.5186 | Val Acc: 0.5520 | Val Sen: 0.0000 | Val Spe: 1.0000 | Val F1: 0.0000
[20:37:42.040]  Site-8         | Val Loss: 0.7195 | Val AUC: 0.5291 | Val Acc: 0.4640 | Val Sen: 0.0000 | Val Spe: 1.0000 | Val F1: 0.0000
[20:37:55.630]  Site-9         | Val Loss: 0.7133 | Val AUC: 0.6050 | Val Acc: 0.4680 | Val Sen: 0.0000 | Val Spe: 1.0000 | Val F1: 0.0000
[20:38:09.224]  Site-10        | Val Loss: 0.7148 | Val AUC: 0.5084 | Val Acc: 0.4880 | Val Sen: 0.0000 | Val Spe: 1.0000 | Val F1: 0.0000
[20:38:23.131]  Site-11        | Val Loss: 0.7113 | Val AUC: 0.5313 | Val Acc: 0.4840 | Val Sen: 0.0000 | Val Spe: 1.0000 | Val F1: 0.0000
[20:38:36.590]  Site-12        | Val Loss: 0.7055 | Val AUC: 0.5456 | Val Acc: 0.5000 | Val Sen: 0.0000 | Val Spe: 1.0000 | Val F1: 0.0000
[20:38:50.183]  Site-13        | Val Loss: 0.7098 | Val AUC: 0.5302 | Val Acc: 0.4880 | Val Sen: 0.0000 | Val Spe: 1.0000 | Val F1: 0.0000
[20:39:03.739]  Site-14        | Val Loss: 0.6972 | Val AUC: 0.4922 | Val Acc: 0.5360 | Val Sen: 0.0000 | Val Spe: 1.0000 | Val F1: 0.0000
[20:39:17.382]  Site-15        | Val Loss: 0.6849 | Val AUC: 0.6312 | Val Acc: 0.5480 | Val Sen: 0.0000 | Val Spe: 1.0000 | Val F1: 0.0000
[20:39:31.139]  Site-16        | Val Loss: 0.7265 | Val AUC: 0.6024 | Val Acc: 0.4360 | Val Sen: 0.0000 | Val Spe: 1.0000 | Val F1: 0.0000
[20:39:44.554]  Site-17        | Val Loss: 0.7069 | Val AUC: 0.5621 | Val Acc: 0.4880 | Val Sen: 0.0000 | Val Spe: 1.0000 | Val F1: 0.0000
[20:39:58.494]  Site-18        | Val Loss: 0.6977 | Val AUC: 0.5965 | Val Acc: 0.5200 | Val Sen: 0.0000 | Val Spe: 1.0000 | Val F1: 0.0000
[20:40:12.175]  Site-19        | Val Loss: 0.6976 | Val AUC: 0.6054 | Val Acc: 0.5120 | Val Sen: 0.0000 | Val Spe: 1.0000 | Val F1: 0.0000
[20:40:12.177]  Site-Average | Val Loss: 0.7054 | AUC: 0.5523 | Acc: 0.5002 | Sen: 0.0000 | Spe: 1.0000 | F1: 0.0000
[20:40:12.178]  Best Epoch:0 | Avg Val Acc: 0.5002
[20:40:12.181]  Saving the local and server checkpoint to ../../experiments/v1.0/checkpoint/RSNA-ICH/seed0/dpadam_rounds100_localE1_lr0.0003_batch16_N20_sr1_VN1_overhead_z0.5_delta0.01_adaclip_adamlr=0.003_PureAvg_DA/model_best_0...
