[01:21:46.400] [Client 0] Train=750, Val=250, Test=250
[01:21:46.402] [Client 1] Train=750, Val=250, Test=250
[01:21:46.403] [Client 2] Train=750, Val=250, Test=250
[01:21:46.404] [Client 3] Train=750, Val=250, Test=250
[01:21:46.405] [Client 4] Train=750, Val=250, Test=250
[01:21:46.406] [Client 5] Train=750, Val=250, Test=250
[01:21:46.408] [Client 6] Train=750, Val=250, Test=250
[01:21:46.409] [Client 7] Train=750, Val=250, Test=250
[01:21:46.410] [Client 8] Train=750, Val=250, Test=250
[01:21:46.411] [Client 9] Train=750, Val=250, Test=250
[01:21:46.412] [Client 10] Train=750, Val=250, Test=250
[01:21:46.415] [Client 11] Train=750, Val=250, Test=250
[01:21:46.416] [Client 12] Train=750, Val=250, Test=250
[01:21:46.417] [Client 13] Train=750, Val=250, Test=250
[01:21:46.418] [Client 14] Train=750, Val=250, Test=250
[01:21:46.419] [Client 15] Train=750, Val=250, Test=250
[01:21:46.420] [Client 16] Train=750, Val=250, Test=250
[01:21:46.420] [Client 17] Train=750, Val=250, Test=250
[01:21:46.421] [Client 18] Train=750, Val=250, Test=250
[01:21:46.422] [Client 19] Train=750, Val=250, Test=250
[01:21:46.424] [Virtual Client 0-0] Train=750
[01:21:46.425] [Virtual Client 1-0] Train=750
[01:21:46.426] [Virtual Client 2-0] Train=750
[01:21:46.428] [Virtual Client 3-0] Train=750
[01:21:46.429] [Virtual Client 4-0] Train=750
[01:21:46.430] [Virtual Client 5-0] Train=750
[01:21:46.431] [Virtual Client 6-0] Train=750
[01:21:46.433] [Virtual Client 7-0] Train=750
[01:21:46.434] [Virtual Client 8-0] Train=750
[01:21:46.435] [Virtual Client 9-0] Train=750
[01:21:46.437] [Virtual Client 10-0] Train=750
[01:21:46.437] [Virtual Client 11-0] Train=750
[01:21:46.438] [Virtual Client 12-0] Train=750
[01:21:46.439] [Virtual Client 13-0] Train=750
[01:21:46.440] [Virtual Client 14-0] Train=750
[01:21:46.441] [Virtual Client 15-0] Train=750
[01:21:46.442] [Virtual Client 16-0] Train=750
[01:21:46.443] [Virtual Client 17-0] Train=750
[01:21:46.444] [Virtual Client 18-0] Train=750
[01:21:46.445] [Virtual Client 19-0] Train=750
[01:21:46.449] Client Weights: [0.05, 0.05, 0.05, 0.05, 0.05, 0.05, 0.05, 0.05, 0.05, 0.05, 0.05, 0.05, 0.05, 0.05, 0.05, 0.05, 0.05, 0.05, 0.05, 0.05]
[01:21:46.450] Training Clients:[0, 1, 2, 3, 4, 5, 6, 7, 8, 9, 10, 11, 12, 13, 14, 15, 16, 17, 18, 19]
[01:21:46.450] Val Clients:[0, 1, 2, 3, 4, 5, 6, 7, 8, 9, 10, 11, 12, 13, 14, 15, 16, 17, 18, 19]
[01:21:46.451] =============== args ================
[01:21:46.451] Namespace(clients=20, virtual_clients=1, lr=0.0003, lr_decay=-1, early=False, batch=16, rounds=100, local_epochs=1, mode='fednova', pretrain=False, exp=None, save_path='../../experiments/v1.0/checkpoint/RSNA-ICH/seed4/fednova_rounds100_localE1_lr0.0003_batch16_N20_sr1_VN1__PureAvg', resume=False, gpu='0', seed=4, debug=False, data='RSNA-ICH', sample_rate=1, leave='no', merge=False, balance=False, weighted_avg=False, split='UNI', local_bn=False, generalize=False, gn=False, selu=False, comb='times', free=-1, noisy=-1, alpha=1.0, adaclip=False, noclip=False, ema=0.0, mu=0.001, S=10, epsilon=None, noise_multiplier=None, delta=0.001, accountant='prv', dp_mode='overhead', balance_split=False, test=False, ckpt='None', adam_lr=0.1, dp2_interval=3, rmsprop_lr=1, ada_vn=False, init_vn=False, ada_stable=False, ada_prog=False, log_path='../../experiments/v1.0/log/RSNA-ICH/seed4/fednova_rounds100_localE1_lr0.0003_batch16_N20_sr1_VN1__PureAvg')
[01:21:50.573] ============ Round 0, Local train epoch 0 ============
[01:25:31.708]  Site-0         | Train Loss: 0.6350 | Train AUC: 0.6939  | Train Acc: 0.6332  | Train Sen: 0.5870  | Train Spe: 0.6793  | Train F1: 0.6154 
[01:29:12.720]  Site-1         | Train Loss: 0.6141 | Train AUC: 0.7310  | Train Acc: 0.6753  | Train Sen: 0.6694  | Train Spe: 0.6811  | Train F1: 0.6722 
[01:32:51.566]  Site-2         | Train Loss: 0.6368 | Train AUC: 0.7052  | Train Acc: 0.6467  | Train Sen: 0.6594  | Train Spe: 0.6341  | Train F1: 0.6505 
[01:36:31.244]  Site-3         | Train Loss: 0.6500 | Train AUC: 0.6755  | Train Acc: 0.6236  | Train Sen: 0.5590  | Train Spe: 0.6842  | Train F1: 0.5896 
[01:40:14.088]  Site-4         | Train Loss: 0.6113 | Train AUC: 0.7335  | Train Acc: 0.6807  | Train Sen: 0.5794  | Train Spe: 0.7677  | Train F1: 0.6264 
[01:43:52.353]  Site-5         | Train Loss: 0.6256 | Train AUC: 0.7136  | Train Acc: 0.6753  | Train Sen: 0.6048  | Train Spe: 0.7473  | Train F1: 0.6531 
[01:47:37.273]  Site-6         | Train Loss: 0.6400 | Train AUC: 0.6890  | Train Acc: 0.6291  | Train Sen: 0.5350  | Train Spe: 0.7177  | Train F1: 0.5832 
[01:51:17.479]  Site-7         | Train Loss: 0.6094 | Train AUC: 0.7399  | Train Acc: 0.6780  | Train Sen: 0.6543  | Train Spe: 0.7028  | Train F1: 0.6749 
[01:55:00.373]  Site-8         | Train Loss: 0.6413 | Train AUC: 0.6753  | Train Acc: 0.6359  | Train Sen: 0.5505  | Train Spe: 0.7250  | Train F1: 0.6070 
[01:58:49.157]  Site-9         | Train Loss: 0.6163 | Train AUC: 0.7190  | Train Acc: 0.6644  | Train Sen: 0.5641  | Train Spe: 0.7558  | Train F1: 0.6159 
[02:02:34.156]  Site-10        | Train Loss: 0.6405 | Train AUC: 0.6874  | Train Acc: 0.6318  | Train Sen: 0.6508  | Train Spe: 0.6117  | Train F1: 0.6448 
[02:06:16.725]  Site-11        | Train Loss: 0.6479 | Train AUC: 0.6796  | Train Acc: 0.6345  | Train Sen: 0.5674  | Train Spe: 0.6974  | Train F1: 0.6003 
[02:10:01.286]  Site-12        | Train Loss: 0.6180 | Train AUC: 0.7212  | Train Acc: 0.6562  | Train Sen: 0.6434  | Train Spe: 0.6705  | Train F1: 0.6631 
[02:13:43.552]  Site-13        | Train Loss: 0.6444 | Train AUC: 0.6911  | Train Acc: 0.6440  | Train Sen: 0.6299  | Train Spe: 0.6571  | Train F1: 0.6299 
[02:17:32.736]  Site-14        | Train Loss: 0.6242 | Train AUC: 0.7276  | Train Acc: 0.6630  | Train Sen: 0.6166  | Train Spe: 0.7107  | Train F1: 0.6497 
[02:21:16.545]  Site-15        | Train Loss: 0.6387 | Train AUC: 0.7062  | Train Acc: 0.6549  | Train Sen: 0.6083  | Train Spe: 0.6995  | Train F1: 0.6329 
[02:24:58.405]  Site-16        | Train Loss: 0.6493 | Train AUC: 0.6779  | Train Acc: 0.6304  | Train Sen: 0.5836  | Train Spe: 0.6765  | Train F1: 0.6103 
[02:28:41.211]  Site-17        | Train Loss: 0.6203 | Train AUC: 0.7175  | Train Acc: 0.6481  | Train Sen: 0.6371  | Train Spe: 0.6601  | Train F1: 0.6533 
[02:32:24.298]  Site-18        | Train Loss: 0.6204 | Train AUC: 0.7263  | Train Acc: 0.6630  | Train Sen: 0.6614  | Train Spe: 0.6648  | Train F1: 0.6684 
[02:36:05.592]  Site-19        | Train Loss: 0.6416 | Train AUC: 0.6889  | Train Acc: 0.6304  | Train Sen: 0.6632  | Train Spe: 0.5937  | Train F1: 0.6548 
[02:36:50.878]  Site-0         | Val Loss: 0.5838 | Val AUC: 0.7506 | Val Acc: 0.6760 | Val Sen: 0.6522 | Val Spe: 0.7054 | Val F1: 0.6897
[02:37:19.756]  Site-1         | Val Loss: 0.6188 | Val AUC: 0.7142 | Val Acc: 0.6640 | Val Sen: 0.6726 | Val Spe: 0.6569 | Val F1: 0.6441
[02:37:49.306]  Site-2         | Val Loss: 0.5967 | Val AUC: 0.7467 | Val Acc: 0.6760 | Val Sen: 0.6942 | Val Spe: 0.6589 | Val F1: 0.6747
[02:38:18.125]  Site-3         | Val Loss: 0.5903 | Val AUC: 0.7492 | Val Acc: 0.6800 | Val Sen: 0.6667 | Val Spe: 0.6942 | Val F1: 0.6825
[02:38:47.109]  Site-4         | Val Loss: 0.5572 | Val AUC: 0.7948 | Val Acc: 0.7280 | Val Sen: 0.7097 | Val Spe: 0.7460 | Val F1: 0.7213
[02:39:15.638]  Site-5         | Val Loss: 0.6130 | Val AUC: 0.7257 | Val Acc: 0.6680 | Val Sen: 0.6522 | Val Spe: 0.6875 | Val F1: 0.6844
[02:39:43.668]  Site-6         | Val Loss: 0.6093 | Val AUC: 0.7358 | Val Acc: 0.6720 | Val Sen: 0.6667 | Val Spe: 0.6786 | Val F1: 0.6917
[02:40:12.748]  Site-7         | Val Loss: 0.5522 | Val AUC: 0.7926 | Val Acc: 0.7280 | Val Sen: 0.7131 | Val Spe: 0.7422 | Val F1: 0.7190
[02:40:41.832]  Site-8         | Val Loss: 0.5671 | Val AUC: 0.7676 | Val Acc: 0.6920 | Val Sen: 0.6847 | Val Spe: 0.6978 | Val F1: 0.6638
[02:41:10.940]  Site-9         | Val Loss: 0.5880 | Val AUC: 0.7533 | Val Acc: 0.6920 | Val Sen: 0.7302 | Val Spe: 0.6532 | Val F1: 0.7050
[02:41:39.400]  Site-10        | Val Loss: 0.6281 | Val AUC: 0.7159 | Val Acc: 0.6600 | Val Sen: 0.6514 | Val Spe: 0.6667 | Val F1: 0.6256
[02:42:08.351]  Site-11        | Val Loss: 0.5771 | Val AUC: 0.7634 | Val Acc: 0.7000 | Val Sen: 0.7295 | Val Spe: 0.6719 | Val F1: 0.7036
[02:42:37.344]  Site-12        | Val Loss: 0.6102 | Val AUC: 0.7257 | Val Acc: 0.6680 | Val Sen: 0.6462 | Val Spe: 0.6917 | Val F1: 0.6693
[02:43:06.549]  Site-13        | Val Loss: 0.5902 | Val AUC: 0.7624 | Val Acc: 0.6800 | Val Sen: 0.7043 | Val Spe: 0.6593 | Val F1: 0.6694
[02:43:35.792]  Site-14        | Val Loss: 0.6492 | Val AUC: 0.6813 | Val Acc: 0.6240 | Val Sen: 0.6452 | Val Spe: 0.6032 | Val F1: 0.6299
[02:44:05.358]  Site-15        | Val Loss: 0.6345 | Val AUC: 0.6968 | Val Acc: 0.6320 | Val Sen: 0.6214 | Val Spe: 0.6455 | Val F1: 0.6541
[02:44:33.840]  Site-16        | Val Loss: 0.5848 | Val AUC: 0.7649 | Val Acc: 0.7200 | Val Sen: 0.7377 | Val Spe: 0.7031 | Val F1: 0.7200
[02:45:02.596]  Site-17        | Val Loss: 0.6113 | Val AUC: 0.7359 | Val Acc: 0.6960 | Val Sen: 0.6911 | Val Spe: 0.7008 | Val F1: 0.6911
[02:45:31.511]  Site-18        | Val Loss: 0.6183 | Val AUC: 0.7149 | Val Acc: 0.6480 | Val Sen: 0.6423 | Val Spe: 0.6535 | Val F1: 0.6423
[02:46:00.326]  Site-19        | Val Loss: 0.6047 | Val AUC: 0.7342 | Val Acc: 0.6720 | Val Sen: 0.6489 | Val Spe: 0.6975 | Val F1: 0.6746
[02:46:00.330]  Site-Average | Val Loss: 0.5992 | AUC: 0.7413 | Acc: 0.6788 | Sen: 0.6780 | Spe: 0.6807 | F1: 0.6778
[02:46:00.333]  Best Epoch:0 | Avg Val Acc: 0.6788
[02:46:00.336]  Saving the local and server checkpoint to ../../experiments/v1.0/checkpoint/RSNA-ICH/seed4/fednova_rounds100_localE1_lr0.0003_batch16_N20_sr1_VN1__PureAvg/model_best_0...
