[14:25:33.600] [Client 0] Train=750, Val=250, Test=250
[14:25:33.601] [Client 1] Train=750, Val=250, Test=250
[14:25:33.602] [Client 2] Train=750, Val=250, Test=250
[14:25:33.603] [Client 3] Train=750, Val=250, Test=250
[14:25:33.604] [Client 4] Train=750, Val=250, Test=250
[14:25:33.604] [Client 5] Train=750, Val=250, Test=250
[14:25:33.605] [Client 6] Train=750, Val=250, Test=250
[14:25:33.606] [Client 7] Train=750, Val=250, Test=250
[14:25:33.607] [Client 8] Train=750, Val=250, Test=250
[14:25:33.608] [Client 9] Train=750, Val=250, Test=250
[14:25:33.609] [Client 10] Train=750, Val=250, Test=250
[14:25:33.610] [Client 11] Train=750, Val=250, Test=250
[14:25:33.611] [Client 12] Train=750, Val=250, Test=250
[14:25:33.611] [Client 13] Train=750, Val=250, Test=250
[14:25:33.612] [Client 14] Train=750, Val=250, Test=250
[14:25:33.612] [Client 15] Train=750, Val=250, Test=250
[14:25:33.613] [Client 16] Train=750, Val=250, Test=250
[14:25:33.614] [Client 17] Train=750, Val=250, Test=250
[14:25:33.615] [Client 18] Train=750, Val=250, Test=250
[14:25:33.616] [Client 19] Train=750, Val=250, Test=250
[14:25:33.616] [Virtual Client 0-0] Train=750
[14:25:33.617] [Virtual Client 1-0] Train=750
[14:25:33.617] [Virtual Client 2-0] Train=750
[14:25:33.618] [Virtual Client 3-0] Train=750
[14:25:33.619] [Virtual Client 4-0] Train=750
[14:25:33.620] [Virtual Client 5-0] Train=750
[14:25:33.621] [Virtual Client 6-0] Train=750
[14:25:33.622] [Virtual Client 7-0] Train=750
[14:25:33.623] [Virtual Client 8-0] Train=750
[14:25:33.624] [Virtual Client 9-0] Train=750
[14:25:33.625] [Virtual Client 10-0] Train=750
[14:25:33.626] [Virtual Client 11-0] Train=750
[14:25:33.627] [Virtual Client 12-0] Train=750
[14:25:33.628] [Virtual Client 13-0] Train=750
[14:25:33.629] [Virtual Client 14-0] Train=750
[14:25:33.630] [Virtual Client 15-0] Train=750
[14:25:33.632] [Virtual Client 16-0] Train=750
[14:25:33.633] [Virtual Client 17-0] Train=750
[14:25:33.634] [Virtual Client 18-0] Train=750
[14:25:33.635] [Virtual Client 19-0] Train=750
[14:25:33.641] Client Weights: [0.05, 0.05, 0.05, 0.05, 0.05, 0.05, 0.05, 0.05, 0.05, 0.05, 0.05, 0.05, 0.05, 0.05, 0.05, 0.05, 0.05, 0.05, 0.05, 0.05]
[14:25:33.643] Training Clients:[0, 1, 2, 3, 4, 5, 6, 7, 8, 9, 10, 11, 12, 13, 14, 15, 16, 17, 18, 19]
[14:25:33.644] Val Clients:[0, 1, 2, 3, 4, 5, 6, 7, 8, 9, 10, 11, 12, 13, 14, 15, 16, 17, 18, 19]
[14:25:33.645] =============== args ================
[14:25:33.645] Namespace(clients=20, virtual_clients=1, lr=0.0003, lr_decay=-1, early=False, batch=16, rounds=100, local_epochs=1, mode='dp2rmsprop', pretrain=False, exp=None, save_path='../../experiments/v1.0/checkpoint/RSNA-ICH/seed10/dp2rmsprop_rounds100_localE1_lr0.0003_batch16_N20_sr1_VN1_overhead_z1.0_delta0.01_adaclip_rmsproplr=3e-05_PureAvg_gamma_da=0.1_DA', resume=False, gpu='0', seed=10, debug=False, data='RSNA-ICH', sample_rate=1, leave='no', merge=False, balance=False, weighted_avg=False, split='UNI', local_bn=False, generalize=False, gn=False, selu=False, comb='times', free=-1, noisy=-1, alpha=1.0, adaclip=True, noclip=False, ema=0.0, mu=0.001, S=10, epsilon=None, noise_multiplier=1.0, delta=0.01, accountant='prv', dp_mode='overhead', balance_split=False, test=False, ckpt='None', adam_lr=0.1, dp2_interval=3, rmsprop_lr=3e-05, ada_vn=False, init_vn=False, ada_stable=False, ada_prog=False, gamma_da=0.1, class_weights=None, domain_adaptation=True, log_path='../../experiments/v1.0/log/RSNA-ICH/seed10/dp2rmsprop_rounds100_localE1_lr0.0003_batch16_N20_sr1_VN1_overhead_z1.0_delta0.01_adaclip_rmsproplr=3e-05_PureAvg_gamma_da=0.1_DA')
[14:25:38.607] Using noise multiplier=1.0 and sigma on aggregation=0.5 to satisfy (72.38001741987942,0.01)-DP.
[14:25:38.608] Using adaptive clipping.
[14:25:38.608] Using prv accountant.
[14:25:38.612] Using domain loss weight (gamma): 0.1
[14:25:38.717] ============ Round 0, Local train epoch 0 ============
[14:29:09.847] Avg Domain Loss: 0.7915
[14:29:10.045]  Site-0         | Train Loss: 0.5955 | Train AUC: 0.7535  | Train Acc: 0.6861  | Train Sen: 0.6981  | Train Spe: 0.6740  | Train F1: 0.6916 
[14:32:40.935] Avg Domain Loss: 0.7892
[14:32:41.123]  Site-1         | Train Loss: 0.6381 | Train AUC: 0.6928  | Train Acc: 0.6372  | Train Sen: 0.6237  | Train Spe: 0.6511  | Train F1: 0.6347 
[14:36:13.513] Avg Domain Loss: 0.7923
[14:36:13.683]  Site-2         | Train Loss: 0.6489 | Train AUC: 0.6850  | Train Acc: 0.6495  | Train Sen: 0.5994  | Train Spe: 0.6966  | Train F1: 0.6239 
[14:39:41.263] Avg Domain Loss: 0.7880
[14:39:41.342]  Site-3         | Train Loss: 0.6018 | Train AUC: 0.7458  | Train Acc: 0.6916  | Train Sen: 0.6614  | Train Spe: 0.7239  | Train F1: 0.6895 
[14:43:38.533] Avg Domain Loss: 0.7866
[14:43:38.679]  Site-4         | Train Loss: 0.6341 | Train AUC: 0.6921  | Train Acc: 0.6535  | Train Sen: 0.6335  | Train Spe: 0.6751  | Train F1: 0.6549 
[14:47:28.159] Avg Domain Loss: 0.7863
[14:47:28.300]  Site-5         | Train Loss: 0.6355 | Train AUC: 0.7032  | Train Acc: 0.6726  | Train Sen: 0.7124  | Train Spe: 0.6286  | Train F1: 0.6953 
[14:51:27.849] Avg Domain Loss: 0.7925
[14:51:27.937]  Site-6         | Train Loss: 0.6336 | Train AUC: 0.6979  | Train Acc: 0.6467  | Train Sen: 0.6771  | Train Spe: 0.6136  | Train F1: 0.6667 
[14:55:18.606] Avg Domain Loss: 0.7900
[14:55:18.794]  Site-7         | Train Loss: 0.6385 | Train AUC: 0.6997  | Train Acc: 0.6549  | Train Sen: 0.6006  | Train Spe: 0.7050  | Train F1: 0.6254 
[14:58:58.139] Avg Domain Loss: 0.7906
[14:58:58.202]  Site-8         | Train Loss: 0.6101 | Train AUC: 0.7315  | Train Acc: 0.6671  | Train Sen: 0.6568  | Train Spe: 0.6777  | Train F1: 0.6667 
[15:02:31.198] Avg Domain Loss: 0.7896
[15:02:31.286]  Site-9         | Train Loss: 0.6518 | Train AUC: 0.6763  | Train Acc: 0.6399  | Train Sen: 0.6253  | Train Spe: 0.6548  | Train F1: 0.6365 
[15:06:03.336] Avg Domain Loss: 0.7859
[15:06:03.428]  Site-10        | Train Loss: 0.6515 | Train AUC: 0.6825  | Train Acc: 0.6359  | Train Sen: 0.6799  | Train Spe: 0.5894  | Train F1: 0.6573 
[15:09:42.204] Avg Domain Loss: 0.7916
[15:09:42.280]  Site-11        | Train Loss: 0.6343 | Train AUC: 0.6979  | Train Acc: 0.6508  | Train Sen: 0.6316  | Train Spe: 0.6713  | Train F1: 0.6513 
[15:13:27.168] Avg Domain Loss: 0.7898
[15:13:27.243]  Site-12        | Train Loss: 0.6283 | Train AUC: 0.7187  | Train Acc: 0.6726  | Train Sen: 0.6546  | Train Spe: 0.6897  | Train F1: 0.6610 
[15:17:03.231] Avg Domain Loss: 0.7909
[15:17:03.342]  Site-13        | Train Loss: 0.6255 | Train AUC: 0.7081  | Train Acc: 0.6508  | Train Sen: 0.6293  | Train Spe: 0.6731  | Train F1: 0.6475 
[15:20:36.339] Avg Domain Loss: 0.7892
[15:20:36.456]  Site-14        | Train Loss: 0.6380 | Train AUC: 0.6921  | Train Acc: 0.6495  | Train Sen: 0.6165  | Train Spe: 0.6797  | Train F1: 0.6272 
[15:24:16.904] Avg Domain Loss: 0.7915
[15:24:17.008]  Site-15        | Train Loss: 0.6343 | Train AUC: 0.6974  | Train Acc: 0.6399  | Train Sen: 0.6196  | Train Spe: 0.6603  | Train F1: 0.6325 
[15:28:03.883] Avg Domain Loss: 0.7888
[15:28:04.014]  Site-16        | Train Loss: 0.6241 | Train AUC: 0.7149  | Train Acc: 0.6753  | Train Sen: 0.6565  | Train Spe: 0.6933  | Train F1: 0.6648 
[15:31:53.998] Avg Domain Loss: 0.7899
[15:31:54.085]  Site-17        | Train Loss: 0.6440 | Train AUC: 0.6894  | Train Acc: 0.6277  | Train Sen: 0.5940  | Train Spe: 0.6612  | Train F1: 0.6141 
[15:35:36.149] Avg Domain Loss: 0.7877
[15:35:36.411]  Site-18        | Train Loss: 0.6302 | Train AUC: 0.6908  | Train Acc: 0.6454  | Train Sen: 0.5441  | Train Spe: 0.7323  | Train F1: 0.5864 
[15:40:13.183] Avg Domain Loss: 0.7881
[15:40:13.275]  Site-19        | Train Loss: 0.6435 | Train AUC: 0.6811  | Train Acc: 0.6399  | Train Sen: 0.6339  | Train Spe: 0.6459  | Train F1: 0.6365 
[15:40:15.509] Update sigma on aggregation=0.2801734685897827; clip bound update=5.603469371795654
[15:40:52.803]  Site-0         | Val Loss: 3.5999 | Val AUC: 0.5480 | Val Acc: 0.4640 | Val Sen: 1.0000 | Val Spe: 0.0000 | Val F1: 0.6339
[15:41:47.663]  Site-1         | Val Loss: 3.1959 | Val AUC: 0.5125 | Val Acc: 0.5240 | Val Sen: 1.0000 | Val Spe: 0.0000 | Val F1: 0.6877
[15:42:21.920]  Site-2         | Val Loss: 3.3794 | Val AUC: 0.4692 | Val Acc: 0.5120 | Val Sen: 1.0000 | Val Spe: 0.0000 | Val F1: 0.6772
[15:42:50.544]  Site-3         | Val Loss: 3.2661 | Val AUC: 0.4960 | Val Acc: 0.5200 | Val Sen: 1.0000 | Val Spe: 0.0000 | Val F1: 0.6842
[15:43:19.607]  Site-4         | Val Loss: 3.6094 | Val AUC: 0.4828 | Val Acc: 0.4680 | Val Sen: 1.0000 | Val Spe: 0.0000 | Val F1: 0.6376
[15:43:48.224]  Site-5         | Val Loss: 3.3073 | Val AUC: 0.4699 | Val Acc: 0.5120 | Val Sen: 1.0000 | Val Spe: 0.0000 | Val F1: 0.6772
[15:44:15.466]  Site-6         | Val Loss: 3.6957 | Val AUC: 0.4914 | Val Acc: 0.4640 | Val Sen: 1.0000 | Val Spe: 0.0000 | Val F1: 0.6339
[15:44:44.976]  Site-7         | Val Loss: 3.4108 | Val AUC: 0.5114 | Val Acc: 0.5000 | Val Sen: 1.0000 | Val Spe: 0.0000 | Val F1: 0.6667
[15:45:22.615]  Site-8         | Val Loss: 3.3480 | Val AUC: 0.4942 | Val Acc: 0.5120 | Val Sen: 1.0000 | Val Spe: 0.0000 | Val F1: 0.6772
[15:46:05.646]  Site-9         | Val Loss: 3.3537 | Val AUC: 0.4650 | Val Acc: 0.5080 | Val Sen: 1.0000 | Val Spe: 0.0000 | Val F1: 0.6737
[15:46:37.180]  Site-10        | Val Loss: 3.3802 | Val AUC: 0.4861 | Val Acc: 0.5080 | Val Sen: 1.0000 | Val Spe: 0.0000 | Val F1: 0.6737
[15:47:06.842]  Site-11        | Val Loss: 3.4889 | Val AUC: 0.4899 | Val Acc: 0.4880 | Val Sen: 1.0000 | Val Spe: 0.0000 | Val F1: 0.6559
[15:47:35.922]  Site-12        | Val Loss: 3.7030 | Val AUC: 0.4780 | Val Acc: 0.4560 | Val Sen: 1.0000 | Val Spe: 0.0000 | Val F1: 0.6264
[15:48:04.072]  Site-13        | Val Loss: 3.0629 | Val AUC: 0.5105 | Val Acc: 0.5400 | Val Sen: 1.0000 | Val Spe: 0.0000 | Val F1: 0.7013
[15:48:33.853]  Site-14        | Val Loss: 3.6515 | Val AUC: 0.4543 | Val Acc: 0.4640 | Val Sen: 1.0000 | Val Spe: 0.0000 | Val F1: 0.6339
[15:49:04.688]  Site-15        | Val Loss: 3.2399 | Val AUC: 0.5144 | Val Acc: 0.5200 | Val Sen: 1.0000 | Val Spe: 0.0000 | Val F1: 0.6842
[15:49:36.755]  Site-16        | Val Loss: 3.1154 | Val AUC: 0.4846 | Val Acc: 0.5480 | Val Sen: 1.0000 | Val Spe: 0.0000 | Val F1: 0.7080
[15:50:08.513]  Site-17        | Val Loss: 3.3421 | Val AUC: 0.5661 | Val Acc: 0.5000 | Val Sen: 1.0000 | Val Spe: 0.0000 | Val F1: 0.6667
[15:50:43.455]  Site-18        | Val Loss: 3.4628 | Val AUC: 0.5257 | Val Acc: 0.4920 | Val Sen: 1.0000 | Val Spe: 0.0000 | Val F1: 0.6595
[15:51:16.591]  Site-19        | Val Loss: 3.4360 | Val AUC: 0.4966 | Val Acc: 0.4960 | Val Sen: 1.0000 | Val Spe: 0.0000 | Val F1: 0.6631
[15:51:16.593]  Site-Average | Val Loss: 3.4024 | AUC: 0.4973 | Acc: 0.4998 | Sen: 1.0000 | Spe: 0.0000 | F1: 0.6661
[15:51:16.594]  Best Epoch:0 | Avg Val Acc: 0.4998
[15:51:16.598]  Saving the local and server checkpoint to ../../experiments/v1.0/checkpoint/RSNA-ICH/seed10/dp2rmsprop_rounds100_localE1_lr0.0003_batch16_N20_sr1_VN1_overhead_z1.0_delta0.01_adaclip_rmsproplr=3e-05_PureAvg_gamma_da=0.1_DA/model_best_0...
