[05:01:34.512] [Client 0] Train=750, Val=250, Test=250
[05:01:34.513] [Client 1] Train=750, Val=250, Test=250
[05:01:34.514] [Client 2] Train=750, Val=250, Test=250
[05:01:34.515] [Client 3] Train=750, Val=250, Test=250
[05:01:34.517] [Client 4] Train=750, Val=250, Test=250
[05:01:34.518] [Client 5] Train=750, Val=250, Test=250
[05:01:34.520] [Client 6] Train=750, Val=250, Test=250
[05:01:34.521] [Client 7] Train=750, Val=250, Test=250
[05:01:34.522] [Client 8] Train=750, Val=250, Test=250
[05:01:34.523] [Client 9] Train=750, Val=250, Test=250
[05:01:34.524] [Client 10] Train=750, Val=250, Test=250
[05:01:34.525] [Client 11] Train=750, Val=250, Test=250
[05:01:34.527] [Client 12] Train=750, Val=250, Test=250
[05:01:34.528] [Client 13] Train=750, Val=250, Test=250
[05:01:34.529] [Client 14] Train=750, Val=250, Test=250
[05:01:34.531] [Client 15] Train=750, Val=250, Test=250
[05:01:34.532] [Client 16] Train=750, Val=250, Test=250
[05:01:34.534] [Client 17] Train=750, Val=250, Test=250
[05:01:34.535] [Client 18] Train=750, Val=250, Test=250
[05:01:34.537] [Client 19] Train=750, Val=250, Test=250
[05:01:34.538] [Virtual Client 0-0] Train=750
[05:01:34.540] [Virtual Client 1-0] Train=750
[05:01:34.541] [Virtual Client 2-0] Train=750
[05:01:34.542] [Virtual Client 3-0] Train=750
[05:01:34.544] [Virtual Client 4-0] Train=750
[05:01:34.545] [Virtual Client 5-0] Train=750
[05:01:34.546] [Virtual Client 6-0] Train=750
[05:01:34.548] [Virtual Client 7-0] Train=750
[05:01:34.549] [Virtual Client 8-0] Train=750
[05:01:34.550] [Virtual Client 9-0] Train=750
[05:01:34.552] [Virtual Client 10-0] Train=750
[05:01:34.553] [Virtual Client 11-0] Train=750
[05:01:34.554] [Virtual Client 12-0] Train=750
[05:01:34.555] [Virtual Client 13-0] Train=750
[05:01:34.556] [Virtual Client 14-0] Train=750
[05:01:34.558] [Virtual Client 15-0] Train=750
[05:01:34.559] [Virtual Client 16-0] Train=750
[05:01:34.560] [Virtual Client 17-0] Train=750
[05:01:34.560] [Virtual Client 18-0] Train=750
[05:01:34.562] [Virtual Client 19-0] Train=750
[05:01:34.568] Client Weights: [0.05, 0.05, 0.05, 0.05, 0.05, 0.05, 0.05, 0.05, 0.05, 0.05, 0.05, 0.05, 0.05, 0.05, 0.05, 0.05, 0.05, 0.05, 0.05, 0.05]
[05:01:34.569] Training Clients:[0, 1, 2, 3, 4, 5, 6, 7, 8, 9, 10, 11, 12, 13, 14, 15, 16, 17, 18, 19]
[05:01:34.569] Val Clients:[0, 1, 2, 3, 4, 5, 6, 7, 8, 9, 10, 11, 12, 13, 14, 15, 16, 17, 18, 19]
[05:01:34.572] =============== args ================
[05:01:34.573] Namespace(clients=20, virtual_clients=1, lr=0.0003, lr_decay=-1, early=False, batch=16, rounds=100, local_epochs=1, mode='dpsgd', pretrain=False, exp=None, save_path='../../experiments/v1.0/checkpoint/RSNA-ICH/seed10/dpsgd_rounds100_localE1_lr0.0003_batch16_N20_sr1_VN1_overhead_z0.5_delta0.01_adaclip_PureAvg_gamma_da=0.1_DA', resume=False, gpu='0', seed=10, debug=False, data='RSNA-ICH', sample_rate=1, leave='no', merge=False, balance=False, weighted_avg=False, split='UNI', local_bn=False, generalize=False, gn=False, selu=False, comb='times', free=-1, noisy=-1, alpha=1.0, adaclip=True, noclip=False, ema=0.0, mu=0.001, S=10, epsilon=None, noise_multiplier=0.5, delta=0.01, accountant='prv', dp_mode='overhead', balance_split=False, test=False, ckpt='None', adam_lr=0.1, dp2_interval=3, rmsprop_lr=1, ada_vn=False, init_vn=False, ada_stable=False, ada_prog=False, gamma_da=0.1, class_weights=None, domain_adaptation=True, log_path='../../experiments/v1.0/log/RSNA-ICH/seed10/dpsgd_rounds100_localE1_lr0.0003_batch16_N20_sr1_VN1_overhead_z0.5_delta0.01_adaclip_PureAvg_gamma_da=0.1_DA')
[05:01:41.401] Using noise multiplier=0.5 and sigma on aggregation=0.25 to satisfy (245.5990192385698,0.01)-DP.
[05:01:41.402] Using adaptive clipping.
[05:01:41.402] Using prv accountant.
[05:01:41.406] Using domain loss weight (gamma): 0.1
[05:01:41.501] ============ Round 0, Local train epoch 0 ============
[05:05:34.492] Avg Domain Loss: 0.7915
[05:05:34.633]  Site-0         | Train Loss: 0.5955 | Train AUC: 0.7535  | Train Acc: 0.6861  | Train Sen: 0.6981  | Train Spe: 0.6740  | Train F1: 0.6916 
[05:09:25.560] Avg Domain Loss: 0.7892
[05:09:25.816]  Site-1         | Train Loss: 0.6381 | Train AUC: 0.6928  | Train Acc: 0.6372  | Train Sen: 0.6237  | Train Spe: 0.6511  | Train F1: 0.6347 
[05:13:19.609] Avg Domain Loss: 0.7923
[05:13:19.750]  Site-2         | Train Loss: 0.6489 | Train AUC: 0.6850  | Train Acc: 0.6495  | Train Sen: 0.5994  | Train Spe: 0.6966  | Train F1: 0.6239 
[05:17:10.635] Avg Domain Loss: 0.7880
[05:17:10.712]  Site-3         | Train Loss: 0.6018 | Train AUC: 0.7458  | Train Acc: 0.6916  | Train Sen: 0.6614  | Train Spe: 0.7239  | Train F1: 0.6895 
[05:21:03.519] Avg Domain Loss: 0.7866
[05:21:03.592]  Site-4         | Train Loss: 0.6341 | Train AUC: 0.6921  | Train Acc: 0.6535  | Train Sen: 0.6335  | Train Spe: 0.6751  | Train F1: 0.6549 
[05:24:54.133] Avg Domain Loss: 0.7863
[05:24:54.270]  Site-5         | Train Loss: 0.6355 | Train AUC: 0.7032  | Train Acc: 0.6726  | Train Sen: 0.7124  | Train Spe: 0.6286  | Train F1: 0.6953 
[05:28:43.687] Avg Domain Loss: 0.7925
[05:28:43.833]  Site-6         | Train Loss: 0.6336 | Train AUC: 0.6979  | Train Acc: 0.6467  | Train Sen: 0.6771  | Train Spe: 0.6136  | Train F1: 0.6667 
[05:32:34.427] Avg Domain Loss: 0.7900
[05:32:34.530]  Site-7         | Train Loss: 0.6385 | Train AUC: 0.6997  | Train Acc: 0.6549  | Train Sen: 0.6006  | Train Spe: 0.7050  | Train F1: 0.6254 
[05:36:21.930] Avg Domain Loss: 0.7906
[05:36:22.042]  Site-8         | Train Loss: 0.6101 | Train AUC: 0.7315  | Train Acc: 0.6671  | Train Sen: 0.6568  | Train Spe: 0.6777  | Train F1: 0.6667 
[05:40:12.271] Avg Domain Loss: 0.7896
[05:40:12.361]  Site-9         | Train Loss: 0.6518 | Train AUC: 0.6763  | Train Acc: 0.6399  | Train Sen: 0.6253  | Train Spe: 0.6548  | Train F1: 0.6365 
[05:44:01.356] Avg Domain Loss: 0.7859
[05:44:01.489]  Site-10        | Train Loss: 0.6515 | Train AUC: 0.6825  | Train Acc: 0.6359  | Train Sen: 0.6799  | Train Spe: 0.5894  | Train F1: 0.6573 
[05:47:54.959] Avg Domain Loss: 0.7916
[05:47:55.068]  Site-11        | Train Loss: 0.6343 | Train AUC: 0.6979  | Train Acc: 0.6508  | Train Sen: 0.6316  | Train Spe: 0.6713  | Train F1: 0.6513 
[05:51:43.432] Avg Domain Loss: 0.7898
[05:51:43.551]  Site-12        | Train Loss: 0.6283 | Train AUC: 0.7187  | Train Acc: 0.6726  | Train Sen: 0.6546  | Train Spe: 0.6897  | Train F1: 0.6610 
[05:55:34.921] Avg Domain Loss: 0.7909
[05:55:35.035]  Site-13        | Train Loss: 0.6255 | Train AUC: 0.7081  | Train Acc: 0.6508  | Train Sen: 0.6293  | Train Spe: 0.6731  | Train F1: 0.6475 
[05:59:24.066] Avg Domain Loss: 0.7892
[05:59:24.140]  Site-14        | Train Loss: 0.6380 | Train AUC: 0.6921  | Train Acc: 0.6495  | Train Sen: 0.6165  | Train Spe: 0.6797  | Train F1: 0.6272 
[06:03:13.750] Avg Domain Loss: 0.7915
[06:03:13.867]  Site-15        | Train Loss: 0.6343 | Train AUC: 0.6974  | Train Acc: 0.6399  | Train Sen: 0.6196  | Train Spe: 0.6603  | Train F1: 0.6325 
[06:07:01.380] Avg Domain Loss: 0.7888
[06:07:01.519]  Site-16        | Train Loss: 0.6241 | Train AUC: 0.7149  | Train Acc: 0.6753  | Train Sen: 0.6565  | Train Spe: 0.6933  | Train F1: 0.6648 
[06:10:52.273] Avg Domain Loss: 0.7899
[06:10:52.404]  Site-17        | Train Loss: 0.6440 | Train AUC: 0.6894  | Train Acc: 0.6277  | Train Sen: 0.5940  | Train Spe: 0.6612  | Train F1: 0.6141 
[06:14:40.918] Avg Domain Loss: 0.7877
[06:14:41.035]  Site-18        | Train Loss: 0.6302 | Train AUC: 0.6908  | Train Acc: 0.6454  | Train Sen: 0.5441  | Train Spe: 0.7323  | Train F1: 0.5864 
[06:18:31.649] Avg Domain Loss: 0.7881
[06:18:31.766]  Site-19        | Train Loss: 0.6435 | Train AUC: 0.6811  | Train Acc: 0.6399  | Train Sen: 0.6339  | Train Spe: 0.6459  | Train F1: 0.6365 
[06:18:33.777] Update sigma on aggregation=0.14008673429489135; clip bound update=5.603469371795654
[06:19:06.780]  Site-0         | Val Loss: 1.8741 | Val AUC: 0.4846 | Val Acc: 0.4640 | Val Sen: 1.0000 | Val Spe: 0.0000 | Val F1: 0.6339
[06:19:37.274]  Site-1         | Val Loss: 1.6725 | Val AUC: 0.4423 | Val Acc: 0.5240 | Val Sen: 1.0000 | Val Spe: 0.0000 | Val F1: 0.6877
[06:20:07.536]  Site-2         | Val Loss: 1.7307 | Val AUC: 0.4775 | Val Acc: 0.5120 | Val Sen: 1.0000 | Val Spe: 0.0000 | Val F1: 0.6772
[06:20:37.972]  Site-3         | Val Loss: 1.6763 | Val AUC: 0.5258 | Val Acc: 0.5200 | Val Sen: 1.0000 | Val Spe: 0.0000 | Val F1: 0.6842
[06:21:08.146]  Site-4         | Val Loss: 1.8434 | Val AUC: 0.5050 | Val Acc: 0.4680 | Val Sen: 1.0000 | Val Spe: 0.0000 | Val F1: 0.6376
[06:21:37.935]  Site-5         | Val Loss: 1.7118 | Val AUC: 0.4546 | Val Acc: 0.5120 | Val Sen: 1.0000 | Val Spe: 0.0000 | Val F1: 0.6772
[06:22:08.530]  Site-6         | Val Loss: 1.8693 | Val AUC: 0.5381 | Val Acc: 0.4640 | Val Sen: 1.0000 | Val Spe: 0.0000 | Val F1: 0.6339
[06:22:39.015]  Site-7         | Val Loss: 1.7895 | Val AUC: 0.4484 | Val Acc: 0.5000 | Val Sen: 1.0000 | Val Spe: 0.0000 | Val F1: 0.6667
[06:23:09.308]  Site-8         | Val Loss: 1.7179 | Val AUC: 0.5002 | Val Acc: 0.5120 | Val Sen: 1.0000 | Val Spe: 0.0000 | Val F1: 0.6772
[06:23:40.172]  Site-9         | Val Loss: 1.7228 | Val AUC: 0.4836 | Val Acc: 0.5080 | Val Sen: 1.0000 | Val Spe: 0.0000 | Val F1: 0.6737
[06:24:10.706]  Site-10        | Val Loss: 1.7272 | Val AUC: 0.5197 | Val Acc: 0.5080 | Val Sen: 1.0000 | Val Spe: 0.0000 | Val F1: 0.6737
[06:24:40.727]  Site-11        | Val Loss: 1.8253 | Val AUC: 0.4105 | Val Acc: 0.4880 | Val Sen: 1.0000 | Val Spe: 0.0000 | Val F1: 0.6559
[06:25:11.327]  Site-12        | Val Loss: 1.8957 | Val AUC: 0.4595 | Val Acc: 0.4560 | Val Sen: 1.0000 | Val Spe: 0.0000 | Val F1: 0.6264
[06:25:41.922]  Site-13        | Val Loss: 1.5969 | Val AUC: 0.4825 | Val Acc: 0.5400 | Val Sen: 1.0000 | Val Spe: 0.0000 | Val F1: 0.7013
[06:26:11.450]  Site-14        | Val Loss: 1.8733 | Val AUC: 0.4784 | Val Acc: 0.4640 | Val Sen: 1.0000 | Val Spe: 0.0000 | Val F1: 0.6339
[06:26:43.891]  Site-15        | Val Loss: 1.7152 | Val AUC: 0.4148 | Val Acc: 0.5200 | Val Sen: 1.0000 | Val Spe: 0.0000 | Val F1: 0.6842
[06:27:18.138]  Site-16        | Val Loss: 1.6014 | Val AUC: 0.4934 | Val Acc: 0.5480 | Val Sen: 1.0000 | Val Spe: 0.0000 | Val F1: 0.7080
[06:27:49.635]  Site-17        | Val Loss: 1.7479 | Val AUC: 0.5054 | Val Acc: 0.5000 | Val Sen: 1.0000 | Val Spe: 0.0000 | Val F1: 0.6667
[06:28:17.523]  Site-18        | Val Loss: 1.7736 | Val AUC: 0.4948 | Val Acc: 0.4920 | Val Sen: 1.0000 | Val Spe: 0.0000 | Val F1: 0.6595
[06:28:45.776]  Site-19        | Val Loss: 1.7575 | Val AUC: 0.4987 | Val Acc: 0.4960 | Val Sen: 1.0000 | Val Spe: 0.0000 | Val F1: 0.6631
[06:28:45.781]  Site-Average | Val Loss: 1.7561 | AUC: 0.4809 | Acc: 0.4998 | Sen: 1.0000 | Spe: 0.0000 | F1: 0.6661
[06:28:45.782]  Best Epoch:0 | Avg Val Acc: 0.4998
[06:28:45.785]  Saving the local and server checkpoint to ../../experiments/v1.0/checkpoint/RSNA-ICH/seed10/dpsgd_rounds100_localE1_lr0.0003_batch16_N20_sr1_VN1_overhead_z0.5_delta0.01_adaclip_PureAvg_gamma_da=0.1_DA/model_best_0...
