[16:19:20.803] [Client 0] Train=750, Val=250, Test=250
[16:19:20.803] [Client 1] Train=750, Val=250, Test=250
[16:19:20.804] [Client 2] Train=750, Val=250, Test=250
[16:19:20.804] [Client 3] Train=750, Val=250, Test=250
[16:19:20.805] [Client 4] Train=750, Val=250, Test=250
[16:19:20.805] [Client 5] Train=750, Val=250, Test=250
[16:19:20.805] [Client 6] Train=750, Val=250, Test=250
[16:19:20.806] [Client 7] Train=750, Val=250, Test=250
[16:19:20.806] [Client 8] Train=750, Val=250, Test=250
[16:19:20.807] [Client 9] Train=750, Val=250, Test=250
[16:19:20.807] [Client 10] Train=750, Val=250, Test=250
[16:19:20.807] [Client 11] Train=750, Val=250, Test=250
[16:19:20.808] [Client 12] Train=750, Val=250, Test=250
[16:19:20.808] [Client 13] Train=750, Val=250, Test=250
[16:19:20.809] [Client 14] Train=750, Val=250, Test=250
[16:19:20.809] [Client 15] Train=750, Val=250, Test=250
[16:19:20.810] [Client 16] Train=750, Val=250, Test=250
[16:19:20.811] [Client 17] Train=750, Val=250, Test=250
[16:19:20.811] [Client 18] Train=750, Val=250, Test=250
[16:19:20.811] [Client 19] Train=750, Val=250, Test=250
[16:19:20.812] [Virtual Client 0-0] Train=750
[16:19:20.812] [Virtual Client 1-0] Train=750
[16:19:20.813] [Virtual Client 2-0] Train=750
[16:19:20.813] [Virtual Client 3-0] Train=750
[16:19:20.813] [Virtual Client 4-0] Train=750
[16:19:20.814] [Virtual Client 5-0] Train=750
[16:19:20.814] [Virtual Client 6-0] Train=750
[16:19:20.815] [Virtual Client 7-0] Train=750
[16:19:20.815] [Virtual Client 8-0] Train=750
[16:19:20.815] [Virtual Client 9-0] Train=750
[16:19:20.816] [Virtual Client 10-0] Train=750
[16:19:20.816] [Virtual Client 11-0] Train=750
[16:19:20.817] [Virtual Client 12-0] Train=750
[16:19:20.817] [Virtual Client 13-0] Train=750
[16:19:20.817] [Virtual Client 14-0] Train=750
[16:19:20.818] [Virtual Client 15-0] Train=750
[16:19:20.818] [Virtual Client 16-0] Train=750
[16:19:20.819] [Virtual Client 17-0] Train=750
[16:19:20.819] [Virtual Client 18-0] Train=750
[16:19:20.819] [Virtual Client 19-0] Train=750
[16:19:20.822] Client Weights: [0.05, 0.05, 0.05, 0.05, 0.05, 0.05, 0.05, 0.05, 0.05, 0.05, 0.05, 0.05, 0.05, 0.05, 0.05, 0.05, 0.05, 0.05, 0.05, 0.05]
[16:19:20.822] Training Clients:[0, 1, 2, 3, 4, 5, 6, 7, 8, 9, 10, 11, 12, 13, 14, 15, 16, 17, 18, 19]
[16:19:20.822] Val Clients:[0, 1, 2, 3, 4, 5, 6, 7, 8, 9, 10, 11, 12, 13, 14, 15, 16, 17, 18, 19]
[16:19:20.822] =============== args ================
[16:19:20.822] Namespace(clients=20, virtual_clients=1, lr=0.0003, lr_decay=-1, early=False, batch=16, rounds=100, local_epochs=1, mode='fedadam', pretrain=False, exp=None, save_path='../../experiments/v1.0/checkpoint/RSNA-ICH/seed1/fedadam_rounds100_localE1_lr0.0003_batch16_N20_sr1_VN1__adamlr=0.003_PureAvg', resume=False, gpu='0', seed=1, debug=False, data='RSNA-ICH', sample_rate=1, leave='no', merge=False, balance=False, weighted_avg=False, split='UNI', local_bn=False, generalize=False, gn=False, selu=False, comb='times', free=-1, noisy=-1, alpha=1.0, adaclip=False, noclip=False, ema=0.0, mu=0.001, S=10, epsilon=None, noise_multiplier=None, delta=0.001, accountant='prv', dp_mode='overhead', balance_split=False, test=False, ckpt='None', adam_lr=0.003, dp2_interval=3, rmsprop_lr=1, ada_vn=False, init_vn=False, ada_stable=False, ada_prog=False, log_path='../../experiments/v1.0/log/RSNA-ICH/seed1/fedadam_rounds100_localE1_lr0.0003_batch16_N20_sr1_VN1__adamlr=0.003_PureAvg')
[16:19:22.725] ============ Round 0, Local train epoch 0 ============
[16:21:12.889]  Site-0         | Train Loss: 0.6360 | Train AUC: 0.6929  | Train Acc: 0.6372  | Train Sen: 0.6126  | Train Spe: 0.6638  | Train F1: 0.6367 
[16:23:02.885]  Site-1         | Train Loss: 0.6266 | Train AUC: 0.7031  | Train Acc: 0.6549  | Train Sen: 0.5497  | Train Spe: 0.7567  | Train F1: 0.6104 
[16:24:48.782]  Site-2         | Train Loss: 0.6372 | Train AUC: 0.7041  | Train Acc: 0.6399  | Train Sen: 0.6199  | Train Spe: 0.6603  | Train F1: 0.6345 
[16:26:34.875]  Site-3         | Train Loss: 0.6393 | Train AUC: 0.6847  | Train Acc: 0.6481  | Train Sen: 0.6332  | Train Spe: 0.6639  | Train F1: 0.6495 
[16:28:20.806]  Site-4         | Train Loss: 0.6479 | Train AUC: 0.6737  | Train Acc: 0.6250  | Train Sen: 0.6533  | Train Spe: 0.5917  | Train F1: 0.6533 
[16:30:05.355]  Site-5         | Train Loss: 0.6482 | Train AUC: 0.6770  | Train Acc: 0.6155  | Train Sen: 0.5794  | Train Spe: 0.6499  | Train F1: 0.5951 
[16:31:49.447]  Site-6         | Train Loss: 0.6284 | Train AUC: 0.7094  | Train Acc: 0.6630  | Train Sen: 0.5758  | Train Spe: 0.7447  | Train F1: 0.6231 
[16:33:33.516]  Site-7         | Train Loss: 0.6316 | Train AUC: 0.7064  | Train Acc: 0.6535  | Train Sen: 0.6152  | Train Spe: 0.6895  | Train F1: 0.6320 
[16:35:18.182]  Site-8         | Train Loss: 0.6459 | Train AUC: 0.6920  | Train Acc: 0.6440  | Train Sen: 0.6382  | Train Spe: 0.6504  | Train F1: 0.6534 
[16:37:07.280]  Site-9         | Train Loss: 0.6364 | Train AUC: 0.6995  | Train Acc: 0.6685  | Train Sen: 0.6071  | Train Spe: 0.7285  | Train F1: 0.6443 
[16:38:52.713]  Site-10        | Train Loss: 0.6168 | Train AUC: 0.7183  | Train Acc: 0.6576  | Train Sen: 0.5718  | Train Spe: 0.7345  | Train F1: 0.6123 
[16:40:39.933]  Site-11        | Train Loss: 0.6321 | Train AUC: 0.7055  | Train Acc: 0.6508  | Train Sen: 0.5653  | Train Spe: 0.7292  | Train F1: 0.6076 
[16:42:27.866]  Site-12        | Train Loss: 0.6223 | Train AUC: 0.7177  | Train Acc: 0.6603  | Train Sen: 0.6368  | Train Spe: 0.6854  | Train F1: 0.6594 
[16:44:14.143]  Site-13        | Train Loss: 0.6141 | Train AUC: 0.7305  | Train Acc: 0.6739  | Train Sen: 0.6593  | Train Spe: 0.6882  | Train F1: 0.6667 
[16:46:01.481]  Site-14        | Train Loss: 0.6301 | Train AUC: 0.7053  | Train Acc: 0.6386  | Train Sen: 0.6121  | Train Spe: 0.6667  | Train F1: 0.6356 
[16:47:46.620]  Site-15        | Train Loss: 0.6544 | Train AUC: 0.6603  | Train Acc: 0.6128  | Train Sen: 0.6474  | Train Spe: 0.5758  | Train F1: 0.6332 
[16:49:31.334]  Site-16        | Train Loss: 0.6353 | Train AUC: 0.7106  | Train Acc: 0.6562  | Train Sen: 0.6446  | Train Spe: 0.6676  | Train F1: 0.6491 
[16:51:16.881]  Site-17        | Train Loss: 0.6417 | Train AUC: 0.6936  | Train Acc: 0.6481  | Train Sen: 0.5447  | Train Spe: 0.7404  | Train F1: 0.5934 
[16:53:03.020]  Site-18        | Train Loss: 0.6430 | Train AUC: 0.7013  | Train Acc: 0.6576  | Train Sen: 0.6267  | Train Spe: 0.6883  | Train F1: 0.6461 
[16:54:49.399]  Site-19        | Train Loss: 0.6301 | Train AUC: 0.7060  | Train Acc: 0.6630  | Train Sen: 0.6267  | Train Spe: 0.7008  | Train F1: 0.6546 
[16:55:03.551]  Site-0         | Val Loss: 1.0177 | Val AUC: 0.6720 | Val Acc: 0.4800 | Val Sen: 1.0000 | Val Spe: 0.0000 | Val F1: 0.6486
[16:55:16.528]  Site-1         | Val Loss: 1.0951 | Val AUC: 0.7423 | Val Acc: 0.4080 | Val Sen: 1.0000 | Val Spe: 0.0000 | Val F1: 0.5795
[16:55:29.681]  Site-2         | Val Loss: 0.9518 | Val AUC: 0.7441 | Val Acc: 0.5000 | Val Sen: 1.0000 | Val Spe: 0.0079 | Val F1: 0.6649
[16:55:42.801]  Site-3         | Val Loss: 0.9057 | Val AUC: 0.7674 | Val Acc: 0.4960 | Val Sen: 1.0000 | Val Spe: 0.0079 | Val F1: 0.6613
[16:55:56.062]  Site-4         | Val Loss: 0.7676 | Val AUC: 0.7808 | Val Acc: 0.5760 | Val Sen: 1.0000 | Val Spe: 0.0185 | Val F1: 0.7282
[16:56:09.100]  Site-5         | Val Loss: 0.8290 | Val AUC: 0.7970 | Val Acc: 0.5320 | Val Sen: 1.0000 | Val Spe: 0.0168 | Val F1: 0.6913
[16:56:22.291]  Site-6         | Val Loss: 0.9384 | Val AUC: 0.7545 | Val Acc: 0.4840 | Val Sen: 1.0000 | Val Spe: 0.0153 | Val F1: 0.6485
[16:56:35.520]  Site-7         | Val Loss: 0.8601 | Val AUC: 0.7411 | Val Acc: 0.5360 | Val Sen: 0.9925 | Val Spe: 0.0086 | Val F1: 0.6963
[16:56:48.371]  Site-8         | Val Loss: 0.9435 | Val AUC: 0.7773 | Val Acc: 0.4760 | Val Sen: 0.9915 | Val Spe: 0.0152 | Val F1: 0.6411
[16:57:01.496]  Site-9         | Val Loss: 0.8811 | Val AUC: 0.7531 | Val Acc: 0.5240 | Val Sen: 1.0000 | Val Spe: 0.0165 | Val F1: 0.6844
[16:57:14.592]  Site-10        | Val Loss: 0.9226 | Val AUC: 0.7677 | Val Acc: 0.4960 | Val Sen: 0.9919 | Val Spe: 0.0079 | Val F1: 0.6613
[16:57:27.768]  Site-11        | Val Loss: 1.0050 | Val AUC: 0.8035 | Val Acc: 0.4400 | Val Sen: 0.9909 | Val Spe: 0.0071 | Val F1: 0.6089
[16:57:40.933]  Site-12        | Val Loss: 0.8494 | Val AUC: 0.7222 | Val Acc: 0.5520 | Val Sen: 1.0000 | Val Spe: 0.0175 | Val F1: 0.7083
[16:57:54.088]  Site-13        | Val Loss: 0.9240 | Val AUC: 0.7201 | Val Acc: 0.5120 | Val Sen: 1.0000 | Val Spe: 0.0081 | Val F1: 0.6755
[16:58:07.060]  Site-14        | Val Loss: 0.8792 | Val AUC: 0.7027 | Val Acc: 0.5520 | Val Sen: 1.0000 | Val Spe: 0.0175 | Val F1: 0.7083
[16:58:20.164]  Site-15        | Val Loss: 0.7955 | Val AUC: 0.8149 | Val Acc: 0.5360 | Val Sen: 1.0000 | Val Spe: 0.0169 | Val F1: 0.6947
[16:58:33.214]  Site-16        | Val Loss: 0.8124 | Val AUC: 0.7466 | Val Acc: 0.5640 | Val Sen: 0.9929 | Val Spe: 0.0092 | Val F1: 0.7198
[16:58:46.376]  Site-17        | Val Loss: 1.0233 | Val AUC: 0.6875 | Val Acc: 0.4880 | Val Sen: 0.9917 | Val Spe: 0.0155 | Val F1: 0.6522
[16:58:59.395]  Site-18        | Val Loss: 1.0272 | Val AUC: 0.7039 | Val Acc: 0.4840 | Val Sen: 1.0000 | Val Spe: 0.0301 | Val F1: 0.6446
[16:59:12.590]  Site-19        | Val Loss: 0.9962 | Val AUC: 0.7770 | Val Acc: 0.4680 | Val Sen: 1.0000 | Val Spe: 0.0292 | Val F1: 0.6295
[16:59:12.592]  Site-Average | Val Loss: 0.9212 | AUC: 0.7488 | Acc: 0.5052 | Sen: 0.9976 | Spe: 0.0133 | F1: 0.6674
[16:59:12.593]  Best Epoch:0 | Avg Val Acc: 0.5052
[16:59:12.597]  Saving the local and server checkpoint to ../../experiments/v1.0/checkpoint/RSNA-ICH/seed1/fedadam_rounds100_localE1_lr0.0003_batch16_N20_sr1_VN1__adamlr=0.003_PureAvg/model_best_0...
