[00:37:11.284] [Client 0] Train=750, Val=250, Test=250
[00:37:11.285] [Client 1] Train=750, Val=250, Test=250
[00:37:11.286] [Client 2] Train=750, Val=250, Test=250
[00:37:11.287] [Client 3] Train=750, Val=250, Test=250
[00:37:11.288] [Client 4] Train=750, Val=250, Test=250
[00:37:11.289] [Client 5] Train=750, Val=250, Test=250
[00:37:11.290] [Client 6] Train=750, Val=250, Test=250
[00:37:11.291] [Client 7] Train=750, Val=250, Test=250
[00:37:11.292] [Client 8] Train=750, Val=250, Test=250
[00:37:11.293] [Client 9] Train=750, Val=250, Test=250
[00:37:11.293] [Client 10] Train=750, Val=250, Test=250
[00:37:11.294] [Client 11] Train=750, Val=250, Test=250
[00:37:11.295] [Client 12] Train=750, Val=250, Test=250
[00:37:11.296] [Client 13] Train=750, Val=250, Test=250
[00:37:11.297] [Client 14] Train=750, Val=250, Test=250
[00:37:11.298] [Client 15] Train=750, Val=250, Test=250
[00:37:11.298] [Client 16] Train=750, Val=250, Test=250
[00:37:11.299] [Client 17] Train=750, Val=250, Test=250
[00:37:11.300] [Client 18] Train=750, Val=250, Test=250
[00:37:11.301] [Client 19] Train=750, Val=250, Test=250
[00:37:11.302] [Virtual Client 0-0] Train=750
[00:37:11.303] [Virtual Client 1-0] Train=750
[00:37:11.304] [Virtual Client 2-0] Train=750
[00:37:11.304] [Virtual Client 3-0] Train=750
[00:37:11.305] [Virtual Client 4-0] Train=750
[00:37:11.306] [Virtual Client 5-0] Train=750
[00:37:11.306] [Virtual Client 6-0] Train=750
[00:37:11.307] [Virtual Client 7-0] Train=750
[00:37:11.308] [Virtual Client 8-0] Train=750
[00:37:11.309] [Virtual Client 9-0] Train=750
[00:37:11.309] [Virtual Client 10-0] Train=750
[00:37:11.310] [Virtual Client 11-0] Train=750
[00:37:11.311] [Virtual Client 12-0] Train=750
[00:37:11.312] [Virtual Client 13-0] Train=750
[00:37:11.313] [Virtual Client 14-0] Train=750
[00:37:11.314] [Virtual Client 15-0] Train=750
[00:37:11.314] [Virtual Client 16-0] Train=750
[00:37:11.315] [Virtual Client 17-0] Train=750
[00:37:11.316] [Virtual Client 18-0] Train=750
[00:37:11.317] [Virtual Client 19-0] Train=750
[00:37:11.322] Client Weights: [0.05, 0.05, 0.05, 0.05, 0.05, 0.05, 0.05, 0.05, 0.05, 0.05, 0.05, 0.05, 0.05, 0.05, 0.05, 0.05, 0.05, 0.05, 0.05, 0.05]
[00:37:11.323] Training Clients:[0, 1, 2, 3, 4, 5, 6, 7, 8, 9, 10, 11, 12, 13, 14, 15, 16, 17, 18, 19]
[00:37:11.324] Val Clients:[0, 1, 2, 3, 4, 5, 6, 7, 8, 9, 10, 11, 12, 13, 14, 15, 16, 17, 18, 19]
[00:37:11.324] =============== args ================
[00:37:11.325] Namespace(clients=20, virtual_clients=1, lr=0.0003, lr_decay=-1, early=False, batch=16, rounds=100, local_epochs=1, mode='fedadam', pretrain=False, exp=None, save_path='../../experiments/v1.0/checkpoint/RSNA-ICH/seed10/fedadam_rounds100_localE1_lr0.0003_batch16_N20_sr1_VN1__adamlr=0.003_PureAvg_gamma_da=0.1_DA', resume=False, gpu='0', seed=10, debug=False, data='RSNA-ICH', sample_rate=1, leave='no', merge=False, balance=False, weighted_avg=False, split='UNI', local_bn=False, generalize=False, gn=False, selu=False, comb='times', free=-1, noisy=-1, alpha=1.0, adaclip=False, noclip=False, ema=0.0, mu=0.001, S=10, epsilon=None, noise_multiplier=None, delta=0.001, accountant='prv', dp_mode='overhead', balance_split=False, test=False, ckpt='None', adam_lr=0.003, dp2_interval=3, rmsprop_lr=1, ada_vn=False, init_vn=False, ada_stable=False, ada_prog=False, gamma_da=0.1, class_weights=None, domain_adaptation=True, log_path='../../experiments/v1.0/log/RSNA-ICH/seed10/fedadam_rounds100_localE1_lr0.0003_batch16_N20_sr1_VN1__adamlr=0.003_PureAvg_gamma_da=0.1_DA')
[00:37:15.730] Using domain loss weight (gamma): 0.1
[00:37:15.887] ============ Round 0, Local train epoch 0 ============
[00:41:06.687] Avg Domain Loss: 0.7915
[00:41:06.950]  Site-0         | Train Loss: 0.5955 | Train AUC: 0.7535  | Train Acc: 0.6861  | Train Sen: 0.6981  | Train Spe: 0.6740  | Train F1: 0.6916 
[00:44:57.439] Avg Domain Loss: 0.7892
[00:44:57.507]  Site-1         | Train Loss: 0.6381 | Train AUC: 0.6928  | Train Acc: 0.6372  | Train Sen: 0.6237  | Train Spe: 0.6511  | Train F1: 0.6347 
[00:48:43.625] Avg Domain Loss: 0.7923
[00:48:43.725]  Site-2         | Train Loss: 0.6489 | Train AUC: 0.6850  | Train Acc: 0.6495  | Train Sen: 0.5994  | Train Spe: 0.6966  | Train F1: 0.6239 
[00:52:33.450] Avg Domain Loss: 0.7880
[00:52:33.532]  Site-3         | Train Loss: 0.6018 | Train AUC: 0.7458  | Train Acc: 0.6916  | Train Sen: 0.6614  | Train Spe: 0.7239  | Train F1: 0.6895 
[00:56:24.777] Avg Domain Loss: 0.7866
[00:56:25.036]  Site-4         | Train Loss: 0.6341 | Train AUC: 0.6921  | Train Acc: 0.6535  | Train Sen: 0.6335  | Train Spe: 0.6751  | Train F1: 0.6549 
[01:00:17.640] Avg Domain Loss: 0.7863
[01:00:17.833]  Site-5         | Train Loss: 0.6355 | Train AUC: 0.7032  | Train Acc: 0.6726  | Train Sen: 0.7124  | Train Spe: 0.6286  | Train F1: 0.6953 
[01:04:16.797] Avg Domain Loss: 0.7925
[01:04:16.930]  Site-6         | Train Loss: 0.6336 | Train AUC: 0.6979  | Train Acc: 0.6467  | Train Sen: 0.6771  | Train Spe: 0.6136  | Train F1: 0.6667 
[01:08:11.095] Avg Domain Loss: 0.7900
[01:08:11.208]  Site-7         | Train Loss: 0.6385 | Train AUC: 0.6997  | Train Acc: 0.6549  | Train Sen: 0.6006  | Train Spe: 0.7050  | Train F1: 0.6254 
[01:12:02.942] Avg Domain Loss: 0.7906
[01:12:03.026]  Site-8         | Train Loss: 0.6101 | Train AUC: 0.7315  | Train Acc: 0.6671  | Train Sen: 0.6568  | Train Spe: 0.6777  | Train F1: 0.6667 
[01:15:53.057] Avg Domain Loss: 0.7896
[01:15:53.148]  Site-9         | Train Loss: 0.6518 | Train AUC: 0.6763  | Train Acc: 0.6399  | Train Sen: 0.6253  | Train Spe: 0.6548  | Train F1: 0.6365 
[01:19:43.156] Avg Domain Loss: 0.7859
[01:19:43.280]  Site-10        | Train Loss: 0.6515 | Train AUC: 0.6825  | Train Acc: 0.6359  | Train Sen: 0.6799  | Train Spe: 0.5894  | Train F1: 0.6573 
[01:23:34.085] Avg Domain Loss: 0.7916
[01:23:34.171]  Site-11        | Train Loss: 0.6343 | Train AUC: 0.6979  | Train Acc: 0.6508  | Train Sen: 0.6316  | Train Spe: 0.6713  | Train F1: 0.6513 
[01:27:27.378] Avg Domain Loss: 0.7898
[01:27:27.457]  Site-12        | Train Loss: 0.6283 | Train AUC: 0.7187  | Train Acc: 0.6726  | Train Sen: 0.6546  | Train Spe: 0.6897  | Train F1: 0.6610 
[01:31:23.362] Avg Domain Loss: 0.7909
[01:31:23.466]  Site-13        | Train Loss: 0.6255 | Train AUC: 0.7081  | Train Acc: 0.6508  | Train Sen: 0.6293  | Train Spe: 0.6731  | Train F1: 0.6475 
[01:35:15.342] Avg Domain Loss: 0.7892
[01:35:15.414]  Site-14        | Train Loss: 0.6380 | Train AUC: 0.6921  | Train Acc: 0.6495  | Train Sen: 0.6165  | Train Spe: 0.6797  | Train F1: 0.6272 
[01:39:10.338] Avg Domain Loss: 0.7915
[01:39:10.453]  Site-15        | Train Loss: 0.6343 | Train AUC: 0.6974  | Train Acc: 0.6399  | Train Sen: 0.6196  | Train Spe: 0.6603  | Train F1: 0.6325 
[01:43:01.903] Avg Domain Loss: 0.7888
[01:43:01.999]  Site-16        | Train Loss: 0.6241 | Train AUC: 0.7149  | Train Acc: 0.6753  | Train Sen: 0.6565  | Train Spe: 0.6933  | Train F1: 0.6648 
[01:46:54.968] Avg Domain Loss: 0.7899
[01:46:55.071]  Site-17        | Train Loss: 0.6440 | Train AUC: 0.6894  | Train Acc: 0.6277  | Train Sen: 0.5940  | Train Spe: 0.6612  | Train F1: 0.6141 
[01:50:46.853] Avg Domain Loss: 0.7877
[01:50:46.924]  Site-18        | Train Loss: 0.6302 | Train AUC: 0.6908  | Train Acc: 0.6454  | Train Sen: 0.5441  | Train Spe: 0.7323  | Train F1: 0.5864 
[01:54:40.294] Avg Domain Loss: 0.7881
[01:54:40.396]  Site-19        | Train Loss: 0.6435 | Train AUC: 0.6811  | Train Acc: 0.6399  | Train Sen: 0.6339  | Train Spe: 0.6459  | Train F1: 0.6365 
[01:55:13.034]  Site-0         | Val Loss: 0.7325 | Val AUC: 0.8143 | Val Acc: 0.6560 | Val Sen: 0.2845 | Val Spe: 0.9776 | Val F1: 0.4342
[01:55:43.260]  Site-1         | Val Loss: 0.9199 | Val AUC: 0.7461 | Val Acc: 0.5840 | Val Sen: 0.2290 | Val Spe: 0.9748 | Val F1: 0.3659
[01:56:13.261]  Site-2         | Val Loss: 0.9033 | Val AUC: 0.7271 | Val Acc: 0.5800 | Val Sen: 0.2109 | Val Spe: 0.9672 | Val F1: 0.3396
[01:56:42.957]  Site-3         | Val Loss: 0.8712 | Val AUC: 0.7796 | Val Acc: 0.5800 | Val Sen: 0.2154 | Val Spe: 0.9750 | Val F1: 0.3478
[01:57:12.991]  Site-4         | Val Loss: 0.7909 | Val AUC: 0.7710 | Val Acc: 0.6360 | Val Sen: 0.2393 | Val Spe: 0.9850 | Val F1: 0.3810
[01:57:42.276]  Site-5         | Val Loss: 0.9107 | Val AUC: 0.7281 | Val Acc: 0.5880 | Val Sen: 0.2188 | Val Spe: 0.9754 | Val F1: 0.3522
[01:58:12.546]  Site-6         | Val Loss: 0.7730 | Val AUC: 0.7813 | Val Acc: 0.6280 | Val Sen: 0.2328 | Val Spe: 0.9701 | Val F1: 0.3673
[01:58:42.851]  Site-7         | Val Loss: 0.8410 | Val AUC: 0.7615 | Val Acc: 0.6160 | Val Sen: 0.2560 | Val Spe: 0.9760 | Val F1: 0.4000
[01:59:13.732]  Site-8         | Val Loss: 0.8806 | Val AUC: 0.7493 | Val Acc: 0.6160 | Val Sen: 0.2656 | Val Spe: 0.9836 | Val F1: 0.4146
[01:59:44.131]  Site-9         | Val Loss: 0.9278 | Val AUC: 0.7174 | Val Acc: 0.5920 | Val Sen: 0.2205 | Val Spe: 0.9756 | Val F1: 0.3544
[02:00:14.433]  Site-10        | Val Loss: 0.9304 | Val AUC: 0.7094 | Val Acc: 0.5520 | Val Sen: 0.1654 | Val Spe: 0.9512 | Val F1: 0.2727
[02:00:45.268]  Site-11        | Val Loss: 0.8678 | Val AUC: 0.7458 | Val Acc: 0.5840 | Val Sen: 0.2049 | Val Spe: 0.9453 | Val F1: 0.3247
[02:01:15.989]  Site-12        | Val Loss: 0.8343 | Val AUC: 0.7245 | Val Acc: 0.6160 | Val Sen: 0.1930 | Val Spe: 0.9706 | Val F1: 0.3143
[02:01:46.050]  Site-13        | Val Loss: 0.9620 | Val AUC: 0.7356 | Val Acc: 0.5560 | Val Sen: 0.1926 | Val Spe: 0.9826 | Val F1: 0.3190
[02:02:16.589]  Site-14        | Val Loss: 0.8406 | Val AUC: 0.7157 | Val Acc: 0.6080 | Val Sen: 0.2241 | Val Spe: 0.9403 | Val F1: 0.3467
[02:02:47.411]  Site-15        | Val Loss: 0.9117 | Val AUC: 0.7507 | Val Acc: 0.6120 | Val Sen: 0.2538 | Val Spe: 1.0000 | Val F1: 0.4049
[02:03:18.283]  Site-16        | Val Loss: 1.0106 | Val AUC: 0.6865 | Val Acc: 0.5480 | Val Sen: 0.2044 | Val Spe: 0.9646 | Val F1: 0.3314
[02:03:48.689]  Site-17        | Val Loss: 0.8132 | Val AUC: 0.7869 | Val Acc: 0.6080 | Val Sen: 0.2640 | Val Spe: 0.9520 | Val F1: 0.4024
[02:04:19.370]  Site-18        | Val Loss: 0.8512 | Val AUC: 0.7494 | Val Acc: 0.6080 | Val Sen: 0.2276 | Val Spe: 0.9764 | Val F1: 0.3636
[02:04:49.819]  Site-19        | Val Loss: 0.8314 | Val AUC: 0.7743 | Val Acc: 0.6320 | Val Sen: 0.2823 | Val Spe: 0.9762 | Val F1: 0.4321
[02:04:49.827]  Site-Average | Val Loss: 0.8702 | AUC: 0.7477 | Acc: 0.6000 | Sen: 0.2292 | Spe: 0.9710 | F1: 0.3634
[02:04:49.828]  Best Epoch:0 | Avg Val Acc: 0.6000
[02:04:49.832]  Saving the local and server checkpoint to ../../experiments/v1.0/checkpoint/RSNA-ICH/seed10/fedadam_rounds100_localE1_lr0.0003_batch16_N20_sr1_VN1__adamlr=0.003_PureAvg_gamma_da=0.1_DA/model_best_0...
