[08:22:26.810] [Client 0] Train=750, Val=250, Test=250
[08:22:26.810] [Client 1] Train=750, Val=250, Test=250
[08:22:26.811] [Client 2] Train=750, Val=250, Test=250
[08:22:26.811] [Client 3] Train=750, Val=250, Test=250
[08:22:26.812] [Client 4] Train=750, Val=250, Test=250
[08:22:26.812] [Client 5] Train=750, Val=250, Test=250
[08:22:26.813] [Client 6] Train=750, Val=250, Test=250
[08:22:26.813] [Client 7] Train=750, Val=250, Test=250
[08:22:26.813] [Client 8] Train=750, Val=250, Test=250
[08:22:26.814] [Client 9] Train=750, Val=250, Test=250
[08:22:26.814] [Client 10] Train=750, Val=250, Test=250
[08:22:26.815] [Client 11] Train=750, Val=250, Test=250
[08:22:26.815] [Client 12] Train=750, Val=250, Test=250
[08:22:26.815] [Client 13] Train=750, Val=250, Test=250
[08:22:26.816] [Client 14] Train=750, Val=250, Test=250
[08:22:26.816] [Client 15] Train=750, Val=250, Test=250
[08:22:26.817] [Client 16] Train=750, Val=250, Test=250
[08:22:26.817] [Client 17] Train=750, Val=250, Test=250
[08:22:26.818] [Client 18] Train=750, Val=250, Test=250
[08:22:26.818] [Client 19] Train=750, Val=250, Test=250
[08:22:26.818] [Virtual Client 0-0] Train=750
[08:22:26.819] [Virtual Client 1-0] Train=750
[08:22:26.819] [Virtual Client 2-0] Train=750
[08:22:26.820] [Virtual Client 3-0] Train=750
[08:22:26.820] [Virtual Client 4-0] Train=750
[08:22:26.821] [Virtual Client 5-0] Train=750
[08:22:26.821] [Virtual Client 6-0] Train=750
[08:22:26.822] [Virtual Client 7-0] Train=750
[08:22:26.822] [Virtual Client 8-0] Train=750
[08:22:26.823] [Virtual Client 9-0] Train=750
[08:22:26.823] [Virtual Client 10-0] Train=750
[08:22:26.823] [Virtual Client 11-0] Train=750
[08:22:26.824] [Virtual Client 12-0] Train=750
[08:22:26.824] [Virtual Client 13-0] Train=750
[08:22:26.825] [Virtual Client 14-0] Train=750
[08:22:26.825] [Virtual Client 15-0] Train=750
[08:22:26.826] [Virtual Client 16-0] Train=750
[08:22:26.826] [Virtual Client 17-0] Train=750
[08:22:26.827] [Virtual Client 18-0] Train=750
[08:22:26.827] [Virtual Client 19-0] Train=750
[08:22:26.831] Client Weights: [0.05, 0.05, 0.05, 0.05, 0.05, 0.05, 0.05, 0.05, 0.05, 0.05, 0.05, 0.05, 0.05, 0.05, 0.05, 0.05, 0.05, 0.05, 0.05, 0.05]
[08:22:26.832] Training Clients:[0, 1, 2, 3, 4, 5, 6, 7, 8, 9, 10, 11, 12, 13, 14, 15, 16, 17, 18, 19]
[08:22:26.832] Val Clients:[0, 1, 2, 3, 4, 5, 6, 7, 8, 9, 10, 11, 12, 13, 14, 15, 16, 17, 18, 19]
[08:22:26.832] =============== args ================
[08:22:26.832] Namespace(clients=20, virtual_clients=1, lr=0.0003, lr_decay=-1, early=False, batch=16, rounds=100, local_epochs=1, mode='dp2rmsprop', pretrain=False, exp=None, save_path='../../experiments/v1.0/checkpoint/RSNA-ICH/seed9/dp2rmsprop_rounds100_localE1_lr0.0003_batch16_N20_sr1_VN1_overhead_z1.5_delta0.01_adaclip_rmsproplr=3e-05_PureAvg_adaVN_DA', resume=False, gpu='0', seed=9, debug=False, data='RSNA-ICH', sample_rate=1, leave='no', merge=False, balance=False, weighted_avg=False, split='UNI', local_bn=False, generalize=False, gn=False, selu=False, comb='times', free=-1, noisy=-1, alpha=1.0, adaclip=True, noclip=False, ema=0.0, mu=0.001, S=10, epsilon=None, noise_multiplier=1.5, delta=0.01, accountant='prv', dp_mode='overhead', balance_split=False, test=False, ckpt='None', adam_lr=0.1, dp2_interval=3, rmsprop_lr=3e-05, ada_vn=True, init_vn=False, ada_stable=False, ada_prog=False, gamma_da=0.5, domain_adaptation=True, log_path='../../experiments/v1.0/log/RSNA-ICH/seed9/dp2rmsprop_rounds100_localE1_lr0.0003_batch16_N20_sr1_VN1_overhead_z1.5_delta0.01_adaclip_rmsproplr=3e-05_PureAvg_adaVN_DA')
[08:22:30.677] Using noise multiplier=1.5 and sigma on aggregation=0.75 to satisfy (36.88917782788349,0.01)-DP.
[08:22:30.677] Using adaptive clipping.
[08:22:30.677] Using prv accountant.
[08:22:30.750] ============ Round 0, Local train epoch 0 ============
[08:26:25.929]  Site-0         | Train Loss: 0.6707 | Train AUC: 0.7100  | Train Acc: 0.6549  | Train Sen: 0.5864  | Train Spe: 0.7180  | Train F1: 0.6198 
[08:30:17.250]  Site-1         | Train Loss: 0.6437 | Train AUC: 0.7236  | Train Acc: 0.6766  | Train Sen: 0.6193  | Train Spe: 0.7292  | Train F1: 0.6469 
[08:34:11.509]  Site-2         | Train Loss: 0.6700 | Train AUC: 0.6913  | Train Acc: 0.6535  | Train Sen: 0.5753  | Train Spe: 0.7335  | Train F1: 0.6266 
[08:38:09.202]  Site-3         | Train Loss: 0.6768 | Train AUC: 0.6780  | Train Acc: 0.6399  | Train Sen: 0.6230  | Train Spe: 0.6575  | Train F1: 0.6375 
[08:42:12.544]  Site-4         | Train Loss: 0.6701 | Train AUC: 0.6870  | Train Acc: 0.6399  | Train Sen: 0.6032  | Train Spe: 0.6777  | Train F1: 0.6294 
[08:46:08.958]  Site-5         | Train Loss: 0.6637 | Train AUC: 0.6955  | Train Acc: 0.6413  | Train Sen: 0.6772  | Train Spe: 0.6028  | Train F1: 0.6615 
[08:50:07.135]  Site-6         | Train Loss: 0.6585 | Train AUC: 0.7105  | Train Acc: 0.6685  | Train Sen: 0.6528  | Train Spe: 0.6835  | Train F1: 0.6583 
[08:54:04.457]  Site-7         | Train Loss: 0.6740 | Train AUC: 0.6857  | Train Acc: 0.6372  | Train Sen: 0.6120  | Train Spe: 0.6622  | Train F1: 0.6266 
[08:58:00.689]  Site-8         | Train Loss: 0.6572 | Train AUC: 0.7037  | Train Acc: 0.6617  | Train Sen: 0.6250  | Train Spe: 0.6984  | Train F1: 0.6488 
[09:02:01.554]  Site-9         | Train Loss: 0.6900 | Train AUC: 0.6606  | Train Acc: 0.6196  | Train Sen: 0.5085  | Train Spe: 0.7214  | Train F1: 0.5611 
[09:06:04.808]  Site-10        | Train Loss: 0.6512 | Train AUC: 0.7255  | Train Acc: 0.6671  | Train Sen: 0.5819  | Train Spe: 0.7461  | Train F1: 0.6271 
[09:10:12.906]  Site-11        | Train Loss: 0.6765 | Train AUC: 0.6902  | Train Acc: 0.6399  | Train Sen: 0.6237  | Train Spe: 0.6588  | Train F1: 0.6509 
[09:14:01.106]  Site-12        | Train Loss: 0.6679 | Train AUC: 0.7042  | Train Acc: 0.6495  | Train Sen: 0.5941  | Train Spe: 0.7060  | Train F1: 0.6314 
[09:17:45.939]  Site-13        | Train Loss: 0.6717 | Train AUC: 0.6934  | Train Acc: 0.6413  | Train Sen: 0.6209  | Train Spe: 0.6613  | Train F1: 0.6313 
[09:21:31.526]  Site-14        | Train Loss: 0.6409 | Train AUC: 0.7360  | Train Acc: 0.6753  | Train Sen: 0.6511  | Train Spe: 0.6989  | Train F1: 0.6648 
[09:25:23.237]  Site-15        | Train Loss: 0.6824 | Train AUC: 0.6733  | Train Acc: 0.6332  | Train Sen: 0.6327  | Train Spe: 0.6336  | Train F1: 0.6361 
[09:29:09.487]  Site-16        | Train Loss: 0.6705 | Train AUC: 0.6929  | Train Acc: 0.6644  | Train Sen: 0.6547  | Train Spe: 0.6738  | Train F1: 0.6574 
[09:32:56.307]  Site-17        | Train Loss: 0.6347 | Train AUC: 0.7416  | Train Acc: 0.6834  | Train Sen: 0.6380  | Train Spe: 0.7330  | Train F1: 0.6777 
[09:36:41.384]  Site-18        | Train Loss: 0.6394 | Train AUC: 0.7257  | Train Acc: 0.6753  | Train Sen: 0.6250  | Train Spe: 0.7255  | Train F1: 0.6581 
[09:40:24.884]  Site-19        | Train Loss: 0.6675 | Train AUC: 0.6928  | Train Acc: 0.6413  | Train Sen: 0.6220  | Train Spe: 0.6612  | Train F1: 0.6374 
[09:40:29.809] Update sigma on aggregation=0.43145456314086916; clip bound update=5.752727508544922
[09:41:01.442]  Site-0         | Val Loss: 0.6900 | Val AUC: 0.5694 | Val Acc: 0.5160 | Val Sen: 0.9766 | Val Spe: 0.0328 | Val F1: 0.6739
[09:41:30.001]  Site-1         | Val Loss: 0.6899 | Val AUC: 0.5714 | Val Acc: 0.5120 | Val Sen: 1.0000 | Val Spe: 0.0161 | Val F1: 0.6738
[09:41:59.220]  Site-2         | Val Loss: 0.6874 | Val AUC: 0.6307 | Val Acc: 0.5080 | Val Sen: 1.0000 | Val Spe: 0.0160 | Val F1: 0.6702
[09:42:28.168]  Site-3         | Val Loss: 0.6863 | Val AUC: 0.6106 | Val Acc: 0.5200 | Val Sen: 0.9847 | Val Spe: 0.0084 | Val F1: 0.6825
[09:42:57.487]  Site-4         | Val Loss: 0.6834 | Val AUC: 0.7010 | Val Acc: 0.4840 | Val Sen: 0.9917 | Val Spe: 0.0154 | Val F1: 0.6485
[09:43:26.178]  Site-5         | Val Loss: 0.6862 | Val AUC: 0.5984 | Val Acc: 0.5040 | Val Sen: 0.9760 | Val Spe: 0.0320 | Val F1: 0.6630
[09:43:54.939]  Site-6         | Val Loss: 0.6691 | Val AUC: 0.7134 | Val Acc: 0.5600 | Val Sen: 1.0000 | Val Spe: 0.0517 | Val F1: 0.7090
[09:44:23.883]  Site-7         | Val Loss: 0.6838 | Val AUC: 0.6372 | Val Acc: 0.5120 | Val Sen: 0.9843 | Val Spe: 0.0244 | Val F1: 0.6720
[09:44:52.843]  Site-8         | Val Loss: 0.6772 | Val AUC: 0.6285 | Val Acc: 0.5560 | Val Sen: 1.0000 | Val Spe: 0.0089 | Val F1: 0.7132
[09:45:21.509]  Site-9         | Val Loss: 0.6851 | Val AUC: 0.6630 | Val Acc: 0.4960 | Val Sen: 0.9917 | Val Spe: 0.0310 | Val F1: 0.6557
[09:45:50.011]  Site-10        | Val Loss: 0.6925 | Val AUC: 0.6417 | Val Acc: 0.4840 | Val Sen: 1.0000 | Val Spe: 0.0301 | Val F1: 0.6446
[09:46:18.358]  Site-11        | Val Loss: 0.6890 | Val AUC: 0.6224 | Val Acc: 0.5040 | Val Sen: 0.9839 | Val Spe: 0.0317 | Val F1: 0.6630
[09:46:46.775]  Site-12        | Val Loss: 0.7004 | Val AUC: 0.6062 | Val Acc: 0.4360 | Val Sen: 0.9908 | Val Spe: 0.0071 | Val F1: 0.6050
[09:47:14.906]  Site-13        | Val Loss: 0.7003 | Val AUC: 0.6097 | Val Acc: 0.4520 | Val Sen: 0.9825 | Val Spe: 0.0074 | Val F1: 0.6205
[09:47:43.405]  Site-14        | Val Loss: 0.6807 | Val AUC: 0.6555 | Val Acc: 0.5240 | Val Sen: 0.9922 | Val Spe: 0.0328 | Val F1: 0.6810
[09:48:11.382]  Site-15        | Val Loss: 0.6912 | Val AUC: 0.5998 | Val Acc: 0.4960 | Val Sen: 1.0000 | Val Spe: 0.0156 | Val F1: 0.6595
[09:48:39.896]  Site-16        | Val Loss: 0.6776 | Val AUC: 0.6952 | Val Acc: 0.5240 | Val Sen: 0.9922 | Val Spe: 0.0328 | Val F1: 0.6810
[09:49:08.224]  Site-17        | Val Loss: 0.6853 | Val AUC: 0.5681 | Val Acc: 0.5520 | Val Sen: 1.0000 | Val Spe: 0.0345 | Val F1: 0.7053
[09:49:36.525]  Site-18        | Val Loss: 0.6823 | Val AUC: 0.6498 | Val Acc: 0.5160 | Val Sen: 1.0000 | Val Spe: 0.0163 | Val F1: 0.6773
[09:50:05.211]  Site-19        | Val Loss: 0.6901 | Val AUC: 0.6455 | Val Acc: 0.4840 | Val Sen: 0.9835 | Val Spe: 0.0155 | Val F1: 0.6485
[09:50:05.213]  Site-Average | Val Loss: 0.6864 | AUC: 0.6309 | Acc: 0.5070 | Sen: 0.9915 | Spe: 0.0230 | F1: 0.6674
[09:50:05.214]  Best Epoch:0 | Avg Val Acc: 0.5070
[09:50:05.219]  Saving the local and server checkpoint to ../../experiments/v1.0/checkpoint/RSNA-ICH/seed9/dp2rmsprop_rounds100_localE1_lr0.0003_batch16_N20_sr1_VN1_overhead_z1.5_delta0.01_adaclip_rmsproplr=3e-05_PureAvg_adaVN_DA/model_best_0...
