[06:59:55.112] [Client 0] Train=750, Val=250, Test=250
[06:59:55.121] [Client 1] Train=750, Val=250, Test=250
[06:59:55.122] [Client 2] Train=750, Val=250, Test=250
[06:59:55.123] [Client 3] Train=750, Val=250, Test=250
[06:59:55.124] [Client 4] Train=750, Val=250, Test=250
[06:59:55.126] [Client 5] Train=750, Val=250, Test=250
[06:59:55.127] [Client 6] Train=750, Val=250, Test=250
[06:59:55.128] [Client 7] Train=750, Val=250, Test=250
[06:59:55.129] [Client 8] Train=750, Val=250, Test=250
[06:59:55.130] [Client 9] Train=750, Val=250, Test=250
[06:59:55.131] [Client 10] Train=750, Val=250, Test=250
[06:59:55.133] [Client 11] Train=750, Val=250, Test=250
[06:59:55.135] [Client 12] Train=750, Val=250, Test=250
[06:59:55.137] [Client 13] Train=750, Val=250, Test=250
[06:59:55.138] [Client 14] Train=750, Val=250, Test=250
[06:59:55.139] [Client 15] Train=750, Val=250, Test=250
[06:59:55.140] [Client 16] Train=750, Val=250, Test=250
[06:59:55.141] [Client 17] Train=750, Val=250, Test=250
[06:59:55.142] [Client 18] Train=750, Val=250, Test=250
[06:59:55.144] [Client 19] Train=750, Val=250, Test=250
[06:59:55.145] [Virtual Client 0-0] Train=750
[06:59:55.146] [Virtual Client 1-0] Train=750
[06:59:55.147] [Virtual Client 2-0] Train=750
[06:59:55.148] [Virtual Client 3-0] Train=750
[06:59:55.150] [Virtual Client 4-0] Train=750
[06:59:55.151] [Virtual Client 5-0] Train=750
[06:59:55.151] [Virtual Client 6-0] Train=750
[06:59:55.152] [Virtual Client 7-0] Train=750
[06:59:55.153] [Virtual Client 8-0] Train=750
[06:59:55.153] [Virtual Client 9-0] Train=750
[06:59:55.154] [Virtual Client 10-0] Train=750
[06:59:55.155] [Virtual Client 11-0] Train=750
[06:59:55.155] [Virtual Client 12-0] Train=750
[06:59:55.156] [Virtual Client 13-0] Train=750
[06:59:55.157] [Virtual Client 14-0] Train=750
[06:59:55.157] [Virtual Client 15-0] Train=750
[06:59:55.158] [Virtual Client 16-0] Train=750
[06:59:55.159] [Virtual Client 17-0] Train=750
[06:59:55.160] [Virtual Client 18-0] Train=750
[06:59:55.160] [Virtual Client 19-0] Train=750
[06:59:55.163] Client Weights: [0.05, 0.05, 0.05, 0.05, 0.05, 0.05, 0.05, 0.05, 0.05, 0.05, 0.05, 0.05, 0.05, 0.05, 0.05, 0.05, 0.05, 0.05, 0.05, 0.05]
[06:59:55.163] Training Clients:[0, 1, 2, 3, 4, 5, 6, 7, 8, 9, 10, 11, 12, 13, 14, 15, 16, 17, 18, 19]
[06:59:55.164] Val Clients:[0, 1, 2, 3, 4, 5, 6, 7, 8, 9, 10, 11, 12, 13, 14, 15, 16, 17, 18, 19]
[06:59:55.164] =============== args ================
[06:59:55.164] Namespace(clients=20, virtual_clients=1, lr=0.0003, lr_decay=-1, early=False, batch=16, rounds=100, local_epochs=1, mode='dpnova', pretrain=False, exp=None, save_path='../../experiments/v1.0/checkpoint/RSNA-ICH/seed4/dpnova_rounds100_localE1_lr0.0003_batch16_N20_sr1_VN1_overhead_z0.5_delta0.01_adaclip_PureAvg', resume=False, gpu='0', seed=4, debug=False, data='RSNA-ICH', sample_rate=1, leave='no', merge=False, balance=False, weighted_avg=False, split='UNI', local_bn=False, generalize=False, gn=False, selu=False, comb='times', free=-1, noisy=-1, alpha=1.0, adaclip=True, noclip=False, ema=0.0, mu=0.001, S=10, epsilon=None, noise_multiplier=0.5, delta=0.01, accountant='prv', dp_mode='overhead', balance_split=False, test=False, ckpt='None', adam_lr=0.1, dp2_interval=3, rmsprop_lr=1, ada_vn=False, init_vn=False, ada_stable=False, ada_prog=False, log_path='../../experiments/v1.0/log/RSNA-ICH/seed4/dpnova_rounds100_localE1_lr0.0003_batch16_N20_sr1_VN1_overhead_z0.5_delta0.01_adaclip_PureAvg')
[07:00:02.226] Using noise multiplier=0.5 and sigma on aggregation=0.25 to satisfy (245.5990192385698,0.01)-DP.
[07:00:02.226] Using adaptive clipping.
[07:00:02.227] Using prv accountant.
[07:00:02.314] ============ Round 0, Local train epoch 0 ============
[07:03:41.806]  Site-0         | Train Loss: 0.6350 | Train AUC: 0.6939  | Train Acc: 0.6332  | Train Sen: 0.5870  | Train Spe: 0.6793  | Train F1: 0.6154 
[07:07:19.827]  Site-1         | Train Loss: 0.6141 | Train AUC: 0.7310  | Train Acc: 0.6753  | Train Sen: 0.6694  | Train Spe: 0.6811  | Train F1: 0.6722 
[07:10:53.714]  Site-2         | Train Loss: 0.6368 | Train AUC: 0.7052  | Train Acc: 0.6467  | Train Sen: 0.6594  | Train Spe: 0.6341  | Train F1: 0.6505 
[07:14:36.403]  Site-3         | Train Loss: 0.6500 | Train AUC: 0.6755  | Train Acc: 0.6236  | Train Sen: 0.5590  | Train Spe: 0.6842  | Train F1: 0.5896 
[07:18:20.675]  Site-4         | Train Loss: 0.6113 | Train AUC: 0.7335  | Train Acc: 0.6807  | Train Sen: 0.5794  | Train Spe: 0.7677  | Train F1: 0.6264 
[07:22:12.288]  Site-5         | Train Loss: 0.6256 | Train AUC: 0.7136  | Train Acc: 0.6753  | Train Sen: 0.6048  | Train Spe: 0.7473  | Train F1: 0.6531 
[07:25:58.971]  Site-6         | Train Loss: 0.6400 | Train AUC: 0.6890  | Train Acc: 0.6291  | Train Sen: 0.5350  | Train Spe: 0.7177  | Train F1: 0.5832 
[07:29:12.667]  Site-7         | Train Loss: 0.6094 | Train AUC: 0.7399  | Train Acc: 0.6780  | Train Sen: 0.6543  | Train Spe: 0.7028  | Train F1: 0.6749 
[07:32:27.286]  Site-8         | Train Loss: 0.6413 | Train AUC: 0.6753  | Train Acc: 0.6359  | Train Sen: 0.5505  | Train Spe: 0.7250  | Train F1: 0.6070 
[07:35:42.094]  Site-9         | Train Loss: 0.6163 | Train AUC: 0.7190  | Train Acc: 0.6644  | Train Sen: 0.5641  | Train Spe: 0.7558  | Train F1: 0.6159 
[07:38:58.935]  Site-10        | Train Loss: 0.6405 | Train AUC: 0.6874  | Train Acc: 0.6318  | Train Sen: 0.6508  | Train Spe: 0.6117  | Train F1: 0.6448 
[07:42:14.251]  Site-11        | Train Loss: 0.6479 | Train AUC: 0.6796  | Train Acc: 0.6345  | Train Sen: 0.5674  | Train Spe: 0.6974  | Train F1: 0.6003 
[07:45:28.391]  Site-12        | Train Loss: 0.6180 | Train AUC: 0.7212  | Train Acc: 0.6562  | Train Sen: 0.6434  | Train Spe: 0.6705  | Train F1: 0.6631 
[07:48:43.756]  Site-13        | Train Loss: 0.6444 | Train AUC: 0.6911  | Train Acc: 0.6440  | Train Sen: 0.6299  | Train Spe: 0.6571  | Train F1: 0.6299 
[07:51:58.429]  Site-14        | Train Loss: 0.6242 | Train AUC: 0.7276  | Train Acc: 0.6630  | Train Sen: 0.6166  | Train Spe: 0.7107  | Train F1: 0.6497 
[07:55:13.541]  Site-15        | Train Loss: 0.6387 | Train AUC: 0.7062  | Train Acc: 0.6549  | Train Sen: 0.6083  | Train Spe: 0.6995  | Train F1: 0.6329 
[07:58:28.440]  Site-16        | Train Loss: 0.6493 | Train AUC: 0.6779  | Train Acc: 0.6304  | Train Sen: 0.5836  | Train Spe: 0.6765  | Train F1: 0.6103 
[08:01:40.757]  Site-17        | Train Loss: 0.6203 | Train AUC: 0.7175  | Train Acc: 0.6481  | Train Sen: 0.6371  | Train Spe: 0.6601  | Train F1: 0.6533 
[08:04:52.450]  Site-18        | Train Loss: 0.6204 | Train AUC: 0.7263  | Train Acc: 0.6630  | Train Sen: 0.6614  | Train Spe: 0.6648  | Train F1: 0.6684 
[08:08:16.828]  Site-19        | Train Loss: 0.6416 | Train AUC: 0.6889  | Train Acc: 0.6304  | Train Sen: 0.6632  | Train Spe: 0.5937  | Train F1: 0.6548 
[08:08:18.773] Update sigma on aggregation=0.13928674123701085; clip bound update=5.571469649480434
[08:08:46.485]  Site-0         | Val Loss: 0.9381 | Val AUC: 0.6399 | Val Acc: 0.5080 | Val Sen: 0.1594 | Val Spe: 0.9375 | Val F1: 0.2635
[08:09:12.869]  Site-1         | Val Loss: 0.8005 | Val AUC: 0.6231 | Val Acc: 0.6200 | Val Sen: 0.2212 | Val Spe: 0.9489 | Val F1: 0.3448
[08:09:39.503]  Site-2         | Val Loss: 0.8892 | Val AUC: 0.5881 | Val Acc: 0.5920 | Val Sen: 0.2149 | Val Spe: 0.9457 | Val F1: 0.3377
[08:10:05.702]  Site-3         | Val Loss: 0.8887 | Val AUC: 0.6494 | Val Acc: 0.5600 | Val Sen: 0.2016 | Val Spe: 0.9421 | Val F1: 0.3210
[08:10:31.352]  Site-4         | Val Loss: 0.8994 | Val AUC: 0.5572 | Val Acc: 0.5360 | Val Sen: 0.1371 | Val Spe: 0.9286 | Val F1: 0.2267
[08:10:56.973]  Site-5         | Val Loss: 1.0049 | Val AUC: 0.5395 | Val Acc: 0.4800 | Val Sen: 0.1232 | Val Spe: 0.9196 | Val F1: 0.2073
[08:11:23.080]  Site-6         | Val Loss: 0.9907 | Val AUC: 0.5701 | Val Acc: 0.4960 | Val Sen: 0.1377 | Val Spe: 0.9375 | Val F1: 0.2317
[08:11:48.393]  Site-7         | Val Loss: 0.8999 | Val AUC: 0.5796 | Val Acc: 0.5640 | Val Sen: 0.1639 | Val Spe: 0.9453 | Val F1: 0.2685
[08:12:14.719]  Site-8         | Val Loss: 0.7870 | Val AUC: 0.6323 | Val Acc: 0.6080 | Val Sen: 0.1622 | Val Spe: 0.9640 | Val F1: 0.2687
[08:12:40.546]  Site-9         | Val Loss: 0.8848 | Val AUC: 0.6308 | Val Acc: 0.5560 | Val Sen: 0.1667 | Val Spe: 0.9516 | Val F1: 0.2745
[08:13:06.833]  Site-10        | Val Loss: 0.8083 | Val AUC: 0.6265 | Val Acc: 0.6040 | Val Sen: 0.1651 | Val Spe: 0.9433 | Val F1: 0.2667
[08:13:32.476]  Site-11        | Val Loss: 0.8211 | Val AUC: 0.6640 | Val Acc: 0.5720 | Val Sen: 0.1721 | Val Spe: 0.9531 | Val F1: 0.2819
[08:13:57.831]  Site-12        | Val Loss: 0.9517 | Val AUC: 0.5947 | Val Acc: 0.5160 | Val Sen: 0.1231 | Val Spe: 0.9417 | Val F1: 0.2092
[08:14:22.371]  Site-13        | Val Loss: 0.7802 | Val AUC: 0.6702 | Val Acc: 0.6000 | Val Sen: 0.1826 | Val Spe: 0.9556 | Val F1: 0.2958
[08:14:47.488]  Site-14        | Val Loss: 0.8706 | Val AUC: 0.6343 | Val Acc: 0.5400 | Val Sen: 0.1371 | Val Spe: 0.9365 | Val F1: 0.2282
[08:15:12.797]  Site-15        | Val Loss: 0.9854 | Val AUC: 0.5887 | Val Acc: 0.4760 | Val Sen: 0.1286 | Val Spe: 0.9182 | Val F1: 0.2156
[08:15:37.855]  Site-16        | Val Loss: 0.9166 | Val AUC: 0.5547 | Val Acc: 0.5280 | Val Sen: 0.1230 | Val Spe: 0.9141 | Val F1: 0.2027
[08:16:02.996]  Site-17        | Val Loss: 0.9217 | Val AUC: 0.5820 | Val Acc: 0.5640 | Val Sen: 0.1789 | Val Spe: 0.9370 | Val F1: 0.2876
[08:16:28.023]  Site-18        | Val Loss: 0.8754 | Val AUC: 0.6032 | Val Acc: 0.5480 | Val Sen: 0.1463 | Val Spe: 0.9370 | Val F1: 0.2416
[08:16:52.607]  Site-19        | Val Loss: 0.8979 | Val AUC: 0.6371 | Val Acc: 0.5080 | Val Sen: 0.1221 | Val Spe: 0.9328 | Val F1: 0.2065
[08:16:52.608]  Site-Average | Val Loss: 0.8906 | AUC: 0.6083 | Acc: 0.5488 | Sen: 0.1583 | Spe: 0.9395 | F1: 0.2590
[08:16:52.608]  Best Epoch:0 | Avg Val Acc: 0.5488
[08:16:52.612]  Saving the local and server checkpoint to ../../experiments/v1.0/checkpoint/RSNA-ICH/seed4/dpnova_rounds100_localE1_lr0.0003_batch16_N20_sr1_VN1_overhead_z0.5_delta0.01_adaclip_PureAvg/model_best_0...
