[06:29:01.330] [Client 0] Train=750, Val=250, Test=250
[06:29:01.331] [Client 1] Train=750, Val=250, Test=250
[06:29:01.331] [Client 2] Train=750, Val=250, Test=250
[06:29:01.332] [Client 3] Train=750, Val=250, Test=250
[06:29:01.332] [Client 4] Train=750, Val=250, Test=250
[06:29:01.333] [Client 5] Train=750, Val=250, Test=250
[06:29:01.334] [Client 6] Train=750, Val=250, Test=250
[06:29:01.334] [Client 7] Train=750, Val=250, Test=250
[06:29:01.334] [Client 8] Train=750, Val=250, Test=250
[06:29:01.335] [Client 9] Train=750, Val=250, Test=250
[06:29:01.335] [Client 10] Train=750, Val=250, Test=250
[06:29:01.336] [Client 11] Train=750, Val=250, Test=250
[06:29:01.336] [Client 12] Train=750, Val=250, Test=250
[06:29:01.337] [Client 13] Train=750, Val=250, Test=250
[06:29:01.337] [Client 14] Train=750, Val=250, Test=250
[06:29:01.338] [Client 15] Train=750, Val=250, Test=250
[06:29:01.338] [Client 16] Train=750, Val=250, Test=250
[06:29:01.339] [Client 17] Train=750, Val=250, Test=250
[06:29:01.339] [Client 18] Train=750, Val=250, Test=250
[06:29:01.340] [Client 19] Train=750, Val=250, Test=250
[06:29:01.340] [Virtual Client 0-0] Train=750
[06:29:01.341] [Virtual Client 1-0] Train=750
[06:29:01.341] [Virtual Client 2-0] Train=750
[06:29:01.342] [Virtual Client 3-0] Train=750
[06:29:01.342] [Virtual Client 4-0] Train=750
[06:29:01.343] [Virtual Client 5-0] Train=750
[06:29:01.343] [Virtual Client 6-0] Train=750
[06:29:01.344] [Virtual Client 7-0] Train=750
[06:29:01.344] [Virtual Client 8-0] Train=750
[06:29:01.345] [Virtual Client 9-0] Train=750
[06:29:01.346] [Virtual Client 10-0] Train=750
[06:29:01.346] [Virtual Client 11-0] Train=750
[06:29:01.347] [Virtual Client 12-0] Train=750
[06:29:01.348] [Virtual Client 13-0] Train=750
[06:29:01.349] [Virtual Client 14-0] Train=750
[06:29:01.350] [Virtual Client 15-0] Train=750
[06:29:01.351] [Virtual Client 16-0] Train=750
[06:29:01.351] [Virtual Client 17-0] Train=750
[06:29:01.352] [Virtual Client 18-0] Train=750
[06:29:01.353] [Virtual Client 19-0] Train=750
[06:29:01.358] Client Weights: [0.05, 0.05, 0.05, 0.05, 0.05, 0.05, 0.05, 0.05, 0.05, 0.05, 0.05, 0.05, 0.05, 0.05, 0.05, 0.05, 0.05, 0.05, 0.05, 0.05]
[06:29:01.359] Training Clients:[0, 1, 2, 3, 4, 5, 6, 7, 8, 9, 10, 11, 12, 13, 14, 15, 16, 17, 18, 19]
[06:29:01.360] Val Clients:[0, 1, 2, 3, 4, 5, 6, 7, 8, 9, 10, 11, 12, 13, 14, 15, 16, 17, 18, 19]
[06:29:01.360] =============== args ================
[06:29:01.361] Namespace(clients=20, virtual_clients=1, lr=0.0003, lr_decay=-1, early=False, batch=16, rounds=100, local_epochs=1, mode='dpadam', pretrain=False, exp=None, save_path='../../experiments/v1.0/checkpoint/RSNA-ICH/seed10/dpadam_rounds100_localE1_lr0.0003_batch16_N20_sr1_VN1_overhead_z0.5_delta0.01_adaclip_adamlr=0.003_PureAvg_gamma_da=0.1_DA', resume=False, gpu='0', seed=10, debug=False, data='RSNA-ICH', sample_rate=1, leave='no', merge=False, balance=False, weighted_avg=False, split='UNI', local_bn=False, generalize=False, gn=False, selu=False, comb='times', free=-1, noisy=-1, alpha=1.0, adaclip=True, noclip=False, ema=0.0, mu=0.001, S=10, epsilon=None, noise_multiplier=0.5, delta=0.01, accountant='prv', dp_mode='overhead', balance_split=False, test=False, ckpt='None', adam_lr=0.003, dp2_interval=3, rmsprop_lr=1, ada_vn=False, init_vn=False, ada_stable=False, ada_prog=False, gamma_da=0.1, class_weights=None, domain_adaptation=True, log_path='../../experiments/v1.0/log/RSNA-ICH/seed10/dpadam_rounds100_localE1_lr0.0003_batch16_N20_sr1_VN1_overhead_z0.5_delta0.01_adaclip_adamlr=0.003_PureAvg_gamma_da=0.1_DA')
[06:29:08.210] Using noise multiplier=0.5 and sigma on aggregation=0.25 to satisfy (245.5990192385698,0.01)-DP.
[06:29:08.211] Using adaptive clipping.
[06:29:08.212] Using prv accountant.
[06:29:08.218] Using domain loss weight (gamma): 0.1
[06:29:08.294] ============ Round 0, Local train epoch 0 ============
[06:33:11.823] Avg Domain Loss: 0.7915
[06:33:11.942]  Site-0         | Train Loss: 0.5955 | Train AUC: 0.7535  | Train Acc: 0.6861  | Train Sen: 0.6981  | Train Spe: 0.6740  | Train F1: 0.6916 
[06:38:09.166] Avg Domain Loss: 0.7892
[06:38:09.240]  Site-1         | Train Loss: 0.6381 | Train AUC: 0.6928  | Train Acc: 0.6372  | Train Sen: 0.6237  | Train Spe: 0.6511  | Train F1: 0.6347 
[06:41:45.544] Avg Domain Loss: 0.7923
[06:41:45.638]  Site-2         | Train Loss: 0.6489 | Train AUC: 0.6850  | Train Acc: 0.6495  | Train Sen: 0.5994  | Train Spe: 0.6966  | Train F1: 0.6239 
[06:45:17.775] Avg Domain Loss: 0.7880
[06:45:17.875]  Site-3         | Train Loss: 0.6018 | Train AUC: 0.7458  | Train Acc: 0.6916  | Train Sen: 0.6614  | Train Spe: 0.7239  | Train F1: 0.6895 
[06:48:53.382] Avg Domain Loss: 0.7866
[06:48:53.446]  Site-4         | Train Loss: 0.6341 | Train AUC: 0.6921  | Train Acc: 0.6535  | Train Sen: 0.6335  | Train Spe: 0.6751  | Train F1: 0.6549 
[06:52:26.575] Avg Domain Loss: 0.7863
[06:52:26.641]  Site-5         | Train Loss: 0.6355 | Train AUC: 0.7032  | Train Acc: 0.6726  | Train Sen: 0.7124  | Train Spe: 0.6286  | Train F1: 0.6953 
[06:56:01.411] Avg Domain Loss: 0.7925
[06:56:01.527]  Site-6         | Train Loss: 0.6336 | Train AUC: 0.6979  | Train Acc: 0.6467  | Train Sen: 0.6771  | Train Spe: 0.6136  | Train F1: 0.6667 
[06:59:36.300] Avg Domain Loss: 0.7900
[06:59:36.438]  Site-7         | Train Loss: 0.6385 | Train AUC: 0.6997  | Train Acc: 0.6549  | Train Sen: 0.6006  | Train Spe: 0.7050  | Train F1: 0.6254 
[07:03:07.479] Avg Domain Loss: 0.7906
[07:03:07.588]  Site-8         | Train Loss: 0.6101 | Train AUC: 0.7315  | Train Acc: 0.6671  | Train Sen: 0.6568  | Train Spe: 0.6777  | Train F1: 0.6667 
[07:06:42.511] Avg Domain Loss: 0.7896
[07:06:42.584]  Site-9         | Train Loss: 0.6518 | Train AUC: 0.6763  | Train Acc: 0.6399  | Train Sen: 0.6253  | Train Spe: 0.6548  | Train F1: 0.6365 
[07:10:13.796] Avg Domain Loss: 0.7859
[07:10:13.860]  Site-10        | Train Loss: 0.6515 | Train AUC: 0.6825  | Train Acc: 0.6359  | Train Sen: 0.6799  | Train Spe: 0.5894  | Train F1: 0.6573 
[07:13:45.538] Avg Domain Loss: 0.7916
[07:13:45.619]  Site-11        | Train Loss: 0.6343 | Train AUC: 0.6979  | Train Acc: 0.6508  | Train Sen: 0.6316  | Train Spe: 0.6713  | Train F1: 0.6513 
[07:17:28.573] Avg Domain Loss: 0.7898
[07:17:28.630]  Site-12        | Train Loss: 0.6283 | Train AUC: 0.7187  | Train Acc: 0.6726  | Train Sen: 0.6546  | Train Spe: 0.6897  | Train F1: 0.6610 
[07:21:02.620] Avg Domain Loss: 0.7909
[07:21:02.694]  Site-13        | Train Loss: 0.6255 | Train AUC: 0.7081  | Train Acc: 0.6508  | Train Sen: 0.6293  | Train Spe: 0.6731  | Train F1: 0.6475 
[07:24:35.254] Avg Domain Loss: 0.7892
[07:24:35.411]  Site-14        | Train Loss: 0.6380 | Train AUC: 0.6921  | Train Acc: 0.6495  | Train Sen: 0.6165  | Train Spe: 0.6797  | Train F1: 0.6272 
[07:28:14.391] Avg Domain Loss: 0.7915
[07:28:14.528]  Site-15        | Train Loss: 0.6343 | Train AUC: 0.6974  | Train Acc: 0.6399  | Train Sen: 0.6196  | Train Spe: 0.6603  | Train F1: 0.6325 
[07:31:48.346] Avg Domain Loss: 0.7888
[07:31:48.435]  Site-16        | Train Loss: 0.6241 | Train AUC: 0.7149  | Train Acc: 0.6753  | Train Sen: 0.6565  | Train Spe: 0.6933  | Train F1: 0.6648 
[07:35:21.870] Avg Domain Loss: 0.7899
[07:35:21.944]  Site-17        | Train Loss: 0.6440 | Train AUC: 0.6894  | Train Acc: 0.6277  | Train Sen: 0.5940  | Train Spe: 0.6612  | Train F1: 0.6141 
[07:38:57.246] Avg Domain Loss: 0.7877
[07:38:57.329]  Site-18        | Train Loss: 0.6302 | Train AUC: 0.6908  | Train Acc: 0.6454  | Train Sen: 0.5441  | Train Spe: 0.7323  | Train F1: 0.5864 
[07:42:28.692] Avg Domain Loss: 0.7881
[07:42:28.764]  Site-19        | Train Loss: 0.6435 | Train AUC: 0.6811  | Train Acc: 0.6399  | Train Sen: 0.6339  | Train Spe: 0.6459  | Train F1: 0.6365 
[07:42:30.779] Update sigma on aggregation=0.14008673429489135; clip bound update=5.603469371795654
[07:43:01.089]  Site-0         | Val Loss: 0.7365 | Val AUC: 0.6631 | Val Acc: 0.4640 | Val Sen: 1.0000 | Val Spe: 0.0000 | Val F1: 0.6339
[07:43:28.679]  Site-1         | Val Loss: 0.7072 | Val AUC: 0.6256 | Val Acc: 0.5240 | Val Sen: 1.0000 | Val Spe: 0.0000 | Val F1: 0.6877
[07:44:13.754]  Site-2         | Val Loss: 0.7057 | Val AUC: 0.6693 | Val Acc: 0.5120 | Val Sen: 1.0000 | Val Spe: 0.0000 | Val F1: 0.6772
[07:45:00.809]  Site-3         | Val Loss: 0.7027 | Val AUC: 0.6650 | Val Acc: 0.5200 | Val Sen: 1.0000 | Val Spe: 0.0000 | Val F1: 0.6842
[07:45:28.343]  Site-4         | Val Loss: 0.7266 | Val AUC: 0.6844 | Val Acc: 0.4680 | Val Sen: 1.0000 | Val Spe: 0.0000 | Val F1: 0.6376
[07:45:57.842]  Site-5         | Val Loss: 0.7161 | Val AUC: 0.5925 | Val Acc: 0.5120 | Val Sen: 1.0000 | Val Spe: 0.0000 | Val F1: 0.6772
[07:46:26.078]  Site-6         | Val Loss: 0.7350 | Val AUC: 0.6755 | Val Acc: 0.4640 | Val Sen: 1.0000 | Val Spe: 0.0000 | Val F1: 0.6339
[07:46:56.117]  Site-7         | Val Loss: 0.7116 | Val AUC: 0.6977 | Val Acc: 0.5000 | Val Sen: 1.0000 | Val Spe: 0.0000 | Val F1: 0.6667
[07:47:28.127]  Site-8         | Val Loss: 0.7143 | Val AUC: 0.6424 | Val Acc: 0.5120 | Val Sen: 1.0000 | Val Spe: 0.0000 | Val F1: 0.6772
[07:47:57.462]  Site-9         | Val Loss: 0.7134 | Val AUC: 0.6368 | Val Acc: 0.5080 | Val Sen: 1.0000 | Val Spe: 0.0000 | Val F1: 0.6737
[07:48:24.242]  Site-10        | Val Loss: 0.7245 | Val AUC: 0.5988 | Val Acc: 0.5080 | Val Sen: 1.0000 | Val Spe: 0.0000 | Val F1: 0.6737
[07:48:51.078]  Site-11        | Val Loss: 0.7271 | Val AUC: 0.6134 | Val Acc: 0.4880 | Val Sen: 1.0000 | Val Spe: 0.0000 | Val F1: 0.6559
[07:49:17.462]  Site-12        | Val Loss: 0.7392 | Val AUC: 0.6570 | Val Acc: 0.4560 | Val Sen: 1.0000 | Val Spe: 0.0000 | Val F1: 0.6264
[07:49:43.914]  Site-13        | Val Loss: 0.6946 | Val AUC: 0.6229 | Val Acc: 0.5400 | Val Sen: 1.0000 | Val Spe: 0.0000 | Val F1: 0.7013
[07:50:10.581]  Site-14        | Val Loss: 0.7307 | Val AUC: 0.6717 | Val Acc: 0.4640 | Val Sen: 1.0000 | Val Spe: 0.0000 | Val F1: 0.6339
[07:50:37.690]  Site-15        | Val Loss: 0.7008 | Val AUC: 0.6458 | Val Acc: 0.5200 | Val Sen: 1.0000 | Val Spe: 0.0000 | Val F1: 0.6842
[07:51:05.001]  Site-16        | Val Loss: 0.6939 | Val AUC: 0.5998 | Val Acc: 0.5480 | Val Sen: 1.0000 | Val Spe: 0.0000 | Val F1: 0.7080
[07:51:31.373]  Site-17        | Val Loss: 0.7154 | Val AUC: 0.6663 | Val Acc: 0.5000 | Val Sen: 1.0000 | Val Spe: 0.0000 | Val F1: 0.6667
[07:51:57.135]  Site-18        | Val Loss: 0.7197 | Val AUC: 0.6324 | Val Acc: 0.4920 | Val Sen: 1.0000 | Val Spe: 0.0000 | Val F1: 0.6595
[07:52:23.384]  Site-19        | Val Loss: 0.7157 | Val AUC: 0.6790 | Val Acc: 0.4960 | Val Sen: 1.0000 | Val Spe: 0.0000 | Val F1: 0.6631
[07:52:23.386]  Site-Average | Val Loss: 0.7165 | AUC: 0.6470 | Acc: 0.4998 | Sen: 1.0000 | Spe: 0.0000 | F1: 0.6661
[07:52:23.389]  Best Epoch:0 | Avg Val Ac   0.1_DAc: 0.4998
[07:52:23.397]  Saving the local and server checkpoint to ../../experiments/v1.0/checkpoint/RSNA-ICH/seed10/dpadam_rounds100_localE1_lr0.0003_batch16_N20_sr1_VN1_overhead_z0.5_delta0.01_adaclip_adamlr=0.003_PureAvg_gamma_da=0.1_DA/model_best_0...
