[13:07:08.051] [Client 0] Train=750, Val=250, Test=250
[13:07:08.052] [Client 1] Train=750, Val=250, Test=250
[13:07:08.052] [Client 2] Train=750, Val=250, Test=250
[13:07:08.053] [Client 3] Train=750, Val=250, Test=250
[13:07:08.053] [Client 4] Train=750, Val=250, Test=250
[13:07:08.054] [Client 5] Train=750, Val=250, Test=250
[13:07:08.054] [Client 6] Train=750, Val=250, Test=250
[13:07:08.054] [Client 7] Train=750, Val=250, Test=250
[13:07:08.055] [Client 8] Train=750, Val=250, Test=250
[13:07:08.055] [Client 9] Train=750, Val=250, Test=250
[13:07:08.056] [Client 10] Train=750, Val=250, Test=250
[13:07:08.057] [Client 11] Train=750, Val=250, Test=250
[13:07:08.057] [Client 12] Train=750, Val=250, Test=250
[13:07:08.057] [Client 13] Train=750, Val=250, Test=250
[13:07:08.058] [Client 14] Train=750, Val=250, Test=250
[13:07:08.058] [Client 15] Train=750, Val=250, Test=250
[13:07:08.059] [Client 16] Train=750, Val=250, Test=250
[13:07:08.059] [Client 17] Train=750, Val=250, Test=250
[13:07:08.060] [Client 18] Train=750, Val=250, Test=250
[13:07:08.060] [Client 19] Train=750, Val=250, Test=250
[13:07:08.061] [Virtual Client 0-0] Train=750
[13:07:08.061] [Virtual Client 1-0] Train=750
[13:07:08.062] [Virtual Client 2-0] Train=750
[13:07:08.062] [Virtual Client 3-0] Train=750
[13:07:08.062] [Virtual Client 4-0] Train=750
[13:07:08.065] [Virtual Client 5-0] Train=750
[13:07:08.065] [Virtual Client 6-0] Train=750
[13:07:08.068] [Virtual Client 7-0] Train=750
[13:07:08.069] [Virtual Client 8-0] Train=750
[13:07:08.069] [Virtual Client 9-0] Train=750
[13:07:08.069] [Virtual Client 10-0] Train=750
[13:07:08.070] [Virtual Client 11-0] Train=750
[13:07:08.072] [Virtual Client 12-0] Train=750
[13:07:08.073] [Virtual Client 13-0] Train=750
[13:07:08.074] [Virtual Client 14-0] Train=750
[13:07:08.075] [Virtual Client 15-0] Train=750
[13:07:08.076] [Virtual Client 16-0] Train=750
[13:07:08.078] [Virtual Client 17-0] Train=750
[13:07:08.079] [Virtual Client 18-0] Train=750
[13:07:08.080] [Virtual Client 19-0] Train=750
[13:07:08.084] Client Weights: [0.05, 0.05, 0.05, 0.05, 0.05, 0.05, 0.05, 0.05, 0.05, 0.05, 0.05, 0.05, 0.05, 0.05, 0.05, 0.05, 0.05, 0.05, 0.05, 0.05]
[13:07:08.085] Training Clients:[0, 1, 2, 3, 4, 5, 6, 7, 8, 9, 10, 11, 12, 13, 14, 15, 16, 17, 18, 19]
[13:07:08.085] Val Clients:[0, 1, 2, 3, 4, 5, 6, 7, 8, 9, 10, 11, 12, 13, 14, 15, 16, 17, 18, 19]
[13:07:08.085] =============== args ================
[13:07:08.086] Namespace(clients=20, virtual_clients=1, lr=0.0003, lr_decay=-1, early=False, batch=16, rounds=100, local_epochs=1, mode='dpnova', pretrain=False, exp=None, save_path='../../experiments/v1.0/checkpoint/RSNA-ICH/seed10/dpnova_rounds100_localE1_lr0.0003_batch16_N20_sr1_VN1_overhead_z1.0_delta0.01_adaclip_PureAvg_gamma_da=0.1_DA', resume=False, gpu='0', seed=10, debug=False, data='RSNA-ICH', sample_rate=1, leave='no', merge=False, balance=False, weighted_avg=False, split='UNI', local_bn=False, generalize=False, gn=False, selu=False, comb='times', free=-1, noisy=-1, alpha=1.0, adaclip=True, noclip=False, ema=0.0, mu=0.001, S=10, epsilon=None, noise_multiplier=1.0, delta=0.01, accountant='prv', dp_mode='overhead', balance_split=False, test=False, ckpt='None', adam_lr=0.1, dp2_interval=3, rmsprop_lr=1, ada_vn=False, init_vn=False, ada_stable=False, ada_prog=False, gamma_da=0.1, class_weights=None, domain_adaptation=True, log_path='../../experiments/v1.0/log/RSNA-ICH/seed10/dpnova_rounds100_localE1_lr0.0003_batch16_N20_sr1_VN1_overhead_z1.0_delta0.01_adaclip_PureAvg_gamma_da=0.1_DA')
[13:07:12.900] Using noise multiplier=1.0 and sigma on aggregation=0.5 to satisfy (72.38001741987942,0.01)-DP.
[13:07:12.901] Using adaptive clipping.
[13:07:12.901] Using prv accountant.
[13:07:12.907] Using domain loss weight (gamma): 0.1
[13:07:12.979] ============ Round 0, Local train epoch 0 ============
[13:10:44.299] Avg Domain Loss: 0.7915
[13:10:44.461]  Site-0         | Train Loss: 0.5955 | Train AUC: 0.7535  | Train Acc: 0.6861  | Train Sen: 0.6981  | Train Spe: 0.6740  | Train F1: 0.6916 
[13:14:12.099] Avg Domain Loss: 0.7892
[13:14:12.279]  Site-1         | Train Loss: 0.6381 | Train AUC: 0.6928  | Train Acc: 0.6372  | Train Sen: 0.6237  | Train Spe: 0.6511  | Train F1: 0.6347 
[13:17:39.682] Avg Domain Loss: 0.7923
[13:17:39.875]  Site-2         | Train Loss: 0.6489 | Train AUC: 0.6850  | Train Acc: 0.6495  | Train Sen: 0.5994  | Train Spe: 0.6966  | Train F1: 0.6239 
[13:21:07.255] Avg Domain Loss: 0.7880
[13:21:07.428]  Site-3         | Train Loss: 0.6018 | Train AUC: 0.7458  | Train Acc: 0.6916  | Train Sen: 0.6614  | Train Spe: 0.7239  | Train F1: 0.6895 
[13:24:42.127] Avg Domain Loss: 0.7866
[13:24:42.314]  Site-4         | Train Loss: 0.6341 | Train AUC: 0.6921  | Train Acc: 0.6535  | Train Sen: 0.6335  | Train Spe: 0.6751  | Train F1: 0.6549 
[13:28:12.399] Avg Domain Loss: 0.7863
[13:28:12.598]  Site-5         | Train Loss: 0.6355 | Train AUC: 0.7032  | Train Acc: 0.6726  | Train Sen: 0.7124  | Train Spe: 0.6286  | Train F1: 0.6953 
[13:31:36.038] Avg Domain Loss: 0.7925
[13:31:36.215]  Site-6         | Train Loss: 0.6336 | Train AUC: 0.6979  | Train Acc: 0.6467  | Train Sen: 0.6771  | Train Spe: 0.6136  | Train F1: 0.6667 
[13:34:51.248] Avg Domain Loss: 0.7900
[13:34:51.343]  Site-7         | Train Loss: 0.6385 | Train AUC: 0.6997  | Train Acc: 0.6549  | Train Sen: 0.6006  | Train Spe: 0.7050  | Train F1: 0.6254 
[13:38:13.464] Avg Domain Loss: 0.7906
[13:38:13.638]  Site-8         | Train Loss: 0.6101 | Train AUC: 0.7315  | Train Acc: 0.6671  | Train Sen: 0.6568  | Train Spe: 0.6777  | Train F1: 0.6667 
[13:41:42.353] Avg Domain Loss: 0.7896
[13:41:42.433]  Site-9         | Train Loss: 0.6518 | Train AUC: 0.6763  | Train Acc: 0.6399  | Train Sen: 0.6253  | Train Spe: 0.6548  | Train F1: 0.6365 
[13:45:13.654] Avg Domain Loss: 0.7859
[13:45:13.850]  Site-10        | Train Loss: 0.6515 | Train AUC: 0.6825  | Train Acc: 0.6359  | Train Sen: 0.6799  | Train Spe: 0.5894  | Train F1: 0.6573 
[13:48:41.023] Avg Domain Loss: 0.7916
[13:48:41.194]  Site-11        | Train Loss: 0.6343 | Train AUC: 0.6979  | Train Acc: 0.6508  | Train Sen: 0.6316  | Train Spe: 0.6713  | Train F1: 0.6513 
[13:52:08.828] Avg Domain Loss: 0.7898
[13:52:08.993]  Site-12        | Train Loss: 0.6283 | Train AUC: 0.7187  | Train Acc: 0.6726  | Train Sen: 0.6546  | Train Spe: 0.6897  | Train F1: 0.6610 
[13:55:36.835] Avg Domain Loss: 0.7909
[13:55:37.012]  Site-13        | Train Loss: 0.6255 | Train AUC: 0.7081  | Train Acc: 0.6508  | Train Sen: 0.6293  | Train Spe: 0.6731  | Train F1: 0.6475 
[13:59:06.101] Avg Domain Loss: 0.7892
[13:59:06.256]  Site-14        | Train Loss: 0.6380 | Train AUC: 0.6921  | Train Acc: 0.6495  | Train Sen: 0.6165  | Train Spe: 0.6797  | Train F1: 0.6272 
[14:02:35.376] Avg Domain Loss: 0.7915
[14:02:35.476]  Site-15        | Train Loss: 0.6343 | Train AUC: 0.6974  | Train Acc: 0.6399  | Train Sen: 0.6196  | Train Spe: 0.6603  | Train F1: 0.6325 
[14:06:01.861] Avg Domain Loss: 0.7888
[14:06:02.024]  Site-16        | Train Loss: 0.6241 | Train AUC: 0.7149  | Train Acc: 0.6753  | Train Sen: 0.6565  | Train Spe: 0.6933  | Train F1: 0.6648 
[14:09:28.620] Avg Domain Loss: 0.7899
[14:09:28.758]  Site-17        | Train Loss: 0.6440 | Train AUC: 0.6894  | Train Acc: 0.6277  | Train Sen: 0.5940  | Train Spe: 0.6612  | Train F1: 0.6141 
[14:12:56.267] Avg Domain Loss: 0.7877
[14:12:56.399]  Site-18        | Train Loss: 0.6302 | Train AUC: 0.6908  | Train Acc: 0.6454  | Train Sen: 0.5441  | Train Spe: 0.7323  | Train F1: 0.5864 
[14:16:21.664] Avg Domain Loss: 0.7881
[14:16:21.812]  Site-19        | Train Loss: 0.6435 | Train AUC: 0.6811  | Train Acc: 0.6399  | Train Sen: 0.6339  | Train Spe: 0.6459  | Train F1: 0.6365 
[14:16:24.309] Update sigma on aggregation=0.280173399024423; clip bound update=5.60346798048846
[14:16:53.974]  Site-0         | Val Loss: 3.5999 | Val AUC: 0.5480 | Val Acc: 0.4640 | Val Sen: 1.0000 | Val Spe: 0.0000 | Val F1: 0.6339
[14:17:21.288]  Site-1         | Val Loss: 3.1959 | Val AUC: 0.5125 | Val Acc: 0.5240 | Val Sen: 1.0000 | Val Spe: 0.0000 | Val F1: 0.6877
[14:17:48.639]  Site-2         | Val Loss: 3.3794 | Val AUC: 0.4692 | Val Acc: 0.5120 | Val Sen: 1.0000 | Val Spe: 0.0000 | Val F1: 0.6772
[14:18:15.693]  Site-3         | Val Loss: 3.2661 | Val AUC: 0.4960 | Val Acc: 0.5200 | Val Sen: 1.0000 | Val Spe: 0.0000 | Val F1: 0.6842
[14:18:42.516]  Site-4         | Val Loss: 3.6094 | Val AUC: 0.4828 | Val Acc: 0.4680 | Val Sen: 1.0000 | Val Spe: 0.0000 | Val F1: 0.6376
[14:19:10.068]  Site-5         | Val Loss: 3.3073 | Val AUC: 0.4699 | Val Acc: 0.5120 | Val Sen: 1.0000 | Val Spe: 0.0000 | Val F1: 0.6772
[14:19:37.533]  Site-6         | Val Loss: 3.6957 | Val AUC: 0.4914 | Val Acc: 0.4640 | Val Sen: 1.0000 | Val Spe: 0.0000 | Val F1: 0.6339
[14:20:05.495]  Site-7         | Val Loss: 3.4108 | Val AUC: 0.5114 | Val Acc: 0.5000 | Val Sen: 1.0000 | Val Spe: 0.0000 | Val F1: 0.6667
[14:20:33.842]  Site-8         | Val Loss: 3.3480 | Val AUC: 0.4942 | Val Acc: 0.5120 | Val Sen: 1.0000 | Val Spe: 0.0000 | Val F1: 0.6772
[14:21:01.240]  Site-9         | Val Loss: 3.3537 | Val AUC: 0.4650 | Val Acc: 0.5080 | Val Sen: 1.0000 | Val Spe: 0.0000 | Val F1: 0.6737
[14:21:29.031]  Site-10        | Val Loss: 3.3802 | Val AUC: 0.4861 | Val Acc: 0.5080 | Val Sen: 1.0000 | Val Spe: 0.0000 | Val F1: 0.6737
[14:21:55.267]  Site-11        | Val Loss: 3.4889 | Val AUC: 0.4899 | Val Acc: 0.4880 | Val Sen: 1.0000 | Val Spe: 0.0000 | Val F1: 0.6559
[14:22:20.355]  Site-12        | Val Loss: 3.7030 | Val AUC: 0.4780 | Val Acc: 0.4560 | Val Sen: 1.0000 | Val Spe: 0.0000 | Val F1: 0.6264
[14:22:45.992]  Site-13        | Val Loss: 3.0629 | Val AUC: 0.5105 | Val Acc: 0.5400 | Val Sen: 1.0000 | Val Spe: 0.0000 | Val F1: 0.7013
[14:23:11.884]  Site-14        | Val Loss: 3.6515 | Val AUC: 0.4543 | Val Acc: 0.4640 | Val Sen: 1.0000 | Val Spe: 0.0000 | Val F1: 0.6339
[14:23:37.178]  Site-15        | Val Loss: 3.2399 | Val AUC: 0.5144 | Val Acc: 0.5200 | Val Sen: 1.0000 | Val Spe: 0.0000 | Val F1: 0.6842
[14:24:02.417]  Site-16        | Val Loss: 3.1154 | Val AUC: 0.4846 | Val Acc: 0.5480 | Val Sen: 1.0000 | Val Spe: 0.0000 | Val F1: 0.7080
[14:24:28.026]  Site-17        | Val Loss: 3.3421 | Val AUC: 0.5661 | Val Acc: 0.5000 | Val Sen: 1.0000 | Val Spe: 0.0000 | Val F1: 0.6667
[14:24:53.560]  Site-18        | Val Loss: 3.4628 | Val AUC: 0.5257 | Val Acc: 0.4920 | Val Sen: 1.0000 | Val Spe: 0.0000 | Val F1: 0.6595
[14:25:19.276]  Site-19        | Val Loss: 3.4360 | Val AUC: 0.4966 | Val Acc: 0.4960 | Val Sen: 1.0000 | Val Spe: 0.0000 | Val F1: 0.6631
[14:25:19.281]  Site-Average | Val Loss: 3.4024 | AUC: 0.4973 | Acc: 0.4998 | Sen: 1.0000 | Spe: 0.0000 | F1: 0.6661
[14:25:19.282]  Best Epoch:0 | Avg Val Acc: 0.4998
[14:25:19.286]  Saving the local and server checkpoint to ../../experiments/v1.0/checkpoint/RSNA-ICH/seed10/dpnova_rounds100_localE1_lr0.0003_batch16_N20_sr1_VN1_overhead_z1.0_delta0.01_adaclip_PureAvg_gamma_da=0.1_DA/model_best_0...
