[02:05:04.813] [Client 0] Train=750, Val=250, Test=250
[02:05:04.813] [Client 1] Train=750, Val=250, Test=250
[02:05:04.814] [Client 2] Train=750, Val=250, Test=250
[02:05:04.815] [Client 3] Train=750, Val=250, Test=250
[02:05:04.816] [Client 4] Train=750, Val=250, Test=250
[02:05:04.817] [Client 5] Train=750, Val=250, Test=250
[02:05:04.818] [Client 6] Train=750, Val=250, Test=250
[02:05:04.818] [Client 7] Train=750, Val=250, Test=250
[02:05:04.819] [Client 8] Train=750, Val=250, Test=250
[02:05:04.820] [Client 9] Train=750, Val=250, Test=250
[02:05:04.821] [Client 10] Train=750, Val=250, Test=250
[02:05:04.822] [Client 11] Train=750, Val=250, Test=250
[02:05:04.823] [Client 12] Train=750, Val=250, Test=250
[02:05:04.824] [Client 13] Train=750, Val=250, Test=250
[02:05:04.825] [Client 14] Train=750, Val=250, Test=250
[02:05:04.826] [Client 15] Train=750, Val=250, Test=250
[02:05:04.827] [Client 16] Train=750, Val=250, Test=250
[02:05:04.828] [Client 17] Train=750, Val=250, Test=250
[02:05:04.829] [Client 18] Train=750, Val=250, Test=250
[02:05:04.829] [Client 19] Train=750, Val=250, Test=250
[02:05:04.831] [Virtual Client 0-0] Train=750
[02:05:04.832] [Virtual Client 1-0] Train=750
[02:05:04.832] [Virtual Client 2-0] Train=750
[02:05:04.833] [Virtual Client 3-0] Train=750
[02:05:04.834] [Virtual Client 4-0] Train=750
[02:05:04.835] [Virtual Client 5-0] Train=750
[02:05:04.836] [Virtual Client 6-0] Train=750
[02:05:04.837] [Virtual Client 7-0] Train=750
[02:05:04.837] [Virtual Client 8-0] Train=750
[02:05:04.838] [Virtual Client 9-0] Train=750
[02:05:04.839] [Virtual Client 10-0] Train=750
[02:05:04.840] [Virtual Client 11-0] Train=750
[02:05:04.841] [Virtual Client 12-0] Train=750
[02:05:04.841] [Virtual Client 13-0] Train=750
[02:05:04.842] [Virtual Client 14-0] Train=750
[02:05:04.844] [Virtual Client 15-0] Train=750
[02:05:04.844] [Virtual Client 16-0] Train=750
[02:05:04.845] [Virtual Client 17-0] Train=750
[02:05:04.846] [Virtual Client 18-0] Train=750
[02:05:04.847] [Virtual Client 19-0] Train=750
[02:05:04.853] Client Weights: [0.05, 0.05, 0.05, 0.05, 0.05, 0.05, 0.05, 0.05, 0.05, 0.05, 0.05, 0.05, 0.05, 0.05, 0.05, 0.05, 0.05, 0.05, 0.05, 0.05]
[02:05:04.854] Training Clients:[0, 1, 2, 3, 4, 5, 6, 7, 8, 9, 10, 11, 12, 13, 14, 15, 16, 17, 18, 19]
[02:05:04.854] Val Clients:[0, 1, 2, 3, 4, 5, 6, 7, 8, 9, 10, 11, 12, 13, 14, 15, 16, 17, 18, 19]
[02:05:04.855] =============== args ================
[02:05:04.855] Namespace(clients=20, virtual_clients=1, lr=0.0003, lr_decay=-1, early=False, batch=16, rounds=100, local_epochs=1, mode='fednova', pretrain=False, exp=None, save_path='../../experiments/v1.0/checkpoint/RSNA-ICH/seed10/fednova_rounds100_localE1_lr0.0003_batch16_N20_sr1_VN1__PureAvg_gamma_da=0.1_DA', resume=False, gpu='0', seed=10, debug=False, data='RSNA-ICH', sample_rate=1, leave='no', merge=False, balance=False, weighted_avg=False, split='UNI', local_bn=False, generalize=False, gn=False, selu=False, comb='times', free=-1, noisy=-1, alpha=1.0, adaclip=False, noclip=False, ema=0.0, mu=0.001, S=10, epsilon=None, noise_multiplier=None, delta=0.001, accountant='prv', dp_mode='overhead', balance_split=False, test=False, ckpt='None', adam_lr=0.1, dp2_interval=3, rmsprop_lr=1, ada_vn=False, init_vn=False, ada_stable=False, ada_prog=False, gamma_da=0.1, class_weights=None, domain_adaptation=True, log_path='../../experiments/v1.0/log/RSNA-ICH/seed10/fednova_rounds100_localE1_lr0.0003_batch16_N20_sr1_VN1__PureAvg_gamma_da=0.1_DA')
[02:05:09.316] Using domain loss weight (gamma): 0.1
[02:05:09.505] ============ Round 0, Local train epoch 0 ============
[02:09:03.337] Avg Domain Loss: 0.7915
[02:09:03.521]  Site-0         | Train Loss: 0.5955 | Train AUC: 0.7535  | Train Acc: 0.6861  | Train Sen: 0.6981  | Train Spe: 0.6740  | Train F1: 0.6916 
[02:12:55.416] Avg Domain Loss: 0.7892
[02:12:55.567]  Site-1         | Train Loss: 0.6381 | Train AUC: 0.6928  | Train Acc: 0.6372  | Train Sen: 0.6237  | Train Spe: 0.6511  | Train F1: 0.6347 
[02:16:45.441] Avg Domain Loss: 0.7923
[02:16:45.574]  Site-2         | Train Loss: 0.6489 | Train AUC: 0.6850  | Train Acc: 0.6495  | Train Sen: 0.5994  | Train Spe: 0.6966  | Train F1: 0.6239 
[02:20:36.476] Avg Domain Loss: 0.7880
[02:20:36.585]  Site-3         | Train Loss: 0.6018 | Train AUC: 0.7458  | Train Acc: 0.6916  | Train Sen: 0.6614  | Train Spe: 0.7239  | Train F1: 0.6895 
[02:24:28.978] Avg Domain Loss: 0.7866
[02:24:29.123]  Site-4         | Train Loss: 0.6341 | Train AUC: 0.6921  | Train Acc: 0.6535  | Train Sen: 0.6335  | Train Spe: 0.6751  | Train F1: 0.6549 
[02:28:23.783] Avg Domain Loss: 0.7863
[02:28:23.958]  Site-5         | Train Loss: 0.6355 | Train AUC: 0.7032  | Train Acc: 0.6726  | Train Sen: 0.7124  | Train Spe: 0.6286  | Train F1: 0.6953 
[02:32:29.166] Avg Domain Loss: 0.7925
[02:32:29.365]  Site-6         | Train Loss: 0.6336 | Train AUC: 0.6979  | Train Acc: 0.6467  | Train Sen: 0.6771  | Train Spe: 0.6136  | Train F1: 0.6667 
[02:36:26.664] Avg Domain Loss: 0.7900
[02:36:26.909]  Site-7         | Train Loss: 0.6385 | Train AUC: 0.6997  | Train Acc: 0.6549  | Train Sen: 0.6006  | Train Spe: 0.7050  | Train F1: 0.6254 
[02:40:21.928] Avg Domain Loss: 0.7906
[02:40:22.041]  Site-8         | Train Loss: 0.6101 | Train AUC: 0.7315  | Train Acc: 0.6671  | Train Sen: 0.6568  | Train Spe: 0.6777  | Train F1: 0.6667 
[02:44:14.111] Avg Domain Loss: 0.7896
[02:44:14.224]  Site-9         | Train Loss: 0.6518 | Train AUC: 0.6763  | Train Acc: 0.6399  | Train Sen: 0.6253  | Train Spe: 0.6548  | Train F1: 0.6365 
[02:48:08.373] Avg Domain Loss: 0.7859
[02:48:08.522]  Site-10        | Train Loss: 0.6515 | Train AUC: 0.6825  | Train Acc: 0.6359  | Train Sen: 0.6799  | Train Spe: 0.5894  | Train F1: 0.6573 
[02:51:59.373] Avg Domain Loss: 0.7916
[02:51:59.497]  Site-11        | Train Loss: 0.6343 | Train AUC: 0.6979  | Train Acc: 0.6508  | Train Sen: 0.6316  | Train Spe: 0.6713  | Train F1: 0.6513 
[02:55:53.937] Avg Domain Loss: 0.7898
[02:55:54.075]  Site-12        | Train Loss: 0.6283 | Train AUC: 0.7187  | Train Acc: 0.6726  | Train Sen: 0.6546  | Train Spe: 0.6897  | Train F1: 0.6610 
[02:59:49.397] Avg Domain Loss: 0.7909
[02:59:49.488]  Site-13        | Train Loss: 0.6255 | Train AUC: 0.7081  | Train Acc: 0.6508  | Train Sen: 0.6293  | Train Spe: 0.6731  | Train F1: 0.6475 
[03:03:42.705] Avg Domain Loss: 0.7892
[03:03:42.795]  Site-14        | Train Loss: 0.6380 | Train AUC: 0.6921  | Train Acc: 0.6495  | Train Sen: 0.6165  | Train Spe: 0.6797  | Train F1: 0.6272 
[03:07:37.182] Avg Domain Loss: 0.7915
[03:07:37.251]  Site-15        | Train Loss: 0.6343 | Train AUC: 0.6974  | Train Acc: 0.6399  | Train Sen: 0.6196  | Train Spe: 0.6603  | Train F1: 0.6325 
[03:11:36.196] Avg Domain Loss: 0.7888
[03:11:36.296]  Site-16        | Train Loss: 0.6241 | Train AUC: 0.7149  | Train Acc: 0.6753  | Train Sen: 0.6565  | Train Spe: 0.6933  | Train F1: 0.6648 
[03:15:29.065] Avg Domain Loss: 0.7899
[03:15:29.193]  Site-17        | Train Loss: 0.6440 | Train AUC: 0.6894  | Train Acc: 0.6277  | Train Sen: 0.5940  | Train Spe: 0.6612  | Train F1: 0.6141 
[03:19:20.641] Avg Domain Loss: 0.7877
[03:19:20.753]  Site-18        | Train Loss: 0.6302 | Train AUC: 0.6908  | Train Acc: 0.6454  | Train Sen: 0.5441  | Train Spe: 0.7323  | Train F1: 0.5864 
[03:23:11.671] Avg Domain Loss: 0.7881
[03:23:11.791]  Site-19        | Train Loss: 0.6435 | Train AUC: 0.6811  | Train Acc: 0.6399  | Train Sen: 0.6339  | Train Spe: 0.6459  | Train F1: 0.6365 
[03:24:00.936]  Site-0         | Val Loss: 0.5382 | Val AUC: 0.8153 | Val Acc: 0.7480 | Val Sen: 0.7069 | Val Spe: 0.7836 | Val F1: 0.7225
[03:24:30.799]  Site-1         | Val Loss: 0.5985 | Val AUC: 0.7412 | Val Acc: 0.6760 | Val Sen: 0.6336 | Val Spe: 0.7227 | Val F1: 0.6721
[03:25:00.979]  Site-2         | Val Loss: 0.6028 | Val AUC: 0.7256 | Val Acc: 0.6640 | Val Sen: 0.5938 | Val Spe: 0.7377 | Val F1: 0.6441
[03:25:31.520]  Site-3         | Val Loss: 0.5691 | Val AUC: 0.7782 | Val Acc: 0.7080 | Val Sen: 0.6692 | Val Spe: 0.7500 | Val F1: 0.7045
[03:26:01.857]  Site-4         | Val Loss: 0.5775 | Val AUC: 0.7671 | Val Acc: 0.6760 | Val Sen: 0.6410 | Val Spe: 0.7068 | Val F1: 0.6494
[03:26:31.613]  Site-5         | Val Loss: 0.6145 | Val AUC: 0.7194 | Val Acc: 0.6520 | Val Sen: 0.6250 | Val Spe: 0.6803 | Val F1: 0.6478
[03:27:01.782]  Site-6         | Val Loss: 0.5681 | Val AUC: 0.7786 | Val Acc: 0.7080 | Val Sen: 0.6897 | Val Spe: 0.7239 | Val F1: 0.6867
[03:27:32.318]  Site-7         | Val Loss: 0.5846 | Val AUC: 0.7544 | Val Acc: 0.7000 | Val Sen: 0.6640 | Val Spe: 0.7360 | Val F1: 0.6888
[03:28:02.193]  Site-8         | Val Loss: 0.5903 | Val AUC: 0.7414 | Val Acc: 0.6640 | Val Sen: 0.6094 | Val Spe: 0.7213 | Val F1: 0.6500
[03:28:32.192]  Site-9         | Val Loss: 0.6307 | Val AUC: 0.7128 | Val Acc: 0.6480 | Val Sen: 0.6220 | Val Spe: 0.6748 | Val F1: 0.6423
[03:29:02.496]  Site-10        | Val Loss: 0.6503 | Val AUC: 0.7003 | Val Acc: 0.6440 | Val Sen: 0.5984 | Val Spe: 0.6911 | Val F1: 0.6307
[03:29:33.028]  Site-11        | Val Loss: 0.6070 | Val AUC: 0.7419 | Val Acc: 0.6640 | Val Sen: 0.6311 | Val Spe: 0.6953 | Val F1: 0.6471
[03:30:03.167]  Site-12        | Val Loss: 0.6199 | Val AUC: 0.7203 | Val Acc: 0.6640 | Val Sen: 0.6404 | Val Spe: 0.6838 | Val F1: 0.6348
[03:30:33.546]  Site-13        | Val Loss: 0.6144 | Val AUC: 0.7255 | Val Acc: 0.6600 | Val Sen: 0.6222 | Val Spe: 0.7043 | Val F1: 0.6640
[03:31:04.017]  Site-14        | Val Loss: 0.6256 | Val AUC: 0.7119 | Val Acc: 0.6600 | Val Sen: 0.6379 | Val Spe: 0.6791 | Val F1: 0.6352
[03:31:34.254]  Site-15        | Val Loss: 0.5870 | Val AUC: 0.7497 | Val Acc: 0.6560 | Val Sen: 0.5692 | Val Spe: 0.7500 | Val F1: 0.6325
[03:32:03.780]  Site-16        | Val Loss: 0.6366 | Val AUC: 0.6900 | Val Acc: 0.6560 | Val Sen: 0.5985 | Val Spe: 0.7257 | Val F1: 0.6560
[03:32:33.570]  Site-17        | Val Loss: 0.5649 | Val AUC: 0.7823 | Val Acc: 0.7280 | Val Sen: 0.7120 | Val Spe: 0.7440 | Val F1: 0.7236
[03:33:03.241]  Site-18        | Val Loss: 0.5876 | Val AUC: 0.7482 | Val Acc: 0.7160 | Val Sen: 0.6748 | Val Spe: 0.7559 | Val F1: 0.7004
[03:33:33.213]  Site-19        | Val Loss: 0.5680 | Val AUC: 0.7726 | Val Acc: 0.7120 | Val Sen: 0.6855 | Val Spe: 0.7381 | Val F1: 0.7025
[03:33:33.217]  Site-Average | Val Loss: 0.5968 | AUC: 0.7438 | Acc: 0.6802 | Sen: 0.6412 | Spe: 0.7202 | F1: 0.6667
[03:33:33.218]  Best Epoch:0 | Avg Val Acc: 0.6802
[03:33:33.221]  Saving the local and server checkpoint to ../../experiments/v1.0/checkpoint/RSNA-ICH/seed10/fednova_rounds100_localE1_lr0.0003_batch16_N20_sr1_VN1__PureAvg_gamma_da=0.1_DA/model_best_0...
