[13:49:26.969] Domain Adaptation enabled.
[13:49:27.207] [Client 0] Train=750, Val=250, Test=250
[13:49:27.208] [Client 1] Train=750, Val=250, Test=250
[13:49:27.208] [Client 2] Train=750, Val=250, Test=250
[13:49:27.209] [Client 3] Train=750, Val=250, Test=250
[13:49:27.209] [Client 4] Train=750, Val=250, Test=250
[13:49:27.209] [Client 5] Train=750, Val=250, Test=250
[13:49:27.210] [Client 6] Train=750, Val=250, Test=250
[13:49:27.210] [Client 7] Train=750, Val=250, Test=250
[13:49:27.211] [Client 8] Train=750, Val=250, Test=250
[13:49:27.211] [Client 9] Train=750, Val=250, Test=250
[13:49:27.211] [Client 10] Train=750, Val=250, Test=250
[13:49:27.212] [Client 11] Train=750, Val=250, Test=250
[13:49:27.212] [Client 12] Train=750, Val=250, Test=250
[13:49:27.212] [Client 13] Train=750, Val=250, Test=250
[13:49:27.213] [Client 14] Train=750, Val=250, Test=250
[13:49:27.213] [Client 15] Train=750, Val=250, Test=250
[13:49:27.214] [Client 16] Train=750, Val=250, Test=250
[13:49:27.215] [Client 17] Train=750, Val=250, Test=250
[13:49:27.215] [Client 18] Train=750, Val=250, Test=250
[13:49:27.216] [Client 19] Train=750, Val=250, Test=250
[13:49:27.216] [Virtual Client 0-0] Train=750
[13:49:27.217] [Virtual Client 1-0] Train=750
[13:49:27.217] [Virtual Client 2-0] Train=750
[13:49:27.217] [Virtual Client 3-0] Train=750
[13:49:27.218] [Virtual Client 4-0] Train=750
[13:49:27.218] [Virtual Client 5-0] Train=750
[13:49:27.219] [Virtual Client 6-0] Train=750
[13:49:27.219] [Virtual Client 7-0] Train=750
[13:49:27.219] [Virtual Client 8-0] Train=750
[13:49:27.220] [Virtual Client 9-0] Train=750
[13:49:27.220] [Virtual Client 10-0] Train=750
[13:49:27.221] [Virtual Client 11-0] Train=750
[13:49:27.221] [Virtual Client 12-0] Train=750
[13:49:27.221] [Virtual Client 13-0] Train=750
[13:49:27.222] [Virtual Client 14-0] Train=750
[13:49:27.222] [Virtual Client 15-0] Train=750
[13:49:27.223] [Virtual Client 16-0] Train=750
[13:49:27.223] [Virtual Client 17-0] Train=750
[13:49:27.223] [Virtual Client 18-0] Train=750
[13:49:27.224] [Virtual Client 19-0] Train=750
[13:49:27.228] Client Weights: [0.05, 0.05, 0.05, 0.05, 0.05, 0.05, 0.05, 0.05, 0.05, 0.05, 0.05, 0.05, 0.05, 0.05, 0.05, 0.05, 0.05, 0.05, 0.05, 0.05]
[13:49:27.229] Training Clients:[0, 1, 2, 3, 4, 5, 6, 7, 8, 9, 10, 11, 12, 13, 14, 15, 16, 17, 18, 19]
[13:49:27.229] Val Clients:[0, 1, 2, 3, 4, 5, 6, 7, 8, 9, 10, 11, 12, 13, 14, 15, 16, 17, 18, 19]
[13:49:27.229] =============== args ================
[13:49:27.229] Namespace(clients=20, virtual_clients=1, lr=0.0003, lr_decay=-1, early=False, batch=16, rounds=100, local_epochs=1, mode='dp2rmsprop', pretrain=False, exp=None, save_path='../../experiments/v1.0/checkpoint/RSNA-ICH/seed2/dp2rmsprop_rounds100_localE1_lr0.0003_batch16_N20_sr1_VN1_overhead_z0.5_delta0.01_adaclip_rmsproplr=3e-05_PureAvg', resume=False, gpu='0', seed=2, debug=False, data='RSNA-ICH', sample_rate=1, leave='no', merge=False, balance=False, weighted_avg=False, split='UNI', local_bn=False, generalize=False, gn=False, selu=False, comb='times', free=-1, noisy=-1, alpha=1.0, adaclip=True, noclip=False, ema=0.0, mu=0.001, S=10, epsilon=None, noise_multiplier=0.5, delta=0.01, accountant='prv', dp_mode='overhead', balance_split=False, test=False, ckpt='None', adam_lr=0.1, dp2_interval=3, rmsprop_lr=3e-05, ada_vn=False, init_vn=False, ada_stable=False, ada_prog=False, domain_adaptation=True, log_path='../../experiments/v1.0/log/RSNA-ICH/seed2/dp2rmsprop_rounds100_localE1_lr0.0003_batch16_N20_sr1_VN1_overhead_z0.5_delta0.01_adaclip_rmsproplr=3e-05_PureAvg')
[13:49:32.903] Using noise multiplier=0.5 and sigma on aggregation=0.25 to satisfy (245.5990192385698,0.01)-DP.
[13:49:32.904] Using adaptive clipping.
[13:49:32.904] Using prv accountant.
[13:49:32.980] ============ Round 0, Local train epoch 0 ============
