[14:00:15.428] Domain Adaptation enabled.
[14:00:15.666] [Client 0] Train=750, Val=250, Test=250
[14:00:15.666] [Client 1] Train=750, Val=250, Test=250
[14:00:15.667] [Client 2] Train=750, Val=250, Test=250
[14:00:15.667] [Client 3] Train=750, Val=250, Test=250
[14:00:15.668] [Client 4] Train=750, Val=250, Test=250
[14:00:15.668] [Client 5] Train=750, Val=250, Test=250
[14:00:15.668] [Client 6] Train=750, Val=250, Test=250
[14:00:15.669] [Client 7] Train=750, Val=250, Test=250
[14:00:15.669] [Client 8] Train=750, Val=250, Test=250
[14:00:15.670] [Client 9] Train=750, Val=250, Test=250
[14:00:15.670] [Client 10] Train=750, Val=250, Test=250
[14:00:15.670] [Client 11] Train=750, Val=250, Test=250
[14:00:15.671] [Client 12] Train=750, Val=250, Test=250
[14:00:15.671] [Client 13] Train=750, Val=250, Test=250
[14:00:15.672] [Client 14] Train=750, Val=250, Test=250
[14:00:15.672] [Client 15] Train=750, Val=250, Test=250
[14:00:15.673] [Client 16] Train=750, Val=250, Test=250
[14:00:15.674] [Client 17] Train=750, Val=250, Test=250
[14:00:15.674] [Client 18] Train=750, Val=250, Test=250
[14:00:15.675] [Client 19] Train=750, Val=250, Test=250
[14:00:15.675] [Virtual Client 0-0] Train=750
[14:00:15.676] [Virtual Client 1-0] Train=750
[14:00:15.676] [Virtual Client 2-0] Train=750
[14:00:15.677] [Virtual Client 3-0] Train=750
[14:00:15.677] [Virtual Client 4-0] Train=750
[14:00:15.678] [Virtual Client 5-0] Train=750
[14:00:15.678] [Virtual Client 6-0] Train=750
[14:00:15.678] [Virtual Client 7-0] Train=750
[14:00:15.679] [Virtual Client 8-0] Train=750
[14:00:15.679] [Virtual Client 9-0] Train=750
[14:00:15.680] [Virtual Client 10-0] Train=750
[14:00:15.680] [Virtual Client 11-0] Train=750
[14:00:15.680] [Virtual Client 12-0] Train=750
[14:00:15.681] [Virtual Client 13-0] Train=750
[14:00:15.681] [Virtual Client 14-0] Train=750
[14:00:15.682] [Virtual Client 15-0] Train=750
[14:00:15.682] [Virtual Client 16-0] Train=750
[14:00:15.682] [Virtual Client 17-0] Train=750
[14:00:15.683] [Virtual Client 18-0] Train=750
[14:00:15.683] [Virtual Client 19-0] Train=750
[14:00:15.687] Client Weights: [0.05, 0.05, 0.05, 0.05, 0.05, 0.05, 0.05, 0.05, 0.05, 0.05, 0.05, 0.05, 0.05, 0.05, 0.05, 0.05, 0.05, 0.05, 0.05, 0.05]
[14:00:15.687] Training Clients:[0, 1, 2, 3, 4, 5, 6, 7, 8, 9, 10, 11, 12, 13, 14, 15, 16, 17, 18, 19]
[14:00:15.687] Val Clients:[0, 1, 2, 3, 4, 5, 6, 7, 8, 9, 10, 11, 12, 13, 14, 15, 16, 17, 18, 19]
[14:00:15.688] =============== args ================
[14:00:15.688] Namespace(clients=20, virtual_clients=1, lr=0.0003, lr_decay=-1, early=False, batch=16, rounds=100, local_epochs=1, mode='dp2rmsprop', pretrain=False, exp=None, save_path='../../experiments/v1.0/checkpoint/RSNA-ICH/seed2/dp2rmsprop_rounds100_localE1_lr0.0003_batch16_N20_sr1_VN1_overhead_z0.5_delta0.01_adaclip_rmsproplr=3e-05_PureAvg', resume=False, gpu='0', seed=2, debug=False, data='RSNA-ICH', sample_rate=1, leave='no', merge=False, balance=False, weighted_avg=False, split='UNI', local_bn=False, generalize=False, gn=False, selu=False, comb='times', free=-1, noisy=-1, alpha=1.0, adaclip=True, noclip=False, ema=0.0, mu=0.001, S=10, epsilon=None, noise_multiplier=0.5, delta=0.01, accountant='prv', dp_mode='overhead', balance_split=False, test=False, ckpt='None', adam_lr=0.1, dp2_interval=3, rmsprop_lr=3e-05, ada_vn=False, init_vn=False, ada_stable=False, ada_prog=False, domain_adaptation=True, log_path='../../experiments/v1.0/log/RSNA-ICH/seed2/dp2rmsprop_rounds100_localE1_lr0.0003_batch16_N20_sr1_VN1_overhead_z0.5_delta0.01_adaclip_rmsproplr=3e-05_PureAvg')
[14:00:20.834] Using noise multiplier=0.5 and sigma on aggregation=0.25 to satisfy (245.5990192385698,0.01)-DP.
[14:00:20.835] Using adaptive clipping.
[14:00:20.835] Using prv accountant.
[14:00:20.909] ============ Round 0, Local train epoch 0 ============
[14:03:06.297]  Site-0         | Train Loss: 0.6439 | Train AUC: 0.6842  | Train Acc: 0.6399  | Train Sen: 0.5836  | Train Spe: 0.6919  | Train F1: 0.6086 
[14:05:48.917]  Site-1         | Train Loss: 0.6419 | Train AUC: 0.6850  | Train Acc: 0.6440  | Train Sen: 0.6457  | Train Spe: 0.6423  | Train F1: 0.6525 
